{"C:\\Users\\Dxenu\\Desktop\\users-cubed-api-next\\app\\config.js":{"path":"C:\\Users\\Dxenu\\Desktop\\users-cubed-api-next\\app\\config.js","statementMap":{"0":{"start":{"line":1,"column":13},"end":{"line":1,"column":550}},"1":{"start":{"line":1,"column":570},"end":{"line":1,"column":797}},"2":{"start":{"line":1,"column":657},"end":{"line":1,"column":672}},"3":{"start":{"line":1,"column":686},"end":{"line":1,"column":785}},"4":{"start":{"line":1,"column":811},"end":{"line":1,"column":828}},"5":{"start":{"line":1,"column":841},"end":{"line":1,"column":861}},"6":{"start":{"line":1,"column":862},"end":{"line":1,"column":2195}},"7":{"start":{"line":1,"column":2215},"end":{"line":1,"column":2223}},"8":{"start":{"line":1,"column":2224},"end":{"line":1,"column":2257}},"9":{"start":{"line":1,"column":2276},"end":{"line":1,"column":2285}},"10":{"start":{"line":1,"column":2286},"end":{"line":1,"column":2319}},"11":{"start":{"line":1,"column":2331},"end":{"line":1,"column":2335}},"12":{"start":{"line":1,"column":2336},"end":{"line":1,"column":2357}},"13":{"start":{"line":1,"column":2369},"end":{"line":1,"column":2473}},"14":{"start":{"line":1,"column":2474},"end":{"line":1,"column":2498}},"15":{"start":{"line":1,"column":2509},"end":{"line":1,"column":2606}},"16":{"start":{"line":1,"column":2607},"end":{"line":1,"column":2629}},"17":{"start":{"line":1,"column":2645},"end":{"line":1,"column":2668}},"18":{"start":{"line":1,"column":2669},"end":{"line":1,"column":2701}},"19":{"start":{"line":1,"column":2713},"end":{"line":1,"column":2728}},"20":{"start":{"line":1,"column":2729},"end":{"line":1,"column":2761}},"21":{"start":{"line":1,"column":2774},"end":{"line":1,"column":2784}},"22":{"start":{"line":1,"column":2785},"end":{"line":1,"column":2813}},"23":{"start":{"line":1,"column":2831},"end":{"line":1,"column":2838}},"24":{"start":{"line":1,"column":2839},"end":{"line":1,"column":2869}},"25":{"start":{"line":1,"column":2891},"end":{"line":1,"column":2896}},"26":{"start":{"line":1,"column":2897},"end":{"line":1,"column":2929}},"27":{"start":{"line":1,"column":2946},"end":{"line":1,"column":2975}},"28":{"start":{"line":1,"column":2976},"end":{"line":1,"column":3027}},"29":{"start":{"line":1,"column":3047},"end":{"line":1,"column":3074}},"30":{"start":{"line":1,"column":3075},"end":{"line":1,"column":3115}},"31":{"start":{"line":1,"column":3139},"end":{"line":1,"column":3170}},"32":{"start":{"line":1,"column":3171},"end":{"line":1,"column":3219}},"33":{"start":{"line":1,"column":3241},"end":{"line":1,"column":3270}},"34":{"start":{"line":1,"column":3271},"end":{"line":1,"column":3315}},"35":{"start":{"line":1,"column":3327},"end":{"line":1,"column":3383}},"36":{"start":{"line":1,"column":3384},"end":{"line":1,"column":3408}},"37":{"start":{"line":1,"column":3428},"end":{"line":1,"column":3455}},"38":{"start":{"line":1,"column":3456},"end":{"line":1,"column":3496}},"39":{"start":{"line":1,"column":3513},"end":{"line":1,"column":3537}},"40":{"start":{"line":1,"column":3538},"end":{"line":1,"column":3572}},"41":{"start":{"line":1,"column":3589},"end":{"line":1,"column":3642}},"42":{"start":{"line":1,"column":3643},"end":{"line":1,"column":3704}},"43":{"start":{"line":1,"column":3718},"end":{"line":1,"column":3729}},"44":{"start":{"line":1,"column":3730},"end":{"line":1,"column":3758}},"45":{"start":{"line":1,"column":3776},"end":{"line":1,"column":3805}},"46":{"start":{"line":1,"column":3806},"end":{"line":1,"column":3842}},"47":{"start":{"line":1,"column":3863},"end":{"line":1,"column":3896}},"48":{"start":{"line":1,"column":3897},"end":{"line":1,"column":3939}},"49":{"start":{"line":1,"column":3953},"end":{"line":1,"column":3974}},"50":{"start":{"line":1,"column":3975},"end":{"line":1,"column":4003}},"51":{"start":{"line":1,"column":4015},"end":{"line":1,"column":4034}},"52":{"start":{"line":1,"column":4035},"end":{"line":1,"column":4059}}},"fnMap":{"0":{"name":"_typeof","decl":{"start":{"line":1,"column":559},"end":{"line":1,"column":566}},"loc":{"start":{"line":1,"column":569},"end":{"line":1,"column":798}},"line":1},"1":{"name":"(anonymous_1)","decl":{"start":{"line":1,"column":645},"end":{"line":1,"column":646}},"loc":{"start":{"line":1,"column":656},"end":{"line":1,"column":673}},"line":1},"2":{"name":"(anonymous_2)","decl":{"start":{"line":1,"column":674},"end":{"line":1,"column":675}},"loc":{"start":{"line":1,"column":685},"end":{"line":1,"column":786}},"line":1}},"branchMap":{"0":{"loc":{"start":{"line":1,"column":585},"end":{"line":1,"column":786}},"type":"cond-expr","locations":[{"start":{"line":1,"column":645},"end":{"line":1,"column":673}},{"start":{"line":1,"column":674},"end":{"line":1,"column":786}}],"line":1},"1":{"loc":{"start":{"line":1,"column":585},"end":{"line":1,"column":644}},"type":"binary-expr","locations":[{"start":{"line":1,"column":585},"end":{"line":1,"column":610}},{"start":{"line":1,"column":612},"end":{"line":1,"column":644}}],"line":1},"2":{"loc":{"start":{"line":1,"column":693},"end":{"line":1,"column":785}},"type":"cond-expr","locations":[{"start":{"line":1,"column":768},"end":{"line":1,"column":776}},{"start":{"line":1,"column":777},"end":{"line":1,"column":785}}],"line":1},"3":{"loc":{"start":{"line":1,"column":693},"end":{"line":1,"column":767}},"type":"binary-expr","locations":[{"start":{"line":1,"column":693},"end":{"line":1,"column":694}},{"start":{"line":1,"column":696},"end":{"line":1,"column":721}},{"start":{"line":1,"column":723},"end":{"line":1,"column":745}},{"start":{"line":1,"column":747},"end":{"line":1,"column":767}}],"line":1}},"s":{"0":1,"1":1,"2":16,"3":0,"4":1,"5":1,"6":1,"7":1,"8":1,"9":1,"10":1,"11":1,"12":1,"13":1,"14":1,"15":1,"16":1,"17":1,"18":1,"19":1,"20":1,"21":1,"22":1,"23":1,"24":1,"25":1,"26":1,"27":1,"28":1,"29":1,"30":1,"31":1,"32":1,"33":1,"34":1,"35":1,"36":1,"37":1,"38":1,"39":1,"40":1,"41":1,"42":1,"43":1,"44":1,"45":1,"46":1,"47":1,"48":1,"49":1,"50":1,"51":1,"52":1},"f":{"0":1,"1":16,"2":0},"b":{"0":[1,0],"1":[1,1],"2":[0,0],"3":[0,0,0,0]},"inputSourceMap":{"version":3,"sources":["config.js"],"names":["require","strictEqual","process","env","HASH_SECRET","TWILIO_FROM","TWILIO_SID","TWILIO_AUTH_TOKEN","MAILGUN_FROM","MAILGUN_DOMAIN","MAILGUN_KEY","ENCRYPTION_SALT","ENCRYPTION_PASSWORD","USERS_BUCKET_NAME","AUTH0_CLIENT_ID","AUTH0_DOMAIN","S3_ACCESS_KEY","S3_ACCESS_SECRET","S3_REGION","API_KEY","MOBILE_PROVIDER","EMAIL_PROVIDER","DB_TYPE","MAILGUN","nameFrom","domainName","apiKey","TWILIO","from","sid","authToken","COMPANY","BASE_URL","FIRST_CONFIRM","USER_TOKEN_EXPIRY","FRONTEND_URL","WORKERS","tokenClean","logRotate","unconfirmedClean","REDIRECT_URL","LANGUAGES","AWS_ACCESS_KEY_ID","AWS_SECRET_ACCESS_KEY"],"mappings":"2yBAAwBA,OAAO,CAAC,QAAD,C,CAAvBC,W,UAAAA,W,CACRA,WAAW,SAAQC,OAAO,CAACC,GAAR,CAAYC,WAApB,EAAiC,QAAjC,CAA2C,uBAA3C,C,CACXH,WAAW,SAAQC,OAAO,CAACC,GAAR,CAAYE,WAApB,EAAiC,QAAjC,CAA2C,uBAA3C,C,CACXJ,WAAW,SAAQC,OAAO,CAACC,GAAR,CAAYG,UAApB,EAAgC,QAAhC,CAA0C,sBAA1C,C,CACXL,WAAW,SAAQC,OAAO,CAACC,GAAR,CAAYI,iBAApB,EAAuC,QAAvC,CAAiD,6BAAjD,C,CACXN,WAAW,SAAQC,OAAO,CAACC,GAAR,CAAYK,YAApB,EAAkC,QAAlC,CAA4C,wBAA5C,C,CACXP,WAAW,SAAQC,OAAO,CAACC,GAAR,CAAYM,cAApB,EAAoC,QAApC,CAA8C,0BAA9C,C,CACXR,WAAW,SAAQC,OAAO,CAACC,GAAR,CAAYO,WAApB,EAAiC,QAAjC,CAA2C,uBAA3C,C,CACXT,WAAW,SAAQC,OAAO,CAACC,GAAR,CAAYQ,eAApB,EAAqC,QAArC,CAA+C,2BAA/C,C,CACXV,WAAW,SAAQC,OAAO,CAACC,GAAR,CAAYS,mBAApB,EAAyC,QAAzC,CAAmD,+BAAnD,C,CACXX,WAAW,SAAQC,OAAO,CAACC,GAAR,CAAYU,iBAApB,EAAuC,QAAvC,CAAiD,6BAAjD,C,CACXZ,WAAW,SAAQC,OAAO,CAACC,GAAR,CAAYW,eAApB,EAAqC,QAArC,CAA+C,2BAA/C,C,CACXb,WAAW,SAAQC,OAAO,CAACC,GAAR,CAAYY,YAApB,EAAkC,QAAlC,CAA4C,2BAA5C,C,CACXd,WAAW,SAAQC,OAAO,CAACC,GAAR,CAAYa,aAApB,EAAmC,QAAnC,CAA6C,yBAA7C,C,CACXf,WAAW,SAAQC,OAAO,CAACC,GAAR,CAAYc,gBAApB,EAAsC,QAAtC,CAAgD,4BAAhD,C,CACXhB,WAAW,SAAQC,OAAO,CAACC,GAAR,CAAYe,SAApB,EAA+B,QAA/B,CAAyC,qBAAzC,C,CACXjB,WAAW,SAAQC,OAAO,CAACC,GAAR,CAAYgB,OAApB,EAA6B,QAA7B,CAAuC,mBAAvC,C,CAEJ,GAAMC,CAAAA,eAAe,CAAG,QAAxB,C,iCACA,GAAMC,CAAAA,cAAc,CAAG,SAAvB,C,iCACA,GAAMC,CAAAA,OAAO,CAAG,IAAhB,C,qBAEA,GAAMC,CAAAA,OAAO,CAAG,CACrBC,QAAQ,CAAEtB,OAAO,CAACC,GAAR,CAAYK,YADD,CAErBiB,UAAU,CAAEvB,OAAO,CAACC,GAAR,CAAYM,cAFH,CAGrBiB,MAAM,CAAExB,OAAO,CAACC,GAAR,CAAYO,WAHC,CAAhB,C,wBAMA,GAAMiB,CAAAA,MAAM,CAAG,CACpBC,IAAI,CAAE1B,OAAO,CAACC,GAAR,CAAYE,WADE,CAEpBwB,GAAG,CAAE3B,OAAO,CAACC,GAAR,CAAYG,UAFG,CAGpBwB,SAAS,CAAE5B,OAAO,CAACC,GAAR,CAAYI,iBAHH,CAAf,C,sBAMA,GAAMH,CAAAA,WAAW,CAAGF,OAAO,CAACC,GAAR,CAAYC,WAAhC,C,gCAEA,GAAM2B,CAAAA,OAAO,CAAG,eAAhB,C,gCAEA,GAAMC,CAAAA,QAAQ,CAAG,UAAjB,C,4BAEA,GAAMC,CAAAA,aAAa,CAAG,OAAtB,C,8BAEA,GAAMC,CAAAA,iBAAiB,MAAvB,C,gCAEA,GAAMC,CAAAA,YAAY,CAAG,6BAArB,C,mDAEA,GAAMxB,CAAAA,eAAe,CAAGT,OAAO,CAACC,GAAR,CAAYQ,eAApC,C,wCAEA,GAAMC,CAAAA,mBAAmB,CAAGV,OAAO,CAACC,GAAR,CAAYS,mBAAxC,C,gDAEA,GAAMC,CAAAA,iBAAiB,CAAGX,OAAO,CAACC,GAAR,CAAYU,iBAAtC,C,4CAEA,GAAMuB,CAAAA,OAAO,CAAG,CACrBC,UAAU,KADW,CAErBC,SAAS,MAFY,CAGrBC,gBAAgB,MAHK,CAAhB,C,wBAMA,GAAMzB,CAAAA,eAAe,CAAGZ,OAAO,CAACC,GAAR,CAAYW,eAApC,C,wCACA,GAAMC,CAAAA,YAAY,CAAGb,OAAO,CAACC,GAAR,CAAYY,YAAjC,C,kCACA,GAAMyB,CAAAA,YAAY,sDAAlB,C,6DAEA,GAAMC,CAAAA,SAAS,CAAG,CAAC,IAAD,CAAO,IAAP,CAAlB,C,4BAEA,GAAMzB,CAAAA,aAAa,CAAGd,OAAO,CAACC,GAAR,CAAYuC,iBAAlC,C,oCACA,GAAMzB,CAAAA,gBAAgB,CAAGf,OAAO,CAACC,GAAR,CAAYwC,qBAArC,C,0CACA,GAAMzB,CAAAA,SAAS,CAAGhB,OAAO,CAACC,GAAR,CAAYe,SAA9B,C,4BAEA,GAAMC,CAAAA,OAAO,CAAGjB,OAAO,CAACC,GAAR,CAAYgB,OAA5B,C","sourceRoot":"C:\\Users\\Dxenu\\Desktop\\users-cubed-api-next\\app","sourcesContent":["const { strictEqual } = require('assert')\r\nstrictEqual(typeof process.env.HASH_SECRET, 'string', 'You need hash secret!')\r\nstrictEqual(typeof process.env.TWILIO_FROM, 'string', 'You need Twilio from!')\r\nstrictEqual(typeof process.env.TWILIO_SID, 'string', 'You need TWILIO_SID!')\r\nstrictEqual(typeof process.env.TWILIO_AUTH_TOKEN, 'string', 'You need TWILIO_AUTH_TOKEN!')\r\nstrictEqual(typeof process.env.MAILGUN_FROM, 'string', 'You need MAILGUN_FROM!')\r\nstrictEqual(typeof process.env.MAILGUN_DOMAIN, 'string', 'You need MAILGUN_DOMAIN!')\r\nstrictEqual(typeof process.env.MAILGUN_KEY, 'string', 'You need MAILGUN_KEY!')\r\nstrictEqual(typeof process.env.ENCRYPTION_SALT, 'string', 'You need ENCRYPTION_SALT!')\r\nstrictEqual(typeof process.env.ENCRYPTION_PASSWORD, 'string', 'You need ENCRYPTION_PASSWORD!')\r\nstrictEqual(typeof process.env.USERS_BUCKET_NAME, 'string', 'You need USERS_BUCKET_NAME!')\r\nstrictEqual(typeof process.env.AUTH0_CLIENT_ID, 'string', 'You need AUTH0_CLIENT_ID!')\r\nstrictEqual(typeof process.env.AUTH0_DOMAIN, 'string', 'You need AUTH0_CLIENT_ID!')\r\nstrictEqual(typeof process.env.S3_ACCESS_KEY, 'string', 'You need S3_ACCESS_KEY!')\r\nstrictEqual(typeof process.env.S3_ACCESS_SECRET, 'string', 'You need S3_ACCESS_SECRET!')\r\nstrictEqual(typeof process.env.S3_REGION, 'string', 'You need S3_REGION!')\r\nstrictEqual(typeof process.env.API_KEY, 'string', 'You need API_KEY!')\r\n\r\nexport const MOBILE_PROVIDER = 'twilio'\r\nexport const EMAIL_PROVIDER = 'mailgun'\r\nexport const DB_TYPE = 's3'\r\n\r\nexport const MAILGUN = {\r\n  nameFrom: process.env.MAILGUN_FROM,\r\n  domainName: process.env.MAILGUN_DOMAIN,\r\n  apiKey: process.env.MAILGUN_KEY\r\n}\r\n\r\nexport const TWILIO = {\r\n  from: process.env.TWILIO_FROM,\r\n  sid: process.env.TWILIO_SID,\r\n  authToken: process.env.TWILIO_AUTH_TOKEN\r\n}\r\n\r\nexport const HASH_SECRET = process.env.HASH_SECRET\r\n\r\nexport const COMPANY = 'Talaikis Ltd.'\r\n\r\nexport const BASE_URL = 'https://'\r\n\r\nexport const FIRST_CONFIRM = 'email'\r\n\r\nexport const USER_TOKEN_EXPIRY = 60 * 60 * 15\r\n\r\nexport const FRONTEND_URL = 'https://cubed.talaikis.com/'\r\n\r\nexport const ENCRYPTION_SALT = process.env.ENCRYPTION_SALT\r\n\r\nexport const ENCRYPTION_PASSWORD = process.env.ENCRYPTION_PASSWORD\r\n\r\nexport const USERS_BUCKET_NAME = process.env.USERS_BUCKET_NAME\r\n\r\nexport const WORKERS = {\r\n  tokenClean: 60 * 60,\r\n  logRotate: 60 * 60 * 24,\r\n  unconfirmedClean: 60 * 60 * 3\r\n}\r\n\r\nexport const AUTH0_CLIENT_ID = process.env.AUTH0_CLIENT_ID\r\nexport const AUTH0_DOMAIN = process.env.AUTH0_DOMAIN\r\nexport const REDIRECT_URL = `${FRONTEND_URL}/dashboard`\r\n\r\nexport const LANGUAGES = ['en', 'fr']\r\n\r\nexport const S3_ACCESS_KEY = process.env.AWS_ACCESS_KEY_ID\r\nexport const S3_ACCESS_SECRET = process.env.AWS_SECRET_ACCESS_KEY\r\nexport const S3_REGION = process.env.S3_REGION\r\n\r\nexport const API_KEY = process.env.API_KEY\r\n"]},"_coverageSchema":"1a1c01bbd47fc00a2c39e90264f33305004495a9","hash":"2c32009f0873e6cf7a9707daf07cce688cbbdeee","contentHash":"1233a9eaf92d8d252c1cbe523ff800b6d5e974e9660f8ed73da2db8e1ee287ee"},"C:\\Users\\Dxenu\\Desktop\\users-cubed-api-next\\app\\lib\\proto\\index.js":{"path":"C:\\Users\\Dxenu\\Desktop\\users-cubed-api-next\\app\\lib\\proto\\index.js","statementMap":{"0":{"start":{"line":1,"column":13},"end":{"line":1,"column":127}},"1":{"start":{"line":1,"column":137},"end":{"line":1,"column":152}},"2":{"start":{"line":1,"column":165},"end":{"line":1,"column":210}},"3":{"start":{"line":1,"column":217},"end":{"line":1,"column":232}},"4":{"start":{"line":1,"column":240},"end":{"line":1,"column":259}},"5":{"start":{"line":1,"column":295},"end":{"line":1,"column":331}},"6":{"start":{"line":1,"column":375},"end":{"line":1,"column":429}},"7":{"start":{"line":1,"column":385},"end":{"line":1,"column":392}},"8":{"start":{"line":1,"column":395},"end":{"line":1,"column":402}},"9":{"start":{"line":1,"column":412},"end":{"line":1,"column":428}},"10":{"start":{"line":1,"column":429},"end":{"line":1,"column":469}},"11":{"start":{"line":1,"column":500},"end":{"line":1,"column":712}},"12":{"start":{"line":1,"column":524},"end":{"line":1,"column":528}},"13":{"start":{"line":1,"column":531},"end":{"line":1,"column":540}},"14":{"start":{"line":1,"column":541},"end":{"line":1,"column":711}},"15":{"start":{"line":1,"column":588},"end":{"line":1,"column":626}},"16":{"start":{"line":1,"column":641},"end":{"line":1,"column":680}},"17":{"start":{"line":1,"column":687},"end":{"line":1,"column":699}},"18":{"start":{"line":1,"column":700},"end":{"line":1,"column":709}},"19":{"start":{"line":1,"column":738},"end":{"line":1,"column":780}},"20":{"start":{"line":1,"column":802},"end":{"line":1,"column":1508}},"21":{"start":{"line":1,"column":819},"end":{"line":1,"column":1455}},"22":{"start":{"line":1,"column":910},"end":{"line":1,"column":1452}},"23":{"start":{"line":1,"column":953},"end":{"line":1,"column":1435}},"24":{"start":{"line":1,"column":960},"end":{"line":1,"column":1435}},"25":{"start":{"line":1,"column":989},"end":{"line":1,"column":1115}},"26":{"start":{"line":1,"column":1122},"end":{"line":1,"column":1183}},"27":{"start":{"line":1,"column":1183},"end":{"line":1,"column":1189}},"28":{"start":{"line":1,"column":1196},"end":{"line":1,"column":1335}},"29":{"start":{"line":1,"column":1343},"end":{"line":1,"column":1400}},"30":{"start":{"line":1,"column":1418},"end":{"line":1,"column":1434}},"31":{"start":{"line":1,"column":1456},"end":{"line":1,"column":1505}},"32":{"start":{"line":1,"column":1474},"end":{"line":1,"column":1504}},"33":{"start":{"line":1,"column":1516},"end":{"line":1,"column":1544}},"34":{"start":{"line":1,"column":1545},"end":{"line":1,"column":1567}},"35":{"start":{"line":1,"column":1591},"end":{"line":1,"column":2077}},"36":{"start":{"line":1,"column":1608},"end":{"line":1,"column":2024}},"37":{"start":{"line":1,"column":1691},"end":{"line":1,"column":2021}},"38":{"start":{"line":1,"column":1734},"end":{"line":1,"column":2017}},"39":{"start":{"line":1,"column":1741},"end":{"line":1,"column":2017}},"40":{"start":{"line":1,"column":1770},"end":{"line":1,"column":1888}},"41":{"start":{"line":1,"column":1895},"end":{"line":1,"column":1983}},"42":{"start":{"line":1,"column":2000},"end":{"line":1,"column":2016}},"43":{"start":{"line":1,"column":2025},"end":{"line":1,"column":2074}},"44":{"start":{"line":1,"column":2043},"end":{"line":1,"column":2073}},"45":{"start":{"line":1,"column":2078},"end":{"line":1,"column":2100}},"46":{"start":{"line":1,"column":2131},"end":{"line":1,"column":2965}},"47":{"start":{"line":1,"column":2148},"end":{"line":1,"column":2912}},"48":{"start":{"line":1,"column":2233},"end":{"line":1,"column":2909}},"49":{"start":{"line":1,"column":2276},"end":{"line":1,"column":2905}},"50":{"start":{"line":1,"column":2283},"end":{"line":1,"column":2905}},"51":{"start":{"line":1,"column":2312},"end":{"line":1,"column":2661}},"52":{"start":{"line":1,"column":2432},"end":{"line":1,"column":2656}},"53":{"start":{"line":1,"column":2475},"end":{"line":1,"column":2652}},"54":{"start":{"line":1,"column":2482},"end":{"line":1,"column":2652}},"55":{"start":{"line":1,"column":2511},"end":{"line":1,"column":2578}},"56":{"start":{"line":1,"column":2585},"end":{"line":1,"column":2618}},"57":{"start":{"line":1,"column":2635},"end":{"line":1,"column":2651}},"58":{"start":{"line":1,"column":2668},"end":{"line":1,"column":2871}},"59":{"start":{"line":1,"column":2888},"end":{"line":1,"column":2904}},"60":{"start":{"line":1,"column":2913},"end":{"line":1,"column":2962}},"61":{"start":{"line":1,"column":2931},"end":{"line":1,"column":2961}},"62":{"start":{"line":1,"column":2966},"end":{"line":1,"column":3002}}},"fnMap":{"0":{"name":"_interopRequireDefault","decl":{"start":{"line":1,"column":269},"end":{"line":1,"column":291}},"loc":{"start":{"line":1,"column":294},"end":{"line":1,"column":332}},"line":1},"1":{"name":"asyncGeneratorStep","decl":{"start":{"line":1,"column":341},"end":{"line":1,"column":359}},"loc":{"start":{"line":1,"column":374},"end":{"line":1,"column":470}},"line":1},"2":{"name":"_asyncToGenerator","decl":{"start":{"line":1,"column":479},"end":{"line":1,"column":496}},"loc":{"start":{"line":1,"column":499},"end":{"line":1,"column":713}},"line":1},"3":{"name":"(anonymous_3)","decl":{"start":{"line":1,"column":507},"end":{"line":1,"column":508}},"loc":{"start":{"line":1,"column":517},"end":{"line":1,"column":712}},"line":1},"4":{"name":"(anonymous_4)","decl":{"start":{"line":1,"column":560},"end":{"line":1,"column":561}},"loc":{"start":{"line":1,"column":573},"end":{"line":1,"column":710}},"line":1},"5":{"name":"f","decl":{"start":{"line":1,"column":583},"end":{"line":1,"column":584}},"loc":{"start":{"line":1,"column":587},"end":{"line":1,"column":627}},"line":1},"6":{"name":"g","decl":{"start":{"line":1,"column":636},"end":{"line":1,"column":637}},"loc":{"start":{"line":1,"column":640},"end":{"line":1,"column":681}},"line":1},"7":{"name":"(anonymous_7)","decl":{"start":{"line":1,"column":802},"end":{"line":1,"column":803}},"loc":{"start":{"line":1,"column":812},"end":{"line":1,"column":1506}},"line":1},"8":{"name":"a","decl":{"start":{"line":1,"column":883},"end":{"line":1,"column":884}},"loc":{"start":{"line":1,"column":893},"end":{"line":1,"column":1453}},"line":1},"9":{"name":"(anonymous_9)","decl":{"start":{"line":1,"column":941},"end":{"line":1,"column":942}},"loc":{"start":{"line":1,"column":952},"end":{"line":1,"column":1436}},"line":1},"10":{"name":"(anonymous_10)","decl":{"start":{"line":1,"column":1463},"end":{"line":1,"column":1464}},"loc":{"start":{"line":1,"column":1473},"end":{"line":1,"column":1505}},"line":1},"11":{"name":"(anonymous_11)","decl":{"start":{"line":1,"column":1591},"end":{"line":1,"column":1592}},"loc":{"start":{"line":1,"column":1601},"end":{"line":1,"column":2075}},"line":1},"12":{"name":"a","decl":{"start":{"line":1,"column":1672},"end":{"line":1,"column":1673}},"loc":{"start":{"line":1,"column":1680},"end":{"line":1,"column":2022}},"line":1},"13":{"name":"(anonymous_13)","decl":{"start":{"line":1,"column":1722},"end":{"line":1,"column":1723}},"loc":{"start":{"line":1,"column":1733},"end":{"line":1,"column":2018}},"line":1},"14":{"name":"(anonymous_14)","decl":{"start":{"line":1,"column":2032},"end":{"line":1,"column":2033}},"loc":{"start":{"line":1,"column":2042},"end":{"line":1,"column":2074}},"line":1},"15":{"name":"(anonymous_15)","decl":{"start":{"line":1,"column":2131},"end":{"line":1,"column":2132}},"loc":{"start":{"line":1,"column":2141},"end":{"line":1,"column":2963}},"line":1},"16":{"name":"a","decl":{"start":{"line":1,"column":2212},"end":{"line":1,"column":2213}},"loc":{"start":{"line":1,"column":2224},"end":{"line":1,"column":2910}},"line":1},"17":{"name":"(anonymous_17)","decl":{"start":{"line":1,"column":2264},"end":{"line":1,"column":2265}},"loc":{"start":{"line":1,"column":2275},"end":{"line":1,"column":2906}},"line":1},"18":{"name":"a","decl":{"start":{"line":1,"column":2428},"end":{"line":1,"column":2429}},"loc":{"start":{"line":1,"column":2431},"end":{"line":1,"column":2657}},"line":1},"19":{"name":"(anonymous_19)","decl":{"start":{"line":1,"column":2463},"end":{"line":1,"column":2464}},"loc":{"start":{"line":1,"column":2474},"end":{"line":1,"column":2653}},"line":1},"20":{"name":"(anonymous_20)","decl":{"start":{"line":1,"column":2920},"end":{"line":1,"column":2921}},"loc":{"start":{"line":1,"column":2930},"end":{"line":1,"column":2962}},"line":1}},"branchMap":{"0":{"loc":{"start":{"line":1,"column":302},"end":{"line":1,"column":331}},"type":"cond-expr","locations":[{"start":{"line":1,"column":318},"end":{"line":1,"column":319}},{"start":{"line":1,"column":320},"end":{"line":1,"column":331}}],"line":1},"1":{"loc":{"start":{"line":1,"column":302},"end":{"line":1,"column":317}},"type":"binary-expr","locations":[{"start":{"line":1,"column":302},"end":{"line":1,"column":303}},{"start":{"line":1,"column":305},"end":{"line":1,"column":317}}],"line":1},"2":{"loc":{"start":{"line":1,"column":429},"end":{"line":1,"column":469}},"type":"cond-expr","locations":[{"start":{"line":1,"column":436},"end":{"line":1,"column":440}},{"start":{"line":1,"column":441},"end":{"line":1,"column":469}}],"line":1},"3":{"loc":{"start":{"line":1,"column":960},"end":{"line":1,"column":1435}},"type":"switch","locations":[{"start":{"line":1,"column":982},"end":{"line":1,"column":1115}},{"start":{"line":1,"column":1115},"end":{"line":1,"column":1189}},{"start":{"line":1,"column":1189},"end":{"line":1,"column":1335}},{"start":{"line":1,"column":1335},"end":{"line":1,"column":1400}},{"start":{"line":1,"column":1400},"end":{"line":1,"column":1408}},{"start":{"line":1,"column":1408},"end":{"line":1,"column":1434}}],"line":1},"4":{"loc":{"start":{"line":1,"column":1741},"end":{"line":1,"column":2017}},"type":"switch","locations":[{"start":{"line":1,"column":1763},"end":{"line":1,"column":1888}},{"start":{"line":1,"column":1888},"end":{"line":1,"column":1983}},{"start":{"line":1,"column":1983},"end":{"line":1,"column":1990}},{"start":{"line":1,"column":1990},"end":{"line":1,"column":2016}}],"line":1},"5":{"loc":{"start":{"line":1,"column":2283},"end":{"line":1,"column":2905}},"type":"switch","locations":[{"start":{"line":1,"column":2305},"end":{"line":1,"column":2661}},{"start":{"line":1,"column":2661},"end":{"line":1,"column":2871}},{"start":{"line":1,"column":2871},"end":{"line":1,"column":2878}},{"start":{"line":1,"column":2878},"end":{"line":1,"column":2904}}],"line":1},"6":{"loc":{"start":{"line":1,"column":2482},"end":{"line":1,"column":2652}},"type":"switch","locations":[{"start":{"line":1,"column":2504},"end":{"line":1,"column":2578}},{"start":{"line":1,"column":2578},"end":{"line":1,"column":2618}},{"start":{"line":1,"column":2618},"end":{"line":1,"column":2625}},{"start":{"line":1,"column":2625},"end":{"line":1,"column":2651}}],"line":1}},"s":{"0":1,"1":1,"2":1,"3":1,"4":1,"5":1,"6":2,"7":2,"8":2,"9":0,"10":2,"11":3,"12":1,"13":1,"14":1,"15":2,"16":0,"17":1,"18":1,"19":1,"20":1,"21":1,"22":0,"23":0,"24":0,"25":0,"26":0,"27":0,"28":0,"29":0,"30":0,"31":1,"32":0,"33":1,"34":1,"35":1,"36":1,"37":1,"38":3,"39":3,"40":1,"41":1,"42":1,"43":1,"44":1,"45":1,"46":1,"47":1,"48":0,"49":0,"50":0,"51":0,"52":0,"53":0,"54":0,"55":0,"56":0,"57":0,"58":0,"59":0,"60":1,"61":0,"62":1},"f":{"0":1,"1":2,"2":3,"3":1,"4":1,"5":2,"6":0,"7":1,"8":0,"9":0,"10":0,"11":1,"12":1,"13":3,"14":1,"15":1,"16":0,"17":0,"18":0,"19":0,"20":0},"b":{"0":[0,1],"1":[1,1],"2":[1,1],"3":[0,0,0,0,0,0],"4":[1,1,0,1],"5":[0,0,0,0],"6":[0,0,0,0]},"inputSourceMap":{"version":3,"sources":["index.js"],"names":["definitionsDirectory","__dirname","_decode","buffer","filePath","messageType","done","protobuf","load","root","MsgType","lookupType","obj","decode","encode","output","message","create","finish","protoResponse","statusCode","final","t","response","headers","body","toString","isBase64Encoded"],"mappings":"4sBAQMA,CAAAA,oBAAoB,CAAG,kBAAQC,SAAR,CAAmB,aAAnB,C,CAEvBC,OAAO,sFAAG,WAAOC,CAAP,CAAeC,CAAf,CAAyBC,CAAzB,CAAsCC,CAAtC,0HAEOC,uBAASC,IAAT,CAAc,kBAAQR,oBAAR,CAA8B,UAA9B,WAA6CI,CAA7C,UAAd,CAFP,QAENK,CAFM,QAGNC,CAHM,CAGID,CAAI,CAACE,UAAL,CAAgBN,CAAhB,CAHJ,CAINO,CAJM,CAIAF,CAAO,CAACG,MAAR,CAAeV,CAAf,CAJA,CAKZG,CAAI,CAAC,IAAD,CAAOM,CAAP,CALQ,qEAQOL,uBAASC,IAAT,CAAc,kBAAQR,oBAAR,CAA8B,WAA9B,CAA2C,YAA3C,CAAd,CARP,SAQNS,CARM,QASNC,CATM,CASID,CAAI,CAACE,UAAL,CAAgB,OAAhB,CATJ,CAUNC,CAVM,CAUAF,CAAO,CAACG,MAAR,CAAeV,CAAf,CAVA,CAWZG,CAAI,CAAC,IAAD,CAAOM,CAAP,CAXQ,sDAAH,uD,CAeAC,MAAM,CAAG,oBAAUX,OAAV,C,uBAEf,GAAMY,CAAAA,MAAM,sFAAG,WAAOV,CAAP,CAAiBW,CAAjB,CAAyBV,CAAzB,2GACDE,uBAASC,IAAT,CAAc,kBAAQR,oBAAR,CAA8B,WAA9B,WAA8CI,CAA9C,UAAd,CADC,cACdK,CAAAA,CADc,QAEdC,CAFc,CAEJD,CAAI,CAACE,UAAL,CAAgBN,CAAhB,CAFI,CAGdW,CAHc,CAGJN,CAAO,CAACO,MAAR,CAAeF,CAAf,CAHI,mBAIbL,CAAO,CAACI,MAAR,CAAeE,CAAf,EAAwBE,MAAxB,EAJa,yCAAH,uDAAZ,C,sBAOA,GAAMC,CAAAA,aAAa,sFAAG,WAAOC,CAAP,CAAmBL,CAAnB,CAA2BX,CAA3B,CAAqCC,CAArC,CAAkDgB,CAAlD,yGACNP,MAAM,CAACV,CAAD,CAAWW,CAAX,CAAmBV,CAAnB,CAAN,8EAA4C,4GAAkB,qBAAU,GAAV,CAAeiB,CAAC,CAAC,mBAAD,CAAhB,CAAuCD,CAAvC,CAAlB,gFAA5C,GADM,QACrBlB,CADqB,QAErBoB,CAFqB,CAEV,CACfH,UAAU,CAAVA,CADe,CAEfI,OAAO,CAAE,CACP,eAAgB,wBADT,CAEP,8BAA+B,GAFxB,CAGP,qCAHO,CAFM,CAOfC,IAAI,CAAEtB,CAAM,CAACuB,QAAP,CAAgB,QAAhB,CAPS,CAQfC,eAAe,GARA,CAFU,CAY3BN,CAAK,CAAC,IAAD,CAAOE,CAAP,CAZsB,wCAAH,uDAAnB,C","sourceRoot":"C:\\Users\\Dxenu\\Desktop\\users-cubed-api-next\\app\\lib\\proto","sourcesContent":["import { resolve } from 'path'\r\nimport protobuf from 'protobufjs'\r\nimport { promisify } from 'util'\r\n\r\nconsole.log('protobuf-------------------------------')\r\nconsole.log(protobuf)\r\n\r\nimport { sendError } from '../utils'\r\nconst definitionsDirectory = resolve(__dirname, '../schemas/')\r\n\r\nconst _decode = async (buffer, filePath, messageType, done) => {\r\n  try {\r\n    const root = await protobuf.load(resolve(definitionsDirectory, 'requests', `${filePath}.json`))\r\n    const MsgType = root.lookupType(messageType)\r\n    const obj = MsgType.decode(buffer)\r\n    done(null, obj)\r\n  } catch (err) {\r\n    console.error(err.message)\r\n    const root = await protobuf.load(resolve(definitionsDirectory, 'responses', 'error.json'))\r\n    const MsgType = root.lookupType('Error')\r\n    const obj = MsgType.decode(buffer)\r\n    done(null, obj)\r\n  }\r\n}\r\n\r\nexport const decode = promisify(_decode)\r\n\r\nexport const encode = async (filePath, output, messageType) => {\r\n  const root = await protobuf.load(resolve(definitionsDirectory, 'responses', `${filePath}.json`))\r\n  const MsgType = root.lookupType(messageType)\r\n  const message = MsgType.create(output)\r\n  return MsgType.encode(message).finish()\r\n}\r\n\r\nexport const protoResponse = async (statusCode, output, filePath, messageType, final) => {\r\n  const buffer = await encode(filePath, output, messageType).catch(async () => await sendError(400, t('error.bad_request'), final))\r\n  const response = {\r\n    statusCode,\r\n    headers: {\r\n      'Content-Type': 'application/x-protobuf',\r\n      'Access-Control-Allow-Origin': '*',\r\n      'Access-Control-Allow-Credentials': true\r\n    },\r\n    body: buffer.toString('base64'),\r\n    isBase64Encoded: true\r\n  }\r\n  final(null, response)\r\n}\r\n"]},"_coverageSchema":"1a1c01bbd47fc00a2c39e90264f33305004495a9","hash":"415610696c9e3a19e0f3fabde61a337971145277","contentHash":"f87470e1d18b0f935f6d323a775de6ad957c6cedfa4107caa796d40e0f290f78"},"C:\\Users\\Dxenu\\Desktop\\users-cubed-api-next\\app\\lib\\utils\\index.js":{"path":"C:\\Users\\Dxenu\\Desktop\\users-cubed-api-next\\app\\lib\\utils\\index.js","statementMap":{"0":{"start":{"line":1,"column":13},"end":{"line":1,"column":184}},"1":{"start":{"line":1,"column":194},"end":{"line":1,"column":233}},"2":{"start":{"line":1,"column":241},"end":{"line":1,"column":281}},"3":{"start":{"line":1,"column":295},"end":{"line":1,"column":317}},"4":{"start":{"line":1,"column":325},"end":{"line":1,"column":365}},"5":{"start":{"line":1,"column":372},"end":{"line":1,"column":387}},"6":{"start":{"line":1,"column":397},"end":{"line":1,"column":415}},"7":{"start":{"line":1,"column":423},"end":{"line":1,"column":442}},"8":{"start":{"line":1,"column":447},"end":{"line":1,"column":487}},"9":{"start":{"line":1,"column":502},"end":{"line":1,"column":528}},"10":{"start":{"line":1,"column":564},"end":{"line":1,"column":600}},"11":{"start":{"line":1,"column":621},"end":{"line":1,"column":848}},"12":{"start":{"line":1,"column":708},"end":{"line":1,"column":723}},"13":{"start":{"line":1,"column":737},"end":{"line":1,"column":836}},"14":{"start":{"line":1,"column":892},"end":{"line":1,"column":946}},"15":{"start":{"line":1,"column":902},"end":{"line":1,"column":909}},"16":{"start":{"line":1,"column":912},"end":{"line":1,"column":919}},"17":{"start":{"line":1,"column":929},"end":{"line":1,"column":945}},"18":{"start":{"line":1,"column":946},"end":{"line":1,"column":986}},"19":{"start":{"line":1,"column":1017},"end":{"line":1,"column":1229}},"20":{"start":{"line":1,"column":1041},"end":{"line":1,"column":1045}},"21":{"start":{"line":1,"column":1048},"end":{"line":1,"column":1057}},"22":{"start":{"line":1,"column":1058},"end":{"line":1,"column":1228}},"23":{"start":{"line":1,"column":1105},"end":{"line":1,"column":1143}},"24":{"start":{"line":1,"column":1158},"end":{"line":1,"column":1197}},"25":{"start":{"line":1,"column":1204},"end":{"line":1,"column":1216}},"26":{"start":{"line":1,"column":1217},"end":{"line":1,"column":1226}},"27":{"start":{"line":1,"column":1258},"end":{"line":1,"column":1615}},"28":{"start":{"line":1,"column":1275},"end":{"line":1,"column":1562}},"29":{"start":{"line":1,"column":1354},"end":{"line":1,"column":1559}},"30":{"start":{"line":1,"column":1397},"end":{"line":1,"column":1555}},"31":{"start":{"line":1,"column":1404},"end":{"line":1,"column":1555}},"32":{"start":{"line":1,"column":1433},"end":{"line":1,"column":1495}},"33":{"start":{"line":1,"column":1502},"end":{"line":1,"column":1521}},"34":{"start":{"line":1,"column":1538},"end":{"line":1,"column":1554}},"35":{"start":{"line":1,"column":1563},"end":{"line":1,"column":1612}},"36":{"start":{"line":1,"column":1581},"end":{"line":1,"column":1611}},"37":{"start":{"line":1,"column":1626},"end":{"line":1,"column":1657}},"38":{"start":{"line":1,"column":1658},"end":{"line":1,"column":1686}},"39":{"start":{"line":1,"column":1711},"end":{"line":1,"column":2063}},"40":{"start":{"line":1,"column":1728},"end":{"line":1,"column":2010}},"41":{"start":{"line":1,"column":1803},"end":{"line":1,"column":2007}},"42":{"start":{"line":1,"column":1846},"end":{"line":1,"column":2003}},"43":{"start":{"line":1,"column":1853},"end":{"line":1,"column":2003}},"44":{"start":{"line":1,"column":1882},"end":{"line":1,"column":1943}},"45":{"start":{"line":1,"column":1950},"end":{"line":1,"column":1969}},"46":{"start":{"line":1,"column":1986},"end":{"line":1,"column":2002}},"47":{"start":{"line":1,"column":2011},"end":{"line":1,"column":2060}},"48":{"start":{"line":1,"column":2029},"end":{"line":1,"column":2059}},"49":{"start":{"line":1,"column":2071},"end":{"line":1,"column":2099}},"50":{"start":{"line":1,"column":2100},"end":{"line":1,"column":2122}},"51":{"start":{"line":1,"column":2148},"end":{"line":1,"column":2511}},"52":{"start":{"line":1,"column":2165},"end":{"line":1,"column":2458}},"53":{"start":{"line":1,"column":2242},"end":{"line":1,"column":2455}},"54":{"start":{"line":1,"column":2285},"end":{"line":1,"column":2451}},"55":{"start":{"line":1,"column":2292},"end":{"line":1,"column":2451}},"56":{"start":{"line":1,"column":2321},"end":{"line":1,"column":2391}},"57":{"start":{"line":1,"column":2398},"end":{"line":1,"column":2417}},"58":{"start":{"line":1,"column":2434},"end":{"line":1,"column":2450}},"59":{"start":{"line":1,"column":2459},"end":{"line":1,"column":2508}},"60":{"start":{"line":1,"column":2477},"end":{"line":1,"column":2507}},"61":{"start":{"line":1,"column":2512},"end":{"line":1,"column":2538}},"62":{"start":{"line":1,"column":2550},"end":{"line":3,"column":53}},"63":{"start":{"line":1,"column":2572},"end":{"line":1,"column":2637}},"64":{"start":{"line":1,"column":2640},"end":{"line":1,"column":2674}},"65":{"start":{"line":1,"column":2675},"end":{"line":1,"column":2724}},"66":{"start":{"line":1,"column":2730},"end":{"line":1,"column":2818}},"67":{"start":{"line":1,"column":2760},"end":{"line":1,"column":2772}},"68":{"start":{"line":1,"column":2773},"end":{"line":1,"column":2816}},"69":{"start":{"line":1,"column":2819},"end":{"line":3,"column":52}},"70":{"start":{"line":2,"column":0},"end":{"line":2,"column":20}},"71":{"start":{"line":3,"column":0},"end":{"line":3,"column":31}},"72":{"start":{"line":3,"column":54},"end":{"line":3,"column":78}},"73":{"start":{"line":3,"column":98},"end":{"line":3,"column":1006}},"74":{"start":{"line":3,"column":118},"end":{"line":3,"column":1005}},"75":{"start":{"line":3,"column":194},"end":{"line":3,"column":499}},"76":{"start":{"line":3,"column":263},"end":{"line":3,"column":496}},"77":{"start":{"line":3,"column":306},"end":{"line":3,"column":492}},"78":{"start":{"line":3,"column":313},"end":{"line":3,"column":492}},"79":{"start":{"line":3,"column":342},"end":{"line":3,"column":458}},"80":{"start":{"line":3,"column":475},"end":{"line":3,"column":491}},"81":{"start":{"line":3,"column":500},"end":{"line":3,"column":549}},"82":{"start":{"line":3,"column":518},"end":{"line":3,"column":548}},"83":{"start":{"line":3,"column":606},"end":{"line":3,"column":951}},"84":{"start":{"line":3,"column":675},"end":{"line":3,"column":948}},"85":{"start":{"line":3,"column":718},"end":{"line":3,"column":944}},"86":{"start":{"line":3,"column":725},"end":{"line":3,"column":944}},"87":{"start":{"line":3,"column":754},"end":{"line":3,"column":775}},"88":{"start":{"line":3,"column":760},"end":{"line":3,"column":769}},"89":{"start":{"line":3,"column":769},"end":{"line":3,"column":774}},"90":{"start":{"line":3,"column":775},"end":{"line":3,"column":826}},"91":{"start":{"line":3,"column":826},"end":{"line":3,"column":832}},"92":{"start":{"line":3,"column":839},"end":{"line":3,"column":910}},"93":{"start":{"line":3,"column":927},"end":{"line":3,"column":943}},"94":{"start":{"line":3,"column":952},"end":{"line":3,"column":1001}},"95":{"start":{"line":3,"column":970},"end":{"line":3,"column":1000}},"96":{"start":{"line":3,"column":1007},"end":{"line":3,"column":1047}},"97":{"start":{"line":3,"column":1076},"end":{"line":3,"column":1549}},"98":{"start":{"line":3,"column":1093},"end":{"line":3,"column":1496}},"99":{"start":{"line":3,"column":1170},"end":{"line":3,"column":1493}},"100":{"start":{"line":3,"column":1213},"end":{"line":3,"column":1489}},"101":{"start":{"line":3,"column":1220},"end":{"line":3,"column":1489}},"102":{"start":{"line":3,"column":1249},"end":{"line":3,"column":1294}},"103":{"start":{"line":3,"column":1279},"end":{"line":3,"column":1288}},"104":{"start":{"line":3,"column":1288},"end":{"line":3,"column":1293}},"105":{"start":{"line":3,"column":1294},"end":{"line":3,"column":1375}},"106":{"start":{"line":3,"column":1355},"end":{"line":3,"column":1372}},"107":{"start":{"line":3,"column":1382},"end":{"line":3,"column":1431}},"108":{"start":{"line":3,"column":1431},"end":{"line":3,"column":1437}},"109":{"start":{"line":3,"column":1444},"end":{"line":3,"column":1455}},"110":{"start":{"line":3,"column":1472},"end":{"line":3,"column":1488}},"111":{"start":{"line":3,"column":1497},"end":{"line":3,"column":1546}},"112":{"start":{"line":3,"column":1515},"end":{"line":3,"column":1545}},"113":{"start":{"line":3,"column":1561},"end":{"line":3,"column":1593}},"114":{"start":{"line":3,"column":1594},"end":{"line":3,"column":1624}}},"fnMap":{"0":{"name":"_interopRequireDefault","decl":{"start":{"line":1,"column":538},"end":{"line":1,"column":560}},"loc":{"start":{"line":1,"column":563},"end":{"line":1,"column":601}},"line":1},"1":{"name":"_typeof","decl":{"start":{"line":1,"column":610},"end":{"line":1,"column":617}},"loc":{"start":{"line":1,"column":620},"end":{"line":1,"column":849}},"line":1},"2":{"name":"(anonymous_2)","decl":{"start":{"line":1,"column":696},"end":{"line":1,"column":697}},"loc":{"start":{"line":1,"column":707},"end":{"line":1,"column":724}},"line":1},"3":{"name":"(anonymous_3)","decl":{"start":{"line":1,"column":725},"end":{"line":1,"column":726}},"loc":{"start":{"line":1,"column":736},"end":{"line":1,"column":837}},"line":1},"4":{"name":"asyncGeneratorStep","decl":{"start":{"line":1,"column":858},"end":{"line":1,"column":876}},"loc":{"start":{"line":1,"column":891},"end":{"line":1,"column":987}},"line":1},"5":{"name":"_asyncToGenerator","decl":{"start":{"line":1,"column":996},"end":{"line":1,"column":1013}},"loc":{"start":{"line":1,"column":1016},"end":{"line":1,"column":1230}},"line":1},"6":{"name":"(anonymous_6)","decl":{"start":{"line":1,"column":1024},"end":{"line":1,"column":1025}},"loc":{"start":{"line":1,"column":1034},"end":{"line":1,"column":1229}},"line":1},"7":{"name":"(anonymous_7)","decl":{"start":{"line":1,"column":1077},"end":{"line":1,"column":1078}},"loc":{"start":{"line":1,"column":1090},"end":{"line":1,"column":1227}},"line":1},"8":{"name":"f","decl":{"start":{"line":1,"column":1100},"end":{"line":1,"column":1101}},"loc":{"start":{"line":1,"column":1104},"end":{"line":1,"column":1144}},"line":1},"9":{"name":"g","decl":{"start":{"line":1,"column":1153},"end":{"line":1,"column":1154}},"loc":{"start":{"line":1,"column":1157},"end":{"line":1,"column":1198}},"line":1},"10":{"name":"(anonymous_10)","decl":{"start":{"line":1,"column":1258},"end":{"line":1,"column":1259}},"loc":{"start":{"line":1,"column":1268},"end":{"line":1,"column":1613}},"line":1},"11":{"name":"a","decl":{"start":{"line":1,"column":1339},"end":{"line":1,"column":1340}},"loc":{"start":{"line":1,"column":1347},"end":{"line":1,"column":1560}},"line":1},"12":{"name":"(anonymous_12)","decl":{"start":{"line":1,"column":1385},"end":{"line":1,"column":1386}},"loc":{"start":{"line":1,"column":1396},"end":{"line":1,"column":1556}},"line":1},"13":{"name":"(anonymous_13)","decl":{"start":{"line":1,"column":1570},"end":{"line":1,"column":1571}},"loc":{"start":{"line":1,"column":1580},"end":{"line":1,"column":1612}},"line":1},"14":{"name":"(anonymous_14)","decl":{"start":{"line":1,"column":1711},"end":{"line":1,"column":1712}},"loc":{"start":{"line":1,"column":1721},"end":{"line":1,"column":2061}},"line":1},"15":{"name":"a","decl":{"start":{"line":1,"column":1792},"end":{"line":1,"column":1793}},"loc":{"start":{"line":1,"column":1796},"end":{"line":1,"column":2008}},"line":1},"16":{"name":"(anonymous_16)","decl":{"start":{"line":1,"column":1834},"end":{"line":1,"column":1835}},"loc":{"start":{"line":1,"column":1845},"end":{"line":1,"column":2004}},"line":1},"17":{"name":"(anonymous_17)","decl":{"start":{"line":1,"column":2018},"end":{"line":1,"column":2019}},"loc":{"start":{"line":1,"column":2028},"end":{"line":1,"column":2060}},"line":1},"18":{"name":"(anonymous_18)","decl":{"start":{"line":1,"column":2148},"end":{"line":1,"column":2149}},"loc":{"start":{"line":1,"column":2158},"end":{"line":1,"column":2509}},"line":1},"19":{"name":"a","decl":{"start":{"line":1,"column":2229},"end":{"line":1,"column":2230}},"loc":{"start":{"line":1,"column":2235},"end":{"line":1,"column":2456}},"line":1},"20":{"name":"(anonymous_20)","decl":{"start":{"line":1,"column":2273},"end":{"line":1,"column":2274}},"loc":{"start":{"line":1,"column":2284},"end":{"line":1,"column":2452}},"line":1},"21":{"name":"(anonymous_21)","decl":{"start":{"line":1,"column":2466},"end":{"line":1,"column":2467}},"loc":{"start":{"line":1,"column":2476},"end":{"line":1,"column":2508}},"line":1},"22":{"name":"(anonymous_22)","decl":{"start":{"line":1,"column":2550},"end":{"line":1,"column":2551}},"loc":{"start":{"line":1,"column":2565},"end":{"line":3,"column":53}},"line":1},"23":{"name":"(anonymous_23)","decl":{"start":{"line":1,"column":2742},"end":{"line":1,"column":2743}},"loc":{"start":{"line":1,"column":2753},"end":{"line":1,"column":2817}},"line":1},"24":{"name":"(anonymous_24)","decl":{"start":{"line":1,"column":2832},"end":{"line":1,"column":2833}},"loc":{"start":{"line":1,"column":2843},"end":{"line":2,"column":21}},"line":1},"25":{"name":"(anonymous_25)","decl":{"start":{"line":2,"column":38},"end":{"line":2,"column":39}},"loc":{"start":{"line":2,"column":48},"end":{"line":3,"column":32}},"line":2},"26":{"name":"(anonymous_26)","decl":{"start":{"line":3,"column":98},"end":{"line":3,"column":99}},"loc":{"start":{"line":3,"column":117},"end":{"line":3,"column":1006}},"line":3},"27":{"name":"(anonymous_27)","decl":{"start":{"line":3,"column":177},"end":{"line":3,"column":178}},"loc":{"start":{"line":3,"column":187},"end":{"line":3,"column":550}},"line":3},"28":{"name":"a","decl":{"start":{"line":3,"column":258},"end":{"line":3,"column":259}},"loc":{"start":{"line":3,"column":262},"end":{"line":3,"column":497}},"line":3},"29":{"name":"(anonymous_29)","decl":{"start":{"line":3,"column":294},"end":{"line":3,"column":295}},"loc":{"start":{"line":3,"column":305},"end":{"line":3,"column":493}},"line":3},"30":{"name":"(anonymous_30)","decl":{"start":{"line":3,"column":507},"end":{"line":3,"column":508}},"loc":{"start":{"line":3,"column":517},"end":{"line":3,"column":549}},"line":3},"31":{"name":"(anonymous_31)","decl":{"start":{"line":3,"column":589},"end":{"line":3,"column":590}},"loc":{"start":{"line":3,"column":599},"end":{"line":3,"column":1002}},"line":3},"32":{"name":"a","decl":{"start":{"line":3,"column":670},"end":{"line":3,"column":671}},"loc":{"start":{"line":3,"column":674},"end":{"line":3,"column":949}},"line":3},"33":{"name":"(anonymous_33)","decl":{"start":{"line":3,"column":706},"end":{"line":3,"column":707}},"loc":{"start":{"line":3,"column":717},"end":{"line":3,"column":945}},"line":3},"34":{"name":"(anonymous_34)","decl":{"start":{"line":3,"column":959},"end":{"line":3,"column":960}},"loc":{"start":{"line":3,"column":969},"end":{"line":3,"column":1001}},"line":3},"35":{"name":"(anonymous_35)","decl":{"start":{"line":3,"column":1076},"end":{"line":3,"column":1077}},"loc":{"start":{"line":3,"column":1086},"end":{"line":3,"column":1547}},"line":3},"36":{"name":"a","decl":{"start":{"line":3,"column":1157},"end":{"line":3,"column":1158}},"loc":{"start":{"line":3,"column":1163},"end":{"line":3,"column":1494}},"line":3},"37":{"name":"(anonymous_37)","decl":{"start":{"line":3,"column":1201},"end":{"line":3,"column":1202}},"loc":{"start":{"line":3,"column":1212},"end":{"line":3,"column":1490}},"line":3},"38":{"name":"(anonymous_38)","decl":{"start":{"line":3,"column":1344},"end":{"line":3,"column":1345}},"loc":{"start":{"line":3,"column":1354},"end":{"line":3,"column":1373}},"line":3},"39":{"name":"(anonymous_39)","decl":{"start":{"line":3,"column":1504},"end":{"line":3,"column":1505}},"loc":{"start":{"line":3,"column":1514},"end":{"line":3,"column":1546}},"line":3}},"branchMap":{"0":{"loc":{"start":{"line":1,"column":571},"end":{"line":1,"column":600}},"type":"cond-expr","locations":[{"start":{"line":1,"column":587},"end":{"line":1,"column":588}},{"start":{"line":1,"column":589},"end":{"line":1,"column":600}}],"line":1},"1":{"loc":{"start":{"line":1,"column":571},"end":{"line":1,"column":586}},"type":"binary-expr","locations":[{"start":{"line":1,"column":571},"end":{"line":1,"column":572}},{"start":{"line":1,"column":574},"end":{"line":1,"column":586}}],"line":1},"2":{"loc":{"start":{"line":1,"column":636},"end":{"line":1,"column":837}},"type":"cond-expr","locations":[{"start":{"line":1,"column":696},"end":{"line":1,"column":724}},{"start":{"line":1,"column":725},"end":{"line":1,"column":837}}],"line":1},"3":{"loc":{"start":{"line":1,"column":636},"end":{"line":1,"column":695}},"type":"binary-expr","locations":[{"start":{"line":1,"column":636},"end":{"line":1,"column":661}},{"start":{"line":1,"column":663},"end":{"line":1,"column":695}}],"line":1},"4":{"loc":{"start":{"line":1,"column":744},"end":{"line":1,"column":836}},"type":"cond-expr","locations":[{"start":{"line":1,"column":819},"end":{"line":1,"column":827}},{"start":{"line":1,"column":828},"end":{"line":1,"column":836}}],"line":1},"5":{"loc":{"start":{"line":1,"column":744},"end":{"line":1,"column":818}},"type":"binary-expr","locations":[{"start":{"line":1,"column":744},"end":{"line":1,"column":745}},{"start":{"line":1,"column":747},"end":{"line":1,"column":772}},{"start":{"line":1,"column":774},"end":{"line":1,"column":796}},{"start":{"line":1,"column":798},"end":{"line":1,"column":818}}],"line":1},"6":{"loc":{"start":{"line":1,"column":946},"end":{"line":1,"column":986}},"type":"cond-expr","locations":[{"start":{"line":1,"column":953},"end":{"line":1,"column":957}},{"start":{"line":1,"column":958},"end":{"line":1,"column":986}}],"line":1},"7":{"loc":{"start":{"line":1,"column":1404},"end":{"line":1,"column":1555}},"type":"switch","locations":[{"start":{"line":1,"column":1426},"end":{"line":1,"column":1495}},{"start":{"line":1,"column":1495},"end":{"line":1,"column":1521}},{"start":{"line":1,"column":1521},"end":{"line":1,"column":1528}},{"start":{"line":1,"column":1528},"end":{"line":1,"column":1554}}],"line":1},"8":{"loc":{"start":{"line":1,"column":1853},"end":{"line":1,"column":2003}},"type":"switch","locations":[{"start":{"line":1,"column":1875},"end":{"line":1,"column":1943}},{"start":{"line":1,"column":1943},"end":{"line":1,"column":1969}},{"start":{"line":1,"column":1969},"end":{"line":1,"column":1976}},{"start":{"line":1,"column":1976},"end":{"line":1,"column":2002}}],"line":1},"9":{"loc":{"start":{"line":1,"column":2292},"end":{"line":1,"column":2451}},"type":"switch","locations":[{"start":{"line":1,"column":2314},"end":{"line":1,"column":2391}},{"start":{"line":1,"column":2391},"end":{"line":1,"column":2417}},{"start":{"line":1,"column":2417},"end":{"line":1,"column":2424}},{"start":{"line":1,"column":2424},"end":{"line":1,"column":2450}}],"line":1},"10":{"loc":{"start":{"line":1,"column":2572},"end":{"line":1,"column":2637}},"type":"cond-expr","locations":[{"start":{"line":1,"column":2603},"end":{"line":1,"column":2619}},{"start":{"line":1,"column":2620},"end":{"line":1,"column":2637}}],"line":1},"11":{"loc":{"start":{"line":1,"column":2572},"end":{"line":1,"column":2602}},"type":"binary-expr","locations":[{"start":{"line":1,"column":2572},"end":{"line":1,"column":2590}},{"start":{"line":1,"column":2592},"end":{"line":1,"column":2602}}],"line":1},"12":{"loc":{"start":{"line":1,"column":2773},"end":{"line":1,"column":2816}},"type":"cond-expr","locations":[{"start":{"line":1,"column":2790},"end":{"line":1,"column":2803}},{"start":{"line":1,"column":2804},"end":{"line":1,"column":2816}}],"line":1},"13":{"loc":{"start":{"line":1,"column":2773},"end":{"line":1,"column":2789}},"type":"binary-expr","locations":[{"start":{"line":1,"column":2773},"end":{"line":1,"column":2780}},{"start":{"line":1,"column":2782},"end":{"line":1,"column":2789}}],"line":1},"14":{"loc":{"start":{"line":3,"column":118},"end":{"line":3,"column":1005}},"type":"cond-expr","locations":[{"start":{"line":3,"column":140},"end":{"line":3,"column":553}},{"start":{"line":3,"column":554},"end":{"line":3,"column":1005}}],"line":3},"15":{"loc":{"start":{"line":3,"column":313},"end":{"line":3,"column":492}},"type":"switch","locations":[{"start":{"line":3,"column":335},"end":{"line":3,"column":458}},{"start":{"line":3,"column":458},"end":{"line":3,"column":465}},{"start":{"line":3,"column":465},"end":{"line":3,"column":491}}],"line":3},"16":{"loc":{"start":{"line":3,"column":349},"end":{"line":3,"column":393}},"type":"binary-expr","locations":[{"start":{"line":3,"column":349},"end":{"line":3,"column":350}},{"start":{"line":3,"column":352},"end":{"line":3,"column":393}}],"line":3},"17":{"loc":{"start":{"line":3,"column":725},"end":{"line":3,"column":944}},"type":"switch","locations":[{"start":{"line":3,"column":747},"end":{"line":3,"column":832}},{"start":{"line":3,"column":832},"end":{"line":3,"column":910}},{"start":{"line":3,"column":910},"end":{"line":3,"column":917}},{"start":{"line":3,"column":917},"end":{"line":3,"column":943}}],"line":3},"18":{"loc":{"start":{"line":3,"column":754},"end":{"line":3,"column":775}},"type":"if","locations":[{"start":{"line":3,"column":754},"end":{"line":3,"column":775}},{"start":{"line":3,"column":754},"end":{"line":3,"column":775}}],"line":3},"19":{"loc":{"start":{"line":3,"column":1220},"end":{"line":3,"column":1489}},"type":"switch","locations":[{"start":{"line":3,"column":1242},"end":{"line":3,"column":1375}},{"start":{"line":3,"column":1375},"end":{"line":3,"column":1437}},{"start":{"line":3,"column":1437},"end":{"line":3,"column":1455}},{"start":{"line":3,"column":1455},"end":{"line":3,"column":1462}},{"start":{"line":3,"column":1462},"end":{"line":3,"column":1488}}],"line":3},"20":{"loc":{"start":{"line":3,"column":1249},"end":{"line":3,"column":1294}},"type":"if","locations":[{"start":{"line":3,"column":1249},"end":{"line":3,"column":1294}},{"start":{"line":3,"column":1249},"end":{"line":3,"column":1294}}],"line":3},"21":{"loc":{"start":{"line":3,"column":1391},"end":{"line":3,"column":1421}},"type":"cond-expr","locations":[{"start":{"line":3,"column":1401},"end":{"line":3,"column":1410}},{"start":{"line":3,"column":1411},"end":{"line":3,"column":1421}}],"line":3}},"s":{"0":1,"1":1,"2":1,"3":1,"4":1,"5":1,"6":1,"7":1,"8":1,"9":1,"10":4,"11":0,"12":0,"13":0,"14":5,"15":5,"16":4,"17":1,"18":4,"19":4,"20":3,"21":3,"22":3,"23":5,"24":0,"25":3,"26":3,"27":1,"28":1,"29":0,"30":0,"31":0,"32":0,"33":0,"34":0,"35":1,"36":0,"37":1,"38":1,"39":1,"40":1,"41":0,"42":0,"43":0,"44":0,"45":0,"46":0,"47":1,"48":0,"49":1,"50":1,"51":1,"52":1,"53":0,"54":0,"55":0,"56":0,"57":0,"58":0,"59":1,"60":0,"61":1,"62":1,"63":0,"64":0,"65":0,"66":0,"67":0,"68":0,"69":0,"70":0,"71":0,"72":1,"73":1,"74":0,"75":0,"76":0,"77":0,"78":0,"79":0,"80":0,"81":0,"82":0,"83":0,"84":0,"85":0,"86":0,"87":0,"88":0,"89":0,"90":0,"91":0,"92":0,"93":0,"94":0,"95":0,"96":1,"97":1,"98":1,"99":3,"100":6,"101":8,"102":3,"103":1,"104":1,"105":2,"106":1,"107":2,"108":1,"109":1,"110":3,"111":1,"112":3,"113":1,"114":1},"f":{"0":4,"1":0,"2":0,"3":0,"4":5,"5":4,"6":3,"7":3,"8":5,"9":0,"10":1,"11":0,"12":0,"13":0,"14":1,"15":0,"16":0,"17":0,"18":1,"19":0,"20":0,"21":0,"22":0,"23":0,"24":0,"25":0,"26":0,"27":0,"28":0,"29":0,"30":0,"31":0,"32":0,"33":0,"34":0,"35":1,"36":3,"37":6,"38":1,"39":3},"b":{"0":[1,3],"1":[4,4],"2":[0,0],"3":[0,0],"4":[0,0],"5":[0,0,0,0],"6":[2,2],"7":[0,0,0,0],"8":[0,0,0,0],"9":[0,0,0,0],"10":[0,0],"11":[0,0],"12":[0,0],"13":[0,0],"14":[0,0],"15":[0,0,0],"16":[0,0],"17":[0,0,0,0],"18":[0,0],"19":[3,2,1,2,3],"20":[1,2],"21":[1,0]},"inputSourceMap":{"version":3,"sources":["index.js"],"names":["_sendError","status","msg","final","response","sendError","_sendOk","sendOk","sendUser","request","schema","obj","done","schemaLib","http","https","payloadString","data","headers","Buffer","byteLength","req","res","statusCode","error","on","err","message","write","end","finalizeRequest","collection","id","action","dataLib","_validEmail","email","r","isValid","validEmail"],"mappings":"itCAWMA,CAAAA,UAAU,sFAAG,WAAOC,CAAP,CAAeC,CAAf,CAAoBC,CAApB,uGACM,yBAAcF,CAAd,CAAsBC,CAAtB,CAA2B,OAA3B,CAAoC,OAApC,CADN,QACXE,CADW,QAEjBD,CAAK,CAAC,IAAD,CAAOC,CAAP,CAFY,wCAAH,uD,CAKHC,SAAS,CAAG,oBAAUL,UAAV,C,gCAEnBM,CAAAA,OAAO,sFAAG,WAAOH,CAAP,uGACS,yBAAc,GAAd,CAAmB,IAAnB,CAAyB,IAAzB,CAA+B,IAA/B,CADT,QACRC,CADQ,QAEdD,CAAK,CAAC,IAAD,CAAOC,CAAP,CAFS,wCAAH,uD,CAKAG,MAAM,CAAG,oBAAUD,OAAV,C,uBAEf,GAAME,CAAAA,QAAQ,sFAAG,WAAON,CAAP,CAAYC,CAAZ,uGACC,yBAAc,GAAd,CAAmBD,CAAnB,CAAwB,UAAxB,CAAoC,UAApC,CADD,QAChBE,CADgB,QAEtBD,CAAK,CAAC,IAAD,CAAOC,CAAP,CAFiB,wCAAH,uDAAd,C,0BAKA,GAAMK,CAAAA,OAAO,CAAG,SAACC,CAAD,CAASC,CAAT,CAAcC,CAAd,CAAuB,IACtCC,CAAAA,CAAS,CAAqB,QAAlB,QAAOH,CAAAA,CAAP,EAAyC,MAAX,GAAAA,CAA9B,CAAkDI,gBAAlD,CAAyDC,iBAD/B,CAEtCC,CAAa,CAAG,2BAAUL,CAAG,CAACM,IAAd,CAFsB,CAG5CN,CAAG,CAACO,OAAJ,CAAY,gBAAZ,EAAgCC,MAAM,CAACC,UAAP,CAAkBJ,CAAlB,CAHY,CAK5C,GAAMK,CAAAA,CAAG,CAAGR,CAAS,CAACJ,OAAV,CAAkBE,CAAlB,CAAuB,SAACW,CAAD,CAAS,CAC1C,GAAMrB,CAAAA,CAAM,CAAGqB,CAAG,CAACC,UAAnB,CACe,GAAX,GAAAtB,CAAM,EAAuB,GAAX,GAAAA,CAFoB,CAGxCW,CAAI,CAAC,CAAEY,KAAK,GAAP,CAAD,CAHoC,CAKxCZ,CAAI,CAAC,CAAEY,KAAK,CAAEvB,CAAT,CAAD,CAEP,CAPW,CAAZ,CASAoB,CAAG,CAACI,EAAJ,CAAO,OAAP,CAAgB,SAACC,CAAD,CAAS,CACvB;AACAd,CAAI,CAAC,CAAEY,KAAK,CAAEE,CAAG,CAACC,OAAb,CAAD,CACL,CAHD,CAd4C,CAmB5CN,CAAG,CAACI,EAAJ,CAAO,SAAP,CAAkB,UAAM,CACtB;AACAb,CAAI,CAAC,CAAEY,KAAK,CAAE,oBAAT,CAAD,CACL,CAHD,CAnB4C,CAwB5CH,CAAG,CAACO,KAAJ,CAAUZ,CAAV,CAxB4C,CAyB5CK,CAAG,CAACQ,GAAJ,EACD,CA1BM,C,wBA4BA,GAAMC,CAAAA,eAAe,CAAG,SAACC,CAAD,CAAaC,CAAb,CAAiBC,CAAjB,CAAyBrB,CAAzB,CAA+BD,CAA/B,CAAuC,CACjD,QAAf,WAAOA,CAAP,CADgE,CAElEuB,eAAQD,CAAR,EAAgBF,CAAhB,CAA4BC,CAA5B,CAAgCrB,CAAhC,sFAAqC,WAAOe,CAAP,uFAC9BA,CAAAA,CAD8B,EAEjCd,CAAI,CAAC,GAAD,CAAM,CAAEX,MAAM,CAAE,oBAAE,IAAF,CAAV,CAAN,CAF6B,UAI7BI,SAAS,CAAC,GAAD,CAAM,oBAAE,gBAAF,CAAN,CAA2BO,CAA3B,CAJoB,wCAArC,wDAFkE,CASlEsB,eAAQD,CAAR,EAAgBF,CAAhB,CAA4BC,CAA5B,sFAAgC,WAAON,CAAP,oFACzBA,CADyB,iBAE5Bd,CAAI,CAAC,GAAD,CAAM,CAAEX,MAAM,CAAE,oBAAE,IAAF,CAAV,CAAN,CAFwB,uCAItBI,SAAS,CAAC,GAAD,CAAM,oBAAE,gBAAF,CAAN,CAA2BO,CAA3B,CAJa,wCAAhC,wDAQH,CAjBM,C,2CAmBDuB,CAAAA,WAAW,sFAAG,WAAOC,CAAP,CAAcxB,CAAd,2FACd,sBAASwB,CAAT,CADc,iCAEA,sBAAMA,CAAN,WAAmB,iBAAMxB,CAAAA,CAAI,CAAC,IAAD,IAAV,CAAnB,CAFA,QAEVyB,CAFU,QAGXA,CAAC,CAACC,OAHS,CAMd1B,CAAI,CAAC,IAAD,CAAOwB,CAAP,CANU,CAIdxB,CAAI,CAAC,IAAD,IAJU,uBAShBA,CAAI,CAAC,IAAD,IATY,wCAAH,uD,CAaJ2B,UAAU,CAAG,oBAAUJ,WAAV,C","sourceRoot":"C:\\Users\\Dxenu\\Desktop\\users-cubed-api-next\\app\\lib\\utils","sourcesContent":["import http from 'http'\r\nimport https from 'https'\r\nimport { stringify } from 'querystring'\r\nimport legit from 'legit'\r\nimport { promisify } from 'util'\r\nimport { validate } from 'isemail'\r\n\r\nimport { protoResponse } from '../proto'\r\nimport dataLib from '../db'\r\nimport { t } from '../translations'\r\n\r\nconst _sendError = async (status, msg, final) => {\r\n  const response = await protoResponse(status, msg, 'error', 'Error')\r\n  final(null, response)\r\n}\r\n\r\nexport const sendError = promisify(_sendError)\r\n\r\nconst _sendOk = async (final) => {\r\n  const response = await protoResponse(200, 'Ok', 'ok', 'Ok')\r\n  final(null, response)\r\n}\r\n\r\nexport const sendOk = promisify(_sendOk)\r\n\r\nexport const sendUser = async (msg, final) => {\r\n  const response = await protoResponse(200, msg, 'userEdit', 'UserEdit')\r\n  final(null, response)\r\n}\r\n\r\nexport const request = (schema, obj, done) => {\r\n  const schemaLib = typeof schema === 'string' && schema === 'http' ? http : https\r\n  const payloadString = stringify(obj.data)\r\n  obj.headers['Content-Length'] = Buffer.byteLength(payloadString)\r\n\r\n  const req = schemaLib.request(obj, (res) => {\r\n    const status = res.statusCode\r\n    if (status === 200 || status === 201) {\r\n      done({ error: false })\r\n    } else {\r\n      done({ error: status })\r\n    }\r\n  })\r\n\r\n  req.on('error', (err) => {\r\n    // @TODO log here\r\n    done({ error: err.message })\r\n  })\r\n\r\n  req.on('timeout', () => {\r\n    // @TODO log here\r\n    done({ error: 'Request timed out.' })\r\n  })\r\n\r\n  req.write(payloadString)\r\n  req.end()\r\n}\r\n\r\nexport const finalizeRequest = (collection, id, action, done, obj) => {\r\n  if (typeof obj === 'object') {\r\n    dataLib[action](collection, id, obj, async (err, data) => {\r\n      if (!err) {\r\n        done(200, { status: t('ok') })\r\n      }\r\n      await sendError(500, t('error.internal'), done)\r\n    })\r\n  } else {\r\n    dataLib[action](collection, id, async (err, data) => {\r\n      if (!err) {\r\n        done(200, { status: t('ok') })\r\n      } else {\r\n        await sendError(500, t('error.internal'), done)\r\n      }\r\n    })\r\n  }\r\n}\r\n\r\nconst _validEmail = async (email, done) => {\r\n  if (validate(email)) {\r\n    const r = await legit(email).catch(() => done(null, false))\r\n    if (!r.isValid) {\r\n      done(null, false)\r\n    } else {\r\n      done(null, email)\r\n    }\r\n  } else {\r\n    done(null, false)\r\n  }\r\n}\r\n\r\nexport const validEmail = promisify(_validEmail)\r\n"]},"_coverageSchema":"1a1c01bbd47fc00a2c39e90264f33305004495a9","hash":"83ca65b6fc0e8f594ac394615669ff50b7870c5f","contentHash":"47bbf46b13ee00316342b62d901977061bb98fee2bc46c5f51e79655434ce907"},"C:\\Users\\Dxenu\\Desktop\\users-cubed-api-next\\app\\lib\\db\\index.js":{"path":"C:\\Users\\Dxenu\\Desktop\\users-cubed-api-next\\app\\lib\\db\\index.js","statementMap":{"0":{"start":{"line":1,"column":13},"end":{"line":1,"column":113}},"1":{"start":{"line":1,"column":123},"end":{"line":1,"column":138}},"2":{"start":{"line":1,"column":147},"end":{"line":1,"column":170}},"3":{"start":{"line":1,"column":182},"end":{"line":1,"column":204}},"4":{"start":{"line":1,"column":219},"end":{"line":1,"column":245}},"5":{"start":{"line":1,"column":258},"end":{"line":1,"column":453}},"6":{"start":{"line":1,"column":280},"end":{"line":1,"column":288}},"7":{"start":{"line":1,"column":289},"end":{"line":1,"column":452}},"8":{"start":{"line":1,"column":303},"end":{"line":1,"column":304}},"9":{"start":{"line":1,"column":307},"end":{"line":1,"column":309}},"10":{"start":{"line":1,"column":310},"end":{"line":1,"column":436}},"11":{"start":{"line":1,"column":332},"end":{"line":1,"column":434}},"12":{"start":{"line":1,"column":355},"end":{"line":1,"column":432}},"13":{"start":{"line":1,"column":442},"end":{"line":1,"column":452}},"14":{"start":{"line":1,"column":465},"end":{"line":1,"column":497}},"15":{"start":{"line":1,"column":498},"end":{"line":1,"column":528}},"16":{"start":{"line":1,"column":541},"end":{"line":1,"column":693}},"17":{"start":{"line":1,"column":694},"end":{"line":1,"column":722}}},"fnMap":{"0":{"name":"(anonymous_0)","decl":{"start":{"line":1,"column":258},"end":{"line":1,"column":259}},"loc":{"start":{"line":1,"column":273},"end":{"line":1,"column":453}},"line":1},"1":{"name":"(anonymous_1)","decl":{"start":{"line":1,"column":320},"end":{"line":1,"column":321}},"loc":{"start":{"line":1,"column":331},"end":{"line":1,"column":435}},"line":1},"2":{"name":"(anonymous_2)","decl":{"start":{"line":1,"column":343},"end":{"line":1,"column":344}},"loc":{"start":{"line":1,"column":354},"end":{"line":1,"column":433}},"line":1}},"branchMap":{"0":{"loc":{"start":{"line":1,"column":289},"end":{"line":1,"column":452}},"type":"if","locations":[{"start":{"line":1,"column":289},"end":{"line":1,"column":452}},{"start":{"line":1,"column":289},"end":{"line":1,"column":452}}],"line":1},"1":{"loc":{"start":{"line":1,"column":355},"end":{"line":1,"column":366}},"type":"cond-expr","locations":[{"start":{"line":1,"column":357},"end":{"line":1,"column":361}},{"start":{"line":1,"column":362},"end":{"line":1,"column":366}}],"line":1},"2":{"loc":{"start":{"line":1,"column":367},"end":{"line":1,"column":432}},"type":"binary-expr","locations":[{"start":{"line":1,"column":367},"end":{"line":1,"column":372}},{"start":{"line":1,"column":375},"end":{"line":1,"column":431}}],"line":1},"3":{"loc":{"start":{"line":1,"column":375},"end":{"line":1,"column":431}},"type":"cond-expr","locations":[{"start":{"line":1,"column":377},"end":{"line":1,"column":420}},{"start":{"line":1,"column":421},"end":{"line":1,"column":431}}],"line":1},"4":{"loc":{"start":{"line":1,"column":541},"end":{"line":1,"column":693}},"type":"cond-expr","locations":[{"start":{"line":1,"column":564},"end":{"line":1,"column":690}},{"start":{"line":1,"column":691},"end":{"line":1,"column":693}}],"line":1}},"s":{"0":1,"1":1,"2":1,"3":1,"4":1,"5":1,"6":0,"7":0,"8":0,"9":0,"10":0,"11":0,"12":0,"13":0,"14":1,"15":1,"16":1,"17":1},"f":{"0":0,"1":0,"2":0},"b":{"0":[0,0],"1":[0,0],"2":[0,0],"3":[0,0],"4":[1,0]},"inputSourceMap":{"version":3,"sources":["index.js"],"names":["_joinDelete","table","col","done","toDelete","length","deleted","errors","forEach","id","err","joinDelete","read","create","update","destroy","listDir"],"mappings":"sPAMMA,WAAW,CAAG,SAACC,CAAD,CAAQC,CAAR,CAAaC,CAAb,CAAsB,CACxC,GAAMC,CAAAA,CAAQ,CAAGF,CAAG,CAACG,MAArB,CACA,GAAe,CAAX,CAAAD,CAAJ,CAAkB,IACZE,CAAAA,CAAO,CAAG,CADE,CAEZC,CAAM,GAFM,CAGhBL,CAAG,CAACM,OAAJ,CAAY,SAACC,CAAD,CAAQ,CAClB,OAAQR,CAAK,CAAEQ,CAAF,CAAM,SAACC,CAAD,CAAS,CACrBA,CADqB,CAIxBH,CAAM,GAJkB,CAExBD,CAAO,EAAI,CAFa,CAOtBA,CAAO,GAAKF,CAPU,GAQnBG,CARmB,CAWtBJ,CAAI,CAAC,oBAAE,mBAAF,CAAD,CAXkB,CAStBA,CAAI,CAAC,IAAD,CAAO,EAAP,CATkB,CAc3B,CAdD,CAeD,CAhBD,CAiBD,CApBD,IAqBEA,CAAAA,CAAI,CAAC,IAAD,CAAO,EAAP,CAEP,C,CAEYQ,UAAU,CAAG,oBAAUX,WAAV,C,4CAEC,IAAZ,mBAAmB,CAAEY,IAAI,CAAJA,eAAF,CAAQC,MAAM,CAANA,iBAAR,CAAgBC,MAAM,CAANA,iBAAhB,CAAwBC,OAAO,CAAPA,kBAAxB,CAAiCC,OAAO,CAAPA,kBAAjC,CAAnB,CAAgE,E","sourceRoot":"C:\\Users\\Dxenu\\Desktop\\users-cubed-api-next\\app\\lib\\db","sourcesContent":["import { promisify } from 'util'\r\n\r\nimport { DB_TYPE } from '../../config'\r\nimport { read, create, update, destroy, listDir } from './functions'\r\nimport { t } from '../translations'\r\n\r\nconst _joinDelete = (table, col, done) => {\r\n  const toDelete = col.length\r\n  if (toDelete > 0) {\r\n    let deleted = 0\r\n    let errors = false\r\n    col.forEach((id) => {\r\n      delete (table, id, (err) => {\r\n        if (!err) {\r\n          deleted += 1\r\n        } else {\r\n          errors = true\r\n        }\r\n\r\n        if (deleted === toDelete) {\r\n          if (!errors) {\r\n            done(null, {})\r\n          } else {\r\n            done(t('error.join_delete'))\r\n          }\r\n        }\r\n      })\r\n    })\r\n  } else {\r\n    done(null, {})\r\n  }\r\n}\r\n\r\nexport const joinDelete = promisify(_joinDelete)\r\n\r\nexport default DB_TYPE === 's3' ? { read, create, update, destroy, listDir } : {}\r\n"]},"_coverageSchema":"1a1c01bbd47fc00a2c39e90264f33305004495a9","hash":"cef74c7afa933f1b1a7ffb9b760a2511ea022fd7","contentHash":"4d9f84b184fc300fb6cdfebe1a45523aebe5b6267502c7f0112d2962ec5681ab"},"C:\\Users\\Dxenu\\Desktop\\users-cubed-api-next\\app\\lib\\db\\functions.js":{"path":"C:\\Users\\Dxenu\\Desktop\\users-cubed-api-next\\app\\lib\\db\\functions.js","statementMap":{"0":{"start":{"line":1,"column":13},"end":{"line":1,"column":166}},"1":{"start":{"line":1,"column":176},"end":{"line":1,"column":191}},"2":{"start":{"line":1,"column":195},"end":{"line":1,"column":211}},"3":{"start":{"line":1,"column":255},"end":{"line":1,"column":309}},"4":{"start":{"line":1,"column":265},"end":{"line":1,"column":272}},"5":{"start":{"line":1,"column":275},"end":{"line":1,"column":282}},"6":{"start":{"line":1,"column":292},"end":{"line":1,"column":308}},"7":{"start":{"line":1,"column":309},"end":{"line":1,"column":349}},"8":{"start":{"line":1,"column":380},"end":{"line":1,"column":592}},"9":{"start":{"line":1,"column":404},"end":{"line":1,"column":408}},"10":{"start":{"line":1,"column":411},"end":{"line":1,"column":420}},"11":{"start":{"line":1,"column":421},"end":{"line":1,"column":591}},"12":{"start":{"line":1,"column":468},"end":{"line":1,"column":506}},"13":{"start":{"line":1,"column":521},"end":{"line":1,"column":560}},"14":{"start":{"line":1,"column":567},"end":{"line":1,"column":579}},"15":{"start":{"line":1,"column":580},"end":{"line":1,"column":589}},"16":{"start":{"line":1,"column":605},"end":{"line":1,"column":2879}},"17":{"start":{"line":1,"column":643},"end":{"line":1,"column":963}},"18":{"start":{"line":1,"column":724},"end":{"line":1,"column":960}},"19":{"start":{"line":1,"column":767},"end":{"line":1,"column":956}},"20":{"start":{"line":1,"column":774},"end":{"line":1,"column":956}},"21":{"start":{"line":1,"column":803},"end":{"line":1,"column":896}},"22":{"start":{"line":1,"column":882},"end":{"line":1,"column":893}},"23":{"start":{"line":1,"column":903},"end":{"line":1,"column":922}},"24":{"start":{"line":1,"column":939},"end":{"line":1,"column":955}},"25":{"start":{"line":1,"column":964},"end":{"line":1,"column":1013}},"26":{"start":{"line":1,"column":982},"end":{"line":1,"column":1012}},"27":{"start":{"line":1,"column":1052},"end":{"line":1,"column":1371}},"28":{"start":{"line":1,"column":1131},"end":{"line":1,"column":1368}},"29":{"start":{"line":1,"column":1174},"end":{"line":1,"column":1364}},"30":{"start":{"line":1,"column":1181},"end":{"line":1,"column":1364}},"31":{"start":{"line":1,"column":1210},"end":{"line":1,"column":1304}},"32":{"start":{"line":1,"column":1290},"end":{"line":1,"column":1301}},"33":{"start":{"line":1,"column":1311},"end":{"line":1,"column":1330}},"34":{"start":{"line":1,"column":1347},"end":{"line":1,"column":1363}},"35":{"start":{"line":1,"column":1372},"end":{"line":1,"column":1421}},"36":{"start":{"line":1,"column":1390},"end":{"line":1,"column":1420}},"37":{"start":{"line":1,"column":1462},"end":{"line":1,"column":2018}},"38":{"start":{"line":1,"column":1545},"end":{"line":1,"column":2015}},"39":{"start":{"line":1,"column":1588},"end":{"line":1,"column":2011}},"40":{"start":{"line":1,"column":1595},"end":{"line":1,"column":2011}},"41":{"start":{"line":1,"column":1624},"end":{"line":1,"column":1718}},"42":{"start":{"line":1,"column":1704},"end":{"line":1,"column":1715}},"43":{"start":{"line":1,"column":1725},"end":{"line":1,"column":1757}},"44":{"start":{"line":1,"column":1741},"end":{"line":1,"column":1751}},"45":{"start":{"line":1,"column":1751},"end":{"line":1,"column":1756}},"46":{"start":{"line":1,"column":1757},"end":{"line":1,"column":1850}},"47":{"start":{"line":1,"column":1836},"end":{"line":1,"column":1847}},"48":{"start":{"line":1,"column":1857},"end":{"line":1,"column":1950}},"49":{"start":{"line":1,"column":1936},"end":{"line":1,"column":1947}},"50":{"start":{"line":1,"column":1957},"end":{"line":1,"column":1976}},"51":{"start":{"line":1,"column":1994},"end":{"line":1,"column":2010}},"52":{"start":{"line":1,"column":2019},"end":{"line":1,"column":2068}},"53":{"start":{"line":1,"column":2037},"end":{"line":1,"column":2067}},"54":{"start":{"line":1,"column":2109},"end":{"line":1,"column":2427}},"55":{"start":{"line":1,"column":2188},"end":{"line":1,"column":2424}},"56":{"start":{"line":1,"column":2231},"end":{"line":1,"column":2420}},"57":{"start":{"line":1,"column":2238},"end":{"line":1,"column":2420}},"58":{"start":{"line":1,"column":2267},"end":{"line":1,"column":2360}},"59":{"start":{"line":1,"column":2346},"end":{"line":1,"column":2357}},"60":{"start":{"line":1,"column":2367},"end":{"line":1,"column":2386}},"61":{"start":{"line":1,"column":2403},"end":{"line":1,"column":2419}},"62":{"start":{"line":1,"column":2428},"end":{"line":1,"column":2477}},"63":{"start":{"line":1,"column":2446},"end":{"line":1,"column":2476}},"64":{"start":{"line":1,"column":2516},"end":{"line":1,"column":2825}},"65":{"start":{"line":1,"column":2593},"end":{"line":1,"column":2822}},"66":{"start":{"line":1,"column":2636},"end":{"line":1,"column":2818}},"67":{"start":{"line":1,"column":2643},"end":{"line":1,"column":2818}},"68":{"start":{"line":1,"column":2672},"end":{"line":1,"column":2758}},"69":{"start":{"line":1,"column":2744},"end":{"line":1,"column":2755}},"70":{"start":{"line":1,"column":2765},"end":{"line":1,"column":2784}},"71":{"start":{"line":1,"column":2801},"end":{"line":1,"column":2817}},"72":{"start":{"line":1,"column":2826},"end":{"line":1,"column":2875}},"73":{"start":{"line":1,"column":2844},"end":{"line":1,"column":2874}},"74":{"start":{"line":1,"column":2887},"end":{"line":1,"column":2922}},"75":{"start":{"line":1,"column":2923},"end":{"line":1,"column":2945}},"76":{"start":{"line":1,"column":2954},"end":{"line":1,"column":2987}},"77":{"start":{"line":1,"column":2988},"end":{"line":1,"column":3006}},"78":{"start":{"line":1,"column":3017},"end":{"line":1,"column":3052}},"79":{"start":{"line":1,"column":3053},"end":{"line":1,"column":3075}},"80":{"start":{"line":1,"column":3087},"end":{"line":1,"column":3125}},"81":{"start":{"line":1,"column":3126},"end":{"line":1,"column":3150}},"82":{"start":{"line":1,"column":3159},"end":{"line":1,"column":3192}},"83":{"start":{"line":1,"column":3193},"end":{"line":1,"column":3211}},"84":{"start":{"line":1,"column":3224},"end":{"line":1,"column":3231}},"85":{"start":{"line":1,"column":3232},"end":{"line":1,"column":3260}}},"fnMap":{"0":{"name":"asyncGeneratorStep","decl":{"start":{"line":1,"column":221},"end":{"line":1,"column":239}},"loc":{"start":{"line":1,"column":254},"end":{"line":1,"column":350}},"line":1},"1":{"name":"_asyncToGenerator","decl":{"start":{"line":1,"column":359},"end":{"line":1,"column":376}},"loc":{"start":{"line":1,"column":379},"end":{"line":1,"column":593}},"line":1},"2":{"name":"(anonymous_2)","decl":{"start":{"line":1,"column":387},"end":{"line":1,"column":388}},"loc":{"start":{"line":1,"column":397},"end":{"line":1,"column":592}},"line":1},"3":{"name":"(anonymous_3)","decl":{"start":{"line":1,"column":440},"end":{"line":1,"column":441}},"loc":{"start":{"line":1,"column":453},"end":{"line":1,"column":590}},"line":1},"4":{"name":"f","decl":{"start":{"line":1,"column":463},"end":{"line":1,"column":464}},"loc":{"start":{"line":1,"column":467},"end":{"line":1,"column":507}},"line":1},"5":{"name":"g","decl":{"start":{"line":1,"column":516},"end":{"line":1,"column":517}},"loc":{"start":{"line":1,"column":520},"end":{"line":1,"column":561}},"line":1},"6":{"name":"(anonymous_6)","decl":{"start":{"line":1,"column":626},"end":{"line":1,"column":627}},"loc":{"start":{"line":1,"column":636},"end":{"line":1,"column":1014}},"line":1},"7":{"name":"a","decl":{"start":{"line":1,"column":707},"end":{"line":1,"column":708}},"loc":{"start":{"line":1,"column":717},"end":{"line":1,"column":961}},"line":1},"8":{"name":"(anonymous_8)","decl":{"start":{"line":1,"column":755},"end":{"line":1,"column":756}},"loc":{"start":{"line":1,"column":766},"end":{"line":1,"column":957}},"line":1},"9":{"name":"(anonymous_9)","decl":{"start":{"line":1,"column":870},"end":{"line":1,"column":871}},"loc":{"start":{"line":1,"column":881},"end":{"line":1,"column":894}},"line":1},"10":{"name":"(anonymous_10)","decl":{"start":{"line":1,"column":971},"end":{"line":1,"column":972}},"loc":{"start":{"line":1,"column":981},"end":{"line":1,"column":1013}},"line":1},"11":{"name":"(anonymous_11)","decl":{"start":{"line":1,"column":1035},"end":{"line":1,"column":1036}},"loc":{"start":{"line":1,"column":1045},"end":{"line":1,"column":1422}},"line":1},"12":{"name":"a","decl":{"start":{"line":1,"column":1116},"end":{"line":1,"column":1117}},"loc":{"start":{"line":1,"column":1124},"end":{"line":1,"column":1369}},"line":1},"13":{"name":"(anonymous_13)","decl":{"start":{"line":1,"column":1162},"end":{"line":1,"column":1163}},"loc":{"start":{"line":1,"column":1173},"end":{"line":1,"column":1365}},"line":1},"14":{"name":"(anonymous_14)","decl":{"start":{"line":1,"column":1278},"end":{"line":1,"column":1279}},"loc":{"start":{"line":1,"column":1289},"end":{"line":1,"column":1302}},"line":1},"15":{"name":"(anonymous_15)","decl":{"start":{"line":1,"column":1379},"end":{"line":1,"column":1380}},"loc":{"start":{"line":1,"column":1389},"end":{"line":1,"column":1421}},"line":1},"16":{"name":"(anonymous_16)","decl":{"start":{"line":1,"column":1445},"end":{"line":1,"column":1446}},"loc":{"start":{"line":1,"column":1455},"end":{"line":1,"column":2069}},"line":1},"17":{"name":"a","decl":{"start":{"line":1,"column":1526},"end":{"line":1,"column":1527}},"loc":{"start":{"line":1,"column":1536},"end":{"line":1,"column":2016}},"line":1},"18":{"name":"(anonymous_18)","decl":{"start":{"line":1,"column":1576},"end":{"line":1,"column":1577}},"loc":{"start":{"line":1,"column":1587},"end":{"line":1,"column":2012}},"line":1},"19":{"name":"(anonymous_19)","decl":{"start":{"line":1,"column":1692},"end":{"line":1,"column":1693}},"loc":{"start":{"line":1,"column":1703},"end":{"line":1,"column":1716}},"line":1},"20":{"name":"(anonymous_20)","decl":{"start":{"line":1,"column":1824},"end":{"line":1,"column":1825}},"loc":{"start":{"line":1,"column":1835},"end":{"line":1,"column":1848}},"line":1},"21":{"name":"(anonymous_21)","decl":{"start":{"line":1,"column":1924},"end":{"line":1,"column":1925}},"loc":{"start":{"line":1,"column":1935},"end":{"line":1,"column":1948}},"line":1},"22":{"name":"(anonymous_22)","decl":{"start":{"line":1,"column":2026},"end":{"line":1,"column":2027}},"loc":{"start":{"line":1,"column":2036},"end":{"line":1,"column":2068}},"line":1},"23":{"name":"(anonymous_23)","decl":{"start":{"line":1,"column":2092},"end":{"line":1,"column":2093}},"loc":{"start":{"line":1,"column":2102},"end":{"line":1,"column":2478}},"line":1},"24":{"name":"a","decl":{"start":{"line":1,"column":2173},"end":{"line":1,"column":2174}},"loc":{"start":{"line":1,"column":2181},"end":{"line":1,"column":2425}},"line":1},"25":{"name":"(anonymous_25)","decl":{"start":{"line":1,"column":2219},"end":{"line":1,"column":2220}},"loc":{"start":{"line":1,"column":2230},"end":{"line":1,"column":2421}},"line":1},"26":{"name":"(anonymous_26)","decl":{"start":{"line":1,"column":2334},"end":{"line":1,"column":2335}},"loc":{"start":{"line":1,"column":2345},"end":{"line":1,"column":2358}},"line":1},"27":{"name":"(anonymous_27)","decl":{"start":{"line":1,"column":2435},"end":{"line":1,"column":2436}},"loc":{"start":{"line":1,"column":2445},"end":{"line":1,"column":2477}},"line":1},"28":{"name":"(anonymous_28)","decl":{"start":{"line":1,"column":2499},"end":{"line":1,"column":2500}},"loc":{"start":{"line":1,"column":2509},"end":{"line":1,"column":2876}},"line":1},"29":{"name":"a","decl":{"start":{"line":1,"column":2580},"end":{"line":1,"column":2581}},"loc":{"start":{"line":1,"column":2586},"end":{"line":1,"column":2823}},"line":1},"30":{"name":"(anonymous_30)","decl":{"start":{"line":1,"column":2624},"end":{"line":1,"column":2625}},"loc":{"start":{"line":1,"column":2635},"end":{"line":1,"column":2819}},"line":1},"31":{"name":"(anonymous_31)","decl":{"start":{"line":1,"column":2732},"end":{"line":1,"column":2733}},"loc":{"start":{"line":1,"column":2743},"end":{"line":1,"column":2756}},"line":1},"32":{"name":"(anonymous_32)","decl":{"start":{"line":1,"column":2833},"end":{"line":1,"column":2834}},"loc":{"start":{"line":1,"column":2843},"end":{"line":1,"column":2875}},"line":1}},"branchMap":{"0":{"loc":{"start":{"line":1,"column":309},"end":{"line":1,"column":349}},"type":"cond-expr","locations":[{"start":{"line":1,"column":316},"end":{"line":1,"column":320}},{"start":{"line":1,"column":321},"end":{"line":1,"column":349}}],"line":1},"1":{"loc":{"start":{"line":1,"column":774},"end":{"line":1,"column":956}},"type":"switch","locations":[{"start":{"line":1,"column":796},"end":{"line":1,"column":896}},{"start":{"line":1,"column":896},"end":{"line":1,"column":922}},{"start":{"line":1,"column":922},"end":{"line":1,"column":929}},{"start":{"line":1,"column":929},"end":{"line":1,"column":955}}],"line":1},"2":{"loc":{"start":{"line":1,"column":1181},"end":{"line":1,"column":1364}},"type":"switch","locations":[{"start":{"line":1,"column":1203},"end":{"line":1,"column":1304}},{"start":{"line":1,"column":1304},"end":{"line":1,"column":1330}},{"start":{"line":1,"column":1330},"end":{"line":1,"column":1337}},{"start":{"line":1,"column":1337},"end":{"line":1,"column":1363}}],"line":1},"3":{"loc":{"start":{"line":1,"column":1595},"end":{"line":1,"column":2011}},"type":"switch","locations":[{"start":{"line":1,"column":1617},"end":{"line":1,"column":1718}},{"start":{"line":1,"column":1718},"end":{"line":1,"column":1850}},{"start":{"line":1,"column":1850},"end":{"line":1,"column":1950}},{"start":{"line":1,"column":1950},"end":{"line":1,"column":1976}},{"start":{"line":1,"column":1976},"end":{"line":1,"column":1984}},{"start":{"line":1,"column":1984},"end":{"line":1,"column":2010}}],"line":1},"4":{"loc":{"start":{"line":1,"column":1725},"end":{"line":1,"column":1757}},"type":"if","locations":[{"start":{"line":1,"column":1725},"end":{"line":1,"column":1757}},{"start":{"line":1,"column":1725},"end":{"line":1,"column":1757}}],"line":1},"5":{"loc":{"start":{"line":1,"column":2238},"end":{"line":1,"column":2420}},"type":"switch","locations":[{"start":{"line":1,"column":2260},"end":{"line":1,"column":2360}},{"start":{"line":1,"column":2360},"end":{"line":1,"column":2386}},{"start":{"line":1,"column":2386},"end":{"line":1,"column":2393}},{"start":{"line":1,"column":2393},"end":{"line":1,"column":2419}}],"line":1},"6":{"loc":{"start":{"line":1,"column":2643},"end":{"line":1,"column":2818}},"type":"switch","locations":[{"start":{"line":1,"column":2665},"end":{"line":1,"column":2758}},{"start":{"line":1,"column":2758},"end":{"line":1,"column":2784}},{"start":{"line":1,"column":2784},"end":{"line":1,"column":2791}},{"start":{"line":1,"column":2791},"end":{"line":1,"column":2817}}],"line":1}},"s":{"0":1,"1":1,"2":1,"3":0,"4":0,"5":0,"6":0,"7":0,"8":5,"9":0,"10":0,"11":0,"12":0,"13":0,"14":0,"15":0,"16":1,"17":1,"18":0,"19":0,"20":0,"21":0,"22":0,"23":0,"24":0,"25":1,"26":0,"27":1,"28":0,"29":0,"30":0,"31":0,"32":0,"33":0,"34":0,"35":1,"36":0,"37":1,"38":0,"39":0,"40":0,"41":0,"42":0,"43":0,"44":0,"45":0,"46":0,"47":0,"48":0,"49":0,"50":0,"51":0,"52":1,"53":0,"54":1,"55":0,"56":0,"57":0,"58":0,"59":0,"60":0,"61":0,"62":1,"63":0,"64":1,"65":0,"66":0,"67":0,"68":0,"69":0,"70":0,"71":0,"72":1,"73":0,"74":1,"75":1,"76":1,"77":1,"78":1,"79":1,"80":1,"81":1,"82":1,"83":1,"84":1,"85":1},"f":{"0":0,"1":5,"2":0,"3":0,"4":0,"5":0,"6":1,"7":0,"8":0,"9":0,"10":0,"11":1,"12":0,"13":0,"14":0,"15":0,"16":1,"17":0,"18":0,"19":0,"20":0,"21":0,"22":0,"23":1,"24":0,"25":0,"26":0,"27":0,"28":1,"29":0,"30":0,"31":0,"32":0},"b":{"0":[0,0],"1":[0,0,0,0],"2":[0,0,0,0],"3":[0,0,0,0,0,0],"4":[0,0],"5":[0,0,0,0],"6":[0,0,0,0]},"inputSourceMap":{"version":3,"sources":["functions.js"],"names":["dataLib","create","dir","file","data","done","e","res","read","update","newData","res2","list","destroy"],"mappings":"olBAGMA,CAAAA,OAAO,CAAG,CAERC,MAFQ,sFAEC,WAAOC,CAAP,CAAYC,CAAZ,CAAkBC,CAAlB,CAAwBC,CAAxB,uGACG,sBAAQH,CAAR,aAAeC,CAAf,EAAuBC,CAAvB,WACT,SAACE,CAAD,QAAOD,CAAAA,CAAI,CAACC,CAAD,CAAX,CADS,CADH,QACTC,CADS,QAGfF,CAAI,CAAC,IAAD,CAAOE,CAAP,CAHW,wCAFD,wDAQRC,IARQ,sFAQD,WAAON,CAAP,CAAYC,CAAZ,CAAkBE,CAAlB,uGACK,yBAAWH,CAAX,aAAkBC,CAAlB,YACT,SAACG,CAAD,QAAOD,CAAAA,CAAI,CAACC,CAAD,CAAX,CADS,CADL,QACPC,CADO,QAGbF,CAAI,CAAC,IAAD,CAAOE,CAAP,CAHS,wCARC,wDAcRE,MAdQ,sFAcC,WAAOP,CAAP,CAAYC,CAAZ,CAAkBO,CAAlB,CAA2BL,CAA3B,yGACG,yBAAWH,CAAX,aAAkBC,CAAlB,YACT,SAACG,CAAD,QAAOD,CAAAA,CAAI,CAACC,CAAD,CAAX,CADS,CADH,WACTC,CADS,SAGXA,CAHW,kCAIP,wBAAUL,CAAV,aAAiBC,CAAjB,YACG,SAACG,CAAD,QAAOD,CAAAA,CAAI,CAACC,CAAD,CAAX,CADH,CAJO,wBAMM,sBAAQJ,CAAR,aAAeC,CAAf,EAAuBO,CAAvB,WACV,SAACJ,CAAD,QAAOD,CAAAA,CAAI,CAACC,CAAD,CAAX,CADU,CANN,QAMPK,CANO,QAQbN,CAAI,CAAC,IAAD,CAAOM,CAAP,CARS,yCAdD,oJA0BC,WAAOT,CAAP,CAAYC,CAAZ,CAAkBE,CAAlB,uGACG,wBAAUH,CAAV,aAAiBC,CAAjB,YACT,SAACG,CAAD,QAAOD,CAAAA,CAAI,CAACC,CAAD,CAAX,CADS,CADH,QACTC,CADS,QAGfF,CAAI,CAAC,IAAD,CAAOE,CAAP,CAHW,wCA1BD,wDAgCRK,IAhCQ,sFAgCD,WAAOV,CAAP,CAAYG,CAAZ,uGACK,2BAAaH,CAAb,gBACT,SAACI,CAAD,QAAOD,CAAAA,CAAI,CAACC,CAAD,CAAX,CADS,CADL,QACPC,CADO,QAGbF,CAAI,CAAC,IAAD,CAAOE,CAAP,CAHS,wCAhCC,wD,CAsCHN,MAAM,CAAG,oBAAUD,OAAO,CAACC,MAAlB,C,uBACf,GAAMO,CAAAA,IAAI,CAAG,oBAAUR,OAAO,CAACQ,IAAlB,CAAb,C,kBACA,GAAMC,CAAAA,MAAM,CAAG,oBAAUT,OAAO,CAACS,MAAlB,CAAf,C,sBACA,GAAMI,CAAAA,OAAO,CAAG,oBAAUb,OAAO,UAAjB,CAAhB,C,wBACA,GAAMY,CAAAA,IAAI,CAAG,oBAAUZ,OAAO,CAACY,IAAlB,CAAb,C,+BAEQZ,O","sourceRoot":"C:\\Users\\Dxenu\\Desktop\\users-cubed-api-next\\app\\lib\\db","sourcesContent":["import { promisify } from 'util'\r\n\r\nimport { getData, save, remove, listItems } from '../s3'\r\nconst dataLib = {}\r\n\r\ndataLib.create = async (dir, file, d
[...]
{ COMPANY, BASE_URL, FIRST_CONFIRM } from '../../config'\r\nimport { read, create } from '../../lib/db'\r\nimport { user } from '../../lib/schemas'\r\nimport { randomID } from '../../lib/security'\r\nimport sendEmail from '../../lib/email'\r\nimport sendSMS from '../../lib/phone'\r\nimport { t, setLocale } from '../../lib/translations'\r\nimport { resetSchema } from './schema'\r\nimport { sendError } from '../../lib/utils'\r\n\r\nconst _sendEmailReset = async (email, done) => {\r\n  const token = await randomID(32).catch(() => done(t('error.confirmation_generate')))\r\n  const subject = t('reset.email', { company: COMPANY })\r\n  const msg = t('reset.email_text', { baseUrl: BASE_URL, code: token })\r\n  const obj = {\r\n    email,\r\n    type: 'reset',\r\n    token: token,\r\n    expiry: Date.now() + 1000 * 60 * 60\r\n  }\r\n\r\n  await create('confirms', token, obj).catch(() => done(t('error.confirmation_save')))\r\n  const e = await sendEmail(email, subject, msg).catch((e) => done(e))\r\n  if (!e) {\r\n    done(false)\r\n  }\r\n}\r\n\r\nconst sendEmailReset = promisify(_sendEmailReset)\r\n\r\nconst _sendPhoneConfirmation = async (phone, email, done) => {\r\n  const token = await randomID(6).catch(() => done(t('error.confirmation_generate')))\r\n  const msg = t('account_reset_phone', { company: COMPANY, code: token })\r\n  const obj = {\r\n    email,\r\n    type: 'reset',\r\n    token: token,\r\n    expiry: Date.now() + 1000 * 60 * 60\r\n  }\r\n\r\n  await create('confirms', token, obj).catch(() => done(t('error.confirmation_save')))\r\n  sendSMS(phone, msg, (err) => {\r\n    if (!err.error) {\r\n      done(false)\r\n    } else {\r\n      done(err)\r\n    }\r\n  })\r\n}\r\n\r\nconst sendPhoneConfirmation = promisify(_sendPhoneConfirmation)\r\n\r\nconst _sendReset = async (email, phone, done) => {\r\n  if (FIRST_CONFIRM === 'email') {\r\n    await sendEmailReset(email).catch((e) => done(e))\r\n    done(false)\r\n  } else if (FIRST_CONFIRM === 'phone') {\r\n    await sendPhoneConfirmation(phone, email).catch((e) => done(e))\r\n    done(false)\r\n  }\r\n}\r\n\r\nconst sendReset = promisify(_sendReset)\r\n\r\nexport default async (data, done) => {\r\n  const valid = await resetSchema.isValid(data.payload)\r\n  if (valid) {\r\n    await setLocale(data)\r\n    const u = await user(data)\r\n      .catch(async () => await sendError(400, t('error.required'), done))\r\n    if (u.email) {\r\n      const userData = await read('users', u.email).catch(async () => await sendError(400, t('error.no_user'), done))\r\n      if (userData) {\r\n        await sendReset(u.email, userData.phone).catch(async () => await sendError(500, t('error.email'), done))\r\n        return { status: 200, out: t('ok') }\r\n      }\r\n      await sendError(400, t('error.no_user'), done)\r\n    }\r\n    await sendError(400, t('error.required'), done)\r\n  }\r\n  await sendError(400, t('error.required'), done)\r\n}\r\n"]},"_coverageSchema":"1a1c01bbd47fc00a2c39e90264f33305004495a9","hash":"edb0a262d237851b15daa0a173565827ee13433a","contentHash":"0ff6390a527cf03cbbad0a016b69906595812bd38e184586fde2057b449baef7"},"C:\\Users\\Dxenu\\Desktop\\users-cubed-api-next\\app\\handlers\\reset\\schema.js":{"path":"C:\\Users\\Dxenu\\Desktop\\users-cubed-api-next\\app\\handlers\\reset\\schema.js","statementMap":{"0":{"start":{"line":1,"column":13},"end":{"line":1,"column":95}},"1":{"start":{"line":1,"column":104},"end":{"line":1,"column":118}},"2":{"start":{"line":1,"column":127},"end":{"line":1,"column":150}},"3":{"start":{"line":1,"column":163},"end":{"line":1,"column":386}},"4":{"start":{"line":1,"column":387},"end":{"line":1,"column":419}}},"fnMap":{},"branchMap":{},"s":{"0":1,"1":1,"2":1,"3":1,"4":1},"f":{},"b":{},"inputSourceMap":{"version":3,"sources":["schema.js"],"names":["resetSchema","shape","email","required","key","action","oneOf","locale","LANGUAGES"],"mappings":"uJAIaA,WAAW,CAAG,kBAASC,KAAT,CAAe,CACxCC,KAAK,CAAE,kBAASC,QAAT,GAAoBD,KAApB,EADiC,CAExCE,GAAG,CAAE,kBAASD,QAAT,EAFmC,CAGxCE,MAAM,CAAE,kBAASF,QAAT,GAAoBG,KAApB,CAA0B,CAAC,cAAD,CAA1B,CAHgC,CAIxCC,MAAM,CAAE,kBAASJ,QAAT,GAAoBG,KAApB,CAA0BE,iBAA1B,CAJgC,CAAf,C","sourceRoot":"C:\\Users\\Dxenu\\Desktop\\users-cubed-api-next\\app\\handlers\\reset","sourcesContent":["import { object, string } from 'yup'\r\n\r\nimport { LANGUAGES } from '../../config'\r\n\r\nexport const resetSchema = object().shape({\r\n  email: string().required().email(),\r\n  key: string().required(),\r\n  action: string().required().oneOf(['RESET_CREATE']),\r\n  locale: string().required().oneOf(LANGUAGES)\r\n})\r\n"]},"_coverageSchema":"1a1c01bbd47fc00a2c39e90264f33305004495a9","hash":"b8b40adaab048689231818a5fdc27331ec0b002f","contentHash":"a04fe420af07cd6c60650c2f30042636ea0fba678cfe2410eee956b35cca862e"},"C:\\Users\\Dxenu\\Desktop\\users-cubed-api-next\\app\\handlers\\shop\\index.js":{"path":"C:\\Users\\Dxenu\\Desktop\\users-cubed-api-next\\app\\handlers\\shop\\index.js","statementMap":{"0":{"start":{"line":1,"column":13},"end":{"line":1,"column":261}},"1":{"start":{"line":1,"column":277},"end":{"line":1,"column":289}},"2":{"start":{"line":1,"column":290},"end":{"line":1,"column":322}},"3":{"start":{"line":1,"column":341},"end":{"line":1,"column":353}},"4":{"start":{"line":1,"column":354},"end":{"line":1,"column":392}},"5":{"start":{"line":1,"column":406},"end":{"line":1,"column":418}},"6":{"start":{"line":1,"column":419},"end":{"line":1,"column":447}},"7":{"start":{"line":1,"column":466},"end":{"line":1,"column":478}},"8":{"start":{"line":1,"column":479},"end":{"line":1,"column":517}},"9":{"start":{"line":1,"column":529},"end":{"line":1,"column":541}},"10":{"start":{"line":1,"column":542},"end":{"line":1,"column":566}},"11":{"start":{"line":1,"column":579},"end":{"line":1,"column":591}},"12":{"start":{"line":1,"column":592},"end":{"line":1,"column":618}},"13":{"start":{"line":1,"column":636},"end":{"line":1,"column":648}},"14":{"start":{"line":1,"column":649},"end":{"line":1,"column":685}},"15":{"start":{"line":1,"column":708},"end":{"line":1,"column":720}},"16":{"start":{"line":1,"column":721},"end":{"line":1,"column":767}},"17":{"start":{"line":1,"column":783},"end":{"line":1,"column":795}},"18":{"start":{"line":1,"column":796},"end":{"line":1,"column":828}}},"fnMap":{"0":{"name":"(anonymous_0)","decl":{"start":{"line":1,"column":277},"end":{"line":1,"column":278}},"loc":{"start":{"line":1,"column":287},"end":{"line":1,"column":289}},"line":1},"1":{"name":"(anonymous_1)","decl":{"start":{"line":1,"column":341},"end":{"line":1,"column":342}},"loc":{"start":{"line":1,"column":351},"end":{"line":1,"column":353}},"line":1},"2":{"name":"(anonymous_2)","decl":{"start":{"line":1,"column":406},"end":{"line":1,"column":407}},"loc":{"start":{"line":1,"column":416},"end":{"line":1,"column":418}},"line":1},"3":{"name":"(anonymous_3)","decl":{"start":{"line":1,"column":466},"end":{"line":1,"column":467}},"loc":{"start":{"line":1,"column":476},"end":{"line":1,"column":478}},"line":1},"4":{"name":"(anonymous_4)","decl":{"start":{"line":1,"column":529},"end":{"line":1,"column":530}},"loc":{"start":{"line":1,"column":539},"end":{"line":1,"column":541}},"line":1},"5":{"name":"(anonymous_5)","decl":{"start":{"line":1,"column":579},"end":{"line":1,"column":580}},"loc":{"start":{"line":1,"column":589},"end":{"line":1,"column":591}},"line":1},"6":{"name":"(anonymous_6)","decl":{"start":{"line":1,"column":636},"end":{"line":1,"column":637}},"loc":{"start":{"line":1,"column":646},"end":{"line":1,"column":648}},"line":1},"7":{"name":"(anonymous_7)","decl":{"start":{"line":1,"column":708},"end":{"line":1,"column":709}},"loc":{"start":{"line":1,"column":718},"end":{"line":1,"column":720}},"line":1},"8":{"name":"(anonymous_8)","decl":{"start":{"line":1,"column":783},"end":{"line":1,"column":784}},"loc":{"start":{"line":1,"column":793},"end":{"line":1,"column":795}},"line":1}},"branchMap":{},"s":{"0":1,"1":1,"2":1,"3":1,"4":1,"5":1,"6":1,"7":1,"8":1,"9":1,"10":1,"11":1,"12":1,"13":1,"14":1,"15":1,"16":1,"17":1,"18":1},"f":{"0":0,"1":0,"2":0,"3":0,"4":0,"5":0,"6":0,"7":0,"8":0},"b":{},"inputSourceMap":{"version":3,"sources":["index.js"],"names":["getProducts","getProductById","addToCart","removeFromCart","getCart","checkout","addToWishlist","removeFromWishlist","getWishlist"],"mappings":"qQAAO,GAAMA,CAAAA,WAAW,CAAG,UAAM,CAEhC,CAFM,C,gCAIA,GAAMC,CAAAA,cAAc,CAAG,UAAM,CAEnC,CAFM,C,sCAIA,GAAMC,CAAAA,SAAS,CAAG,UAAM,CAE9B,CAFM,C,4BAIA,GAAMC,CAAAA,cAAc,CAAG,UAAM,CAEnC,CAFM,C,sCAIA,GAAMC,CAAAA,OAAO,CAAG,UAAM,CAE5B,CAFM,C,wBAIA,GAAMC,CAAAA,QAAQ,CAAG,UAAM,CAE7B,CAFM,C,0BAIA,GAAMC,CAAAA,aAAa,CAAG,UAAM,CAElC,CAFM,C,oCAIA,GAAMC,CAAAA,kBAAkB,CAAG,UAAM,CAEvC,CAFM,C,8CAIA,GAAMC,CAAAA,WAAW,CAAG,UAAM,CAEhC,CAFM,C","sourceRoot":"C:\\Users\\Dxenu\\Desktop\\users-cubed-api-next\\app\\handlers\\shop","sourcesContent":["export const getProducts = () => {\r\n    \r\n}\r\n\r\nexport const getProductById = () => {\r\n\r\n}\r\n\r\nexport const addToCart = () => {\r\n    \r\n}\r\n\r\nexport const removeFromCart = () => {\r\n    \r\n}\r\n\r\nexport const getCart = () => {\r\n    \r\n}\r\n\r\nexport const checkout = () => {\r\n\r\n}\r\n\r\nexport const addToWishlist = () => {\r\n\r\n}\r\n\r\nexport const removeFromWishlist = () => {\r\n\r\n}\r\n\r\nexport const getWishlist = () => {\r\n\r\n}\r\n"]},"_coverageSchema":"1a1c01bbd47fc00a2c39e90264f33305004495a9","hash":"4ff2ee70fd3ef30e7b09ebe072445ce193e58155","contentHash":"6275932d134a743146d3e6d8d59ed1b101991c84a2efbe096227f5f6884c7316"},"C:\\Users\\Dxenu\\Desktop\\users-cubed-api-next\\app\\handlers\\blog\\index.js":{"path":"C:\\Users\\Dxenu\\Desktop\\users-cubed-api-next\\app\\handlers\\blog\\index.js","statementMap":{"0":{"start":{"line":1,"column":13},"end":{"line":1,"column":298}},"1":{"start":{"line":1,"column":321},"end":{"line":1,"column":333}},"2":{"start":{"line":1,"column":334},"end":{"line":1,"column":380}},"3":{"start":{"line":1,"column":406},"end":{"line":1,"column":418}},"4":{"start":{"line":1,"column":419},"end":{"line":1,"column":471}},"5":{"start":{"line":1,"column":486},"end":{"line":1,"column":498}},"6":{"start":{"line":1,"column":499},"end":{"line":1,"column":529}},"7":{"start":{"line":1,"column":544},"end":{"line":1,"column":556}},"8":{"start":{"line":1,"column":557},"end":{"line":1,"column":587}},"9":{"start":{"line":1,"column":603},"end":{"line":1,"column":615}},"10":{"start":{"line":1,"column":616},"end":{"line":1,"column":648}},"11":{"start":{"line":1,"column":666},"end":{"line":1,"column":678}},"12":{"start":{"line":1,"column":679},"end":{"line":1,"column":715}},"13":{"start":{"line":1,"column":731},"end":{"line":1,"column":743}},"14":{"start":{"line":1,"column":744},"end":{"line":1,"column":776}},"15":{"start":{"line":1,"column":793},"end":{"line":1,"column":805}},"16":{"start":{"line":1,"column":806},"end":{"line":1,"column":840}},"17":{"start":{"line":1,"column":859},"end":{"line":1,"column":871}},"18":{"start":{"line":1,"column":872},"end":{"line":1,"column":910}},"19":{"start":{"line":1,"column":928},"end":{"line":1,"column":940}},"20":{"start":{"line":1,"column":941},"end":{"line":1,"column":977}}},"fnMap":{"0":{"name":"(anonymous_0)","decl":{"start":{"line":1,"column":321},"end":{"line":1,"column":322}},"loc":{"start":{"line":1,"column":331},"end":{"line":1,"column":333}},"line":1},"1":{"name":"(anonymous_1)","decl":{"start":{"line":1,"column":406},"end":{"line":1,"column":407}},"loc":{"start":{"line":1,"column":416},"end":{"line":1,"column":418}},"line":1},"2":{"name":"(anonymous_2)","decl":{"start":{"line":1,"column":486},"end":{"line":1,"column":487}},"loc":{"start":{"line":1,"column":496},"end":{"line":1,"column":498}},"line":1},"3":{"name":"(anonymous_3)","decl":{"start":{"line":1,"column":544},"end":{"line":1,"column":545}},"loc":{"start":{"line":1,"column":554},"end":{"line":1,"column":556}},"line":1},"4":{"name":"(anonymous_4)","decl":{"start":{"line":1,"column":603},"end":{"line":1,"column":604}},"loc":{"start":{"line":1,"column":613},"end":{"line":1,"column":615}},"line":1},"5":{"name":"(anonymous_5)","decl":{"start":{"line":1,"column":666},"end":{"line":1,"column":667}},"loc":{"start":{"line":1,"column":676},"end":{"line":1,"column":678}},"line":1},"6":{"name":"(anonymous_6)","decl":{"start":{"line":1,"column":731},"end":{"line":1,"column":732}},"loc":{"start":{"line":1,"column":741},"end":{"line":1,"column":743}},"line":1},"7":{"name":"(anonymous_7)","decl":{"start":{"line":1,"column":793},"end":{"line":1,"column":794}},"loc":{"start":{"line":1,"column":803},"end":{"line":1,"column":805}},"line":1},"8":{"name":"(anonymous_8)","decl":{"start":{"line":1,"column":859},"end":{"line":1,"column":860}},"loc":{"start":{"line":1,"column":869},"end":{"line":1,"column":871}},"line":1},"9":{"name":"(anonymous_9)","decl":{"start":{"line":1,"column":928},"end":{"line":1,"column":929}},"loc":{"start":{"line":1,"column":938},"end":{"line":1,"column":940}},"line":1}},"branchMap":{},"s":{"0":1,"1":1,"2":1,"3":1,"4":1,"5":1,"6":1,"7":1,"8":1,"9":1,"10":1,"11":1,"12":1,"13":1,"14":1,"15":1,"16":1,"17":1,"18":1,"19":1,"20":1},"f":{"0":0,"1":0,"2":0,"3":0,"4":0,"5":0,"6":0,"7":0,"8":0,"9":0},"b":{},"inputSourceMap":{"version":3,"sources":["index.js"],"names":["getArticlesByTitle","getArticlesByCategory","getArticle","addArticle","editArticle","deleteArticle","addCategory","editCategory","removeCategory","getCategories"],"mappings":"0SAAO,GAAMA,CAAAA,kBAAkB,CAAG,UAAM,CAEvC,CAFM,C,8CAIA,GAAMC,CAAAA,qBAAqB,CAAG,UAAM,CAE1C,CAFM,C,oDAIA,GAAMC,CAAAA,UAAU,CAAG,UAAM,CAE/B,CAFM,C,8BAIA,GAAMC,CAAAA,UAAU,CAAG,UAAM,CAE/B,CAFM,C,8BAIA,GAAMC,CAAAA,WAAW,CAAG,UAAM,CAEhC,CAFM,C,gCAIA,GAAMC,CAAAA,aAAa,CAAG,UAAM,CAElC,CAFM,C,oCAIA,GAAMC,CAAAA,WAAW,CAAG,UAAM,CAEhC,CAFM,C,gCAIA,GAAMC,CAAAA,YAAY,CAAG,UAAM,CAEjC,CAFM,C,kCAIA,GAAMC,CAAAA,cAAc,CAAG,UAAM,CAEnC,CAFM,C,sCAIA,GAAMC,CAAAA,aAAa,CAAG,UAAM,CAElC,CAFM,C","sourceRoot":"C:\\Users\\Dxenu\\Desktop\\users-cubed-api-next\\app\\handlers\\blog","sourcesContent":["export const getArticlesByTitle = () => {\r\n    \r\n}\r\n\r\nexport const getArticlesByCategory = () => {\r\n    \r\n}\r\n\r\nexport const getArticle = () => {\r\n    \r\n}\r\n\r\nexport const addArticle = () => {\r\n\r\n}\r\n\r\nexport const editArticle = () => {\r\n    \r\n}\r\n\r\nexport const deleteArticle = () => {\r\n    \r\n}\r\n\r\nexport const addCategory = () => {\r\n    \r\n}\r\n\r\nexport const editCategory = () => {\r\n    \r\n}\r\n\r\nexport const removeCategory = () => {\r\n    \r\n}\r\n\r\nexport const getCategories = () => {\r\n    \r\n}\r\n"]},"_coverageSchema":"1a1c01bbd47fc00a2c39e90264f33305004495a9","hash":"bb3d20b08c92bfb7092887ca4886606247b2c8ef","contentHash":"20aab4062dab87badde6e510640cb1bb80108a7982af74e67925dcf353a0cac6"},"C:\\Users\\Dxenu\\Desktop\\users-cubed-api-next\\app\\handlers\\generics\\notFound.js":{"path":"C:\\Users\\Dxenu\\Desktop\\users-cubed-api-next\\app\\handlers\\generics\\notFound.js","statementMap":{"0":{"start":{"line":1,"column":13},"end":{"line":1,"column":94}},"1":{"start":{"line":1,"column":105},"end":{"line":1,"column":131}},"2":{"start":{"line":1,"column":146},"end":{"line":1,"column":179}},"3":{"start":{"line":1,"column":223},"end":{"line":1,"column":277}},"4":{"start":{"line":1,"column":233},"end":{"line":1,"column":240}},"5":{"start":{"line":1,"column":243},"end":{"line":1,"column":250}},"6":{"start":{"line":1,"column":260},"end":{"line":1,"column":276}},"7":{"start":{"line":1,"column":277},"end":{"line":1,"column":317}},"8":{"start":{"line":1,"column":348},"end":{"line":1,"column":560}},"9":{"start":{"line":1,"column":372},"end":{"line":1,"column":376}},"10":{"start":{"line":1,"column":379},"end":{"line":1,"column":388}},"11":{"start":{"line":1,"column":389},"end":{"line":1,"column":559}},"12":{"start":{"line":1,"column":436},"end":{"line":1,"column":474}},"13":{"start":{"line":1,"column":489},"end":{"line":1,"column":528}},"14":{"start":{"line":1,"column":535},"end":{"line":1,"column":547}},"15":{"start":{"line":1,"column":548},"end":{"line":1,"column":557}},"16":{"start":{"line":1,"column":587},"end":{"line":1,"column":931}},"17":{"start":{"line":1,"column":604},"end":{"line":1,"column":878}},"18":{"start":{"line":1,"column":675},"end":{"line":1,"column":875}},"19":{"start":{"line":1,"column":718},"end":{"line":1,"column":871}},"20":{"start":{"line":1,"column":725},"end":{"line":1,"column":871}},"21":{"start":{"line":1,"column":754},"end":{"line":1,"column":837}},"22":{"start":{"line":1,"column":854},"end":{"line":1,"column":870}},"23":{"start":{"line":1,"column":879},"end":{"line":1,"column":928}},"24":{"start":{"line":1,"column":897},"end":{"line":1,"column":927}},"25":{"start":{"line":1,"column":932},"end":{"line":1,"column":960}}},"fnMap":{"0":{"name":"asyncGeneratorStep","decl":{"start":{"line":1,"column":189},"end":{"line":1,"column":207}},"loc":{"start":{"line":1,"column":222},"end":{"line":1,"column":318}},"line":1},"1":{"name":"_asyncToGenerator","decl":{"start":{"line":1,"column":327},"end":{"line":1,"column":344}},"loc":{"start":{"line":1,"column":347},"end":{"line":1,"column":561}},"line":1},"2":{"name":"(anonymous_2)","decl":{"start":{"line":1,"column":355},"end":{"line":1,"column":356}},"loc":{"start":{"line":1,"column":365},"end":{"line":1,"column":560}},"line":1},"3":{"name":"(anonymous_3)","decl":{"start":{"line":1,"column":408},"end":{"line":1,"column":409}},"loc":{"start":{"line":1,"column":421},"end":{"line":1,"column":558}},"line":1},"4":{"name":"f","decl":{"start":{"line":1,"column":431},"end":{"line":1,"column":432}},"loc":{"start":{"line":1,"column":435},"end":{"line":1,"column":475}},"line":1},"5":{"name":"g","decl":{"start":{"line":1,"column":484},"end":{"line":1,"column":485}},"loc":{"start":{"line":1,"column":488},"end":{"line":1,"column":529}},"line":1},"6":{"name":"(anonymous_6)","decl":{"start":{"line":1,"column":587},"end":{"line":1,"column":588}},"loc":{"start":{"line":1,"column":597},"end":{"line":1,"column":929}},"line":1},"7":{"name":"a","decl":{"start":{"line":1,"column":668},"end":{"line":1,"column":669}},"loc":{"start":{"line":1,"column":674},"end":{"line":1,"column":876}},"line":1},"8":{"name":"(anonymous_8)","decl":{"start":{"line":1,"column":706},"end":{"line":1,"column":707}},"loc":{"start":{"line":1,"column":717},"end":{"line":1,"column":872}},"line":1},"9":{"name":"(anonymous_9)","decl":{"start":{"line":1,"column":886},"end":{"line":1,"column":887}},"loc":{"start":{"line":1,"column":896},"end":{"line":1,"column":928}},"line":1}},"branchMap":{"0":{"loc":{"start":{"line":1,"column":277},"end":{"line":1,"column":317}},"type":"cond-expr","locations":[{"start":{"line":1,"column":284},"end":{"line":1,"column":288}},{"start":{"line":1,"column":289},"end":{"line":1,"column":317}}],"line":1},"1":{"loc":{"start":{"line":1,"column":725},"end":{"line":1,"column":871}},"type":"switch","locations":[{"start":{"line":1,"column":747},"end":{"line":1,"column":837}},{"start":{"line":1,"column":837},"end":{"line":1,"column":844}},{"start":{"line":1,"column":844},"end":{"line":1,"column":870}}],"line":1}},"s":{"0":1,"1":1,"2":1,"3":0,"4":0,"5":0,"6":0,"7":0,"8":1,"9":0,"10":0,"11":0,"12":0,"13":0,"14":0,"15":0,"16":1,"17":1,"18":0,"19":0,"20":0,"21":0,"22":0,"23":1,"24":0,"25":1},"f":{"0":0,"1":1,"2":0,"3":0,"4":0,"5":0,"6":1,"7":0,"8":0,"9":0},"b":{"0":[0,0],"1":[0,0,0]},"inputSourceMap":{"version":3,"sources":["notFound.js"],"names":["data","done"],"mappings":"mpBAGe,WAAOA,CAAP,CAAaC,CAAb,iGACP,qBAAU,GAAV,CAAe,oBAAE,iBAAF,CAAf,CAAqCA,CAArC,CADO,wC","sourceRoot":"C:\\Users\\Dxenu\\Desktop\\users-cubed-api-next\\app\\handlers\\generics","sourcesContent":["import { sendError } from '../../lib/utils'\r\nimport { t } from '../../lib/translations'\r\n\r\nexport default async (data, done) => {\r\n  await sendError(400, t('error.not_found'), done)\r\n}\r\n"]},"_coverageSchema":"1a1c01bbd47fc00a2c39e90264f33305004495a9","hash":"4b54ed79869e7d4c70d52154fc7da427cbe35259","contentHash":"4b6dbd31de17e9bfacfac73d8bd5159c01ac132375d517fc8e822867f4b168d3"}}