{"C:\\Users\\Dxenu\\Desktop\\users-cubed-api-next\\app\\config.js":{"path":"C:\\Users\\Dxenu\\Desktop\\users-cubed-api-next\\app\\config.js","statementMap":{"0":{"start":{"line":1,"column":13},"end":{"line":1,"column":550}},"1":{"start":{"line":1,"column":570},"end":{"line":1,"column":797}},"2":{"start":{"line":1,"column":657},"end":{"line":1,"column":672}},"3":{"start":{"line":1,"column":686},"end":{"line":1,"column":785}},"4":{"start":{"line":1,"column":811},"end":{"line":1,"column":828}},"5":{"start":{"line":1,"column":841},"end":{"line":1,"column":861}},"6":{"start":{"line":1,"column":862},"end":{"line":1,"column":2195}},"7":{"start":{"line":1,"column":2215},"end":{"line":1,"column":2223}},"8":{"start":{"line":1,"column":2224},"end":{"line":1,"column":2257}},"9":{"start":{"line":1,"column":2276},"end":{"line":1,"column":2285}},"10":{"start":{"line":1,"column":2286},"end":{"line":1,"column":2319}},"11":{"start":{"line":1,"column":2331},"end":{"line":1,"column":2335}},"12":{"start":{"line":1,"column":2336},"end":{"line":1,"column":2357}},"13":{"start":{"line":1,"column":2369},"end":{"line":1,"column":2473}},"14":{"start":{"line":1,"column":2474},"end":{"line":1,"column":2498}},"15":{"start":{"line":1,"column":2509},"end":{"line":1,"column":2606}},"16":{"start":{"line":1,"column":2607},"end":{"line":1,"column":2629}},"17":{"start":{"line":1,"column":2645},"end":{"line":1,"column":2668}},"18":{"start":{"line":1,"column":2669},"end":{"line":1,"column":2701}},"19":{"start":{"line":1,"column":2713},"end":{"line":1,"column":2728}},"20":{"start":{"line":1,"column":2729},"end":{"line":1,"column":2761}},"21":{"start":{"line":1,"column":2774},"end":{"line":1,"column":2784}},"22":{"start":{"line":1,"column":2785},"end":{"line":1,"column":2813}},"23":{"start":{"line":1,"column":2831},"end":{"line":1,"column":2838}},"24":{"start":{"line":1,"column":2839},"end":{"line":1,"column":2869}},"25":{"start":{"line":1,"column":2891},"end":{"line":1,"column":2896}},"26":{"start":{"line":1,"column":2897},"end":{"line":1,"column":2929}},"27":{"start":{"line":1,"column":2946},"end":{"line":1,"column":2975}},"28":{"start":{"line":1,"column":2976},"end":{"line":1,"column":3027}},"29":{"start":{"line":1,"column":3047},"end":{"line":1,"column":3074}},"30":{"start":{"line":1,"column":3075},"end":{"line":1,"column":3115}},"31":{"start":{"line":1,"column":3139},"end":{"line":1,"column":3170}},"32":{"start":{"line":1,"column":3171},"end":{"line":1,"column":3219}},"33":{"start":{"line":1,"column":3241},"end":{"line":1,"column":3270}},"34":{"start":{"line":1,"column":3271},"end":{"line":1,"column":3315}},"35":{"start":{"line":1,"column":3327},"end":{"line":1,"column":3383}},"36":{"start":{"line":1,"column":3384},"end":{"line":1,"column":3408}},"37":{"start":{"line":1,"column":3428},"end":{"line":1,"column":3455}},"38":{"start":{"line":1,"column":3456},"end":{"line":1,"column":3496}},"39":{"start":{"line":1,"column":3513},"end":{"line":1,"column":3537}},"40":{"start":{"line":1,"column":3538},"end":{"line":1,"column":3572}},"41":{"start":{"line":1,"column":3589},"end":{"line":1,"column":3642}},"42":{"start":{"line":1,"column":3643},"end":{"line":1,"column":3704}},"43":{"start":{"line":1,"column":3718},"end":{"line":1,"column":3729}},"44":{"start":{"line":1,"column":3730},"end":{"line":1,"column":3758}},"45":{"start":{"line":1,"column":3776},"end":{"line":1,"column":3805}},"46":{"start":{"line":1,"column":3806},"end":{"line":1,"column":3842}},"47":{"start":{"line":1,"column":3863},"end":{"line":1,"column":3896}},"48":{"start":{"line":1,"column":3897},"end":{"line":1,"column":3939}},"49":{"start":{"line":1,"column":3953},"end":{"line":1,"column":3974}},"50":{"start":{"line":1,"column":3975},"end":{"line":1,"column":4003}},"51":{"start":{"line":1,"column":4015},"end":{"line":1,"column":4034}},"52":{"start":{"line":1,"column":4035},"end":{"line":1,"column":4059}}},"fnMap":{"0":{"name":"_typeof","decl":{"start":{"line":1,"column":559},"end":{"line":1,"column":566}},"loc":{"start":{"line":1,"column":569},"end":{"line":1,"column":798}},"line":1},"1":{"name":"(anonymous_1)","decl":{"start":{"line":1,"column":645},"end":{"line":1,"column":646}},"loc":{"start":{"line":1,"column":656},"end":{"line":1,"column":673}},"line":1},"2":{"name":"(anonymous_2)","decl":{"start":{"line":1,"column":674},"end":{"line":1,"column":675}},"loc":{"start":{"line":1,"column":685},"end":{"line":1,"column":786}},"line":1}},"branchMap":{"0":{"loc":{"start":{"line":1,"column":585},"end":{"line":1,"column":786}},"type":"cond-expr","locations":[{"start":{"line":1,"column":645},"end":{"line":1,"column":673}},{"start":{"line":1,"column":674},"end":{"line":1,"column":786}}],"line":1},"1":{"loc":{"start":{"line":1,"column":585},"end":{"line":1,"column":644}},"type":"binary-expr","locations":[{"start":{"line":1,"column":585},"end":{"line":1,"column":610}},{"start":{"line":1,"column":612},"end":{"line":1,"column":644}}],"line":1},"2":{"loc":{"start":{"line":1,"column":693},"end":{"line":1,"column":785}},"type":"cond-expr","locations":[{"start":{"line":1,"column":768},"end":{"line":1,"column":776}},{"start":{"line":1,"column":777},"end":{"line":1,"column":785}}],"line":1},"3":{"loc":{"start":{"line":1,"column":693},"end":{"line":1,"column":767}},"type":"binary-expr","locations":[{"start":{"line":1,"column":693},"end":{"line":1,"column":694}},{"start":{"line":1,"column":696},"end":{"line":1,"column":721}},{"start":{"line":1,"column":723},"end":{"line":1,"column":745}},{"start":{"line":1,"column":747},"end":{"line":1,"column":767}}],"line":1}},"s":{"0":1,"1":1,"2":16,"3":0,"4":1,"5":1,"6":1,"7":1,"8":1,"9":1,"10":1,"11":1,"12":1,"13":1,"14":1,"15":1,"16":1,"17":1,"18":1,"19":1,"20":1,"21":1,"22":1,"23":1,"24":1,"25":1,"26":1,"27":1,"28":1,"29":1,"30":1,"31":1,"32":1,"33":1,"34":1,"35":1,"36":1,"37":1,"38":1,"39":1,"40":1,"41":1,"42":1,"43":1,"44":1,"45":1,"46":1,"47":1,"48":1,"49":1,"50":1,"51":1,"52":1},"f":{"0":1,"1":16,"2":0},"b":{"0":[1,0],"1":[1,1],"2":[0,0],"3":[0,0,0,0]},"inputSourceMap":{"version":3,"sources":["config.js"],"names":["require","strictEqual","process","env","HASH_SECRET","TWILIO_FROM","TWILIO_SID","TWILIO_AUTH_TOKEN","MAILGUN_FROM","MAILGUN_DOMAIN","MAILGUN_KEY","ENCRYPTION_SALT","ENCRYPTION_PASSWORD","USERS_BUCKET_NAME","AUTH0_CLIENT_ID","AUTH0_DOMAIN","S3_ACCESS_KEY","S3_ACCESS_SECRET","S3_REGION","API_KEY","MOBILE_PROVIDER","EMAIL_PROVIDER","DB_TYPE","MAILGUN","nameFrom","domainName","apiKey","TWILIO","from","sid","authToken","COMPANY","BASE_URL","FIRST_CONFIRM","USER_TOKEN_EXPIRY","FRONTEND_URL","WORKERS","tokenClean","logRotate","unconfirmedClean","REDIRECT_URL","LANGUAGES","AWS_ACCESS_KEY_ID","AWS_SECRET_ACCESS_KEY"],"mappings":"2yBAAwBA,OAAO,CAAC,QAAD,C,CAAvBC,W,UAAAA,W,CACRA,WAAW,SAAQC,OAAO,CAACC,GAAR,CAAYC,WAApB,EAAiC,QAAjC,CAA2C,uBAA3C,C,CACXH,WAAW,SAAQC,OAAO,CAACC,GAAR,CAAYE,WAApB,EAAiC,QAAjC,CAA2C,uBAA3C,C,CACXJ,WAAW,SAAQC,OAAO,CAACC,GAAR,CAAYG,UAApB,EAAgC,QAAhC,CAA0C,sBAA1C,C,CACXL,WAAW,SAAQC,OAAO,CAACC,GAAR,CAAYI,iBAApB,EAAuC,QAAvC,CAAiD,6BAAjD,C,CACXN,WAAW,SAAQC,OAAO,CAACC,GAAR,CAAYK,YAApB,EAAkC,QAAlC,CAA4C,wBAA5C,C,CACXP,WAAW,SAAQC,OAAO,CAACC,GAAR,CAAYM,cAApB,EAAoC,QAApC,CAA8C,0BAA9C,C,CACXR,WAAW,SAAQC,OAAO,CAACC,GAAR,CAAYO,WAApB,EAAiC,QAAjC,CAA2C,uBAA3C,C,CACXT,WAAW,SAAQC,OAAO,CAACC,GAAR,CAAYQ,eAApB,EAAqC,QAArC,CAA+C,2BAA/C,C,CACXV,WAAW,SAAQC,OAAO,CAACC,GAAR,CAAYS,mBAApB,EAAyC,QAAzC,CAAmD,+BAAnD,C,CACXX,WAAW,SAAQC,OAAO,CAACC,GAAR,CAAYU,iBAApB,EAAuC,QAAvC,CAAiD,6BAAjD,C,CACXZ,WAAW,SAAQC,OAAO,CAACC,GAAR,CAAYW,eAApB,EAAqC,QAArC,CAA+C,2BAA/C,C,CACXb,WAAW,SAAQC,OAAO,CAACC,GAAR,CAAYY,YAApB,EAAkC,QAAlC,CAA4C,2BAA5C,C,CACXd,WAAW,SAAQC,OAAO,CAACC,GAAR,CAAYa,aAApB,EAAmC,QAAnC,CAA6C,yBAA7C,C,CACXf,WAAW,SAAQC,OAAO,CAACC,GAAR,CAAYc,gBAApB,EAAsC,QAAtC,CAAgD,4BAAhD,C,CACXhB,WAAW,SAAQC,OAAO,CAACC,GAAR,CAAYe,SAApB,EAA+B,QAA/B,CAAyC,qBAAzC,C,CACXjB,WAAW,SAAQC,OAAO,CAACC,GAAR,CAAYgB,OAApB,EAA6B,QAA7B,CAAuC,mBAAvC,C,CAEJ,GAAMC,CAAAA,eAAe,CAAG,QAAxB,C,iCACA,GAAMC,CAAAA,cAAc,CAAG,SAAvB,C,iCACA,GAAMC,CAAAA,OAAO,CAAG,IAAhB,C,qBAEA,GAAMC,CAAAA,OAAO,CAAG,CACrBC,QAAQ,CAAEtB,OAAO,CAACC,GAAR,CAAYK,YADD,CAErBiB,UAAU,CAAEvB,OAAO,CAACC,GAAR,CAAYM,cAFH,CAGrBiB,MAAM,CAAExB,OAAO,CAACC,GAAR,CAAYO,WAHC,CAAhB,C,wBAMA,GAAMiB,CAAAA,MAAM,CAAG,CACpBC,IAAI,CAAE1B,OAAO,CAACC,GAAR,CAAYE,WADE,CAEpBwB,GAAG,CAAE3B,OAAO,CAACC,GAAR,CAAYG,UAFG,CAGpBwB,SAAS,CAAE5B,OAAO,CAACC,GAAR,CAAYI,iBAHH,CAAf,C,sBAMA,GAAMH,CAAAA,WAAW,CAAGF,OAAO,CAACC,GAAR,CAAYC,WAAhC,C,gCAEA,GAAM2B,CAAAA,OAAO,CAAG,eAAhB,C,gCAEA,GAAMC,CAAAA,QAAQ,CAAG,UAAjB,C,4BAEA,GAAMC,CAAAA,aAAa,CAAG,OAAtB,C,8BAEA,GAAMC,CAAAA,iBAAiB,MAAvB,C,gCAEA,GAAMC,CAAAA,YAAY,CAAG,6BAArB,C,mDAEA,GAAMxB,CAAAA,eAAe,CAAGT,OAAO,CAACC,GAAR,CAAYQ,eAApC,C,wCAEA,GAAMC,CAAAA,mBAAmB,CAAGV,OAAO,CAACC,GAAR,CAAYS,mBAAxC,C,gDAEA,GAAMC,CAAAA,iBAAiB,CAAGX,OAAO,CAACC,GAAR,CAAYU,iBAAtC,C,4CAEA,GAAMuB,CAAAA,OAAO,CAAG,CACrBC,UAAU,KADW,CAErBC,SAAS,MAFY,CAGrBC,gBAAgB,MAHK,CAAhB,C,wBAMA,GAAMzB,CAAAA,eAAe,CAAGZ,OAAO,CAACC,GAAR,CAAYW,eAApC,C,wCACA,GAAMC,CAAAA,YAAY,CAAGb,OAAO,CAACC,GAAR,CAAYY,YAAjC,C,kCACA,GAAMyB,CAAAA,YAAY,sDAAlB,C,6DAEA,GAAMC,CAAAA,SAAS,CAAG,CAAC,IAAD,CAAO,IAAP,CAAlB,C,4BAEA,GAAMzB,CAAAA,aAAa,CAAGd,OAAO,CAACC,GAAR,CAAYuC,iBAAlC,C,oCACA,GAAMzB,CAAAA,gBAAgB,CAAGf,OAAO,CAACC,GAAR,CAAYwC,qBAArC,C,0CACA,GAAMzB,CAAAA,SAAS,CAAGhB,OAAO,CAACC,GAAR,CAAYe,SAA9B,C,4BAEA,GAAMC,CAAAA,OAAO,CAAGjB,OAAO,CAACC,GAAR,CAAYgB,OAA5B,C","sourceRoot":"C:\\Users\\Dxenu\\Desktop\\users-cubed-api-next\\app","sourcesContent":["const { strictEqual } = require('assert')\r\nstrictEqual(typeof process.env.HASH_SECRET, 'string', 'You need hash secret!')\r\nstrictEqual(typeof process.env.TWILIO_FROM, 'string', 'You need Twilio from!')\r\nstrictEqual(typeof process.env.TWILIO_SID, 'string', 'You need TWILIO_SID!')\r\nstrictEqual(typeof process.env.TWILIO_AUTH_TOKEN, 'string', 'You need TWILIO_AUTH_TOKEN!')\r\nstrictEqual(typeof process.env.MAILGUN_FROM, 'string', 'You need MAILGUN_FROM!')\r\nstrictEqual(typeof process.env.MAILGUN_DOMAIN, 'string', 'You need MAILGUN_DOMAIN!')\r\nstrictEqual(typeof process.env.MAILGUN_KEY, 'string', 'You need MAILGUN_KEY!')\r\nstrictEqual(typeof process.env.ENCRYPTION_SALT, 'string', 'You need ENCRYPTION_SALT!')\r\nstrictEqual(typeof process.env.ENCRYPTION_PASSWORD, 'string', 'You need ENCRYPTION_PASSWORD!')\r\nstrictEqual(typeof process.env.USERS_BUCKET_NAME, 'string', 'You need USERS_BUCKET_NAME!')\r\nstrictEqual(typeof process.env.AUTH0_CLIENT_ID, 'string', 'You need AUTH0_CLIENT_ID!')\r\nstrictEqual(typeof process.env.AUTH0_DOMAIN, 'string', 'You need AUTH0_CLIENT_ID!')\r\nstrictEqual(typeof process.env.S3_ACCESS_KEY, 'string', 'You need S3_ACCESS_KEY!')\r\nstrictEqual(typeof process.env.S3_ACCESS_SECRET, 'string', 'You need S3_ACCESS_SECRET!')\r\nstrictEqual(typeof process.env.S3_REGION, 'string', 'You need S3_REGION!')\r\nstrictEqual(typeof process.env.API_KEY, 'string', 'You need API_KEY!')\r\n\r\nexport const MOBILE_PROVIDER = 'twilio'\r\nexport const EMAIL_PROVIDER = 'mailgun'\r\nexport const DB_TYPE = 's3'\r\n\r\nexport const MAILGUN = {\r\n  nameFrom: process.env.MAILGUN_FROM,\r\n  domainName: process.env.MAILGUN_DOMAIN,\r\n  apiKey: process.env.MAILGUN_KEY\r\n}\r\n\r\nexport const TWILIO = {\r\n  from: process.env.TWILIO_FROM,\r\n  sid: process.env.TWILIO_SID,\r\n  authToken: process.env.TWILIO_AUTH_TOKEN\r\n}\r\n\r\nexport const HASH_SECRET = process.env.HASH_SECRET\r\n\r\nexport const COMPANY = 'Talaikis Ltd.'\r\n\r\nexport const BASE_URL = 'https://'\r\n\r\nexport const FIRST_CONFIRM = 'email'\r\n\r\nexport const USER_TOKEN_EXPIRY = 60 * 60 * 15\r\n\r\nexport const FRONTEND_URL = 'https://cubed.talaikis.com/'\r\n\r\nexport const ENCRYPTION_SALT = process.env.ENCRYPTION_SALT\r\n\r\nexport const ENCRYPTION_PASSWORD = process.env.ENCRYPTION_PASSWORD\r\n\r\nexport const USERS_BUCKET_NAME = process.env.USERS_BUCKET_NAME\r\n\r\nexport const WORKERS = {\r\n  tokenClean: 60 * 60,\r\n  logRotate: 60 * 60 * 24,\r\n  unconfirmedClean: 60 * 60 * 3\r\n}\r\n\r\nexport const AUTH0_CLIENT_ID = process.env.AUTH0_CLIENT_ID\r\nexport const AUTH0_DOMAIN = process.env.AUTH0_DOMAIN\r\nexport const REDIRECT_URL = `${FRONTEND_URL}/dashboard`\r\n\r\nexport const LANGUAGES = ['en', 'fr']\r\n\r\nexport const S3_ACCESS_KEY = process.env.AWS_ACCESS_KEY_ID\r\nexport const S3_ACCESS_SECRET = process.env.AWS_SECRET_ACCESS_KEY\r\nexport const S3_REGION = process.env.S3_REGION\r\n\r\nexport const API_KEY = process.env.API_KEY\r\n"]},"_coverageSchema":"1a1c01bbd47fc00a2c39e90264f33305004495a9","hash":"2c32009f0873e6cf7a9707daf07cce688cbbdeee","contentHash":"1233a9eaf92d8d252c1cbe523ff800b6d5e974e9660f8ed73da2db8e1ee287ee"},"C:\\Users\\Dxenu\\Desktop\\users-cubed-api-next\\app\\lib\\proto\\index.js":{"path":"C:\\Users\\Dxenu\\Desktop\\users-cubed-api-next\\app\\lib\\proto\\index.js","statementMap":{"0":{"start":{"line":1,"column":13},"end":{"line":1,"column":127}},"1":{"start":{"line":1,"column":137},"end":{"line":1,"column":152}},"2":{"start":{"line":1,"column":165},"end":{"line":1,"column":210}},"3":{"start":{"line":1,"column":217},"end":{"line":1,"column":232}},"4":{"start":{"line":1,"column":240},"end":{"line":1,"column":256}},"5":{"start":{"line":1,"column":264},"end":{"line":1,"column":283}},"6":{"start":{"line":1,"column":319},"end":{"line":1,"column":355}},"7":{"start":{"line":1,"column":399},"end":{"line":1,"column":453}},"8":{"start":{"line":1,"column":409},"end":{"line":1,"column":416}},"9":{"start":{"line":1,"column":419},"end":{"line":1,"column":426}},"10":{"start":{"line":1,"column":436},"end":{"line":1,"column":452}},"11":{"start":{"line":1,"column":453},"end":{"line":1,"column":493}},"12":{"start":{"line":1,"column":524},"end":{"line":1,"column":736}},"13":{"start":{"line":1,"column":548},"end":{"line":1,"column":552}},"14":{"start":{"line":1,"column":555},"end":{"line":1,"column":564}},"15":{"start":{"line":1,"column":565},"end":{"line":1,"column":735}},"16":{"start":{"line":1,"column":612},"end":{"line":1,"column":650}},"17":{"start":{"line":1,"column":665},"end":{"line":1,"column":704}},"18":{"start":{"line":1,"column":711},"end":{"line":1,"column":723}},"19":{"start":{"line":1,"column":724},"end":{"line":1,"column":733}},"20":{"start":{"line":1,"column":762},"end":{"line":1,"column":804}},"21":{"start":{"line":1,"column":826},"end":{"line":1,"column":1342}},"22":{"start":{"line":1,"column":843},"end":{"line":1,"column":1289}},"23":{"start":{"line":1,"column":924},"end":{"line":1,"column":1286}},"24":{"start":{"line":1,"column":967},"end":{"line":1,"column":1282}},"25":{"start":{"line":1,"column":974},"end":{"line":1,"column":1282}},"26":{"start":{"line":1,"column":1003},"end":{"line":1,"column":1248}},"27":{"start":{"line":1,"column":1122},"end":{"line":1,"column":1245}},"28":{"start":{"line":1,"column":1131},"end":{"line":1,"column":1233}},"29":{"start":{"line":1,"column":1141},"end":{"line":1,"column":1156}},"30":{"start":{"line":1,"column":1159},"end":{"line":1,"column":1192}},"31":{"start":{"line":1,"column":1195},"end":{"line":1,"column":1208}},"32":{"start":{"line":1,"column":1209},"end":{"line":1,"column":1218}},"33":{"start":{"line":1,"column":1228},"end":{"line":1,"column":1232}},"34":{"start":{"line":1,"column":1238},"end":{"line":1,"column":1245}},"35":{"start":{"line":1,"column":1265},"end":{"line":1,"column":1281}},"36":{"start":{"line":1,"column":1290},"end":{"line":1,"column":1339}},"37":{"start":{"line":1,"column":1308},"end":{"line":1,"column":1338}},"38":{"start":{"line":1,"column":1350},"end":{"line":1,"column":1378}},"39":{"start":{"line":1,"column":1379},"end":{"line":1,"column":1401}},"40":{"start":{"line":1,"column":1413},"end":{"line":1,"column":1649}},"41":{"start":{"line":1,"column":1437},"end":{"line":1,"column":1510}},"42":{"start":{"line":1,"column":1511},"end":{"line":1,"column":1648}},"43":{"start":{"line":1,"column":1555},"end":{"line":1,"column":1563}},"44":{"start":{"line":1,"column":1563},"end":{"line":1,"column":1646}},"45":{"start":{"line":1,"column":1573},"end":{"line":1,"column":1588}},"46":{"start":{"line":1,"column":1591},"end":{"line":1,"column":1602}},"47":{"start":{"line":1,"column":1603},"end":{"line":1,"column":1631}},"48":{"start":{"line":1,"column":1641},"end":{"line":1,"column":1645}},"49":{"start":{"line":1,"column":1657},"end":{"line":1,"column":1685}},"50":{"start":{"line":1,"column":1686},"end":{"line":1,"column":1708}},"51":{"start":{"line":1,"column":1739},"end":{"line":1,"column":2573}},"52":{"start":{"line":1,"column":1756},"end":{"line":1,"column":2520}},"53":{"start":{"line":1,"column":1841},"end":{"line":1,"column":2517}},"54":{"start":{"line":1,"column":1884},"end":{"line":1,"column":2513}},"55":{"start":{"line":1,"column":1891},"end":{"line":1,"column":2513}},"56":{"start":{"line":1,"column":1920},"end":{"line":1,"column":2269}},"57":{"start":{"line":1,"column":2040},"end":{"line":1,"column":2264}},"58":{"start":{"line":1,"column":2083},"end":{"line":1,"column":2260}},"59":{"start":{"line":1,"column":2090},"end":{"line":1,"column":2260}},"60":{"start":{"line":1,"column":2119},"end":{"line":1,"column":2186}},"61":{"start":{"line":1,"column":2193},"end":{"line":1,"column":2226}},"62":{"start":{"line":1,"column":2243},"end":{"line":1,"column":2259}},"63":{"start":{"line":1,"column":2276},"end":{"line":1,"column":2479}},"64":{"start":{"line":1,"column":2496},"end":{"line":1,"column":2512}},"65":{"start":{"line":1,"column":2521},"end":{"line":1,"column":2570}},"66":{"start":{"line":1,"column":2539},"end":{"line":1,"column":2569}},"67":{"start":{"line":1,"column":2574},"end":{"line":1,"column":2610}}},"fnMap":{"0":{"name":"_interopRequireDefault","decl":{"start":{"line":1,"column":293},"end":{"line":1,"column":315}},"loc":{"start":{"line":1,"column":318},"end":{"line":1,"column":356}},"line":1},"1":{"name":"asyncGeneratorStep","decl":{"start":{"line":1,"column":365},"end":{"line":1,"column":383}},"loc":{"start":{"line":1,"column":398},"end":{"line":1,"column":494}},"line":1},"2":{"name":"_asyncToGenerator","decl":{"start":{"line":1,"column":503},"end":{"line":1,"column":520}},"loc":{"start":{"line":1,"column":523},"end":{"line":1,"column":737}},"line":1},"3":{"name":"(anonymous_3)","decl":{"start":{"line":1,"column":531},"end":{"line":1,"column":532}},"loc":{"start":{"line":1,"column":541},"end":{"line":1,"column":736}},"line":1},"4":{"name":"(anonymous_4)","decl":{"start":{"line":1,"column":584},"end":{"line":1,"column":585}},"loc":{"start":{"line":1,"column":597},"end":{"line":1,"column":734}},"line":1},"5":{"name":"f","decl":{"start":{"line":1,"column":607},"end":{"line":1,"column":608}},"loc":{"start":{"line":1,"column":611},"end":{"line":1,"column":651}},"line":1},"6":{"name":"g","decl":{"start":{"line":1,"column":660},"end":{"line":1,"column":661}},"loc":{"start":{"line":1,"column":664},"end":{"line":1,"column":705}},"line":1},"7":{"name":"(anonymous_7)","decl":{"start":{"line":1,"column":826},"end":{"line":1,"column":827}},"loc":{"start":{"line":1,"column":836},"end":{"line":1,"column":1340}},"line":1},"8":{"name":"a","decl":{"start":{"line":1,"column":907},"end":{"line":1,"column":908}},"loc":{"start":{"line":1,"column":917},"end":{"line":1,"column":1287}},"line":1},"9":{"name":"(anonymous_9)","decl":{"start":{"line":1,"column":955},"end":{"line":1,"column":956}},"loc":{"start":{"line":1,"column":966},"end":{"line":1,"column":1283}},"line":1},"10":{"name":"(anonymous_10)","decl":{"start":{"line":1,"column":1108},"end":{"line":1,"column":1109}},"loc":{"start":{"line":1,"column":1121},"end":{"line":1,"column":1246}},"line":1},"11":{"name":"(anonymous_11)","decl":{"start":{"line":1,"column":1297},"end":{"line":1,"column":1298}},"loc":{"start":{"line":1,"column":1307},"end":{"line":1,"column":1339}},"line":1},"12":{"name":"(anonymous_12)","decl":{"start":{"line":1,"column":1413},"end":{"line":1,"column":1414}},"loc":{"start":{"line":1,"column":1430},"end":{"line":1,"column":1649}},"line":1},"13":{"name":"(anonymous_13)","decl":{"start":{"line":1,"column":1541},"end":{"line":1,"column":1542}},"loc":{"start":{"line":1,"column":1554},"end":{"line":1,"column":1647}},"line":1},"14":{"name":"(anonymous_14)","decl":{"start":{"line":1,"column":1739},"end":{"line":1,"column":1740}},"loc":{"start":{"line":1,"column":1749},"end":{"line":1,"column":2571}},"line":1},"15":{"name":"a","decl":{"start":{"line":1,"column":1820},"end":{"line":1,"column":1821}},"loc":{"start":{"line":1,"column":1832},"end":{"line":1,"column":2518}},"line":1},"16":{"name":"(anonymous_16)","decl":{"start":{"line":1,"column":1872},"end":{"line":1,"column":1873}},"loc":{"start":{"line":1,"column":1883},"end":{"line":1,"column":2514}},"line":1},"17":{"name":"a","decl":{"start":{"line":1,"column":2036},"end":{"line":1,"column":2037}},"loc":{"start":{"line":1,"column":2039},"end":{"line":1,"column":2265}},"line":1},"18":{"name":"(anonymous_18)","decl":{"start":{"line":1,"column":2071},"end":{"line":1,"column":2072}},"loc":{"start":{"line":1,"column":2082},"end":{"line":1,"column":2261}},"line":1},"19":{"name":"(anonymous_19)","decl":{"start":{"line":1,"column":2528},"end":{"line":1,"column":2529}},"loc":{"start":{"line":1,"column":2538},"end":{"line":1,"column":2570}},"line":1}},"branchMap":{"0":{"loc":{"start":{"line":1,"column":326},"end":{"line":1,"column":355}},"type":"cond-expr","locations":[{"start":{"line":1,"column":342},"end":{"line":1,"column":343}},{"start":{"line":1,"column":344},"end":{"line":1,"column":355}}],"line":1},"1":{"loc":{"start":{"line":1,"column":326},"end":{"line":1,"column":341}},"type":"binary-expr","locations":[{"start":{"line":1,"column":326},"end":{"line":1,"column":327}},{"start":{"line":1,"column":329},"end":{"line":1,"column":341}}],"line":1},"2":{"loc":{"start":{"line":1,"column":453},"end":{"line":1,"column":493}},"type":"cond-expr","locations":[{"start":{"line":1,"column":460},"end":{"line":1,"column":464}},{"start":{"line":1,"column":465},"end":{"line":1,"column":493}}],"line":1},"3":{"loc":{"start":{"line":1,"column":974},"end":{"line":1,"column":1282}},"type":"switch","locations":[{"start":{"line":1,"column":996},"end":{"line":1,"column":1248}},{"start":{"line":1,"column":1248},"end":{"line":1,"column":1255}},{"start":{"line":1,"column":1255},"end":{"line":1,"column":1281}}],"line":1},"4":{"loc":{"start":{"line":1,"column":1122},"end":{"line":1,"column":1245}},"type":"if","locations":[{"start":{"line":1,"column":1122},"end":{"line":1,"column":1245}},{"start":{"line":1,"column":1122},"end":{"line":1,"column":1245}}],"line":1},"5":{"loc":{"start":{"line":1,"column":1125},"end":{"line":1,"column":1130}},"type":"binary-expr","locations":[{"start":{"line":1,"column":1125},"end":{"line":1,"column":1127}},{"start":{"line":1,"column":1129},"end":{"line":1,"column":1130}}],"line":1},"6":{"loc":{"start":{"line":1,"column":1238},"end":{"line":1,"column":1245}},"type":"binary-expr","locations":[{"start":{"line":1,"column":1238},"end":{"line":1,"column":1239}},{"start":{"line":1,"column":1241},"end":{"line":1,"column":1245}}],"line":1},"7":{"loc":{"start":{"line":1,"column":1555},"end":{"line":1,"column":1562}},"type":"binary-expr","locations":[{"start":{"line":1,"column":1555},"end":{"line":1,"column":1556}},{"start":{"line":1,"column":1558},"end":{"line":1,"column":1562}}],"line":1},"8":{"loc":{"start":{"line":1,"column":1891},"end":{"line":1,"column":2513}},"type":"switch","locations":[{"start":{"line":1,"column":1913},"end":{"line":1,"column":2269}},{"start":{"line":1,"column":2269},"end":{"line":1,"column":2479}},{"start":{"line":1,"column":2479},"end":{"line":1,"column":2486}},{"start":{"line":1,"column":2486},"end":{"line":1,"column":2512}}],"line":1},"9":{"loc":{"start":{"line":1,"column":2090},"end":{"line":1,"column":2260}},"type":"switch","locations":[{"start":{"line":1,"column":2112},"end":{"line":1,"column":2186}},{"start":{"line":1,"column":2186},"end":{"line":1,"column":2226}},{"start":{"line":1,"column":2226},"end":{"line":1,"column":2233}},{"start":{"line":1,"column":2233},"end":{"line":1,"column":2259}}],"line":1}},"s":{"0":1,"1":1,"2":1,"3":1,"4":1,"5":1,"6":1,"7":1,"8":1,"9":1,"10":0,"11":1,"12":2,"13":1,"14":1,"15":1,"16":1,"17":0,"18":1,"19":1,"20":1,"21":1,"22":1,"23":1,"24":1,"25":1,"26":1,"27":1,"28":1,"29":1,"30":1,"31":1,"32":1,"33":0,"34":0,"35":1,"36":1,"37":1,"38":1,"39":1,"40":1,"41":3,"42":3,"43":3,"44":3,"45":3,"46":3,"47":3,"48":2,"49":1,"50":1,"51":1,"52":1,"53":0,"54":0,"55":0,"56":0,"57":0,"58":0,"59":0,"60":0,"61":0,"62":0,"63":0,"64":0,"65":1,"66":0,"67":1},"f":{"0":1,"1":1,"2":2,"3":1,"4":1,"5":1,"6":0,"7":1,"8":1,"9":1,"10":1,"11":1,"12":3,"13":3,"14":1,"15":0,"16":0,"17":0,"18":0,"19":0},"b":{"0":[0,1],"1":[1,1],"2":[1,0],"3":[1,1,1],"4":[1,0],"5":[1,1],"6":[0,0],"7":[3,0],"8":[0,0,0,0],"9":[0,0,0,0]},"inputSourceMap":{"version":3,"sources":["index.js"],"names":["definitionsDirectory","__dirname","_decode","filePath","base64Buffer","messageType","done","p","protobuf","load","err","root","MsgType","lookupType","message","decode","Buffer","from","obj","toObject","_encode","output","create","encode","finish","protoResponse","statusCode","final","t","buffer","response","headers","body","toString","isBase64Encoded"],"mappings":"ouBAMMA,CAAAA,oBAAoB,CAAG,kBAAQC,SAAR,CAAmB,aAAnB,C,CAEvBC,OAAO,sFAAG,WAAOC,CAAP,CAAiBC,CAAjB,CAA+BC,CAA/B,CAA4CC,CAA5C,uFACRC,CADQ,CACJ,kBAAQP,oBAAR,CAA8B,UAA9B,WAA6CG,CAA7C,WADI,CAEdK,uBAASC,IAAT,CAAcF,CAAd,CAAiB,SAACG,CAAD,CAAMC,CAAN,CAAe,CAC9B,GAAI,CAACD,CAAD,EAAQC,CAAZ,CACE,GAAI,IACIC,CAAAA,CAAO,CAAGD,CAAI,CAACE,UAAL,CAAgBR,CAAhB,CADd,CAEIS,CAAO,CAAGF,CAAO,CAACG,MAAR,CAAeC,MAAM,CAACC,IAAP,CAAYb,CAAZ,CAA0B,QAA1B,CAAf,CAFd,CAGIc,CAAG,CAAGN,CAAO,CAACO,QAAR,CAAiBL,CAAjB,CAHV,CAIFR,CAAI,CAAC,IAAD,CAAOY,CAAP,CACL,CAAC,MAAOR,CAAP,CAAY,CACZJ,CAAI,CAACI,CAAD,CACL,CARH,IASWA,CAAAA,CATX,EAWEJ,CAAI,CAACI,CAAD,CAEP,CAdD,CAFc,wCAAH,uD,CAmBAK,MAAM,CAAG,oBAAUb,OAAV,C,0BAEhBkB,CAAAA,OAAO,CAAG,SAACjB,CAAD,CAAWkB,CAAX,CAAmBhB,CAAnB,CAAgCC,CAAhC,CAAyC,CACvD,GAAMC,CAAAA,CAAC,CAAG,kBAAQP,oBAAR,CAA8B,WAA9B,WAA8CG,CAA9C,WAAV,CACAK,uBAASC,IAAT,CAAcF,CAAd,CAAiB,SAACG,CAAD,CAAMC,CAAN,CAAe,CAC1BD,CAD0B,EACrBJ,CAAI,CAACI,CAAD,CADiB,CAE9B,GAAI,IACIE,CAAAA,CAAO,CAAGD,CAAI,CAACE,UAAL,CAAgBR,CAAhB,CADd,CAEIS,CAAO,CAAGF,CAAO,CAACU,MAAR,CAAeD,CAAf,CAFd,CAGFf,CAAI,CAAC,IAAD,CAAOM,CAAO,CAACW,MAAR,CAAeT,CAAf,EAAwBU,MAAxB,EAAP,CACL,CAAC,MAAOd,CAAP,CAAY,CACZJ,CAAI,CAACI,CAAD,CACL,CACF,CATD,CAUD,C,CAEYa,MAAM,CAAG,oBAAUH,OAAV,C,uBAEf,GAAMK,CAAAA,aAAa,sFAAG,WAAOC,CAAP,CAAmBL,CAAnB,CAA2BlB,CAA3B,CAAqCE,CAArC,CAAkDsB,CAAlD,yGACNJ,MAAM,CAACpB,CAAD,CAAWkB,CAAX,CAAmBhB,CAAnB,CAAN,8EAA4C,4GAAkB,qBAAU,GAAV,CAAeuB,CAAC,CAAC,mBAAD,CAAhB,CAAuCD,CAAvC,CAAlB,gFAA5C,GADM,QACrBE,CADqB,QAErBC,CAFqB,CAEV,CACfJ,UAAU,CAAVA,CADe,CAEfK,OAAO,CAAE,CACP,eAAgB,wBADT,CAEP,8BAA+B,GAFxB,CAGP,qCAHO,CAFM,CAOfC,IAAI,CAAEH,CAAM,CAACI,QAAP,CAAgB,QAAhB,CAPS,CAQfC,eAAe,GARA,CAFU,CAY3BP,CAAK,CAAC,IAAD,CAAOG,CAAP,CAZsB,wCAAH,uDAAnB,C","sourceRoot":"C:\\Users\\Dxenu\\Desktop\\users-cubed-api-next\\app\\lib\\proto","sourcesContent":["import { resolve } from 'path'\r\nimport protobuf from 'protobufjs'\r\nimport { promisify } from 'util'\r\nimport { red } from 'chalk'\r\n\r\nimport { sendError } from '../utils'\r\nconst definitionsDirectory = resolve(__dirname, '../schemas/')\r\n\r\nconst _decode = async (filePath, base64Buffer, messageType, done) => {\r\n  const p = resolve(definitionsDirectory, 'requests', `${filePath}.proto`)\r\n  protobuf.load(p, (err, root) => {\r\n    if (!err && root) {\r\n      try {\r\n        const MsgType = root.lookupType(messageType)\r\n        const message = MsgType.decode(Buffer.from(base64Buffer, 'base64'))\r\n        const obj = MsgType.toObject(message)\r\n        done(null, obj)\r\n      } catch (err) {\r\n        done(err)\r\n      }\r\n    } else if (err) {\r\n      console.log(red(err))\r\n      done(err)\r\n    }\r\n  })\r\n}\r\n\r\nexport const decode = promisify(_decode)\r\n\r\nconst _encode = (filePath, output, messageType, done) => {\r\n  const p = resolve(definitionsDirectory, 'responses', `${filePath}.proto`)\r\n  protobuf.load(p, (err, root) => {\r\n    if (err) done(err)\r\n    try {\r\n      const MsgType = root.lookupType(messageType)\r\n      const message = MsgType.create(output)\r\n      done(null, MsgType.encode(message).finish())\r\n    } catch (err) {\r\n      done(err)\r\n    }\r\n  })\r\n}\r\n\r\nexport const encode = promisify(_encode)\r\n\r\nexport const protoResponse = async (statusCode, output, filePath, messageType, final) => {\r\n  const buffer = await encode(filePath, output, messageType).catch(async () => await sendError(400, t('error.bad_request'), final))\r\n  const response = {\r\n    statusCode,\r\n    headers: {\r\n      'Content-Type': 'application/x-protobuf',\r\n      'Access-Control-Allow-Origin': '*',\r\n      'Access-Control-Allow-Credentials': true\r\n    },\r\n    body: buffer.toString('base64'),\r\n    isBase64Encoded: true\r\n  }\r\n  final(null, response)\r\n}\r\n"]},"_coverageSchema":"1a1c01bbd47fc00a2c39e90264f33305004495a9","hash":"c78ab4970662a37e451bc92043e1cd5145d82b20","contentHash":"6570339200c8ff8e25a2a79f48f32ef3c9ddcbbc35dc0ec2e1219cf54b033cb6"},"C:\\Users\\Dxenu\\Desktop\\users-cubed-api-next\\app\\lib\\utils\\index.js":{"path":"C:\\Users\\Dxenu\\Desktop\\users-cubed-api-next\\app\\lib\\utils\\index.js","statementMap":{"0":{"start":{"line":1,"column":13},"end":{"line":1,"column":184}},"1":{"start":{"line":1,"column":194},"end":{"line":1,"column":233}},"2":{"start":{"line":1,"column":241},"end":{"line":1,"column":281}},"3":{"start":{"line":1,"column":295},"end":{"line":1,"column":317}},"4":{"start":{"line":1,"column":325},"end":{"line":1,"column":365}},"5":{"start":{"line":1,"column":372},"end":{"line":1,"column":387}},"6":{"start":{"line":1,"column":397},"end":{"line":1,"column":415}},"7":{"start":{"line":1,"column":423},"end":{"line":1,"column":442}},"8":{"start":{"line":1,"column":447},"end":{"line":1,"column":487}},"9":{"start":{"line":1,"column":502},"end":{"line":1,"column":528}},"10":{"start":{"line":1,"column":564},"end":{"line":1,"column":600}},"11":{"start":{"line":1,"column":621},"end":{"line":1,"column":848}},"12":{"start":{"line":1,"column":708},"end":{"line":1,"column":723}},"13":{"start":{"line":1,"column":737},"end":{"line":1,"column":836}},"14":{"start":{"line":1,"column":892},"end":{"line":1,"column":946}},"15":{"start":{"line":1,"column":902},"end":{"line":1,"column":909}},"16":{"start":{"line":1,"column":912},"end":{"line":1,"column":919}},"17":{"start":{"line":1,"column":929},"end":{"line":1,"column":945}},"18":{"start":{"line":1,"column":946},"end":{"line":1,"column":986}},"19":{"start":{"line":1,"column":1017},"end":{"line":1,"column":1229}},"20":{"start":{"line":1,"column":1041},"end":{"line":1,"column":1045}},"21":{"start":{"line":1,"column":1048},"end":{"line":1,"column":1057}},"22":{"start":{"line":1,"column":1058},"end":{"line":1,"column":1228}},"23":{"start":{"line":1,"column":1105},"end":{"line":1,"column":1143}},"24":{"start":{"line":1,"column":1158},"end":{"line":1,"column":1197}},"25":{"start":{"line":1,"column":1204},"end":{"line":1,"column":1216}},"26":{"start":{"line":1,"column":1217},"end":{"line":1,"column":1226}},"27":{"start":{"line":1,"column":1258},"end":{"line":1,"column":1615}},"28":{"start":{"line":1,"column":1275},"end":{"line":1,"column":1562}},"29":{"start":{"line":1,"column":1354},"end":{"line":1,"column":1559}},"30":{"start":{"line":1,"column":1397},"end":{"line":1,"column":1555}},"31":{"start":{"line":1,"column":1404},"end":{"line":1,"column":1555}},"32":{"start":{"line":1,"column":1433},"end":{"line":1,"column":1495}},"33":{"start":{"line":1,"column":1502},"end":{"line":1,"column":1521}},"34":{"start":{"line":1,"column":1538},"end":{"line":1,"column":1554}},"35":{"start":{"line":1,"column":1563},"end":{"line":1,"column":1612}},"36":{"start":{"line":1,"column":1581},"end":{"line":1,"column":1611}},"37":{"start":{"line":1,"column":1626},"end":{"line":1,"column":1657}},"38":{"start":{"line":1,"column":1658},"end":{"line":1,"column":1686}},"39":{"start":{"line":1,"column":1711},"end":{"line":1,"column":2063}},"40":{"start":{"line":1,"column":1728},"end":{"line":1,"column":2010}},"41":{"start":{"line":1,"column":1803},"end":{"line":1,"column":2007}},"42":{"start":{"line":1,"column":1846},"end":{"line":1,"column":2003}},"43":{"start":{"line":1,"column":1853},"end":{"line":1,"column":2003}},"44":{"start":{"line":1,"column":1882},"end":{"line":1,"column":1943}},"45":{"start":{"line":1,"column":1950},"end":{"line":1,"column":1969}},"46":{"start":{"line":1,"column":1986},"end":{"line":1,"column":2002}},"47":{"start":{"line":1,"column":2011},"end":{"line":1,"column":2060}},"48":{"start":{"line":1,"column":2029},"end":{"line":1,"column":2059}},"49":{"start":{"line":1,"column":2071},"end":{"line":1,"column":2099}},"50":{"start":{"line":1,"column":2100},"end":{"line":1,"column":2122}},"51":{"start":{"line":1,"column":2148},"end":{"line":1,"column":2511}},"52":{"start":{"line":1,"column":2165},"end":{"line":1,"column":2458}},"53":{"start":{"line":1,"column":2242},"end":{"line":1,"column":2455}},"54":{"start":{"line":1,"column":2285},"end":{"line":1,"column":2451}},"55":{"start":{"line":1,"column":2292},"end":{"line":1,"column":2451}},"56":{"start":{"line":1,"column":2321},"end":{"line":1,"column":2391}},"57":{"start":{"line":1,"column":2398},"end":{"line":1,"column":2417}},"58":{"start":{"line":1,"column":2434},"end":{"line":1,"column":2450}},"59":{"start":{"line":1,"column":2459},"end":{"line":1,"column":2508}},"60":{"start":{"line":1,"column":2477},"end":{"line":1,"column":2507}},"61":{"start":{"line":1,"column":2512},"end":{"line":1,"column":2538}},"62":{"start":{"line":1,"column":2551},"end":{"line":1,"column":2933}},"63":{"start":{"line":1,"column":2573},"end":{"line":1,"column":2638}},"64":{"start":{"line":1,"column":2641},"end":{"line":1,"column":2675}},"65":{"start":{"line":1,"column":2676},"end":{"line":1,"column":2725}},"66":{"start":{"line":1,"column":2731},"end":{"line":1,"column":2805}},"67":{"start":{"line":1,"column":2761},"end":{"line":1,"column":2773}},"68":{"start":{"line":1,"column":2774},"end":{"line":1,"column":2803}},"69":{"start":{"line":1,"column":2806},"end":{"line":1,"column":2932}},"70":{"start":{"line":1,"column":2831},"end":{"line":1,"column":2843}},"71":{"start":{"line":1,"column":2872},"end":{"line":1,"column":2911}},"72":{"start":{"line":1,"column":2942},"end":{"line":1,"column":2971}},"73":{"start":{"line":1,"column":2972},"end":{"line":1,"column":2996}},"74":{"start":{"line":1,"column":3016},"end":{"line":1,"column":3944}},"75":{"start":{"line":1,"column":3036},"end":{"line":1,"column":3943}},"76":{"start":{"line":1,"column":3112},"end":{"line":1,"column":3447}},"77":{"start":{"line":1,"column":3181},"end":{"line":1,"column":3444}},"78":{"start":{"line":1,"column":3224},"end":{"line":1,"column":3440}},"79":{"start":{"line":1,"column":3231},"end":{"line":1,"column":3440}},"80":{"start":{"line":1,"column":3260},"end":{"line":1,"column":3281}},"81":{"start":{"line":1,"column":3266},"end":{"line":1,"column":3275}},"82":{"start":{"line":1,"column":3275},"end":{"line":1,"column":3280}},"83":{"start":{"line":1,"column":3281},"end":{"line":1,"column":3306}},"84":{"start":{"line":1,"column":3313},"end":{"line":1,"column":3322}},"85":{"start":{"line":1,"column":3322},"end":{"line":1,"column":3328}},"86":{"start":{"line":1,"column":3335},"end":{"line":1,"column":3406}},"87":{"start":{"line":1,"column":3423},"end":{"line":1,"column":3439}},"88":{"start":{"line":1,"column":3448},"end":{"line":1,"column":3497}},"89":{"start":{"line":1,"column":3466},"end":{"line":1,"column":3496}},"90":{"start":{"line":1,"column":3554},"end":{"line":1,"column":3889}},"91":{"start":{"line":1,"column":3623},"end":{"line":1,"column":3886}},"92":{"start":{"line":1,"column":3666},"end":{"line":1,"column":3882}},"93":{"start":{"line":1,"column":3673},"end":{"line":1,"column":3882}},"94":{"start":{"line":1,"column":3702},"end":{"line":1,"column":3723}},"95":{"start":{"line":1,"column":3708},"end":{"line":1,"column":3717}},"96":{"start":{"line":1,"column":3717},"end":{"line":1,"column":3722}},"97":{"start":{"line":1,"column":3723},"end":{"line":1,"column":3748}},"98":{"start":{"line":1,"column":3755},"end":{"line":1,"column":3764}},"99":{"start":{"line":1,"column":3764},"end":{"line":1,"column":3770}},"100":{"start":{"line":1,"column":3777},"end":{"line":1,"column":3848}},"101":{"start":{"line":1,"column":3865},"end":{"line":1,"column":3881}},"102":{"start":{"line":1,"column":3890},"end":{"line":1,"column":3939}},"103":{"start":{"line":1,"column":3908},"end":{"line":1,"column":3938}},"104":{"start":{"line":1,"column":3945},"end":{"line":1,"column":3985}},"105":{"start":{"line":1,"column":4014},"end":{"line":1,"column":4490}},"106":{"start":{"line":1,"column":4031},"end":{"line":1,"column":4437}},"107":{"start":{"line":1,"column":4108},"end":{"line":1,"column":4434}},"108":{"start":{"line":1,"column":4151},"end":{"line":1,"column":4430}},"109":{"start":{"line":1,"column":4158},"end":{"line":1,"column":4430}},"110":{"start":{"line":1,"column":4187},"end":{"line":1,"column":4232}},"111":{"start":{"line":1,"column":4217},"end":{"line":1,"column":4226}},"112":{"start":{"line":1,"column":4226},"end":{"line":1,"column":4231}},"113":{"start":{"line":1,"column":4232},"end":{"line":1,"column":4313}},"114":{"start":{"line":1,"column":4293},"end":{"line":1,"column":4310}},"115":{"start":{"line":1,"column":4320},"end":{"line":1,"column":4372}},"116":{"start":{"line":1,"column":4372},"end":{"line":1,"column":4378}},"117":{"start":{"line":1,"column":4385},"end":{"line":1,"column":4396}},"118":{"start":{"line":1,"column":4413},"end":{"line":1,"column":4429}},"119":{"start":{"line":1,"column":4438},"end":{"line":1,"column":4487}},"120":{"start":{"line":1,"column":4456},"end":{"line":1,"column":4486}},"121":{"start":{"line":1,"column":4502},"end":{"line":1,"column":4534}},"122":{"start":{"line":1,"column":4535},"end":{"line":1,"column":4565}}},"fnMap":{"0":{"name":"_interopRequireDefault","decl":{"start":{"line":1,"column":538},"end":{"line":1,"column":560}},"loc":{"start":{"line":1,"column":563},"end":{"line":1,"column":601}},"line":1},"1":{"name":"_typeof","decl":{"start":{"line":1,"column":610},"end":{"line":1,"column":617}},"loc":{"start":{"line":1,"column":620},"end":{"line":1,"column":849}},"line":1},"2":{"name":"(anonymous_2)","decl":{"start":{"line":1,"column":696},"end":{"line":1,"column":697}},"loc":{"start":{"line":1,"column":707},"end":{"line":1,"column":724}},"line":1},"3":{"name":"(anonymous_3)","decl":{"start":{"line":1,"column":725},"end":{"line":1,"column":726}},"loc":{"start":{"line":1,"column":736},"end":{"line":1,"column":837}},"line":1},"4":{"name":"asyncGeneratorStep","decl":{"start":{"line":1,"column":858},"end":{"line":1,"column":876}},"loc":{"start":{"line":1,"column":891},"end":{"line":1,"column":987}},"line":1},"5":{"name":"_asyncToGenerator","decl":{"start":{"line":1,"column":996},"end":{"line":1,"column":1013}},"loc":{"start":{"line":1,"column":1016},"end":{"line":1,"column":1230}},"line":1},"6":{"name":"(anonymous_6)","decl":{"start":{"line":1,"column":1024},"end":{"line":1,"column":1025}},"loc":{"start":{"line":1,"column":1034},"end":{"line":1,"column":1229}},"line":1},"7":{"name":"(anonymous_7)","decl":{"start":{"line":1,"column":1077},"end":{"line":1,"column":1078}},"loc":{"start":{"line":1,"column":1090},"end":{"line":1,"column":1227}},"line":1},"8":{"name":"f","decl":{"start":{"line":1,"column":1100},"end":{"line":1,"column":1101}},"loc":{"start":{"line":1,"column":1104},"end":{"line":1,"column":1144}},"line":1},"9":{"name":"g","decl":{"start":{"line":1,"column":1153},"end":{"line":1,"column":1154}},"loc":{"start":{"line":1,"column":1157},"end":{"line":1,"column":1198}},"line":1},"10":{"name":"(anonymous_10)","decl":{"start":{"line":1,"column":1258},"end":{"line":1,"column":1259}},"loc":{"start":{"line":1,"column":1268},"end":{"line":1,"column":1613}},"line":1},"11":{"name":"a","decl":{"start":{"line":1,"column":1339},"end":{"line":1,"column":1340}},"loc":{"start":{"line":1,"column":1347},"end":{"line":1,"column":1560}},"line":1},"12":{"name":"(anonymous_12)","decl":{"start":{"line":1,"column":1385},"end":{"line":1,"column":1386}},"loc":{"start":{"line":1,"column":1396},"end":{"line":1,"column":1556}},"line":1},"13":{"name":"(anonymous_13)","decl":{"start":{"line":1,"column":1570},"end":{"line":1,"column":1571}},"loc":{"start":{"line":1,"column":1580},"end":{"line":1,"column":1612}},"line":1},"14":{"name":"(anonymous_14)","decl":{"start":{"line":1,"column":1711},"end":{"line":1,"column":1712}},"loc":{"start":{"line":1,"column":1721},"end":{"line":1,"column":2061}},"line":1},"15":{"name":"a","decl":{"start":{"line":1,"column":1792},"end":{"line":1,"column":1793}},"loc":{"start":{"line":1,"column":1796},"end":{"line":1,"column":2008}},"line":1},"16":{"name":"(anonymous_16)","decl":{"start":{"line":1,"column":1834},"end":{"line":1,"column":1835}},"loc":{"start":{"line":1,"column":1845},"end":{"line":1,"column":2004}},"line":1},"17":{"name":"(anonymous_17)","decl":{"start":{"line":1,"column":2018},"end":{"line":1,"column":2019}},"loc":{"start":{"line":1,"column":2028},"end":{"line":1,"column":2060}},"line":1},"18":{"name":"(anonymous_18)","decl":{"start":{"line":1,"column":2148},"end":{"line":1,"column":2149}},"loc":{"start":{"line":1,"column":2158},"end":{"line":1,"column":2509}},"line":1},"19":{"name":"a","decl":{"start":{"line":1,"column":2229},"end":{"line":1,"column":2230}},"loc":{"start":{"line":1,"column":2235},"end":{"line":1,"column":2456}},"line":1},"20":{"name":"(anonymous_20)","decl":{"start":{"line":1,"column":2273},"end":{"line":1,"column":2274}},"loc":{"start":{"line":1,"column":2284},"end":{"line":1,"column":2452}},"line":1},"21":{"name":"(anonymous_21)","decl":{"start":{"line":1,"column":2466},"end":{"line":1,"column":2467}},"loc":{"start":{"line":1,"column":2476},"end":{"line":1,"column":2508}},"line":1},"22":{"name":"(anonymous_22)","decl":{"start":{"line":1,"column":2551},"end":{"line":1,"column":2552}},"loc":{"start":{"line":1,"column":2566},"end":{"line":1,"column":2933}},"line":1},"23":{"name":"(anonymous_23)","decl":{"start":{"line":1,"column":2743},"end":{"line":1,"column":2744}},"loc":{"start":{"line":1,"column":2754},"end":{"line":1,"column":2804}},"line":1},"24":{"name":"(anonymous_24)","decl":{"start":{"line":1,"column":2819},"end":{"line":1,"column":2820}},"loc":{"start":{"line":1,"column":2830},"end":{"line":1,"column":2844}},"line":1},"25":{"name":"(anonymous_25)","decl":{"start":{"line":1,"column":2861},"end":{"line":1,"column":2862}},"loc":{"start":{"line":1,"column":2871},"end":{"line":1,"column":2912}},"line":1},"26":{"name":"(anonymous_26)","decl":{"start":{"line":1,"column":3016},"end":{"line":1,"column":3017}},"loc":{"start":{"line":1,"column":3035},"end":{"line":1,"column":3944}},"line":1},"27":{"name":"(anonymous_27)","decl":{"start":{"line":1,"column":3095},"end":{"line":1,"column":3096}},"loc":{"start":{"line":1,"column":3105},"end":{"line":1,"column":3498}},"line":1},"28":{"name":"a","decl":{"start":{"line":1,"column":3176},"end":{"line":1,"column":3177}},"loc":{"start":{"line":1,"column":3180},"end":{"line":1,"column":3445}},"line":1},"29":{"name":"(anonymous_29)","decl":{"start":{"line":1,"column":3212},"end":{"line":1,"column":3213}},"loc":{"start":{"line":1,"column":3223},"end":{"line":1,"column":3441}},"line":1},"30":{"name":"(anonymous_30)","decl":{"start":{"line":1,"column":3455},"end":{"line":1,"column":3456}},"loc":{"start":{"line":1,"column":3465},"end":{"line":1,"column":3497}},"line":1},"31":{"name":"(anonymous_31)","decl":{"start":{"line":1,"column":3537},"end":{"line":1,"column":3538}},"loc":{"start":{"line":1,"column":3547},"end":{"line":1,"column":3940}},"line":1},"32":{"name":"a","decl":{"start":{"line":1,"column":3618},"end":{"line":1,"column":3619}},"loc":{"start":{"line":1,"column":3622},"end":{"line":1,"column":3887}},"line":1},"33":{"name":"(anonymous_33)","decl":{"start":{"line":1,"column":3654},"end":{"line":1,"column":3655}},"loc":{"start":{"line":1,"column":3665},"end":{"line":1,"column":3883}},"line":1},"34":{"name":"(anonymous_34)","decl":{"start":{"line":1,"column":3897},"end":{"line":1,"column":3898}},"loc":{"start":{"line":1,"column":3907},"end":{"line":1,"column":3939}},"line":1},"35":{"name":"(anonymous_35)","decl":{"start":{"line":1,"column":4014},"end":{"line":1,"column":4015}},"loc":{"start":{"line":1,"column":4024},"end":{"line":1,"column":4488}},"line":1},"36":{"name":"a","decl":{"start":{"line":1,"column":4095},"end":{"line":1,"column":4096}},"loc":{"start":{"line":1,"column":4101},"end":{"line":1,"column":4435}},"line":1},"37":{"name":"(anonymous_37)","decl":{"start":{"line":1,"column":4139},"end":{"line":1,"column":4140}},"loc":{"start":{"line":1,"column":4150},"end":{"line":1,"column":4431}},"line":1},"38":{"name":"(anonymous_38)","decl":{"start":{"line":1,"column":4282},"end":{"line":1,"column":4283}},"loc":{"start":{"line":1,"column":4292},"end":{"line":1,"column":4311}},"line":1},"39":{"name":"(anonymous_39)","decl":{"start":{"line":1,"column":4445},"end":{"line":1,"column":4446}},"loc":{"start":{"line":1,"column":4455},"end":{"line":1,"column":4487}},"line":1}},"branchMap":{"0":{"loc":{"start":{"line":1,"column":571},"end":{"line":1,"column":600}},"type":"cond-expr","locations":[{"start":{"line":1,"column":587},"end":{"line":1,"column":588}},{"start":{"line":1,"column":589},"end":{"line":1,"column":600}}],"line":1},"1":{"loc":{"start":{"line":1,"column":571},"end":{"line":1,"column":586}},"type":"binary-expr","locations":[{"start":{"line":1,"column":571},"end":{"line":1,"column":572}},{"start":{"line":1,"column":574},"end":{"line":1,"column":586}}],"line":1},"2":{"loc":{"start":{"line":1,"column":636},"end":{"line":1,"column":837}},"type":"cond-expr","locations":[{"start":{"line":1,"column":696},"end":{"line":1,"column":724}},{"start":{"line":1,"column":725},"end":{"line":1,"column":837}}],"line":1},"3":{"loc":{"start":{"line":1,"column":636},"end":{"line":1,"column":695}},"type":"binary-expr","locations":[{"start":{"line":1,"column":636},"end":{"line":1,"column":661}},{"start":{"line":1,"column":663},"end":{"line":1,"column":695}}],"line":1},"4":{"loc":{"start":{"line":1,"column":744},"end":{"line":1,"column":836}},"type":"cond-expr","locations":[{"start":{"line":1,"column":819},"end":{"line":1,"column":827}},{"start":{"line":1,"column":828},"end":{"line":1,"column":836}}],"line":1},"5":{"loc":{"start":{"line":1,"column":744},"end":{"line":1,"column":818}},"type":"binary-expr","locations":[{"start":{"line":1,"column":744},"end":{"line":1,"column":745}},{"start":{"line":1,"column":747},"end":{"line":1,"column":772}},{"start":{"line":1,"column":774},"end":{"line":1,"column":796}},{"start":{"line":1,"column":798},"end":{"line":1,"column":818}}],"line":1},"6":{"loc":{"start":{"line":1,"column":946},"end":{"line":1,"column":986}},"type":"cond-expr","locations":[{"start":{"line":1,"column":953},"end":{"line":1,"column":957}},{"start":{"line":1,"column":958},"end":{"line":1,"column":986}}],"line":1},"7":{"loc":{"start":{"line":1,"column":1404},"end":{"line":1,"column":1555}},"type":"switch","locations":[{"start":{"line":1,"column":1426},"end":{"line":1,"column":1495}},{"start":{"line":1,"column":1495},"end":{"line":1,"column":1521}},{"start":{"line":1,"column":1521},"end":{"line":1,"column":1528}},{"start":{"line":1,"column":1528},"end":{"line":1,"column":1554}}],"line":1},"8":{"loc":{"start":{"line":1,"column":1853},"end":{"line":1,"column":2003}},"type":"switch","locations":[{"start":{"line":1,"column":1875},"end":{"line":1,"column":1943}},{"start":{"line":1,"column":1943},"end":{"line":1,"column":1969}},{"start":{"line":1,"column":1969},"end":{"line":1,"column":1976}},{"start":{"line":1,"column":1976},"end":{"line":1,"column":2002}}],"line":1},"9":{"loc":{"start":{"line":1,"column":2292},"end":{"line":1,"column":2451}},"type":"switch","locations":[{"start":{"line":1,"column":2314},"end":{"line":1,"column":2391}},{"start":{"line":1,"column":2391},"end":{"line":1,"column":2417}},{"start":{"line":1,"column":2417},"end":{"line":1,"column":2424}},{"start":{"line":1,"column":2424},"end":{"line":1,"column":2450}}],"line":1},"10":{"loc":{"start":{"line":1,"column":2573},"end":{"line":1,"column":2638}},"type":"cond-expr","locations":[{"start":{"line":1,"column":2604},"end":{"line":1,"column":2620}},{"start":{"line":1,"column":2621},"end":{"line":1,"column":2638}}],"line":1},"11":{"loc":{"start":{"line":1,"column":2573},"end":{"line":1,"column":2603}},"type":"binary-expr","locations":[{"start":{"line":1,"column":2573},"end":{"line":1,"column":2591}},{"start":{"line":1,"column":2593},"end":{"line":1,"column":2603}}],"line":1},"12":{"loc":{"start":{"line":1,"column":2774},"end":{"line":1,"column":2803}},"type":"cond-expr","locations":[{"start":{"line":1,"column":2791},"end":{"line":1,"column":2798}},{"start":{"line":1,"column":2799},"end":{"line":1,"column":2803}}],"line":1},"13":{"loc":{"start":{"line":1,"column":2774},"end":{"line":1,"column":2790}},"type":"binary-expr","locations":[{"start":{"line":1,"column":2774},"end":{"line":1,"column":2781}},{"start":{"line":1,"column":2783},"end":{"line":1,"column":2790}}],"line":1},"14":{"loc":{"start":{"line":1,"column":3036},"end":{"line":1,"column":3943}},"type":"cond-expr","locations":[{"start":{"line":1,"column":3058},"end":{"line":1,"column":3501}},{"start":{"line":1,"column":3502},"end":{"line":1,"column":3943}}],"line":1},"15":{"loc":{"start":{"line":1,"column":3231},"end":{"line":1,"column":3440}},"type":"switch","locations":[{"start":{"line":1,"column":3253},"end":{"line":1,"column":3306}},{"start":{"line":1,"column":3306},"end":{"line":1,"column":3328}},{"start":{"line":1,"column":3328},"end":{"line":1,"column":3406}},{"start":{"line":1,"column":3406},"end":{"line":1,"column":3413}},{"start":{"line":1,"column":3413},"end":{"line":1,"column":3439}}],"line":1},"16":{"loc":{"start":{"line":1,"column":3260},"end":{"line":1,"column":3281}},"type":"if","locations":[{"start":{"line":1,"column":3260},"end":{"line":1,"column":3281}},{"start":{"line":1,"column":3260},"end":{"line":1,"column":3281}}],"line":1},"17":{"loc":{"start":{"line":1,"column":3673},"end":{"line":1,"column":3882}},"type":"switch","locations":[{"start":{"line":1,"column":3695},"end":{"line":1,"column":3748}},{"start":{"line":1,"column":3748},"end":{"line":1,"column":3770}},{"start":{"line":1,"column":3770},"end":{"line":1,"column":3848}},{"start":{"line":1,"column":3848},"end":{"line":1,"column":3855}},{"start":{"line":1,"column":3855},"end":{"line":1,"column":3881}}],"line":1},"18":{"loc":{"start":{"line":1,"column":3702},"end":{"line":1,"column":3723}},"type":"if","locations":[{"start":{"line":1,"column":3702},"end":{"line":1,"column":3723}},{"start":{"line":1,"column":3702},"end":{"line":1,"column":3723}}],"line":1},"19":{"loc":{"start":{"line":1,"column":4158},"end":{"line":1,"column":4430}},"type":"switch","locations":[{"start":{"line":1,"column":4180},"end":{"line":1,"column":4313}},{"start":{"line":1,"column":4313},"end":{"line":1,"column":4378}},{"start":{"line":1,"column":4378},"end":{"line":1,"column":4396}},{"start":{"line":1,"column":4396},"end":{"line":1,"column":4403}},{"start":{"line":1,"column":4403},"end":{"line":1,"column":4429}}],"line":1},"20":{"loc":{"start":{"line":1,"column":4187},"end":{"line":1,"column":4232}},"type":"if","locations":[{"start":{"line":1,"column":4187},"end":{"line":1,"column":4232}},{"start":{"line":1,"column":4187},"end":{"line":1,"column":4232}}],"line":1},"21":{"loc":{"start":{"line":1,"column":4329},"end":{"line":1,"column":4362}},"type":"cond-expr","locations":[{"start":{"line":1,"column":4342},"end":{"line":1,"column":4351}},{"start":{"line":1,"column":4352},"end":{"line":1,"column":4362}}],"line":1},"22":{"loc":{"start":{"line":1,"column":4329},"end":{"line":1,"column":4341}},"type":"binary-expr","locations":[{"start":{"line":1,"column":4329},"end":{"line":1,"column":4330}},{"start":{"line":1,"column":4332},"end":{"line":1,"column":4341}}],"line":1}},"s":{"0":1,"1":1,"2":1,"3":1,"4":1,"5":1,"6":1,"7":1,"8":1,"9":1,"10":4,"11":0,"12":0,"13":0,"14":5,"15":5,"16":5,"17":0,"18":5,"19":4,"20":3,"21":3,"22":3,"23":5,"24":0,"25":3,"26":3,"27":1,"28":1,"29":0,"30":0,"31":0,"32":0,"33":0,"34":0,"35":1,"36":0,"37":1,"38":1,"39":1,"40":1,"41":0,"42":0,"43":0,"44":0,"45":0,"46":0,"47":1,"48":0,"49":1,"50":1,"51":1,"52":1,"53":0,"54":0,"55":0,"56":0,"57":0,"58":0,"59":1,"60":0,"61":1,"62":1,"63":0,"64":0,"65":0,"66":0,"67":0,"68":0,"69":0,"70":0,"71":0,"72":1,"73":1,"74":1,"75":0,"76":0,"77":0,"78":0,"79":0,"80":0,"81":0,"82":0,"83":0,"84":0,"85":0,"86":0,"87":0,"88":0,"89":0,"90":0,"91":0,"92":0,"93":0,"94":0,"95":0,"96":0,"97":0,"98":0,"99":0,"100":0,"101":0,"102":0,"103":0,"104":1,"105":1,"106":1,"107":3,"108":5,"109":8,"110":3,"111":1,"112":1,"113":2,"114":1,"115":2,"116":2,"117":1,"118":3,"119":1,"120":3,"121":1,"122":1},"f":{"0":4,"1":0,"2":0,"3":0,"4":5,"5":4,"6":3,"7":3,"8":5,"9":0,"10":1,"11":0,"12":0,"13":0,"14":1,"15":0,"16":0,"17":0,"18":1,"19":0,"20":0,"21":0,"22":0,"23":0,"24":0,"25":0,"26":0,"27":0,"28":0,"29":0,"30":0,"31":0,"32":0,"33":0,"34":0,"35":1,"36":3,"37":5,"38":1,"39":3},"b":{"0":[1,3],"1":[4,4],"2":[0,0],"3":[0,0],"4":[0,0],"5":[0,0,0,0],"6":[3,2],"7":[0,0,0,0],"8":[0,0,0,0],"9":[0,0,0,0],"10":[0,0],"11":[0,0],"12":[0,0],"13":[0,0],"14":[0,0],"15":[0,0,0,0,0],"16":[0,0],"17":[0,0,0,0,0],"18":[0,0],"19":[3,2,1,3,3],"20":[1,2],"21":[1,1],"22":[2,1]},"inputSourceMap":{"version":3,"sources":["index.js"],"names":["_sendError","status","msg","final","response","sendError","_sendOk","sendOk","sendUser","_request","schema","obj","done","schemaLib","http","https","payloadString","data","headers","Buffer","byteLength","req","request","res","statusCode","on","err","message","write","end","finalizeRequest","collection","id","action","dataLib","_validEmail","email","r","isValid","validEmail"],"mappings":"itCAWMA,CAAAA,UAAU,sFAAG,WAAOC,CAAP,CAAeC,CAAf,CAAoBC,CAApB,uGACM,yBAAcF,CAAd,CAAsBC,CAAtB,CAA2B,OAA3B,CAAoC,OAApC,CADN,QACXE,CADW,QAEjBD,CAAK,CAAC,IAAD,CAAOC,CAAP,CAFY,wCAAH,uD,CAKHC,SAAS,CAAG,oBAAUL,UAAV,C,gCAEnBM,CAAAA,OAAO,sFAAG,WAAOH,CAAP,uGACS,yBAAc,GAAd,CAAmB,IAAnB,CAAyB,IAAzB,CAA+B,IAA/B,CADT,QACRC,CADQ,QAEdD,CAAK,CAAC,IAAD,CAAOC,CAAP,CAFS,wCAAH,uD,CAKAG,MAAM,CAAG,oBAAUD,OAAV,C,uBAEf,GAAME,CAAAA,QAAQ,sFAAG,WAAON,CAAP,CAAYC,CAAZ,uGACC,yBAAc,GAAd,CAAmBD,CAAnB,CAAwB,UAAxB,CAAoC,UAApC,CADD,QAChBE,CADgB,QAEtBD,CAAK,CAAC,IAAD,CAAOC,CAAP,CAFiB,wCAAH,uDAAd,C,6BAKDK,CAAAA,QAAQ,CAAG,SAACC,CAAD,CAASC,CAAT,CAAcC,CAAd,CAAuB,IAChCC,CAAAA,CAAS,CAAqB,QAAlB,QAAOH,CAAAA,CAAP,EAAyC,MAAX,GAAAA,CAA9B,CAAkDI,gBAAlD,CAAyDC,iBADrC,CAEhCC,CAAa,CAAG,2BAAUL,CAAG,CAACM,IAAd,CAFgB,CAGtCN,CAAG,CAACO,OAAJ,CAAY,gBAAZ,EAAgCC,MAAM,CAACC,UAAP,CAAkBJ,CAAlB,CAHM,CAKtC,GAAMK,CAAAA,CAAG,CAAGR,CAAS,CAACS,OAAV,CAAkBX,CAAlB,CAAuB,SAACY,CAAD,CAAS,CAC1C,GAAMtB,CAAAA,CAAM,CAAGsB,CAAG,CAACC,UAAnB,CACe,GAAX,GAAAvB,CAAM,EAAuB,GAAX,GAAAA,CAFoB,CAGxCW,CAAI,CAAC,IAAD,CAHoC,CAKxCA,CAAI,CAACX,CAAD,CAEP,CAPW,CAAZ,CASAoB,CAAG,CAACI,EAAJ,CAAO,OAAP,CAAgB,SAACC,CAAD,CAAS,CACvBd,CAAI,CAACc,CAAG,CAACC,OAAL,CACL,CAFD,CAdsC,CAkBtCN,CAAG,CAACI,EAAJ,CAAO,SAAP,CAAkB,UAAM,CACtBb,CAAI,CAAC,oBAAE,eAAF,CAAD,CACL,CAFD,CAlBsC,CAsBtCS,CAAG,CAACO,KAAJ,CAAUZ,CAAV,CAtBsC,CAuBtCK,CAAG,CAACQ,GAAJ,EACD,C,CAEYP,OAAO,CAAG,oBAAUb,QAAV,C,yBAEhB,GAAMqB,CAAAA,eAAe,CAAG,SAACC,CAAD,CAAaC,CAAb,CAAiBC,CAAjB,CAAyBrB,CAAzB,CAA+BD,CAA/B,CAAuC,CACjD,QAAf,WAAOA,CAAP,CADgE,CAElEuB,eAAQD,CAAR,EAAgBF,CAAhB,CAA4BC,CAA5B,CAAgCrB,CAAhC,sFAAqC,WAAOe,CAAP,oFAC9BA,CAD8B,iCAE3BnB,MAAM,EAFqB,8CAI3BF,SAAS,CAAC,GAAD,CAAM,oBAAE,gBAAF,CAAN,CAA2BO,CAA3B,CAJkB,wCAArC,wDAFkE,CAUlEsB,eAAQD,CAAR,EAAgBF,CAAhB,CAA4BC,CAA5B,sFAAgC,WAAON,CAAP,oFACzBA,CADyB,iCAEtBnB,MAAM,EAFgB,8CAItBF,SAAS,CAAC,GAAD,CAAM,oBAAE,gBAAF,CAAN,CAA2BO,CAA3B,CAJa,wCAAhC,wDAQH,CAlBM,C,2CAoBDuB,CAAAA,WAAW,sFAAG,WAAOC,CAAP,CAAcxB,CAAd,2FACd,sBAASwB,CAAT,CADc,iCAEA,sBAAMA,CAAN,WAAmB,iBAAMxB,CAAAA,CAAI,CAAC,IAAD,IAAV,CAAnB,CAFA,QAEVyB,CAFU,QAGZA,CAAC,EAAIA,CAAC,CAACC,OAHK,CAId1B,CAAI,CAAC,IAAD,CAAOwB,CAAP,CAJU,CAMdxB,CAAI,CAAC,IAAD,IANU,uBAShBA,CAAI,CAAC,IAAD,IATY,wCAAH,uD,CAaJ2B,UAAU,CAAG,oBAAUJ,WAAV,C","sourceRoot":"C:\\Users\\Dxenu\\Desktop\\users-cubed-api-next\\app\\lib\\utils","sourcesContent":["import http from 'http'\r\nimport https from 'https'\r\nimport { stringify } from 'querystring'\r\nimport legit from 'legit'\r\nimport { promisify } from 'util'\r\nimport { validate } from 'isemail'\r\n\r\nimport { protoResponse } from '../proto'\r\nimport dataLib from '../db'\r\nimport { t } from '../translations'\r\n\r\nconst _sendError = async (status, msg, final) => {\r\n  const response = await protoResponse(status, msg, 'error', 'Error')\r\n  final(null, response)\r\n}\r\n\r\nexport const sendError = promisify(_sendError)\r\n\r\nconst _sendOk = async (final) => {\r\n  const response = await protoResponse(200, 'Ok', 'ok', 'Ok')\r\n  final(null, response)\r\n}\r\n\r\nexport const sendOk = promisify(_sendOk)\r\n\r\nexport const sendUser = async (msg, final) => {\r\n  const response = await protoResponse(200, msg, 'userEdit', 'UserEdit')\r\n  final(null, response)\r\n}\r\n\r\nconst _request = (schema, obj, done) => {\r\n  const schemaLib = typeof schema === 'string' && schema === 'http' ? http : https\r\n  const payloadString = stringify(obj.data)\r\n  obj.headers['Content-Length'] = Buffer.byteLength(payloadString)\r\n\r\n  const req = schemaLib.request(obj, (res) => {\r\n    const status = res.statusCode\r\n    if (status === 200 || status === 201) {\r\n      done(null)\r\n    } else {\r\n      done(status)\r\n    }\r\n  })\r\n\r\n  req.on('error', (err) => {\r\n    done(err.message)\r\n  })\r\n\r\n  req.on('timeout', () => {\r\n    done(t('error.timeout'))\r\n  })\r\n\r\n  req.write(payloadString)\r\n  req.end()\r\n}\r\n\r\nexport const request = promisify(_request)\r\n\r\nexport const finalizeRequest = (collection, id, action, done, obj) => {\r\n  if (typeof obj === 'object') {\r\n    dataLib[action](collection, id, obj, async (err, data) => {\r\n      if (!err) {\r\n        await sendOk()\r\n      } else {\r\n        await sendError(500, t('error.internal'), done)\r\n      }\r\n    })\r\n  } else {\r\n    dataLib[action](collection, id, async (err, data) => {\r\n      if (!err) {\r\n        await sendOk()\r\n      } else {\r\n        await sendError(500, t('error.internal'), done)\r\n      }\r\n    })\r\n  }\r\n}\r\n\r\nconst _validEmail = async (email, done) => {\r\n  if (validate(email)) {\r\n    const r = await legit(email).catch(() => done(null, false))\r\n    if (r && r.isValid) {\r\n      done(null, email)\r\n    } else {\r\n      done(null, false)\r\n    }\r\n  } else {\r\n    done(null, false)\r\n  }\r\n}\r\n\r\nexport const validEmail = promisify(_validEmail)\r\n"]},"_coverageSchema":"1a1c01bbd47fc00a2c39e90264f33305004495a9","hash":"1127728e81c9838ce61ef6f29bb2ee8816a5c029","contentHash":"22a3a83ade6a79e53e8561c5d966473915ff11488559070b6d0615b897d96e00"},"C:\\Users\\Dxenu\\Desktop\\users-cubed-api-next\\app\\lib\\db\\index.js":{"path":"C:\\Users\\Dxenu\\Desktop\\users-cubed-api-next\\app\\lib\\db\\index.js","statementMap":{"0":{"start":{"line":1,"column":13},"end":{"line":1,"column":113}},"1":{"start":{"line":1,"column":123},"end":{"line":1,"column":138}},"2":{"start":{"line":1,"column":147},"end":{"line":1,"column":170}},"3":{"start":{"line":1,"column":182},"end":{"line":1,"column":228}},"4":{"start":{"line":1,"column":243},"end":{"line":1,"column":269}},"5":{"start":{"line":1,"column":305},"end":{"line":1,"column":341}},"6":{"start":{"line":1,"column":358},"end":{"line":1,"column":553}},"7":{"start":{"line":1,"column":380},"end":{"line":1,"column":388}},"8":{"start":{"line":1,"column":389},"end":{"line":1,"column":552}},"9":{"start":{"line":1,"column":403},"end":{"line":1,"column":404}},"10":{"start":{"line":1,"column":407},"end":{"line":1,"column":409}},"11":{"start":{"line":1,"column":410},"end":{"line":1,"column":536}},"12":{"start":{"line":1,"column":432},"end":{"line":1,"column":534}},"13":{"start":{"line":1,"column":455},"end":{"line":1,"column":532}},"14":{"start":{"line":1,"column":542},"end":{"line":1,"column":552}},"15":{"start":{"line":1,"column":565},"end":{"line":1,"column":597}},"16":{"start":{"line":1,"column":598},"end":{"line":1,"column":628}},"17":{"start":{"line":1,"column":641},"end":{"line":1,"column":688}},"18":{"start":{"line":1,"column":689},"end":{"line":1,"column":717}}},"fnMap":{"0":{"name":"_interopRequireDefault","decl":{"start":{"line":1,"column":279},"end":{"line":1,"column":301}},"loc":{"start":{"line":1,"column":304},"end":{"line":1,"column":342}},"line":1},"1":{"name":"(anonymous_1)","decl":{"start":{"line":1,"column":358},"end":{"line":1,"column":359}},"loc":{"start":{"line":1,"column":373},"end":{"line":1,"column":553}},"line":1},"2":{"name":"(anonymous_2)","decl":{"start":{"line":1,"column":420},"end":{"line":1,"column":421}},"loc":{"start":{"line":1,"column":431},"end":{"line":1,"column":535}},"line":1},"3":{"name":"(anonymous_3)","decl":{"start":{"line":1,"column":443},"end":{"line":1,"column":444}},"loc":{"start":{"line":1,"column":454},"end":{"line":1,"column":533}},"line":1}},"branchMap":{"0":{"loc":{"start":{"line":1,"column":312},"end":{"line":1,"column":341}},"type":"cond-expr","locations":[{"start":{"line":1,"column":328},"end":{"line":1,"column":329}},{"start":{"line":1,"column":330},"end":{"line":1,"column":341}}],"line":1},"1":{"loc":{"start":{"line":1,"column":312},"end":{"line":1,"column":327}},"type":"binary-expr","locations":[{"start":{"line":1,"column":312},"end":{"line":1,"column":313}},{"start":{"line":1,"column":315},"end":{"line":1,"column":327}}],"line":1},"2":{"loc":{"start":{"line":1,"column":389},"end":{"line":1,"column":552}},"type":"if","locations":[{"start":{"line":1,"column":389},"end":{"line":1,"column":552}},{"start":{"line":1,"column":389},"end":{"line":1,"column":552}}],"line":1},"3":{"loc":{"start":{"line":1,"column":455},"end":{"line":1,"column":466}},"type":"cond-expr","locations":[{"start":{"line":1,"column":457},"end":{"line":1,"column":461}},{"start":{"line":1,"column":462},"end":{"line":1,"column":466}}],"line":1},"4":{"loc":{"start":{"line":1,"column":467},"end":{"line":1,"column":532}},"type":"binary-expr","locations":[{"start":{"line":1,"column":467},"end":{"line":1,"column":472}},{"start":{"line":1,"column":475},"end":{"line":1,"column":531}}],"line":1},"5":{"loc":{"start":{"line":1,"column":475},"end":{"line":1,"column":531}},"type":"cond-expr","locations":[{"start":{"line":1,"column":477},"end":{"line":1,"column":520}},{"start":{"line":1,"column":521},"end":{"line":1,"column":531}}],"line":1},"6":{"loc":{"start":{"line":1,"column":641},"end":{"line":1,"column":688}},"type":"cond-expr","locations":[{"start":{"line":1,"column":664},"end":{"line":1,"column":685}},{"start":{"line":1,"column":686},"end":{"line":1,"column":688}}],"line":1}},"s":{"0":1,"1":1,"2":1,"3":1,"4":1,"5":1,"6":1,"7":0,"8":0,"9":0,"10":0,"11":0,"12":0,"13":0,"14":0,"15":1,"16":1,"17":1,"18":1},"f":{"0":1,"1":0,"2":0,"3":0},"b":{"0":[1,0],"1":[1,1],"2":[0,0],"3":[0,0],"4":[0,0],"5":[0,0],"6":[1,0]},"inputSourceMap":{"version":3,"sources":["index.js"],"names":["_joinDelete","table","col","done","toDelete","length","deleted","errors","forEach","id","err","joinDelete","db"],"mappings":"yVAMMA,CAAAA,WAAW,CAAG,SAACC,CAAD,CAAQC,CAAR,CAAaC,CAAb,CAAsB,CACxC,GAAMC,CAAAA,CAAQ,CAAGF,CAAG,CAACG,MAArB,CACA,GAAe,CAAX,CAAAD,CAAJ,CAAkB,IACZE,CAAAA,CAAO,CAAG,CADE,CAEZC,CAAM,GAFM,CAGhBL,CAAG,CAACM,OAAJ,CAAY,SAACC,CAAD,CAAQ,CAClB,OAAQR,CAAK,CAAEQ,CAAF,CAAM,SAACC,CAAD,CAAS,CACrBA,CADqB,CAIxBH,CAAM,GAJkB,CAExBD,CAAO,EAAI,CAFa,CAOtBA,CAAO,GAAKF,CAPU,GAQnBG,CARmB,CAWtBJ,CAAI,CAAC,oBAAE,mBAAF,CAAD,CAXkB,CAStBA,CAAI,CAAC,IAAD,CAAO,EAAP,CATkB,CAc3B,CAdD,CAeD,CAhBD,CAiBD,CApBD,IAqBEA,CAAAA,CAAI,CAAC,IAAD,CAAO,EAAP,CAEP,C,CAEYQ,UAAU,CAAG,oBAAUX,WAAV,C,4CAEC,IAAZ,mBAAmBY,qBAAnB,CAAwB,E","sourceRoot":"C:\\Users\\Dxenu\\Desktop\\users-cubed-api-next\\app\\lib\\db","sourcesContent":["import { promisify } from 'util'\r\n\r\nimport { DB_TYPE } from '../../config'\r\nimport db from './functions'\r\nimport { t } from '../translations'\r\n\r\nconst _joinDelete = (table, col, done) => {\r\n  const toDelete = col.length\r\n  if (toDelete > 0) {\r\n    let deleted = 0\r\n    let errors = false\r\n    col.forEach((id) => {\r\n      delete (table, id, (err) => {\r\n        if (!err) {\r\n          deleted += 1\r\n        } else {\r\n          errors = true\r\n        }\r\n\r\n        if (deleted === toDelete) {\r\n          if (!errors) {\r\n            done(null, {})\r\n          } else {\r\n            done(t('error.join_delete'))\r\n          }\r\n        }\r\n      })\r\n    })\r\n  } else {\r\n    done(null, {})\r\n  }\r\n}\r\n\r\nexport const joinDelete = promisify(_joinDelete)\r\n\r\nexport default DB_TYPE === 's3' ? db : {}\r\n"]},"_coverageSchema":"1a1c01bbd47fc00a2c39e90264f33305004495a9","hash":"fc909af27033f5a0c5649058be9ae458136a6c05","contentHash":"2d5ca557f5e9003c203a4218b2d4b1702fe12d5256dd62711bdd8bc02fa7f828"},"C:\\Users\\Dxenu\\Desktop\\users-cubed-api-next\\app\\lib\\db\\functions.js":{"path":"C:\\Users\\Dxenu\\Desktop\\users-cubed-api-next\\app\\lib\\db\\functions.js","statementMap":{"0":{"start":{"line":1,"column":13},"end":{"line":1,"column":94}},"1":{"start":{"line":1,"column":104},"end":{"line":1,"column":119}},"2":{"start":{"line":1,"column":123},"end":{"line":1,"column":163}},"3":{"start":{"line":1,"column":199},"end":{"line":1,"column":235}},"4":{"start":{"line":1,"column":279},"end":{"line":1,"column":333}},"5":{"start":{"line":1,"column":289},"end":{"line":1,"column":296}},"6":{"start":{"line":1,"column":299},"end":{"line":1,"column":306}},"7":{"start":{"line":1,"column":316},"end":{"line":1,"column":332}},"8":{"start":{"line":1,"column":333},"end":{"line":1,"column":373}},"9":{"start":{"line":1,"column":404},"end":{"line":1,"column":616}},"10":{"start":{"line":1,"column":428},"end":{"line":1,"column":432}},"11":{"start":{"line":1,"column":435},"end":{"line":1,"column":444}},"12":{"start":{"line":1,"column":445},"end":{"line":1,"column":615}},"13":{"start":{"line":1,"column":492},"end":{"line":1,"column":530}},"14":{"start":{"line":1,"column":545},"end":{"line":1,"column":584}},"15":{"start":{"line":1,"column":591},"end":{"line":1,"column":603}},"16":{"start":{"line":1,"column":604},"end":{"line":1,"column":613}},"17":{"start":{"line":1,"column":624},"end":{"line":1,"column":626}},"18":{"start":{"line":1,"column":648},"end":{"line":1,"column":1045}},"19":{"start":{"line":1,"column":665},"end":{"line":1,"column":992}},"20":{"start":{"line":1,"column":746},"end":{"line":1,"column":989}},"21":{"start":{"line":1,"column":789},"end":{"line":1,"column":985}},"22":{"start":{"line":1,"column":796},"end":{"line":1,"column":985}},"23":{"start":{"line":1,"column":825},"end":{"line":1,"column":925}},"24":{"start":{"line":1,"column":911},"end":{"line":1,"column":922}},"25":{"start":{"line":1,"column":932},"end":{"line":1,"column":951}},"26":{"start":{"line":1,"column":968},"end":{"line":1,"column":984}},"27":{"start":{"line":1,"column":993},"end":{"line":1,"column":1042}},"28":{"start":{"line":1,"column":1011},"end":{"line":1,"column":1041}},"29":{"start":{"line":1,"column":1065},"end":{"line":1,"column":1461}},"30":{"start":{"line":1,"column":1082},"end":{"line":1,"column":1408}},"31":{"start":{"line":1,"column":1161},"end":{"line":1,"column":1405}},"32":{"start":{"line":1,"column":1204},"end":{"line":1,"column":1401}},"33":{"start":{"line":1,"column":1211},"end":{"line":1,"column":1401}},"34":{"start":{"line":1,"column":1240},"end":{"line":1,"column":1341}},"35":{"start":{"line":1,"column":1327},"end":{"line":1,"column":1338}},"36":{"start":{"line":1,"column":1348},"end":{"line":1,"column":1367}},"37":{"start":{"line":1,"column":1384},"end":{"line":1,"column":1400}},"38":{"start":{"line":1,"column":1409},"end":{"line":1,"column":1458}},"39":{"start":{"line":1,"column":1427},"end":{"line":1,"column":1457}},"40":{"start":{"line":1,"column":1483},"end":{"line":1,"column":2130}},"41":{"start":{"line":1,"column":1500},"end":{"line":1,"column":2077}},"42":{"start":{"line":1,"column":1583},"end":{"line":1,"column":2074}},"43":{"start":{"line":1,"column":1626},"end":{"line":1,"column":2070}},"44":{"start":{"line":1,"column":1633},"end":{"line":1,"column":2070}},"45":{"start":{"line":1,"column":1662},"end":{"line":1,"column":1763}},"46":{"start":{"line":1,"column":1749},"end":{"line":1,"column":1760}},"47":{"start":{"line":1,"column":1770},"end":{"line":1,"column":1802}},"48":{"start":{"line":1,"column":1786},"end":{"line":1,"column":1796}},"49":{"start":{"line":1,"column":1796},"end":{"line":1,"column":1801}},"50":{"start":{"line":1,"column":1802},"end":{"line":1,"column":1902}},"51":{"start":{"line":1,"column":1888},"end":{"line":1,"column":1899}},"52":{"start":{"line":1,"column":1909},"end":{"line":1,"column":2009}},"53":{"start":{"line":1,"column":1995},"end":{"line":1,"column":2006}},"54":{"start":{"line":1,"column":2016},"end":{"line":1,"column":2035}},"55":{"start":{"line":1,"column":2053},"end":{"line":1,"column":2069}},"56":{"start":{"line":1,"column":2078},"end":{"line":1,"column":2127}},"57":{"start":{"line":1,"column":2096},"end":{"line":1,"column":2126}},"58":{"start":{"line":1,"column":2152},"end":{"line":1,"column":2547}},"59":{"start":{"line":1,"column":2169},"end":{"line":1,"column":2494}},"60":{"start":{"line":1,"column":2248},"end":{"line":1,"column":2491}},"61":{"start":{"line":1,"column":2291},"end":{"line":1,"column":2487}},"62":{"start":{"line":1,"column":2298},"end":{"line":1,"column":2487}},"63":{"start":{"line":1,"column":2327},"end":{"line":1,"column":2427}},"64":{"start":{"line":1,"column":2413},"end":{"line":1,"column":2424}},"65":{"start":{"line":1,"column":2434},"end":{"line":1,"column":2453}},"66":{"start":{"line":1,"column":2470},"end":{"line":1,"column":2486}},"67":{"start":{"line":1,"column":2495},"end":{"line":1,"column":2544}},"68":{"start":{"line":1,"column":2513},"end":{"line":1,"column":2543}},"69":{"start":{"line":1,"column":2567},"end":{"line":1,"column":2953}},"70":{"start":{"line":1,"column":2584},"end":{"line":1,"column":2900}},"71":{"start":{"line":1,"column":2661},"end":{"line":1,"column":2897}},"72":{"start":{"line":1,"column":2704},"end":{"line":1,"column":2893}},"73":{"start":{"line":1,"column":2711},"end":{"line":1,"column":2893}},"74":{"start":{"line":1,"column":2740},"end":{"line":1,"column":2833}},"75":{"start":{"line":1,"column":2819},"end":{"line":1,"column":2830}},"76":{"start":{"line":1,"column":2840},"end":{"line":1,"column":2859}},"77":{"start":{"line":1,"column":2876},"end":{"line":1,"column":2892}},"78":{"start":{"line":1,"column":2901},"end":{"line":1,"column":2950}},"79":{"start":{"line":1,"column":2919},"end":{"line":1,"column":2949}},"80":{"start":{"line":1,"column":2961},"end":{"line":1,"column":2989}},"81":{"start":{"line":1,"column":2995},"end":{"line":1,"column":3021}},"82":{"start":{"line":1,"column":3029},"end":{"line":1,"column":3057}},"83":{"start":{"line":1,"column":3066},"end":{"line":1,"column":3094}},"84":{"start":{"line":1,"column":3103},"end":{"line":1,"column":3129}},"85":{"start":{"line":1,"column":3130},"end":{"line":1,"column":3215}},"86":{"start":{"line":1,"column":3228},"end":{"line":1,"column":3230}},"87":{"start":{"line":1,"column":3231},"end":{"line":1,"column":3259}}},"fnMap":{"0":{"name":"_interopRequireDefault","decl":{"start":{"line":1,"column":173},"end":{"line":1,"column":195}},"loc":{"start":{"line":1,"column":198},"end":{"line":1,"column":236}},"line":1},"1":{"name":"asyncGeneratorStep","decl":{"start":{"line":1,"column":245},"end":{"line":1,"column":263}},"loc":{"start":{"line":1,"column":278},"end":{"line":1,"column":374}},"line":1},"2":{"name":"_asyncToGenerator","decl":{"start":{"line":1,"column":383},"end":{"line":1,"column":400}},"loc":{"start":{"line":1,"column":403},"end":{"line":1,"column":617}},"line":1},"3":{"name":"(anonymous_3)","decl":{"start":{"line":1,"column":411},"end":{"line":1,"column":412}},"loc":{"start":{"line":1,"column":421},"end":{"line":1,"column":616}},"line":1},"4":{"name":"(anonymous_4)","decl":{"start":{"line":1,"column":464},"end":{"line":1,"column":465}},"loc":{"start":{"line":1,"column":477},"end":{"line":1,"column":614}},"line":1},"5":{"name":"f","decl":{"start":{"line":1,"column":487},"end":{"line":1,"column":488}},"loc":{"start":{"line":1,"column":491},"end":{"line":1,"column":531}},"line":1},"6":{"name":"g","decl":{"start":{"line":1,"column":540},"end":{"line":1,"column":541}},"loc":{"start":{"line":1,"column":544},"end":{"line":1,"column":585}},"line":1},"7":{"name":"(anonymous_7)","decl":{"start":{"line":1,"column":648},"end":{"line":1,"column":649}},"loc":{"start":{"line":1,"column":658},"end":{"line":1,"column":1043}},"line":1},"8":{"name":"a","decl":{"start":{"line":1,"column":729},"end":{"line":1,"column":730}},"loc":{"start":{"line":1,"column":739},"end":{"line":1,"column":990}},"line":1},"9":{"name":"(anonymous_9)","decl":{"start":{"line":1,"column":777},"end":{"line":1,"column":778}},"loc":{"start":{"line":1,"column":788},"end":{"line":1,"column":986}},"line":1},"10":{"name":"(anonymous_10)","decl":{"start":{"line":1,"column":899},"end":{"line":1,"column":900}},"loc":{"start":{"line":1,"column":910},"end":{"line":1,"column":923}},"line":1},"11":{"name":"(anonymous_11)","decl":{"start":{"line":1,"column":1000},"end":{"line":1,"column":1001}},"loc":{"start":{"line":1,"column":1010},"end":{"line":1,"column":1042}},"line":1},"12":{"name":"(anonymous_12)","decl":{"start":{"line":1,"column":1065},"end":{"line":1,"column":1066}},"loc":{"start":{"line":1,"column":1075},"end":{"line":1,"column":1459}},"line":1},"13":{"name":"a","decl":{"start":{"line":1,"column":1146},"end":{"line":1,"column":1147}},"loc":{"start":{"line":1,"column":1154},"end":{"line":1,"column":1406}},"line":1},"14":{"name":"(anonymous_14)","decl":{"start":{"line":1,"column":1192},"end":{"line":1,"column":1193}},"loc":{"start":{"line":1,"column":1203},"end":{"line":1,"column":1402}},"line":1},"15":{"name":"(anonymous_15)","decl":{"start":{"line":1,"column":1315},"end":{"line":1,"column":1316}},"loc":{"start":{"line":1,"column":1326},"end":{"line":1,"column":1339}},"line":1},"16":{"name":"(anonymous_16)","decl":{"start":{"line":1,"column":1416},"end":{"line":1,"column":1417}},"loc":{"start":{"line":1,"column":1426},"end":{"line":1,"column":1458}},"line":1},"17":{"name":"(anonymous_17)","decl":{"start":{"line":1,"column":1483},"end":{"line":1,"column":1484}},"loc":{"start":{"line":1,"column":1493},"end":{"line":1,"column":2128}},"line":1},"18":{"name":"a","decl":{"start":{"line":1,"column":1564},"end":{"line":1,"column":1565}},"loc":{"start":{"line":1,"column":1574},"end":{"line":1,"column":2075}},"line":1},"19":{"name":"(anonymous_19)","decl":{"start":{"line":1,"column":1614},"end":{"line":1,"column":1615}},"loc":{"start":{"line":1,"column":1625},"end":{"line":1,"column":2071}},"line":1},"20":{"name":"(anonymous_20)","decl":{"start":{"line":1,"column":1737},"end":{"line":1,"column":1738}},"loc":{"start":{"line":1,"column":1748},"end":{"line":1,"column":1761}},"line":1},"21":{"name":"(anonymous_21)","decl":{"start":{"line":1,"column":1876},"end":{"line":1,"column":1877}},"loc":{"start":{"line":1,"column":1887},"end":{"line":1,"column":1900}},"line":1},"22":{"name":"(anonymous_22)","decl":{"start":{"line":1,"column":1983},"end":{"line":1,"column":1984}},"loc":{"start":{"line":1,"column":1994},"end":{"line":1,"column":2007}},"line":1},"23":{"name":"(anonymous_23)","decl":{"start":{"line":1,"column":2085},"end":{"line":1,"column":2086}},"loc":{"start":{"line":1,"column":2095},"end":{"line":1,"column":2127}},"line":1},"24":{"name":"(anonymous_24)","decl":{"start":{"line":1,"column":2152},"end":{"line":1,"column":2153}},"loc":{"start":{"line":1,"column":2162},"end":{"line":1,"column":2545}},"line":1},"25":{"name":"a","decl":{"start":{"line":1,"column":2233},"end":{"line":1,"column":2234}},"loc":{"start":{"line":1,"column":2241},"end":{"line":1,"column":2492}},"line":1},"26":{"name":"(anonymous_26)","decl":{"start":{"line":1,"column":2279},"end":{"line":1,"column":2280}},"loc":{"start":{"line":1,"column":2290},"end":{"line":1,"column":2488}},"line":1},"27":{"name":"(anonymous_27)","decl":{"start":{"line":1,"column":2401},"end":{"line":1,"column":2402}},"loc":{"start":{"line":1,"column":2412},"end":{"line":1,"column":2425}},"line":1},"28":{"name":"(anonymous_28)","decl":{"start":{"line":1,"column":2502},"end":{"line":1,"column":2503}},"loc":{"start":{"line":1,"column":2512},"end":{"line":1,"column":2544}},"line":1},"29":{"name":"(anonymous_29)","decl":{"start":{"line":1,"column":2567},"end":{"line":1,"column":2568}},"loc":{"start":{"line":1,"column":2577},"end":{"line":1,"column":2951}},"line":1},"30":{"name":"a","decl":{"start":{"line":1,"column":2648},"end":{"line":1,"column":2649}},"loc":{"start":{"line":1,"column":2654},"end":{"line":1,"column":2898}},"line":1},"31":{"name":"(anonymous_31)","decl":{"start":{"line":1,"column":2692},"end":{"line":1,"column":2693}},"loc":{"start":{"line":1,"column":2703},"end":{"line":1,"column":2894}},"line":1},"32":{"name":"(anonymous_32)","decl":{"start":{"line":1,"column":2807},"end":{"line":1,"column":2808}},"loc":{"start":{"line":1,"column":2818},"end":{"line":1,"column":2831}},"line":1},"33":{"name":"(anonymous_33)","decl":{"start":{"line":1,"column":2908},"end":{"line":1,"column":2909}},"loc":{"start":{"line":1,"column":2918},"end":{"line":1,"column":2950}},"line":1}},"branchMap":{"0":{"loc":{"start":{"line":1,"column":206},"end":{"line":1,"column":235}},"type":"cond-expr","locations":[{"start":{"line":1,"column":222},"end":{"line":1,"column":223}},{"start":{"line":1,"column":224},"end":{"line":1,"column":235}}],"line":1},"1":{"loc":{"start":{"line":1,"column":206},"end":{"line":1,"column":221}},"type":"binary-expr","locations":[{"start":{"line":1,"column":206},"end":{"line":1,"column":207}},{"start":{"line":1,"column":209},"end":{"line":1,"column":221}}],"line":1},"2":{"loc":{"start":{"line":1,"column":333},"end":{"line":1,"column":373}},"type":"cond-expr","locations":[{"start":{"line":1,"column":340},"end":{"line":1,"column":344}},{"start":{"line":1,"column":345},"end":{"line":1,"column":373}}],"line":1},"3":{"loc":{"start":{"line":1,"column":796},"end":{"line":1,"column":985}},"type":"switch","locations":[{"start":{"line":1,"column":818},"end":{"line":1,"column":925}},{"start":{"line":1,"column":925},"end":{"line":1,"column":951}},{"start":{"line":1,"column":951},"end":{"line":1,"column":958}},{"start":{"line":1,"column":958},"end":{"line":1,"column":984}}],"line":1},"4":{"loc":{"start":{"line":1,"column":1211},"end":{"line":1,"column":1401}},"type":"switch","locations":[{"start":{"line":1,"column":1233},"end":{"line":1,"column":1341}},{"start":{"line":1,"column":1341},"end":{"line":1,"column":1367}},{"start":{"line":1,"column":1367},"end":{"line":1,"column":1374}},{"start":{"line":1,"column":1374},"end":{"line":1,"column":1400}}],"line":1},"5":{"loc":{"start":{"line":1,"column":1633},"end":{"line":1,"column":2070}},"type":"switch","locations":[{"start":{"line":1,"column":1655},"end":{"line":1,"column":1763}},{"start":{"line":1,"column":1763},"end":{"line":1,"column":1902}},{"start":{"line":1,"column":1902},"end":{"line":1,"column":2009}},{"start":{"line":1,"column":2009},"end":{"line":1,"column":2035}},{"start":{"line":1,"column":2035},"end":{"line":1,"column":2043}},{"start":{"line":1,"column":2043},"end":{"line":1,"column":2069}}],"line":1},"6":{"loc":{"start":{"line":1,"column":1770},"end":{"line":1,"column":1802}},"type":"if","locations":[{"start":{"line":1,"column":1770},"end":{"line":1,"column":1802}},{"start":{"line":1,"column":1770},"end":{"line":1,"column":1802}}],"line":1},"7":{"loc":{"start":{"line":1,"column":2298},"end":{"line":1,"column":2487}},"type":"
[...]
isify } from 'util'\r\n\r\nimport { COMPANY, BASE_URL, FIRST_CONFIRM } from '../../config'\r\nimport { read, create } from '../../lib/db'\r\nimport { user } from '../../lib/schemas'\r\nimport { randomID } from '../../lib/security'\r\nimport sendEmail from '../../lib/email'\r\nimport sendSMS from '../../lib/phone'\r\nimport { t, setLocale } from '../../lib/translations'\r\nimport { resetSchema } from './schema'\r\nimport { sendError } from '../../lib/utils'\r\n\r\nconst _sendEmailReset = async (email, done) => {\r\n  const token = await randomID(32).catch(() => done(t('error.confirmation_generate')))\r\n  const subject = t('reset.email', { company: COMPANY })\r\n  const msg = t('reset.email_text', { baseUrl: BASE_URL, code: token })\r\n  const obj = {\r\n    email,\r\n    type: 'reset',\r\n    token: token,\r\n    expiry: Date.now() + 1000 * 60 * 60\r\n  }\r\n\r\n  await create('confirms', token, obj).catch(() => done(t('error.confirmation_save')))\r\n  const e = await sendEmail(email, subject, msg).catch((e) => done(e))\r\n  if (!e) {\r\n    done(null)\r\n  }\r\n}\r\n\r\nconst sendEmailReset = promisify(_sendEmailReset)\r\n\r\nconst _sendPhoneConfirmation = async (phone, email, done) => {\r\n  const token = await randomID(6).catch(() => done(t('error.confirmation_generate')))\r\n  const msg = t('account_reset_phone', { company: COMPANY, code: token })\r\n  const obj = {\r\n    email,\r\n    type: 'reset',\r\n    token: token,\r\n    expiry: Date.now() + 1000 * 60 * 60\r\n  }\r\n\r\n  await create('confirms', token, obj).catch(() => done(t('error.confirmation_save')))\r\n  const e = await sendSMS(phone, msg).catch((e) => done(e))\r\n  if (!e) {\r\n    done(null)\r\n  }\r\n}\r\n\r\nconst sendPhoneConfirmation = promisify(_sendPhoneConfirmation)\r\n\r\nconst _sendReset = async (email, phone, done) => {\r\n  if (FIRST_CONFIRM === 'email') {\r\n    await sendEmailReset(email).catch((e) => done(e))\r\n    done(null)\r\n  } else if (FIRST_CONFIRM === 'phone') {\r\n    await sendPhoneConfirmation(phone, email).catch((e) => done(e))\r\n    done(null)\r\n  }\r\n}\r\n\r\nconst sendReset = promisify(_sendReset)\r\n\r\nexport default async (data, done) => {\r\n  const valid = await resetSchema.isValid(data.payload)\r\n  if (valid) {\r\n    await setLocale(data)\r\n    const u = await user(data)\r\n      .catch(async () => await sendError(400, t('error.required'), done))\r\n    if (u.email) {\r\n      const userData = await read('users', u.email).catch(async () => await sendError(400, t('error.no_user'), done))\r\n      if (userData) {\r\n        await sendReset(u.email, userData.phone).catch(async () => await sendError(500, t('error.email'), done))\r\n        return { status: 200, out: t('ok') }\r\n      }\r\n      await sendError(400, t('error.no_user'), done)\r\n    }\r\n    await sendError(400, t('error.required'), done)\r\n  }\r\n  await sendError(400, t('error.required'), done)\r\n}\r\n"]},"_coverageSchema":"1a1c01bbd47fc00a2c39e90264f33305004495a9","hash":"f1e27382e987ae71244e7f8e53bbe49a8a181bc9","contentHash":"45aa7878b046e2fdc863b6c31872daabcb98d21cf10fb96a26d46081c09921e2"},"C:\\Users\\Dxenu\\Desktop\\users-cubed-api-next\\app\\handlers\\reset\\schema.js":{"path":"C:\\Users\\Dxenu\\Desktop\\users-cubed-api-next\\app\\handlers\\reset\\schema.js","statementMap":{"0":{"start":{"line":1,"column":13},"end":{"line":1,"column":95}},"1":{"start":{"line":1,"column":104},"end":{"line":1,"column":118}},"2":{"start":{"line":1,"column":127},"end":{"line":1,"column":150}},"3":{"start":{"line":1,"column":163},"end":{"line":1,"column":386}},"4":{"start":{"line":1,"column":387},"end":{"line":1,"column":419}}},"fnMap":{},"branchMap":{},"s":{"0":1,"1":1,"2":1,"3":1,"4":1},"f":{},"b":{},"inputSourceMap":{"version":3,"sources":["schema.js"],"names":["resetSchema","shape","email","required","key","action","oneOf","locale","LANGUAGES"],"mappings":"uJAIaA,WAAW,CAAG,kBAASC,KAAT,CAAe,CACxCC,KAAK,CAAE,kBAASC,QAAT,GAAoBD,KAApB,EADiC,CAExCE,GAAG,CAAE,kBAASD,QAAT,EAFmC,CAGxCE,MAAM,CAAE,kBAASF,QAAT,GAAoBG,KAApB,CAA0B,CAAC,cAAD,CAA1B,CAHgC,CAIxCC,MAAM,CAAE,kBAASJ,QAAT,GAAoBG,KAApB,CAA0BE,iBAA1B,CAJgC,CAAf,C","sourceRoot":"C:\\Users\\Dxenu\\Desktop\\users-cubed-api-next\\app\\handlers\\reset","sourcesContent":["import { object, string } from 'yup'\r\n\r\nimport { LANGUAGES } from '../../config'\r\n\r\nexport const resetSchema = object().shape({\r\n  email: string().required().email(),\r\n  key: string().required(),\r\n  action: string().required().oneOf(['RESET_CREATE']),\r\n  locale: string().required().oneOf(LANGUAGES)\r\n})\r\n"]},"_coverageSchema":"1a1c01bbd47fc00a2c39e90264f33305004495a9","hash":"b8b40adaab048689231818a5fdc27331ec0b002f","contentHash":"a04fe420af07cd6c60650c2f30042636ea0fba678cfe2410eee956b35cca862e"},"C:\\Users\\Dxenu\\Desktop\\users-cubed-api-next\\app\\handlers\\shop\\index.js":{"path":"C:\\Users\\Dxenu\\Desktop\\users-cubed-api-next\\app\\handlers\\shop\\index.js","statementMap":{"0":{"start":{"line":1,"column":13},"end":{"line":1,"column":261}},"1":{"start":{"line":1,"column":277},"end":{"line":1,"column":289}},"2":{"start":{"line":1,"column":290},"end":{"line":1,"column":322}},"3":{"start":{"line":1,"column":341},"end":{"line":1,"column":353}},"4":{"start":{"line":1,"column":354},"end":{"line":1,"column":392}},"5":{"start":{"line":1,"column":406},"end":{"line":1,"column":418}},"6":{"start":{"line":1,"column":419},"end":{"line":1,"column":447}},"7":{"start":{"line":1,"column":466},"end":{"line":1,"column":478}},"8":{"start":{"line":1,"column":479},"end":{"line":1,"column":517}},"9":{"start":{"line":1,"column":529},"end":{"line":1,"column":541}},"10":{"start":{"line":1,"column":542},"end":{"line":1,"column":566}},"11":{"start":{"line":1,"column":579},"end":{"line":1,"column":591}},"12":{"start":{"line":1,"column":592},"end":{"line":1,"column":618}},"13":{"start":{"line":1,"column":636},"end":{"line":1,"column":648}},"14":{"start":{"line":1,"column":649},"end":{"line":1,"column":685}},"15":{"start":{"line":1,"column":708},"end":{"line":1,"column":720}},"16":{"start":{"line":1,"column":721},"end":{"line":1,"column":767}},"17":{"start":{"line":1,"column":783},"end":{"line":1,"column":795}},"18":{"start":{"line":1,"column":796},"end":{"line":1,"column":828}}},"fnMap":{"0":{"name":"(anonymous_0)","decl":{"start":{"line":1,"column":277},"end":{"line":1,"column":278}},"loc":{"start":{"line":1,"column":287},"end":{"line":1,"column":289}},"line":1},"1":{"name":"(anonymous_1)","decl":{"start":{"line":1,"column":341},"end":{"line":1,"column":342}},"loc":{"start":{"line":1,"column":351},"end":{"line":1,"column":353}},"line":1},"2":{"name":"(anonymous_2)","decl":{"start":{"line":1,"column":406},"end":{"line":1,"column":407}},"loc":{"start":{"line":1,"column":416},"end":{"line":1,"column":418}},"line":1},"3":{"name":"(anonymous_3)","decl":{"start":{"line":1,"column":466},"end":{"line":1,"column":467}},"loc":{"start":{"line":1,"column":476},"end":{"line":1,"column":478}},"line":1},"4":{"name":"(anonymous_4)","decl":{"start":{"line":1,"column":529},"end":{"line":1,"column":530}},"loc":{"start":{"line":1,"column":539},"end":{"line":1,"column":541}},"line":1},"5":{"name":"(anonymous_5)","decl":{"start":{"line":1,"column":579},"end":{"line":1,"column":580}},"loc":{"start":{"line":1,"column":589},"end":{"line":1,"column":591}},"line":1},"6":{"name":"(anonymous_6)","decl":{"start":{"line":1,"column":636},"end":{"line":1,"column":637}},"loc":{"start":{"line":1,"column":646},"end":{"line":1,"column":648}},"line":1},"7":{"name":"(anonymous_7)","decl":{"start":{"line":1,"column":708},"end":{"line":1,"column":709}},"loc":{"start":{"line":1,"column":718},"end":{"line":1,"column":720}},"line":1},"8":{"name":"(anonymous_8)","decl":{"start":{"line":1,"column":783},"end":{"line":1,"column":784}},"loc":{"start":{"line":1,"column":793},"end":{"line":1,"column":795}},"line":1}},"branchMap":{},"s":{"0":1,"1":1,"2":1,"3":1,"4":1,"5":1,"6":1,"7":1,"8":1,"9":1,"10":1,"11":1,"12":1,"13":1,"14":1,"15":1,"16":1,"17":1,"18":1},"f":{"0":0,"1":0,"2":0,"3":0,"4":0,"5":0,"6":0,"7":0,"8":0},"b":{},"inputSourceMap":{"version":3,"sources":["index.js"],"names":["getProducts","getProductById","addToCart","removeFromCart","getCart","checkout","addToWishlist","removeFromWishlist","getWishlist"],"mappings":"qQAAO,GAAMA,CAAAA,WAAW,CAAG,UAAM,CAEhC,CAFM,C,gCAIA,GAAMC,CAAAA,cAAc,CAAG,UAAM,CAEnC,CAFM,C,sCAIA,GAAMC,CAAAA,SAAS,CAAG,UAAM,CAE9B,CAFM,C,4BAIA,GAAMC,CAAAA,cAAc,CAAG,UAAM,CAEnC,CAFM,C,sCAIA,GAAMC,CAAAA,OAAO,CAAG,UAAM,CAE5B,CAFM,C,wBAIA,GAAMC,CAAAA,QAAQ,CAAG,UAAM,CAE7B,CAFM,C,0BAIA,GAAMC,CAAAA,aAAa,CAAG,UAAM,CAElC,CAFM,C,oCAIA,GAAMC,CAAAA,kBAAkB,CAAG,UAAM,CAEvC,CAFM,C,8CAIA,GAAMC,CAAAA,WAAW,CAAG,UAAM,CAEhC,CAFM,C","sourceRoot":"C:\\Users\\Dxenu\\Desktop\\users-cubed-api-next\\app\\handlers\\shop","sourcesContent":["export const getProducts = () => {\r\n    \r\n}\r\n\r\nexport const getProductById = () => {\r\n\r\n}\r\n\r\nexport const addToCart = () => {\r\n    \r\n}\r\n\r\nexport const removeFromCart = () => {\r\n    \r\n}\r\n\r\nexport const getCart = () => {\r\n    \r\n}\r\n\r\nexport const checkout = () => {\r\n\r\n}\r\n\r\nexport const addToWishlist = () => {\r\n\r\n}\r\n\r\nexport const removeFromWishlist = () => {\r\n\r\n}\r\n\r\nexport const getWishlist = () => {\r\n\r\n}\r\n"]},"_coverageSchema":"1a1c01bbd47fc00a2c39e90264f33305004495a9","hash":"4ff2ee70fd3ef30e7b09ebe072445ce193e58155","contentHash":"6275932d134a743146d3e6d8d59ed1b101991c84a2efbe096227f5f6884c7316"},"C:\\Users\\Dxenu\\Desktop\\users-cubed-api-next\\app\\handlers\\blog\\index.js":{"path":"C:\\Users\\Dxenu\\Desktop\\users-cubed-api-next\\app\\handlers\\blog\\index.js","statementMap":{"0":{"start":{"line":1,"column":13},"end":{"line":1,"column":298}},"1":{"start":{"line":1,"column":321},"end":{"line":1,"column":333}},"2":{"start":{"line":1,"column":334},"end":{"line":1,"column":380}},"3":{"start":{"line":1,"column":406},"end":{"line":1,"column":418}},"4":{"start":{"line":1,"column":419},"end":{"line":1,"column":471}},"5":{"start":{"line":1,"column":486},"end":{"line":1,"column":498}},"6":{"start":{"line":1,"column":499},"end":{"line":1,"column":529}},"7":{"start":{"line":1,"column":544},"end":{"line":1,"column":556}},"8":{"start":{"line":1,"column":557},"end":{"line":1,"column":587}},"9":{"start":{"line":1,"column":603},"end":{"line":1,"column":615}},"10":{"start":{"line":1,"column":616},"end":{"line":1,"column":648}},"11":{"start":{"line":1,"column":666},"end":{"line":1,"column":678}},"12":{"start":{"line":1,"column":679},"end":{"line":1,"column":715}},"13":{"start":{"line":1,"column":731},"end":{"line":1,"column":743}},"14":{"start":{"line":1,"column":744},"end":{"line":1,"column":776}},"15":{"start":{"line":1,"column":793},"end":{"line":1,"column":805}},"16":{"start":{"line":1,"column":806},"end":{"line":1,"column":840}},"17":{"start":{"line":1,"column":859},"end":{"line":1,"column":871}},"18":{"start":{"line":1,"column":872},"end":{"line":1,"column":910}},"19":{"start":{"line":1,"column":928},"end":{"line":1,"column":940}},"20":{"start":{"line":1,"column":941},"end":{"line":1,"column":977}}},"fnMap":{"0":{"name":"(anonymous_0)","decl":{"start":{"line":1,"column":321},"end":{"line":1,"column":322}},"loc":{"start":{"line":1,"column":331},"end":{"line":1,"column":333}},"line":1},"1":{"name":"(anonymous_1)","decl":{"start":{"line":1,"column":406},"end":{"line":1,"column":407}},"loc":{"start":{"line":1,"column":416},"end":{"line":1,"column":418}},"line":1},"2":{"name":"(anonymous_2)","decl":{"start":{"line":1,"column":486},"end":{"line":1,"column":487}},"loc":{"start":{"line":1,"column":496},"end":{"line":1,"column":498}},"line":1},"3":{"name":"(anonymous_3)","decl":{"start":{"line":1,"column":544},"end":{"line":1,"column":545}},"loc":{"start":{"line":1,"column":554},"end":{"line":1,"column":556}},"line":1},"4":{"name":"(anonymous_4)","decl":{"start":{"line":1,"column":603},"end":{"line":1,"column":604}},"loc":{"start":{"line":1,"column":613},"end":{"line":1,"column":615}},"line":1},"5":{"name":"(anonymous_5)","decl":{"start":{"line":1,"column":666},"end":{"line":1,"column":667}},"loc":{"start":{"line":1,"column":676},"end":{"line":1,"column":678}},"line":1},"6":{"name":"(anonymous_6)","decl":{"start":{"line":1,"column":731},"end":{"line":1,"column":732}},"loc":{"start":{"line":1,"column":741},"end":{"line":1,"column":743}},"line":1},"7":{"name":"(anonymous_7)","decl":{"start":{"line":1,"column":793},"end":{"line":1,"column":794}},"loc":{"start":{"line":1,"column":803},"end":{"line":1,"column":805}},"line":1},"8":{"name":"(anonymous_8)","decl":{"start":{"line":1,"column":859},"end":{"line":1,"column":860}},"loc":{"start":{"line":1,"column":869},"end":{"line":1,"column":871}},"line":1},"9":{"name":"(anonymous_9)","decl":{"start":{"line":1,"column":928},"end":{"line":1,"column":929}},"loc":{"start":{"line":1,"column":938},"end":{"line":1,"column":940}},"line":1}},"branchMap":{},"s":{"0":1,"1":1,"2":1,"3":1,"4":1,"5":1,"6":1,"7":1,"8":1,"9":1,"10":1,"11":1,"12":1,"13":1,"14":1,"15":1,"16":1,"17":1,"18":1,"19":1,"20":1},"f":{"0":0,"1":0,"2":0,"3":0,"4":0,"5":0,"6":0,"7":0,"8":0,"9":0},"b":{},"inputSourceMap":{"version":3,"sources":["index.js"],"names":["getArticlesByTitle","getArticlesByCategory","getArticle","addArticle","editArticle","deleteArticle","addCategory","editCategory","removeCategory","getCategories"],"mappings":"0SAAO,GAAMA,CAAAA,kBAAkB,CAAG,UAAM,CAEvC,CAFM,C,8CAIA,GAAMC,CAAAA,qBAAqB,CAAG,UAAM,CAE1C,CAFM,C,oDAIA,GAAMC,CAAAA,UAAU,CAAG,UAAM,CAE/B,CAFM,C,8BAIA,GAAMC,CAAAA,UAAU,CAAG,UAAM,CAE/B,CAFM,C,8BAIA,GAAMC,CAAAA,WAAW,CAAG,UAAM,CAEhC,CAFM,C,gCAIA,GAAMC,CAAAA,aAAa,CAAG,UAAM,CAElC,CAFM,C,oCAIA,GAAMC,CAAAA,WAAW,CAAG,UAAM,CAEhC,CAFM,C,gCAIA,GAAMC,CAAAA,YAAY,CAAG,UAAM,CAEjC,CAFM,C,kCAIA,GAAMC,CAAAA,cAAc,CAAG,UAAM,CAEnC,CAFM,C,sCAIA,GAAMC,CAAAA,aAAa,CAAG,UAAM,CAElC,CAFM,C","sourceRoot":"C:\\Users\\Dxenu\\Desktop\\users-cubed-api-next\\app\\handlers\\blog","sourcesContent":["export const getArticlesByTitle = () => {\r\n    \r\n}\r\n\r\nexport const getArticlesByCategory = () => {\r\n    \r\n}\r\n\r\nexport const getArticle = () => {\r\n    \r\n}\r\n\r\nexport const addArticle = () => {\r\n\r\n}\r\n\r\nexport const editArticle = () => {\r\n    \r\n}\r\n\r\nexport const deleteArticle = () => {\r\n    \r\n}\r\n\r\nexport const addCategory = () => {\r\n    \r\n}\r\n\r\nexport const editCategory = () => {\r\n    \r\n}\r\n\r\nexport const removeCategory = () => {\r\n    \r\n}\r\n\r\nexport const getCategories = () => {\r\n    \r\n}\r\n"]},"_coverageSchema":"1a1c01bbd47fc00a2c39e90264f33305004495a9","hash":"bb3d20b08c92bfb7092887ca4886606247b2c8ef","contentHash":"20aab4062dab87badde6e510640cb1bb80108a7982af74e67925dcf353a0cac6"},"C:\\Users\\Dxenu\\Desktop\\users-cubed-api-next\\app\\handlers\\generics\\notFound.js":{"path":"C:\\Users\\Dxenu\\Desktop\\users-cubed-api-next\\app\\handlers\\generics\\notFound.js","statementMap":{"0":{"start":{"line":1,"column":13},"end":{"line":1,"column":94}},"1":{"start":{"line":1,"column":105},"end":{"line":1,"column":131}},"2":{"start":{"line":1,"column":146},"end":{"line":1,"column":179}},"3":{"start":{"line":1,"column":223},"end":{"line":1,"column":277}},"4":{"start":{"line":1,"column":233},"end":{"line":1,"column":240}},"5":{"start":{"line":1,"column":243},"end":{"line":1,"column":250}},"6":{"start":{"line":1,"column":260},"end":{"line":1,"column":276}},"7":{"start":{"line":1,"column":277},"end":{"line":1,"column":317}},"8":{"start":{"line":1,"column":348},"end":{"line":1,"column":560}},"9":{"start":{"line":1,"column":372},"end":{"line":1,"column":376}},"10":{"start":{"line":1,"column":379},"end":{"line":1,"column":388}},"11":{"start":{"line":1,"column":389},"end":{"line":1,"column":559}},"12":{"start":{"line":1,"column":436},"end":{"line":1,"column":474}},"13":{"start":{"line":1,"column":489},"end":{"line":1,"column":528}},"14":{"start":{"line":1,"column":535},"end":{"line":1,"column":547}},"15":{"start":{"line":1,"column":548},"end":{"line":1,"column":557}},"16":{"start":{"line":1,"column":587},"end":{"line":1,"column":931}},"17":{"start":{"line":1,"column":604},"end":{"line":1,"column":878}},"18":{"start":{"line":1,"column":675},"end":{"line":1,"column":875}},"19":{"start":{"line":1,"column":718},"end":{"line":1,"column":871}},"20":{"start":{"line":1,"column":725},"end":{"line":1,"column":871}},"21":{"start":{"line":1,"column":754},"end":{"line":1,"column":837}},"22":{"start":{"line":1,"column":854},"end":{"line":1,"column":870}},"23":{"start":{"line":1,"column":879},"end":{"line":1,"column":928}},"24":{"start":{"line":1,"column":897},"end":{"line":1,"column":927}},"25":{"start":{"line":1,"column":932},"end":{"line":1,"column":960}}},"fnMap":{"0":{"name":"asyncGeneratorStep","decl":{"start":{"line":1,"column":189},"end":{"line":1,"column":207}},"loc":{"start":{"line":1,"column":222},"end":{"line":1,"column":318}},"line":1},"1":{"name":"_asyncToGenerator","decl":{"start":{"line":1,"column":327},"end":{"line":1,"column":344}},"loc":{"start":{"line":1,"column":347},"end":{"line":1,"column":561}},"line":1},"2":{"name":"(anonymous_2)","decl":{"start":{"line":1,"column":355},"end":{"line":1,"column":356}},"loc":{"start":{"line":1,"column":365},"end":{"line":1,"column":560}},"line":1},"3":{"name":"(anonymous_3)","decl":{"start":{"line":1,"column":408},"end":{"line":1,"column":409}},"loc":{"start":{"line":1,"column":421},"end":{"line":1,"column":558}},"line":1},"4":{"name":"f","decl":{"start":{"line":1,"column":431},"end":{"line":1,"column":432}},"loc":{"start":{"line":1,"column":435},"end":{"line":1,"column":475}},"line":1},"5":{"name":"g","decl":{"start":{"line":1,"column":484},"end":{"line":1,"column":485}},"loc":{"start":{"line":1,"column":488},"end":{"line":1,"column":529}},"line":1},"6":{"name":"(anonymous_6)","decl":{"start":{"line":1,"column":587},"end":{"line":1,"column":588}},"loc":{"start":{"line":1,"column":597},"end":{"line":1,"column":929}},"line":1},"7":{"name":"a","decl":{"start":{"line":1,"column":668},"end":{"line":1,"column":669}},"loc":{"start":{"line":1,"column":674},"end":{"line":1,"column":876}},"line":1},"8":{"name":"(anonymous_8)","decl":{"start":{"line":1,"column":706},"end":{"line":1,"column":707}},"loc":{"start":{"line":1,"column":717},"end":{"line":1,"column":872}},"line":1},"9":{"name":"(anonymous_9)","decl":{"start":{"line":1,"column":886},"end":{"line":1,"column":887}},"loc":{"start":{"line":1,"column":896},"end":{"line":1,"column":928}},"line":1}},"branchMap":{"0":{"loc":{"start":{"line":1,"column":277},"end":{"line":1,"column":317}},"type":"cond-expr","locations":[{"start":{"line":1,"column":284},"end":{"line":1,"column":288}},{"start":{"line":1,"column":289},"end":{"line":1,"column":317}}],"line":1},"1":{"loc":{"start":{"line":1,"column":725},"end":{"line":1,"column":871}},"type":"switch","locations":[{"start":{"line":1,"column":747},"end":{"line":1,"column":837}},{"start":{"line":1,"column":837},"end":{"line":1,"column":844}},{"start":{"line":1,"column":844},"end":{"line":1,"column":870}}],"line":1}},"s":{"0":1,"1":1,"2":1,"3":0,"4":0,"5":0,"6":0,"7":0,"8":1,"9":0,"10":0,"11":0,"12":0,"13":0,"14":0,"15":0,"16":1,"17":1,"18":0,"19":0,"20":0,"21":0,"22":0,"23":1,"24":0,"25":1},"f":{"0":0,"1":1,"2":0,"3":0,"4":0,"5":0,"6":1,"7":0,"8":0,"9":0},"b":{"0":[0,0],"1":[0,0,0]},"inputSourceMap":{"version":3,"sources":["notFound.js"],"names":["data","done"],"mappings":"mpBAGe,WAAOA,CAAP,CAAaC,CAAb,iGACP,qBAAU,GAAV,CAAe,oBAAE,iBAAF,CAAf,CAAqCA,CAArC,CADO,wC","sourceRoot":"C:\\Users\\Dxenu\\Desktop\\users-cubed-api-next\\app\\handlers\\generics","sourcesContent":["import { sendError } from '../../lib/utils'\r\nimport { t } from '../../lib/translations'\r\n\r\nexport default async (data, done) => {\r\n  await sendError(400, t('error.not_found'), done)\r\n}\r\n"]},"_coverageSchema":"1a1c01bbd47fc00a2c39e90264f33305004495a9","hash":"4b54ed79869e7d4c70d52154fc7da427cbe35259","contentHash":"4b6dbd31de17e9bfacfac73d8bd5159c01ac132375d517fc8e822867f4b168d3"}}