{"C:\\Users\\Dxenu\\Desktop\\users-cubed-api-next\\app\\config.js":{"path":"C:\\Users\\Dxenu\\Desktop\\users-cubed-api-next\\app\\config.js","statementMap":{"0":{"start":{"line":1,"column":13},"end":{"line":1,"column":718}},"1":{"start":{"line":1,"column":738},"end":{"line":1,"column":965}},"2":{"start":{"line":1,"column":825},"end":{"line":1,"column":840}},"3":{"start":{"line":1,"column":854},"end":{"line":1,"column":953}},"4":{"start":{"line":1,"column":979},"end":{"line":1,"column":996}},"5":{"start":{"line":1,"column":1009},"end":{"line":1,"column":1029}},"6":{"start":{"line":1,"column":1030},"end":{"line":1,"column":2363}},"7":{"start":{"line":1,"column":2383},"end":{"line":1,"column":2391}},"8":{"start":{"line":1,"column":2392},"end":{"line":1,"column":2425}},"9":{"start":{"line":1,"column":2444},"end":{"line":1,"column":2453}},"10":{"start":{"line":1,"column":2454},"end":{"line":1,"column":2487}},"11":{"start":{"line":1,"column":2499},"end":{"line":1,"column":2503}},"12":{"start":{"line":1,"column":2504},"end":{"line":1,"column":2525}},"13":{"start":{"line":1,"column":2537},"end":{"line":1,"column":2641}},"14":{"start":{"line":1,"column":2642},"end":{"line":1,"column":2666}},"15":{"start":{"line":1,"column":2677},"end":{"line":1,"column":2774}},"16":{"start":{"line":1,"column":2775},"end":{"line":1,"column":2797}},"17":{"start":{"line":1,"column":2813},"end":{"line":1,"column":2836}},"18":{"start":{"line":1,"column":2837},"end":{"line":1,"column":2869}},"19":{"start":{"line":1,"column":2881},"end":{"line":1,"column":2896}},"20":{"start":{"line":1,"column":2897},"end":{"line":1,"column":2929}},"21":{"start":{"line":1,"column":2942},"end":{"line":1,"column":2952}},"22":{"start":{"line":1,"column":2953},"end":{"line":1,"column":2981}},"23":{"start":{"line":1,"column":2999},"end":{"line":1,"column":3006}},"24":{"start":{"line":1,"column":3007},"end":{"line":1,"column":3037}},"25":{"start":{"line":1,"column":3059},"end":{"line":1,"column":3064}},"26":{"start":{"line":1,"column":3065},"end":{"line":1,"column":3097}},"27":{"start":{"line":1,"column":3114},"end":{"line":1,"column":3143}},"28":{"start":{"line":1,"column":3144},"end":{"line":1,"column":3195}},"29":{"start":{"line":1,"column":3215},"end":{"line":1,"column":3242}},"30":{"start":{"line":1,"column":3243},"end":{"line":1,"column":3283}},"31":{"start":{"line":1,"column":3307},"end":{"line":1,"column":3338}},"32":{"start":{"line":1,"column":3339},"end":{"line":1,"column":3387}},"33":{"start":{"line":1,"column":3409},"end":{"line":1,"column":3438}},"34":{"start":{"line":1,"column":3439},"end":{"line":1,"column":3483}},"35":{"start":{"line":1,"column":3495},"end":{"line":1,"column":3551}},"36":{"start":{"line":1,"column":3552},"end":{"line":1,"column":3576}},"37":{"start":{"line":1,"column":3596},"end":{"line":1,"column":3623}},"38":{"start":{"line":1,"column":3624},"end":{"line":1,"column":3664}},"39":{"start":{"line":1,"column":3681},"end":{"line":1,"column":3705}},"40":{"start":{"line":1,"column":3706},"end":{"line":1,"column":3740}},"41":{"start":{"line":1,"column":3757},"end":{"line":1,"column":3810}},"42":{"start":{"line":1,"column":3811},"end":{"line":1,"column":3872}},"43":{"start":{"line":1,"column":3886},"end":{"line":1,"column":3897}},"44":{"start":{"line":1,"column":3898},"end":{"line":1,"column":3926}},"45":{"start":{"line":1,"column":3944},"end":{"line":1,"column":3973}},"46":{"start":{"line":1,"column":3974},"end":{"line":1,"column":4010}},"47":{"start":{"line":1,"column":4031},"end":{"line":1,"column":4064}},"48":{"start":{"line":1,"column":4065},"end":{"line":1,"column":4107}},"49":{"start":{"line":1,"column":4121},"end":{"line":1,"column":4142}},"50":{"start":{"line":1,"column":4143},"end":{"line":1,"column":4171}},"51":{"start":{"line":1,"column":4188},"end":{"line":1,"column":4197}},"52":{"start":{"line":1,"column":4198},"end":{"line":1,"column":4229}},"53":{"start":{"line":1,"column":4241},"end":{"line":1,"column":4260}},"54":{"start":{"line":1,"column":4261},"end":{"line":1,"column":4285}},"55":{"start":{"line":1,"column":4302},"end":{"line":1,"column":4305}},"56":{"start":{"line":1,"column":4306},"end":{"line":1,"column":4331}},"57":{"start":{"line":1,"column":4354},"end":{"line":1,"column":4384}},"58":{"start":{"line":1,"column":4385},"end":{"line":1,"column":4431}},"59":{"start":{"line":1,"column":4454},"end":{"line":1,"column":4484}},"60":{"start":{"line":1,"column":4485},"end":{"line":1,"column":4531}},"61":{"start":{"line":1,"column":4550},"end":{"line":1,"column":4552}},"62":{"start":{"line":1,"column":4553},"end":{"line":1,"column":4579}},"63":{"start":{"line":1,"column":4605},"end":{"line":1,"column":4607}},"64":{"start":{"line":1,"column":4608},"end":{"line":1,"column":4641}},"65":{"start":{"line":1,"column":4656},"end":{"line":1,"column":4658}},"66":{"start":{"line":1,"column":4659},"end":{"line":1,"column":4681}}},"fnMap":{"0":{"name":"_typeof","decl":{"start":{"line":1,"column":727},"end":{"line":1,"column":734}},"loc":{"start":{"line":1,"column":737},"end":{"line":1,"column":966}},"line":1},"1":{"name":"(anonymous_1)","decl":{"start":{"line":1,"column":813},"end":{"line":1,"column":814}},"loc":{"start":{"line":1,"column":824},"end":{"line":1,"column":841}},"line":1},"2":{"name":"(anonymous_2)","decl":{"start":{"line":1,"column":842},"end":{"line":1,"column":843}},"loc":{"start":{"line":1,"column":853},"end":{"line":1,"column":954}},"line":1}},"branchMap":{"0":{"loc":{"start":{"line":1,"column":753},"end":{"line":1,"column":954}},"type":"cond-expr","locations":[{"start":{"line":1,"column":813},"end":{"line":1,"column":841}},{"start":{"line":1,"column":842},"end":{"line":1,"column":954}}],"line":1},"1":{"loc":{"start":{"line":1,"column":753},"end":{"line":1,"column":812}},"type":"binary-expr","locations":[{"start":{"line":1,"column":753},"end":{"line":1,"column":778}},{"start":{"line":1,"column":780},"end":{"line":1,"column":812}}],"line":1},"2":{"loc":{"start":{"line":1,"column":861},"end":{"line":1,"column":953}},"type":"cond-expr","locations":[{"start":{"line":1,"column":936},"end":{"line":1,"column":944}},{"start":{"line":1,"column":945},"end":{"line":1,"column":953}}],"line":1},"3":{"loc":{"start":{"line":1,"column":861},"end":{"line":1,"column":935}},"type":"binary-expr","locations":[{"start":{"line":1,"column":861},"end":{"line":1,"column":862}},{"start":{"line":1,"column":864},"end":{"line":1,"column":889}},{"start":{"line":1,"column":891},"end":{"line":1,"column":913}},{"start":{"line":1,"column":915},"end":{"line":1,"column":935}}],"line":1}},"s":{"0":1,"1":1,"2":16,"3":0,"4":1,"5":1,"6":1,"7":1,"8":1,"9":1,"10":1,"11":1,"12":1,"13":1,"14":1,"15":1,"16":1,"17":1,"18":1,"19":1,"20":1,"21":1,"22":1,"23":1,"24":1,"25":1,"26":1,"27":1,"28":1,"29":1,"30":1,"31":1,"32":1,"33":1,"34":1,"35":1,"36":1,"37":1,"38":1,"39":1,"40":1,"41":1,"42":1,"43":1,"44":1,"45":1,"46":1,"47":1,"48":1,"49":1,"50":1,"51":1,"52":1,"53":1,"54":1,"55":1,"56":1,"57":1,"58":1,"59":1,"60":1,"61":1,"62":1,"63":1,"64":1,"65":1,"66":1},"f":{"0":1,"1":16,"2":0},"b":{"0":[1,0],"1":[1,1],"2":[0,0],"3":[0,0,0,0]},"inputSourceMap":{"version":3,"sources":["config.js"],"names":["require","strictEqual","process","env","HASH_SECRET","TWILIO_FROM","TWILIO_SID","TWILIO_AUTH_TOKEN","MAILGUN_FROM","MAILGUN_DOMAIN","MAILGUN_KEY","ENCRYPTION_SALT","ENCRYPTION_PASSWORD","USERS_BUCKET_NAME","AUTH0_CLIENT_ID","AUTH0_DOMAIN","S3_ACCESS_KEY","S3_ACCESS_SECRET","S3_REGION","API_KEY","MOBILE_PROVIDER","EMAIL_PROVIDER","DB_TYPE","MAILGUN","nameFrom","domainName","apiKey","TWILIO","from","sid","authToken","COMPANY","BASE_URL","FIRST_CONFIRM","USER_TOKEN_EXPIRY","FRONTEND_URL","WORKERS","tokenClean","logRotate","unconfirmedClean","REDIRECT_URL","LANGUAGES","AWS_ACCESS_KEY_ID","AWS_SECRET_ACCESS_KEY","UPLOAD_TABLE","ALLOW_ORIGIN","STRIPE_TEST_SECRET","STRIPE_LIVE_SECRET","STRIPE_ACCOUNT","STRIPE_WEBHOOK_SECRET","STRIPE_ENV"],"mappings":"m9BAAwBA,OAAO,CAAC,QAAD,C,CAAvBC,W,UAAAA,W,CACRA,WAAW,SAAQC,OAAO,CAACC,GAAR,CAAYC,WAApB,EAAiC,QAAjC,CAA2C,uBAA3C,C,CACXH,WAAW,SAAQC,OAAO,CAACC,GAAR,CAAYE,WAApB,EAAiC,QAAjC,CAA2C,uBAA3C,C,CACXJ,WAAW,SAAQC,OAAO,CAACC,GAAR,CAAYG,UAApB,EAAgC,QAAhC,CAA0C,sBAA1C,C,CACXL,WAAW,SAAQC,OAAO,CAACC,GAAR,CAAYI,iBAApB,EAAuC,QAAvC,CAAiD,6BAAjD,C,CACXN,WAAW,SAAQC,OAAO,CAACC,GAAR,CAAYK,YAApB,EAAkC,QAAlC,CAA4C,wBAA5C,C,CACXP,WAAW,SAAQC,OAAO,CAACC,GAAR,CAAYM,cAApB,EAAoC,QAApC,CAA8C,0BAA9C,C,CACXR,WAAW,SAAQC,OAAO,CAACC,GAAR,CAAYO,WAApB,EAAiC,QAAjC,CAA2C,uBAA3C,C,CACXT,WAAW,SAAQC,OAAO,CAACC,GAAR,CAAYQ,eAApB,EAAqC,QAArC,CAA+C,2BAA/C,C,CACXV,WAAW,SAAQC,OAAO,CAACC,GAAR,CAAYS,mBAApB,EAAyC,QAAzC,CAAmD,+BAAnD,C,CACXX,WAAW,SAAQC,OAAO,CAACC,GAAR,CAAYU,iBAApB,EAAuC,QAAvC,CAAiD,6BAAjD,C,CACXZ,WAAW,SAAQC,OAAO,CAACC,GAAR,CAAYW,eAApB,EAAqC,QAArC,CAA+C,2BAA/C,C,CACXb,WAAW,SAAQC,OAAO,CAACC,GAAR,CAAYY,YAApB,EAAkC,QAAlC,CAA4C,2BAA5C,C,CACXd,WAAW,SAAQC,OAAO,CAACC,GAAR,CAAYa,aAApB,EAAmC,QAAnC,CAA6C,yBAA7C,C,CACXf,WAAW,SAAQC,OAAO,CAACC,GAAR,CAAYc,gBAApB,EAAsC,QAAtC,CAAgD,4BAAhD,C,CACXhB,WAAW,SAAQC,OAAO,CAACC,GAAR,CAAYe,SAApB,EAA+B,QAA/B,CAAyC,qBAAzC,C,CACXjB,WAAW,SAAQC,OAAO,CAACC,GAAR,CAAYgB,OAApB,EAA6B,QAA7B,CAAuC,mBAAvC,C,CAEJ,GAAMC,CAAAA,eAAe,CAAG,QAAxB,C,iCACA,GAAMC,CAAAA,cAAc,CAAG,SAAvB,C,iCACA,GAAMC,CAAAA,OAAO,CAAG,IAAhB,C,qBAEA,GAAMC,CAAAA,OAAO,CAAG,CACrBC,QAAQ,CAAEtB,OAAO,CAACC,GAAR,CAAYK,YADD,CAErBiB,UAAU,CAAEvB,OAAO,CAACC,GAAR,CAAYM,cAFH,CAGrBiB,MAAM,CAAExB,OAAO,CAACC,GAAR,CAAYO,WAHC,CAAhB,C,wBAMA,GAAMiB,CAAAA,MAAM,CAAG,CACpBC,IAAI,CAAE1B,OAAO,CAACC,GAAR,CAAYE,WADE,CAEpBwB,GAAG,CAAE3B,OAAO,CAACC,GAAR,CAAYG,UAFG,CAGpBwB,SAAS,CAAE5B,OAAO,CAACC,GAAR,CAAYI,iBAHH,CAAf,C,sBAMA,GAAMH,CAAAA,WAAW,CAAGF,OAAO,CAACC,GAAR,CAAYC,WAAhC,C,gCAEA,GAAM2B,CAAAA,OAAO,CAAG,eAAhB,C,gCAEA,GAAMC,CAAAA,QAAQ,CAAG,UAAjB,C,4BAEA,GAAMC,CAAAA,aAAa,CAAG,OAAtB,C,8BAEA,GAAMC,CAAAA,iBAAiB,MAAvB,C,gCAEA,GAAMC,CAAAA,YAAY,CAAG,6BAArB,C,mDAEA,GAAMxB,CAAAA,eAAe,CAAGT,OAAO,CAACC,GAAR,CAAYQ,eAApC,C,wCAEA,GAAMC,CAAAA,mBAAmB,CAAGV,OAAO,CAACC,GAAR,CAAYS,mBAAxC,C,gDAEA,GAAMC,CAAAA,iBAAiB,CAAGX,OAAO,CAACC,GAAR,CAAYU,iBAAtC,C,4CAEA,GAAMuB,CAAAA,OAAO,CAAG,CACrBC,UAAU,KADW,CAErBC,SAAS,MAFY,CAGrBC,gBAAgB,MAHK,CAAhB,C,wBAMA,GAAMzB,CAAAA,eAAe,CAAGZ,OAAO,CAACC,GAAR,CAAYW,eAApC,C,wCACA,GAAMC,CAAAA,YAAY,CAAGb,OAAO,CAACC,GAAR,CAAYY,YAAjC,C,kCACA,GAAMyB,CAAAA,YAAY,sDAAlB,C,6DAEA,GAAMC,CAAAA,SAAS,CAAG,CAAC,IAAD,CAAO,IAAP,CAAlB,C,4BAEA,GAAMzB,CAAAA,aAAa,CAAGd,OAAO,CAACC,GAAR,CAAYuC,iBAAlC,C,oCACA,GAAMzB,CAAAA,gBAAgB,CAAGf,OAAO,CAACC,GAAR,CAAYwC,qBAArC,C,0CACA,GAAMzB,CAAAA,SAAS,CAAGhB,OAAO,CAACC,GAAR,CAAYe,SAA9B,C,4BACA,GAAM0B,CAAAA,YAAY,CAAG,SAArB,C,+BAEA,GAAMzB,CAAAA,OAAO,CAAGjB,OAAO,CAACC,GAAR,CAAYgB,OAA5B,C,wBACA,GAAM0B,CAAAA,YAAY,CAAG,GAArB,C,yBAEA,GAAMC,CAAAA,kBAAkB,CAAG5C,OAAO,CAACC,GAAR,CAAY2C,kBAAvC,C,8CACA,GAAMC,CAAAA,kBAAkB,CAAG7C,OAAO,CAACC,GAAR,CAAY4C,kBAAvC,C,8CACA,GAAMC,CAAAA,cAAc,CAAG,EAAvB,C,0BACA,GAAMC,CAAAA,qBAAqB,CAAG,EAA9B,C,iCACA,GAAMC,CAAAA,UAAU,CAAG,EAAnB,C","sourceRoot":"C:\\Users\\Dxenu\\Desktop\\users-cubed-api-next\\app","sourcesContent":["const { strictEqual } = require('assert')\r\nstrictEqual(typeof process.env.HASH_SECRET, 'string', 'You need hash secret!')\r\nstrictEqual(typeof process.env.TWILIO_FROM, 'string', 'You need Twilio from!')\r\nstrictEqual(typeof process.env.TWILIO_SID, 'string', 'You need TWILIO_SID!')\r\nstrictEqual(typeof process.env.TWILIO_AUTH_TOKEN, 'string', 'You need TWILIO_AUTH_TOKEN!')\r\nstrictEqual(typeof process.env.MAILGUN_FROM, 'string', 'You need MAILGUN_FROM!')\r\nstrictEqual(typeof process.env.MAILGUN_DOMAIN, 'string', 'You need MAILGUN_DOMAIN!')\r\nstrictEqual(typeof process.env.MAILGUN_KEY, 'string', 'You need MAILGUN_KEY!')\r\nstrictEqual(typeof process.env.ENCRYPTION_SALT, 'string', 'You need ENCRYPTION_SALT!')\r\nstrictEqual(typeof process.env.ENCRYPTION_PASSWORD, 'string', 'You need ENCRYPTION_PASSWORD!')\r\nstrictEqual(typeof process.env.USERS_BUCKET_NAME, 'string', 'You need USERS_BUCKET_NAME!')\r\nstrictEqual(typeof process.env.AUTH0_CLIENT_ID, 'string', 'You need AUTH0_CLIENT_ID!')\r\nstrictEqual(typeof process.env.AUTH0_DOMAIN, 'string', 'You need AUTH0_CLIENT_ID!')\r\nstrictEqual(typeof process.env.S3_ACCESS_KEY, 'string', 'You need S3_ACCESS_KEY!')\r\nstrictEqual(typeof process.env.S3_ACCESS_SECRET, 'string', 'You need S3_ACCESS_SECRET!')\r\nstrictEqual(typeof process.env.S3_REGION, 'string', 'You need S3_REGION!')\r\nstrictEqual(typeof process.env.API_KEY, 'string', 'You need API_KEY!')\r\n\r\nexport const MOBILE_PROVIDER = 'twilio'\r\nexport const EMAIL_PROVIDER = 'mailgun'\r\nexport const DB_TYPE = 's3'\r\n\r\nexport const MAILGUN = {\r\n  nameFrom: process.env.MAILGUN_FROM,\r\n  domainName: process.env.MAILGUN_DOMAIN,\r\n  apiKey: process.env.MAILGUN_KEY\r\n}\r\n\r\nexport const TWILIO = {\r\n  from: process.env.TWILIO_FROM,\r\n  sid: process.env.TWILIO_SID,\r\n  authToken: process.env.TWILIO_AUTH_TOKEN\r\n}\r\n\r\nexport const HASH_SECRET = process.env.HASH_SECRET\r\n\r\nexport const COMPANY = 'Talaikis Ltd.'\r\n\r\nexport const BASE_URL = 'https://'\r\n\r\nexport const FIRST_CONFIRM = 'email'\r\n\r\nexport const USER_TOKEN_EXPIRY = 60 * 60 * 15\r\n\r\nexport const FRONTEND_URL = 'https://cubed.talaikis.com/'\r\n\r\nexport const ENCRYPTION_SALT = process.env.ENCRYPTION_SALT\r\n\r\nexport const ENCRYPTION_PASSWORD = process.env.ENCRYPTION_PASSWORD\r\n\r\nexport const USERS_BUCKET_NAME = process.env.USERS_BUCKET_NAME\r\n\r\nexport const WORKERS = {\r\n  tokenClean: 60 * 60,\r\n  logRotate: 60 * 60 * 24,\r\n  unconfirmedClean: 60 * 60 * 3\r\n}\r\n\r\nexport const AUTH0_CLIENT_ID = process.env.AUTH0_CLIENT_ID\r\nexport const AUTH0_DOMAIN = process.env.AUTH0_DOMAIN\r\nexport const REDIRECT_URL = `${FRONTEND_URL}/dashboard`\r\n\r\nexport const LANGUAGES = ['en', 'fr']\r\n\r\nexport const S3_ACCESS_KEY = process.env.AWS_ACCESS_KEY_ID\r\nexport const S3_ACCESS_SECRET = process.env.AWS_SECRET_ACCESS_KEY\r\nexport const S3_REGION = process.env.S3_REGION\r\nexport const UPLOAD_TABLE = 'avatars'\r\n\r\nexport const API_KEY = process.env.API_KEY\r\nexport const ALLOW_ORIGIN = '*'\r\n\r\nexport const STRIPE_TEST_SECRET = process.env.STRIPE_TEST_SECRET\r\nexport const STRIPE_LIVE_SECRET = process.env.STRIPE_LIVE_SECRET\r\nexport const STRIPE_ACCOUNT = ''\r\nexport const STRIPE_WEBHOOK_SECRET = ''\r\nexport const STRIPE_ENV = ''\r\n"]},"_coverageSchema":"1a1c01bbd47fc00a2c39e90264f33305004495a9","hash":"5c90e28b2a1e406e668bc7fbb70290566697c08c","contentHash":"c1073794436257ad71aedbf52d84b4395dee1c71cb956dcf09a7acc6d879030f"},"C:\\Users\\Dxenu\\Desktop\\users-cubed-api-next\\app\\lib\\proto\\index.js":{"path":"C:\\Users\\Dxenu\\Desktop\\users-cubed-api-next\\app\\lib\\proto\\index.js","statementMap":{"0":{"start":{"line":1,"column":13},"end":{"line":1,"column":127}},"1":{"start":{"line":1,"column":137},"end":{"line":1,"column":152}},"2":{"start":{"line":1,"column":165},"end":{"line":1,"column":210}},"3":{"start":{"line":1,"column":217},"end":{"line":1,"column":232}},"4":{"start":{"line":1,"column":240},"end":{"line":1,"column":256}},"5":{"start":{"line":1,"column":271},"end":{"line":1,"column":297}},"6":{"start":{"line":1,"column":306},"end":{"line":1,"column":329}},"7":{"start":{"line":1,"column":365},"end":{"line":1,"column":401}},"8":{"start":{"line":1,"column":445},"end":{"line":1,"column":499}},"9":{"start":{"line":1,"column":455},"end":{"line":1,"column":462}},"10":{"start":{"line":1,"column":465},"end":{"line":1,"column":472}},"11":{"start":{"line":1,"column":482},"end":{"line":1,"column":498}},"12":{"start":{"line":1,"column":499},"end":{"line":1,"column":539}},"13":{"start":{"line":1,"column":570},"end":{"line":1,"column":782}},"14":{"start":{"line":1,"column":594},"end":{"line":1,"column":598}},"15":{"start":{"line":1,"column":601},"end":{"line":1,"column":610}},"16":{"start":{"line":1,"column":611},"end":{"line":1,"column":781}},"17":{"start":{"line":1,"column":658},"end":{"line":1,"column":696}},"18":{"start":{"line":1,"column":711},"end":{"line":1,"column":750}},"19":{"start":{"line":1,"column":757},"end":{"line":1,"column":769}},"20":{"start":{"line":1,"column":770},"end":{"line":1,"column":779}},"21":{"start":{"line":1,"column":808},"end":{"line":1,"column":850}},"22":{"start":{"line":1,"column":872},"end":{"line":1,"column":1421}},"23":{"start":{"line":1,"column":889},"end":{"line":1,"column":1368}},"24":{"start":{"line":1,"column":970},"end":{"line":1,"column":1365}},"25":{"start":{"line":1,"column":1013},"end":{"line":1,"column":1361}},"26":{"start":{"line":1,"column":1020},"end":{"line":1,"column":1361}},"27":{"start":{"line":1,"column":1049},"end":{"line":1,"column":1327}},"28":{"start":{"line":1,"column":1168},"end":{"line":1,"column":1324}},"29":{"start":{"line":1,"column":1177},"end":{"line":1,"column":1279}},"30":{"start":{"line":1,"column":1187},"end":{"line":1,"column":1202}},"31":{"start":{"line":1,"column":1205},"end":{"line":1,"column":1238}},"32":{"start":{"line":1,"column":1241},"end":{"line":1,"column":1254}},"33":{"start":{"line":1,"column":1255},"end":{"line":1,"column":1264}},"34":{"start":{"line":1,"column":1274},"end":{"line":1,"column":1278}},"35":{"start":{"line":1,"column":1284},"end":{"line":1,"column":1324}},"36":{"start":{"line":1,"column":1344},"end":{"line":1,"column":1360}},"37":{"start":{"line":1,"column":1369},"end":{"line":1,"column":1418}},"38":{"start":{"line":1,"column":1387},"end":{"line":1,"column":1417}},"39":{"start":{"line":1,"column":1429},"end":{"line":1,"column":1457}},"40":{"start":{"line":1,"column":1458},"end":{"line":1,"column":1480}},"41":{"start":{"line":1,"column":1492},"end":{"line":1,"column":1738}},"42":{"start":{"line":1,"column":1516},"end":{"line":1,"column":1589}},"43":{"start":{"line":1,"column":1590},"end":{"line":1,"column":1737}},"44":{"start":{"line":1,"column":1634},"end":{"line":1,"column":1735}},"45":{"start":{"line":1,"column":1643},"end":{"line":1,"column":1726}},"46":{"start":{"line":1,"column":1653},"end":{"line":1,"column":1668}},"47":{"start":{"line":1,"column":1671},"end":{"line":1,"column":1682}},"48":{"start":{"line":1,"column":1683},"end":{"line":1,"column":1711}},"49":{"start":{"line":1,"column":1721},"end":{"line":1,"column":1725}},"50":{"start":{"line":1,"column":1731},"end":{"line":1,"column":1735}},"51":{"start":{"line":1,"column":1746},"end":{"line":1,"column":1774}},"52":{"start":{"line":1,"column":1775},"end":{"line":1,"column":1797}},"53":{"start":{"line":1,"column":1815},"end":{"line":1,"column":2156}},"54":{"start":{"line":1,"column":1835},"end":{"line":1,"column":2155}},"55":{"start":{"line":1,"column":1872},"end":{"line":1,"column":2070}},"56":{"start":{"line":1,"column":2071},"end":{"line":1,"column":2080}},"57":{"start":{"line":1,"column":2103},"end":{"line":1,"column":2153}},"58":{"start":{"line":1,"column":2157},"end":{"line":1,"column":2193}}},"fnMap":{"0":{"name":"_interopRequireDefault","decl":{"start":{"line":1,"column":339},"end":{"line":1,"column":361}},"loc":{"start":{"line":1,"column":364},"end":{"line":1,"column":402}},"line":1},"1":{"name":"asyncGeneratorStep","decl":{"start":{"line":1,"column":411},"end":{"line":1,"column":429}},"loc":{"start":{"line":1,"column":444},"end":{"line":1,"column":540}},"line":1},"2":{"name":"_asyncToGenerator","decl":{"start":{"line":1,"column":549},"end":{"line":1,"column":566}},"loc":{"start":{"line":1,"column":569},"end":{"line":1,"column":783}},"line":1},"3":{"name":"(anonymous_3)","decl":{"start":{"line":1,"column":577},"end":{"line":1,"column":578}},"loc":{"start":{"line":1,"column":587},"end":{"line":1,"column":782}},"line":1},"4":{"name":"(anonymous_4)","decl":{"start":{"line":1,"column":630},"end":{"line":1,"column":631}},"loc":{"start":{"line":1,"column":643},"end":{"line":1,"column":780}},"line":1},"5":{"name":"f","decl":{"start":{"line":1,"column":653},"end":{"line":1,"column":654}},"loc":{"start":{"line":1,"column":657},"end":{"line":1,"column":697}},"line":1},"6":{"name":"g","decl":{"start":{"line":1,"column":706},"end":{"line":1,"column":707}},"loc":{"start":{"line":1,"column":710},"end":{"line":1,"column":751}},"line":1},"7":{"name":"(anonymous_7)","decl":{"start":{"line":1,"column":872},"end":{"line":1,"column":873}},"loc":{"start":{"line":1,"column":882},"end":{"line":1,"column":1419}},"line":1},"8":{"name":"a","decl":{"start":{"line":1,"column":953},"end":{"line":1,"column":954}},"loc":{"start":{"line":1,"column":963},"end":{"line":1,"column":1366}},"line":1},"9":{"name":"(anonymous_9)","decl":{"start":{"line":1,"column":1001},"end":{"line":1,"column":1002}},"loc":{"start":{"line":1,"column":1012},"end":{"line":1,"column":1362}},"line":1},"10":{"name":"(anonymous_10)","decl":{"start":{"line":1,"column":1154},"end":{"line":1,"column":1155}},"loc":{"start":{"line":1,"column":1167},"end":{"line":1,"column":1325}},"line":1},"11":{"name":"(anonymous_11)","decl":{"start":{"line":1,"column":1376},"end":{"line":1,"column":1377}},"loc":{"start":{"line":1,"column":1386},"end":{"line":1,"column":1418}},"line":1},"12":{"name":"(anonymous_12)","decl":{"start":{"line":1,"column":1492},"end":{"line":1,"column":1493}},"loc":{"start":{"line":1,"column":1509},"end":{"line":1,"column":1738}},"line":1},"13":{"name":"(anonymous_13)","decl":{"start":{"line":1,"column":1620},"end":{"line":1,"column":1621}},"loc":{"start":{"line":1,"column":1633},"end":{"line":1,"column":1736}},"line":1},"14":{"name":"(anonymous_14)","decl":{"start":{"line":1,"column":1815},"end":{"line":1,"column":1816}},"loc":{"start":{"line":1,"column":1834},"end":{"line":1,"column":2156}},"line":1},"15":{"name":"(anonymous_15)","decl":{"start":{"line":1,"column":1854},"end":{"line":1,"column":1855}},"loc":{"start":{"line":1,"column":1865},"end":{"line":1,"column":2081}},"line":1},"16":{"name":"(anonymous_16)","decl":{"start":{"line":1,"column":2092},"end":{"line":1,"column":2093}},"loc":{"start":{"line":1,"column":2102},"end":{"line":1,"column":2154}},"line":1}},"branchMap":{"0":{"loc":{"start":{"line":1,"column":372},"end":{"line":1,"column":401}},"type":"cond-expr","locations":[{"start":{"line":1,"column":388},"end":{"line":1,"column":389}},{"start":{"line":1,"column":390},"end":{"line":1,"column":401}}],"line":1},"1":{"loc":{"start":{"line":1,"column":372},"end":{"line":1,"column":387}},"type":"binary-expr","locations":[{"start":{"line":1,"column":372},"end":{"line":1,"column":373}},{"start":{"line":1,"column":375},"end":{"line":1,"column":387}}],"line":1},"2":{"loc":{"start":{"line":1,"column":499},"end":{"line":1,"column":539}},"type":"cond-expr","locations":[{"start":{"line":1,"column":506},"end":{"line":1,"column":510}},{"start":{"line":1,"column":511},"end":{"line":1,"column":539}}],"line":1},"3":{"loc":{"start":{"line":1,"column":1020},"end":{"line":1,"column":1361}},"type":"switch","locations":[{"start":{"line":1,"column":1042},"end":{"line":1,"column":1327}},{"start":{"line":1,"column":1327},"end":{"line":1,"column":1334}},{"start":{"line":1,"column":1334},"end":{"line":1,"column":1360}}],"line":1},"4":{"loc":{"start":{"line":1,"column":1168},"end":{"line":1,"column":1324}},"type":"if","locations":[{"start":{"line":1,"column":1168},"end":{"line":1,"column":1324}},{"start":{"line":1,"column":1168},"end":{"line":1,"column":1324}}],"line":1},"5":{"loc":{"start":{"line":1,"column":1171},"end":{"line":1,"column":1176}},"type":"binary-expr","locations":[{"start":{"line":1,"column":1171},"end":{"line":1,"column":1173}},{"start":{"line":1,"column":1175},"end":{"line":1,"column":1176}}],"line":1},"6":{"loc":{"start":{"line":1,"column":1284},"end":{"line":1,"column":1324}},"type":"binary-expr","locations":[{"start":{"line":1,"column":1284},"end":{"line":1,"column":1285}},{"start":{"line":1,"column":1288},"end":{"line":1,"column":1323}}],"line":1},"7":{"loc":{"start":{"line":1,"column":1634},"end":{"line":1,"column":1735}},"type":"if","locations":[{"start":{"line":1,"column":1634},"end":{"line":1,"column":1735}},{"start":{"line":1,"column":1634},"end":{"line":1,"column":1735}}],"line":1},"8":{"loc":{"start":{"line":1,"column":1637},"end":{"line":1,"column":1642}},"type":"binary-expr","locations":[{"start":{"line":1,"column":1637},"end":{"line":1,"column":1639}},{"start":{"line":1,"column":1641},"end":{"line":1,"column":1642}}],"line":1}},"s":{"0":1,"1":1,"2":1,"3":1,"4":1,"5":1,"6":1,"7":1,"8":0,"9":0,"10":0,"11":0,"12":0,"13":1,"14":0,"15":0,"16":0,"17":0,"18":0,"19":0,"20":0,"21":1,"22":1,"23":1,"24":0,"25":0,"26":0,"27":0,"28":0,"29":0,"30":0,"31":0,"32":0,"33":0,"34":0,"35":0,"36":0,"37":1,"38":0,"39":1,"40":1,"41":1,"42":0,"43":0,"44":0,"45":0,"46":0,"47":0,"48":0,"49":0,"50":0,"51":1,"52":1,"53":1,"54":0,"55":0,"56":0,"57":0,"58":1},"f":{"0":1,"1":0,"2":1,"3":0,"4":0,"5":0,"6":0,"7":1,"8":0,"9":0,"10":0,"11":0,"12":0,"13":0,"14":0,"15":0,"16":0},"b":{"0":[0,1],"1":[1,1],"2":[0,0],"3":[0,0,0],"4":[0,0],"5":[0,0],"6":[0,0],"7":[0,0],"8":[0,0]},"inputSourceMap":{"version":3,"sources":["index.js"],"names":["definitionsDirectory","__dirname","_decode","filePath","base64Buffer","messageType","done","p","protobuf","load","err","root","MsgType","lookupType","message","decode","Buffer","from","obj","toObject","e","console","log","_encode","output","create","encode","finish","protoResponse","statusCode","final","then","buffer","response","headers","ALLOW_ORIGIN","body","toString","isBase64Encoded"],"mappings":"kxBAOMA,CAAAA,oBAAoB,CAAG,kBAAQC,SAAR,CAAmB,aAAnB,C,CAEvBC,OAAO,sFAAG,WAAOC,CAAP,CAAiBC,CAAjB,CAA+BC,CAA/B,CAA4CC,CAA5C,uFACRC,CADQ,CACJ,kBAAQP,oBAAR,CAA8B,UAA9B,WAA6CG,CAA7C,WADI,CAEdK,uBAASC,IAAT,CAAcF,CAAd,CAAiB,SAACG,CAAD,CAAMC,CAAN,CAAe,CAC9B,GAAI,CAACD,CAAD,EAAQC,CAAZ,CACE,GAAI,IACIC,CAAAA,CAAO,CAAGD,CAAI,CAACE,UAAL,CAAgBR,CAAhB,CADd,CAEIS,CAAO,CAAGF,CAAO,CAACG,MAAR,CAAeC,MAAM,CAACC,IAAP,CAAYb,CAAZ,CAA0B,QAA1B,CAAf,CAFd,CAGIc,CAAG,CAAGN,CAAO,CAACO,QAAR,CAAiBL,CAAjB,CAHV,CAIFR,CAAI,CAAC,IAAD,CAAOY,CAAP,CACL,CAAC,MAAOE,CAAP,CAAU,CACVd,CAAI,CAACc,CAAD,CACL,CARH,IASWV,CAAAA,CATX,GAUEW,OAAO,CAACC,GAAR,CAAY,eAAIZ,CAAJ,CAAZ,CAVF,CAWEJ,CAAI,CAACI,CAAD,CAXN,CAaD,CAdD,CAFc,wCAAH,uD,CAmBAK,MAAM,CAAG,oBAAUb,OAAV,C,0BAEhBqB,CAAAA,OAAO,CAAG,SAACpB,CAAD,CAAWqB,CAAX,CAAmBnB,CAAnB,CAAgCC,CAAhC,CAAyC,CACvD,GAAMC,CAAAA,CAAC,CAAG,kBAAQP,oBAAR,CAA8B,WAA9B,WAA8CG,CAA9C,WAAV,CACAK,uBAASC,IAAT,CAAcF,CAAd,CAAiB,SAACG,CAAD,CAAMC,CAAN,CAAe,CAC9B,GAAI,CAACD,CAAD,EAAQC,CAAZ,CACE,GAAI,IACIC,CAAAA,CAAO,CAAGD,CAAI,CAACE,UAAL,CAAgBR,CAAhB,CADd,CAEIS,CAAO,CAAGF,CAAO,CAACa,MAAR,CAAeD,CAAf,CAFd,CAGFlB,CAAI,CAAC,IAAD,CAAOM,CAAO,CAACc,MAAR,CAAeZ,CAAf,EAAwBa,MAAxB,EAAP,CACL,CAAC,MAAOP,CAAP,CAAU,CACVd,CAAI,CAACc,CAAD,CACL,CAPH,IASEd,CAAAA,CAAI,CAACI,CAAD,CAEP,CAZD,CAaD,C,CAEYgB,MAAM,CAAG,oBAAUH,OAAV,C,uBAEf,GAAMK,CAAAA,aAAa,CAAG,SAACC,CAAD,CAAaL,CAAb,CAAqBrB,CAArB,CAA+BE,CAA/B,CAA4CyB,CAA5C,CAAsD,CACjFJ,MAAM,CAACvB,CAAD,CAAWqB,CAAX,CAAmBnB,CAAnB,CAAN,CACG0B,IADH,CACQ,SAACC,CAAD,CAAY,CAChB,GAAMC,CAAAA,CAAQ,CAAG,CACfJ,UAAU,CAAVA,CADe,CAEfK,OAAO,CAAE,CACP,eAAgB,wBADT,CAEP,8BAA+BC,oBAFxB,CAGP,qCAHO,CAFM,CAOfC,IAAI,CAAEJ,CAAM,CAACK,QAAP,CAAgB,QAAhB,CAPS,CAQfC,eAAe,GARA,CAAjB,CAUAR,CAAK,CAAC,IAAD,CAAOG,CAAP,CACN,CAbH,WAcS,iBAAMH,CAAAA,CAAK,CAAC,oBAAE,mBAAF,CAAD,CAAX,CAdT,CAeD,CAhBM,C","sourceRoot":"C:\\Users\\Dxenu\\Desktop\\users-cubed-api-next\\app\\lib\\proto","sourcesContent":["import { resolve } from 'path'\r\nimport protobuf from 'protobufjs'\r\nimport { promisify } from 'util'\r\nimport { red } from 'chalk'\r\n\r\nimport { t } from '../translations'\r\nimport { ALLOW_ORIGIN } from '../../config'\r\nconst definitionsDirectory = resolve(__dirname, '../schemas/')\r\n\r\nconst _decode = async (filePath, base64Buffer, messageType, done) => {\r\n  const p = resolve(definitionsDirectory, 'requests', `${filePath}.proto`)\r\n  protobuf.load(p, (err, root) => {\r\n    if (!err && root) {\r\n      try {\r\n        const MsgType = root.lookupType(messageType)\r\n        const message = MsgType.decode(Buffer.from(base64Buffer, 'base64'))\r\n        const obj = MsgType.toObject(message)\r\n        done(null, obj)\r\n      } catch (e) {\r\n        done(e)\r\n      }\r\n    } else if (err) {\r\n      console.log(red(err))\r\n      done(err)\r\n    }\r\n  })\r\n}\r\n\r\nexport const decode = promisify(_decode)\r\n\r\nconst _encode = (filePath, output, messageType, done) => {\r\n  const p = resolve(definitionsDirectory, 'responses', `${filePath}.proto`)\r\n  protobuf.load(p, (err, root) => {\r\n    if (!err && root) {\r\n      try {\r\n        const MsgType = root.lookupType(messageType)\r\n        const message = MsgType.create(output)\r\n        done(null, MsgType.encode(message).finish())\r\n      } catch (e) {\r\n        done(e)\r\n      }\r\n    } else {\r\n      done(err)\r\n    }\r\n  })\r\n}\r\n\r\nexport const encode = promisify(_encode)\r\n\r\nexport const protoResponse = (statusCode, output, filePath, messageType, final) => {\r\n  encode(filePath, output, messageType)\r\n    .then((buffer) => {\r\n      const response = {\r\n        statusCode,\r\n        headers: {\r\n          'Content-Type': 'application/x-protobuf',\r\n          'Access-Control-Allow-Origin': ALLOW_ORIGIN,\r\n          'Access-Control-Allow-Credentials': true\r\n        },\r\n        body: buffer.toString('base64'),\r\n        isBase64Encoded: true\r\n      }\r\n      final(null, response)\r\n    })\r\n    .catch(() => final(t('error.bad_request')))\r\n}\r\n"]},"_coverageSchema":"1a1c01bbd47fc00a2c39e90264f33305004495a9","hash":"9d09183bfb0d5671fdd3374403c50b7f3523c60b","contentHash":"d7f33066ecbd4d8655f5c0224c8ab8464a4038f9e3c73153a9553749392a9008"},"C:\\Users\\Dxenu\\Desktop\\users-cubed-api-next\\app\\lib\\translations\\index.js":{"path":"C:\\Users\\Dxenu\\Desktop\\users-cubed-api-next\\app\\lib\\translations\\index.js","statementMap":{"0":{"start":{"line":1,"column":13},"end":{"line":1,"column":185}},"1":{"start":{"line":1,"column":136},"end":{"line":1,"column":156}},"2":{"start":{"line":1,"column":201},"end":{"line":1,"column":222}},"3":{"start":{"line":1,"column":229},"end":{"line":1,"column":244}},"4":{"start":{"line":1,"column":249},"end":{"line":1,"column":272}},"5":{"start":{"line":1,"column":277},"end":{"line":1,"column":300}},"6":{"start":{"line":1,"column":301},"end":{"line":1,"column":367}},"7":{"start":{"line":1,"column":382},"end":{"line":1,"column":488}},"8":{"start":{"line":1,"column":402},"end":{"line":1,"column":457}},"9":{"start":{"line":1,"column":458},"end":{"line":1,"column":487}},"10":{"start":{"line":1,"column":499},"end":{"line":1,"column":530}},"11":{"start":{"line":1,"column":531},"end":{"line":1,"column":590}}},"fnMap":{"0":{"name":"get","decl":{"start":{"line":1,"column":130},"end":{"line":1,"column":133}},"loc":{"start":{"line":1,"column":135},"end":{"line":1,"column":157}},"line":1},"1":{"name":"(anonymous_1)","decl":{"start":{"line":1,"column":382},"end":{"line":1,"column":383}},"loc":{"start":{"line":1,"column":395},"end":{"line":1,"column":488}},"line":1}},"branchMap":{"0":{"loc":{"start":{"line":1,"column":402},"end":{"line":1,"column":457}},"type":"cond-expr","locations":[{"start":{"line":1,"column":436},"end":{"line":1,"column":452}},{"start":{"line":1,"column":453},"end":{"line":1,"column":457}}],"line":1}},"s":{"0":1,"1":0,"2":1,"3":1,"4":1,"5":1,"6":1,"7":1,"8":0,"9":0,"10":1,"11":1},"f":{"0":0,"1":0},"b":{"0":[0,0]},"inputSourceMap":{"version":3,"sources":["index.js"],"names":["fr","en","_setLocale","data","done","loc","payload","locale","setLocale"],"mappings":"6SAMA,oBAAI,IAAJ,CAAUA,MAAV,C,CACA,oBAAI,IAAJ,CAAUC,MAAV,C,IAEMC,CAAAA,UAAU,CAAG,SAACC,CAAD,CAAOC,CAAP,CAAgB,CACjC,GAAMC,CAAAA,CAAG,CAAkC,QAA/B,QAAOF,CAAAA,CAAI,CAACG,OAAL,CAAaC,MAApB,CAA0CJ,CAAI,CAACG,OAAL,CAAaC,MAAvD,CAAgE,IAA5E,CACA,uBAAOF,CAAP,CAFiC,CAGjCD,CAAI,EACL,C,CAEYI,SAAS,CAAG,oBAAUN,UAAV,C,6BAEzB,yBAAS,IAAT,C","sourceRoot":"C:\\Users\\Dxenu\\Desktop\\users-cubed-api-next\\app\\lib\\translations","sourcesContent":["import { locale, fallback, set, t } from 'frenchkiss'\r\nimport { promisify } from 'util'\r\n\r\nimport { en } from './locales/en'\r\nimport { fr } from './locales/fr'\r\n\r\nset('fr', fr)\r\nset('en', en)\r\n\r\nconst _setLocale = (data, done) => {\r\n  const loc = typeof data.body.locale === 'string' ? data.body.locale : 'en'\r\n  locale(loc)\r\n  done()\r\n}\r\n\r\nexport const setLocale = promisify(_setLocale)\r\n\r\nfallback('en')\r\n\r\nexport { t }\r\n"]},"_coverageSchema":"1a1c01bbd47fc00a2c39e90264f33305004495a9","hash":"2e3498a036fa8b21bd49360c9e47697f73cde992","contentHash":"759fe92ea5765d0cec196e6df4bc877ca9c8bbb0dd6df78b5fa24e2f70e45142"},"C:\\Users\\Dxenu\\Desktop\\users-cubed-api-next\\app\\lib\\translations\\locales\\en.js":{"path":"C:\\Users\\Dxenu\\Desktop\\users-cubed-api-next\\app\\lib\\translations\\locales\\en.js","statementMap":{"0":{"start":{"line":1,"column":13},"end":{"line":1,"column":105}},"1":{"start":{"line":1,"column":112},"end":{"line":1,"column":2539}},"2":{"start":{"line":1,"column":2540},"end":{"line":1,"column":2554}},"3":{"start":{"line":1,"column":2569},"end":{"line":1,"column":2788}},"4":{"start":{"line":1,"column":2789},"end":{"line":1,"column":2819}}},"fnMap":{},"branchMap":{},"s":{"0":1,"1":1,"2":1,"3":1,"4":1},"f":{},"b":{},"inputSourceMap":{"version":3,"sources":["en.js"],"names":["en","error","token","expired","account","account_confirm_subject","account_confirm_message","account_confirm_phone","account_reset_phone","ok","refer","email","reset","reset_email_text","email_password","langSchema","title","type","required","uniqueItems","properties"],"mappings":"yGAAO,GAAMA,CAAAA,EAAE,CAAG,CAChBC,KAAK,mrDADW,CA0ChBC,KAAK,CAAE,CACLC,OAAO,CAAE,gBADJ,CA1CS,CA6ChBC,OAAO,CAAE,CACPC,uBAAuB,CAAE,2CADlB,CAEPC,uBAAuB,CAAE,mHAFlB,CAGPC,qBAAqB,CAAE,yCAHhB,CAIPC,mBAAmB,CAAE,gDAJd,CA7CO,CAmDhBC,EAAE,CAAE,KAnDY,CAoDhBC,KAAK,CAAE,CACLC,KAAK,CAAE,0EADF,CApDS,CAuDhBC,KAAK,CAAE,CACLD,KAAK,CAAE,kDADF,CAELE,gBAAgB,CAAE,qGAFb,CAGLC,cAAc,CAAE,uBAHX,CAvDS,CAAX,C,cA8DA,GAAMC,CAAAA,UAAU,CAAG,CACxBC,KAAK,CAAE,sBADiB,CAExBC,IAAI,CAAE,QAFkB,CAGxBC,QAAQ,CAAE,CAAC,IAAD,CAHc,CAIxBC,WAAW,GAJa,CAKxBC,UAAU,CAAE,CACVnB,KAAK,CAAE,CACLgB,IAAI,CAAE,QADD,CADG,CAIVf,KAAK,CAAE,CACLe,IAAI,CAAE,QADD,CAJG,CAOVb,OAAO,CAAE,CACPa,IAAI,CAAE,QADC,CAPC,CAUVP,KAAK,CAAE,CACLO,IAAI,CAAE,QADD,CAVG,CAaVL,KAAK,CAAE,CACLK,IAAI,CAAE,QADD,CAbG,CAgBVR,EAAE,CAAE,CACFQ,IAAI,CAAE,QADJ,CAhBM,CALY,CAAnB,C","sourceRoot":"C:\\Users\\Dxenu\\Desktop\\users-cubed-api-next\\app\\lib\\translations\\locales","sourcesContent":["export const en = {\r\n  error: {\r\n    unauthorized: 'Unauthorized.',\r\n    not_allowed: 'Bad request.',\r\n    server: 'Server error',\r\n    email: 'Send email parameters missing or are invalid or could not send email.',\r\n    phone: 'Send SMS parameters missing or are invalid.',\r\n    required: 'Missing required fields.',\r\n    confirmation_save: 'Unable to save confirmation code.',\r\n    confirmation_generate: 'Unable to generate confirmation code.',\r\n    no_user: 'No such user.',\r\n    user_exists: 'User exists.',\r\n    user_delete: 'Could not delete user.',\r\n    confirmed: 'Account is not confirmed.',\r\n    hash: 'Unable to hash password, please try again later.',\r\n    user_create: 'Could not create user.',\r\n    sms: 'Could not send SMS.',\r\n    token_notfound: 'Token not found.',\r\n    not_found: 'Not found.',\r\n    token_expired: 'Token is expired.',\r\n    token_invalid: 'Invalid token.',\r\n    generate: 'Unable to generate password, please try again later.',\r\n    invalid_password: 'Wrong login details.',\r\n    id: 'Unable to generate ID.',\r\n    token: 'Could not create token.',\r\n    cannot_read: 'Cannot read.',\r\n    cannot_update: 'Cannot Update',\r\n    unknown: 'Uknown problem.',\r\n    internal: 'Internal error',\r\n    save: 'Save error.',\r\n    refer_email: 'Cannot send referral email',\r\n    wrong_token: 'Wrong token provided.',\r\n    ref_reg: 'Referred user already registered.',\r\n    hashing: 'Error hashing.',\r\n    bytes: 'Error generating bytes.',\r\n    join_delete: 'Error occurred when deleting some column from table.',\r\n    no_payload: 'No payload.',\r\n    invalid_email: 'Invalid email.',\r\n    profile: 'There was an error getting the profile.',\r\n    timeout: 'Request timed out.',\r\n    fileType: 'Wrong file type, only png, jpeg and webp are accepted.'\r\n  },\r\n  token: {\r\n    expired: 'Token expired.'\r\n  },\r\n  account: {\r\n    account_confirm_subject: 'Please confirm your account for {company}',\r\n    account_confirm_message: 'Your code for <a href=\"{baseUrl}\">{company}</a> account:<h4><a href=\"{baseUrl}confirm/{code}\">{code}</a></h4>',\r\n    account_confirm_phone: 'Your code for {company} account: {code}',\r\n    account_reset_phone: 'Your code for {company} password reset: {code}',\r\n  },\r\n  ok: 'OK.',\r\n  refer: {\r\n    email: 'Click the following link: <a href=\"{baseUrl}refer/{token}\">{token}</a>',\r\n  },\r\n  reset: {\r\n    email: 'Please confirm your password reset for {company}',\r\n    reset_email_text: 'Click here to confirm password reset: <h4><a href=\"{baseUrl}confirm-reset/{code}\">{code}</a></h4>',\r\n    email_password: 'Your new password for'\r\n  }\r\n}\r\n\r\nexport const langSchema = {\r\n  title: 'English schema v.1.0',\r\n  type: 'object',\r\n  required: ['ok'],\r\n  uniqueItems: true,\r\n  properties: {\r\n    error: {\r\n      type: 'object'\r\n    },\r\n    token: {\r\n      type: 'object'\r\n    },\r\n    account: {\r\n      type: 'object'\r\n    },\r\n    refer: {\r\n      type: 'object'\r\n    },\r\n    reset: {\r\n      type: 'object'\r\n    },\r\n    ok: {\r\n      type: 'string'\r\n    }\r\n  }\r\n}\r\n"]},"_coverageSchema":"1a1c01bbd47fc00a2c39e90264f33305004495a9","hash":"867eb1f29f68a68609f2d6d276555304012587c8","contentHash":"46751e33d6cb56a70bbd5cdf99452b936336ad47e18462cca9c43b08e006e673"},"C:\\Users\\Dxenu\\Desktop\\users-cubed-api-next\\app\\lib\\translations\\locales\\fr.js":{"path":"C:\\Users\\Dxenu\\Desktop\\users-cubed-api-next\\app\\lib\\translations\\locales\\fr.js","statementMap":{"0":{"start":{"line":1,"column":13},"end":{"line":1,"column":86}},"1":{"start":{"line":1,"column":93},"end":{"line":1,"column":134}},"2":{"start":{"line":1,"column":135},"end":{"line":1,"column":149}}},"fnMap":{},"branchMap":{},"s":{"0":1,"1":1,"2":1},"f":{},"b":{},"inputSourceMap":{"version":3,"sources":["fr.js"],"names":["fr","error","unauthorized"],"mappings":"sFAAO,GAAMA,CAAAA,EAAE,CAAG,CAChBC,KAAK,CAAE,CACLC,YAAY,CAAE,kBADT,CADS,CAAX,C","sourceRoot":"C:\\Users\\Dxenu\\Desktop\\users-cubed-api-next\\app\\lib\\translations\\locales","sourcesContent":["export const fr = {\r\n  error: {\r\n    unauthorized: 'Non autorisé.'\r\n  }\r\n}\r\n"]},"_coverageSchema":"1a1c01bbd47fc00a2c39e90264f33305004495a9","hash":"fa859058fb760a6ebf0b9216adc2e7dacd0cc737","contentHash":"e84a0d0012bb551c01121ca15f2ebc09e98c00f07571db647af0a2cfa96c002c"},"C:\\Users\\Dxenu\\Desktop\\users-cubed-api-next\\app\\handlers\\index.js":{"path":"C:\\Users\\Dxenu\\Desktop\\users-cubed-api-next\\app\\handlers\\index.js","statementMap":{"0":{"start":{"line":1,"column":13},"end":{"line":1,"column":114}},"1":{"start":{"line":1,"column":149},"end":{"line":1,"column":194}},"2":{"start":{"line":1,"column":230},"end":{"line":1,"column":266}},"3":{"start":{"line":1,"column":287},"end":{"line":1,"column":514}},"4":{"start":{"line":1,"column":374},"end":{"line":1,"column":389}},"5":{"start":{"line":1,"column":403},"end":{"line":1,"column":502}},"6":{"start":{"line":1,"column":547},"end":{"line":1,"column":648}},"7":{"start":{"line":1,"column":685},"end":{"line":1,"column":727}},"8":{"start":{"line":1,"column":715},"end":{"line":1,"column":727}},"9":{"start":{"line":1,"column":733},"end":{"line":1,"column":744}},"10":{"start":{"line":1,"column":745},"end":{"line":1,"column":799}},"11":{"start":{"line":1,"column":788},"end":{"line":1,"column":796}},"12":{"start":{"line":1,"column":836},"end":{"line":1,"column":864}},"13":{"start":{"line":1,"column":855},"end":{"line":1,"column":864}},"14":{"start":{"line":1,"column":864},"end":{"line":1,"column":939}},"15":{"start":{"line":1,"column":921},"end":{"line":1,"column":939}},"16":{"start":{"line":1,"column":945},"end":{"line":1,"column":971}},"17":{"start":{"line":1,"column":972},"end":{"line":1,"column":1003}},"18":{"start":{"line":1,"column":987},"end":{"line":1,"column":1003}},"19":{"start":{"line":1,"column":1009},"end":{"line":1,"column":1011}},"20":{"start":{"line":1,"column":1014},"end":{"line":1,"column":1068}},"21":{"start":{"line":1,"column":1069},"end":{"line":1,"column":1237}},"22":{"start":{"line":1,"column":1084},"end":{"line":1,"column":1237}},"23":{"start":{"line":1,"column":1136},"end":{"line":1,"column":1179}},"24":{"start":{"line":1,"column":1180},"end":{"line":1,"column":1236}},"25":{"start":{"line":1,"column":1237},"end":{"line":1,"column":1274}},"26":{"start":{"line":1,"column":1289},"end":{"line":1,"column":8886}},"27":{"start":{"line":1,"column":1580},"end":{"line":1,"column":1630}},"28":{"start":{"line":1,"column":1774},"end":{"line":1,"column":1824}},"29":{"start":{"line":1,"column":1969},"end":{"line":1,"column":2019}},"30":{"start":{"line":1,"column":2159},"end":{"line":1,"column":2209}},"31":{"start":{"line":1,"column":2365},"end":{"line":1,"column":2415}},"32":{"start":{"line":1,"column":2569},"end":{"line":1,"column":2619}},"33":{"start":{"line":1,"column":2767},"end":{"line":1,"column":2817}},"34":{"start":{"line":1,"column":2961},"end":{"line":1,"column":3011}},"35":{"start":{"line":1,"column":3161},"end":{"line":1,"column":3211}},"36":{"start":{"line":1,"column":3350},"end":{"line":1,"column":3400}},"37":{"start":{"line":1,"column":3531},"end":{"line":1,"column":3583}},"38":{"start":{"line":1,"column":3721},"end":{"line":1,"column":3771}},"39":{"start":{"line":1,"column":3908},"end":{"line":1,"column":3958}},"40":{"start":{"line":1,"column":4108},"end":{"line":1,"column":4158}},"41":{"start":{"line":1,"column":4307},"end":{"line":1,"column":4357}},"42":{"start":{"line":1,"column":4513},"end":{"line":1,"column":4562}},"43":{"start":{"line":1,"column":4722},"end":{"line":1,"column":4771}},"44":{"start":{"line":1,"column":4923},"end":{"line":1,"column":4972}},"45":{"start":{"line":1,"column":5127},"end":{"line":1,"column":5176}},"46":{"start":{"line":1,"column":5328},"end":{"line":1,"column":5377}},"47":{"start":{"line":1,"column":5533},"end":{"line":1,"column":5582}},"48":{"start":{"line":1,"column":5741},"end":{"line":1,"column":5790}},"49":{"start":{"line":1,"column":5946},"end":{"line":1,"column":5995}},"50":{"start":{"line":1,"column":6147},"end":{"line":1,"column":6196}},"51":{"start":{"line":1,"column":6352},"end":{"line":1,"column":6401}},"52":{"start":{"line":1,"column":6564},"end":{"line":1,"column":6613}},"53":{"start":{"line":1,"column":6779},"end":{"line":1,"column":6828}},"54":{"start":{"line":1,"column":6983},"end":{"line":1,"column":7032}},"55":{"start":{"line":1,"column":7188},"end":{"line":1,"column":7237}},"56":{"start":{"line":1,"column":7395},"end":{"line":1,"column":7444}},"57":{"start":{"line":1,"column":7600},"end":{"line":1,"column":7649}},"58":{"start":{"line":1,"column":7806},"end":{"line":1,"column":7855}},"59":{"start":{"line":1,"column":8014},"end":{"line":1,"column":8063}},"60":{"start":{"line":1,"column":8221},"end":{"line":1,"column":8270}},"61":{"start":{"line":1,"column":8407},"end":{"line":1,"column":8458}},"62":{"start":{"line":1,"column":8602},"end":{"line":1,"column":8657}},"63":{"start":{"line":1,"column":8799},"end":{"line":1,"column":8861}},"64":{"start":{"line":1,"column":8888},"end":{"line":1,"column":8914}},"65":{"start":{"line":1,"column":8932},"end":{"line":1,"column":10735}},"66":{"start":{"line":1,"column":10736},"end":{"line":1,"column":10772}}},"fnMap":{"0":{"name":"_interopRequireDefault","decl":{"start":{"line":1,"column":204},"end":{"line":1,"column":226}},"loc":{"start":{"line":1,"column":229},"end":{"line":1,"column":267}},"line":1},"1":{"name":"_typeof","decl":{"start":{"line":1,"column":276},"end":{"line":1,"column":283}},"loc":{"start":{"line":1,"column":286},"end":{"line":1,"column":515}},"line":1},"2":{"name":"(anonymous_2)","decl":{"start":{"line":1,"column":362},"end":{"line":1,"column":363}},"loc":{"start":{"line":1,"column":373},"end":{"line":1,"column":390}},"line":1},"3":{"name":"(anonymous_3)","decl":{"start":{"line":1,"column":391},"end":{"line":1,"column":392}},"loc":{"start":{"line":1,"column":402},"end":{"line":1,"column":503}},"line":1},"4":{"name":"_defineProperty","decl":{"start":{"line":1,"column":524},"end":{"line":1,"column":539}},"loc":{"start":{"line":1,"column":546},"end":{"line":1,"column":649}},"line":1},"5":{"name":"_getRequireWildcardCache","decl":{"start":{"line":1,"column":658},"end":{"line":1,"column":682}},"loc":{"start":{"line":1,"column":684},"end":{"line":1,"column":800}},"line":1},"6":{"name":"(anonymous_6)","decl":{"start":{"line":1,"column":777},"end":{"line":1,"column":778}},"loc":{"start":{"line":1,"column":787},"end":{"line":1,"column":797}},"line":1},"7":{"name":"_interopRequireWildcard","decl":{"start":{"line":1,"column":809},"end":{"line":1,"column":832}},"loc":{"start":{"line":1,"column":835},"end":{"line":1,"column":1275}},"line":1},"8":{"name":"(anonymous_8)","decl":{"start":{"line":1,"column":1569},"end":{"line":1,"column":1570}},"loc":{"start":{"line":1,"column":1579},"end":{"line":1,"column":1631}},"line":1},"9":{"name":"(anonymous_9)","decl":{"start":{"line":1,"column":1763},"end":{"line":1,"column":1764}},"loc":{"start":{"line":1,"column":1773},"end":{"line":1,"column":1825}},"line":1},"10":{"name":"(anonymous_10)","decl":{"start":{"line":1,"column":1958},"end":{"line":1,"column":1959}},"loc":{"start":{"line":1,"column":1968},"end":{"line":1,"column":2020}},"line":1},"11":{"name":"(anonymous_11)","decl":{"start":{"line":1,"column":2148},"end":{"line":1,"column":2149}},"loc":{"start":{"line":1,"column":2158},"end":{"line":1,"column":2210}},"line":1},"12":{"name":"(anonymous_12)","decl":{"start":{"line":1,"column":2354},"end":{"line":1,"column":2355}},"loc":{"start":{"line":1,"column":2364},"end":{"line":1,"column":2416}},"line":1},"13":{"name":"(anonymous_13)","decl":{"start":{"line":1,"column":2558},"end":{"line":1,"column":2559}},"loc":{"start":{"line":1,"column":2568},"end":{"line":1,"column":2620}},"line":1},"14":{"name":"(anonymous_14)","decl":{"start":{"line":1,"column":2756},"end":{"line":1,"column":2757}},"loc":{"start":{"line":1,"column":2766},"end":{"line":1,"column":2818}},"line":1},"15":{"name":"(anonymous_15)","decl":{"start":{"line":1,"column":2950},"end":{"line":1,"column":2951}},"loc":{"start":{"line":1,"column":2960},"end":{"line":1,"column":3012}},"line":1},"16":{"name":"(anonymous_16)","decl":{"start":{"line":1,"column":3150},"end":{"line":1,"column":3151}},"loc":{"start":{"line":1,"column":3160},"end":{"line":1,"column":3212}},"line":1},"17":{"name":"(anonymous_17)","decl":{"start":{"line":1,"column":3339},"end":{"line":1,"column":3340}},"loc":{"start":{"line":1,"column":3349},"end":{"line":1,"column":3401}},"line":1},"18":{"name":"(anonymous_18)","decl":{"start":{"line":1,"column":3520},"end":{"line":1,"column":3521}},"loc":{"start":{"line":1,"column":3530},"end":{"line":1,"column":3584}},"line":1},"19":{"name":"(anonymous_19)","decl":{"start":{"line":1,"column":3710},"end":{"line":1,"column":3711}},"loc":{"start":{"line":1,"column":3720},"end":{"line":1,"column":3772}},"line":1},"20":{"name":"(anonymous_20)","decl":{"start":{"line":1,"column":3897},"end":{"line":1,"column":3898}},"loc":{"start":{"line":1,"column":3907},"end":{"line":1,"column":3959}},"line":1},"21":{"name":"(anonymous_21)","decl":{"start":{"line":1,"column":4097},"end":{"line":1,"column":4098}},"loc":{"start":{"line":1,"column":4107},"end":{"line":1,"column":4159}},"line":1},"22":{"name":"(anonymous_22)","decl":{"start":{"line":1,"column":4296},"end":{"line":1,"column":4297}},"loc":{"start":{"line":1,"column":4306},"end":{"line":1,"column":4358}},"line":1},"23":{"name":"(anonymous_23)","decl":{"start":{"line":1,"column":4502},"end":{"line":1,"column":4503}},"loc":{"start":{"line":1,"column":4512},"end":{"line":1,"column":4563}},"line":1},"24":{"name":"(anonymous_24)","decl":{"start":{"line":1,"column":4711},"end":{"line":1,"column":4712}},"loc":{"start":{"line":1,"column":4721},"end":{"line":1,"column":4772}},"line":1},"25":{"name":"(anonymous_25)","decl":{"start":{"line":1,"column":4912},"end":{"line":1,"column":4913}},"loc":{"start":{"line":1,"column":4922},"end":{"line":1,"column":4973}},"line":1},"26":{"name":"(anonymous_26)","decl":{"start":{"line":1,"column":5116},"end":{"line":1,"column":5117}},"loc":{"start":{"line":1,"column":5126},"end":{"line":1,"column":5177}},"line":1},"27":{"name":"(anonymous_27)","decl":{"start":{"line":1,"column":5317},"end":{"line":1,"column":5318}},"loc":{"start":{"line":1,"column":5327},"end":{"line":1,"column":5378}},"line":1},"28":{"name":"(anonymous_28)","decl":{"start":{"line":1,"column":5522},"end":{"line":1,"column":5523}},"loc":{"start":{"line":1,"column":5532},"end":{"line":1,"column":5583}},"line":1},"29":{"name":"(anonymous_29)","decl":{"start":{"line":1,"column":5730},"end":{"line":1,"column":5731}},"loc":{"start":{"line":1,"column":5740},"end":{"line":1,"column":5791}},"line":1},"30":{"name":"(anonymous_30)","decl":{"start":{"line":1,"column":5935},"end":{"line":1,"column":5936}},"loc":{"start":{"line":1,"column":5945},"end":{"line":1,"column":5996}},"line":1},"31":{"name":"(anonymous_31)","decl":{"start":{"line":1,"column":6136},"end":{"line":1,"column":6137}},"loc":{"start":{"line":1,"column":6146},"end":{"line":1,"column":6197}},"line":1},"32":{"name":"(anonymous_32)","decl":{"start":{"line":1,"column":6341},"end":{"line":1,"column":6342}},"loc":{"start":{"line":1,"column":6351},"end":{"line":1,"column":6402}},"line":1},"33":{"name":"(anonymous_33)","decl":{"start":{"line":1,"column":6553},"end":{"line":1,"column":6554}},"loc":{"start":{"line":1,"column":6563},"end":{"line":1,"column":6614}},"line":1},"34":{"name":"(anonymous_34)","decl":{"start":{"line":1,"column":6768},"end":{"line":1,"column":6769}},"loc":{"start":{"line":1,"column":6778},"end":{"line":1,"column":6829}},"line":1},"35":{"name":"(anonymous_35)","decl":{"start":{"line":1,"column":6972},"end":{"line":1,"column":6973}},"loc":{"start":{"line":1,"column":6982},"end":{"line":1,"column":7033}},"line":1},"36":{"name":"(anonymous_36)","decl":{"start":{"line":1,"column":7177},"end":{"line":1,"column":7178}},"loc":{"start":{"line":1,"column":7187},"end":{"line":1,"column":7238}},"line":1},"37":{"name":"(anonymous_37)","decl":{"start":{"line":1,"column":7384},"end":{"line":1,"column":7385}},"loc":{"start":{"line":1,"column":7394},"end":{"line":1,"column":7445}},"line":1},"38":{"name":"(anonymous_38)","decl":{"start":{"line":1,"column":7589},"end":{"line":1,"column":7590}},"loc":{"start":{"line":1,"column":7599},"end":{"line":1,"column":7650}},"line":1},"39":{"name":"(anonymous_39)","decl":{"start":{"line":1,"column":7795},"end":{"line":1,"column":7796}},"loc":{"start":{"line":1,"column":7805},"end":{"line":1,"column":7856}},"line":1},"40":{"name":"(anonymous_40)","decl":{"start":{"line":1,"column":8003},"end":{"line":1,"column":8004}},"loc":{"start":{"line":1,"column":8013},"end":{"line":1,"column":8064}},"line":1},"41":{"name":"(anonymous_41)","decl":{"start":{"line":1,"column":8210},"end":{"line":1,"column":8211}},"loc":{"start":{"line":1,"column":8220},"end":{"line":1,"column":8271}},"line":1},"42":{"name":"(anonymous_42)","decl":{"start":{"line":1,"column":8396},"end":{"line":1,"column":8397}},"loc":{"start":{"line":1,"column":8406},"end":{"line":1,"column":8459}},"line":1},"43":{"name":"(anonymous_43)","decl":{"start":{"line":1,"column":8591},"end":{"line":1,"column":8592}},"loc":{"start":{"line":1,"column":8601},"end":{"line":1,"column":8658}},"line":1},"44":{"name":"(anonymous_44)","decl":{"start":{"line":1,"column":8788},"end":{"line":1,"column":8789}},"loc":{"start":{"line":1,"column":8798},"end":{"line":1,"column":8862}},"line":1}},"branchMap":{"0":{"loc":{"start":{"line":1,"column":237},"end":{"line":1,"column":266}},"type":"cond-expr","locations":[{"start":{"line":1,"column":253},"end":{"line":1,"column":254}},{"start":{"line":1,"column":255},"end":{"line":1,"column":266}}],"line":1},"1":{"loc":{"start":{"line":1,"column":237},"end":{"line":1,"column":252}},"type":"binary-expr","locations":[{"start":{"line":1,"column":237},"end":{"line":1,"column":238}},{"start":{"line":1,"column":240},"end":{"line":1,"column":252}}],"line":1},"2":{"loc":{"start":{"line":1,"column":302},"end":{"line":1,"column":503}},"type":"cond-expr","locations":[{"start":{"line":1,"column":362},"end":{"line":1,"column":390}},{"start":{"line":1,"column":391},"end":{"line":1,"column":503}}],"line":1},"3":{"loc":{"start":{"line":1,"column":302},"end":{"line":1,"column":361}},"type":"binary-expr","locations":[{"start":{"line":1,"column":302},"end":{"line":1,"column":327}},{"start":{"line":1,"column":329},"end":{"line":1,"column":361}}],"line":1},"4":{"loc":{"start":{"line":1,"column":410},"end":{"line":1,"column":502}},"type":"cond-expr","locations":[{"start":{"line":1,"column":485},"end":{"line":1,"column":493}},{"start":{"line":1,"column":494},"end":{"line":1,"column":502}}],"line":1},"5":{"loc":{"start":{"line":1,"column":410},"end":{"line":1,"column":484}},"type":"binary-expr","locations":[{"start":{"line":1,"column":410},"end":{"line":1,"column":411}},{"start":{"line":1,"column":413},"end":{"line":1,"column":438}},{"start":{"line":1,"column":440},"end":{"line":1,"column":462}},{"start":{"line":1,"column":464},"end":{"line":1,"column":484}}],"line":1},"6":{"loc":{"start":{"line":1,"column":554},"end":{"line":1,"column":646}},"type":"cond-expr","locations":[{"start":{"line":1,"column":561},"end":{"line":1,"column":639}},{"start":{"line":1,"column":640},"end":{"line":1,"column":646}}],"line":1},"7":{"loc":{"start":{"line":1,"column":685},"end":{"line":1,"column":727}},"type":"if","locations":[{"start":{"line":1,"column":685},"end":{"line":1,"column":727}},{"start":{"line":1,"column":685},"end":{"line":1,"column":727}}],"line":1},"8":{"loc":{"start":{"line":1,"column":836},"end":{"line":1,"column":864}},"type":"if","locations":[{"start":{"line":1,"column":836},"end":{"line":1,"column":864}},{"start":{"line":1,"column":836},"end":{"line":1,"column":864}}],"line":1},"9":{"loc":{"start":{"line":1,"column":839},"end":{"line":1,"column":854}},"type":"binary-expr","locations":[{"start":{"line":1,"column":839},"end":{"line":1,"column":840}},{"start":{"line":1,"column":842},"end":{"line":1,"column":854}}],"line":1},"10":{"loc":{"start":{"line":1,"column":864},"end":{"line":1,"column":939}},"type":"if","locations":[{"start":{"line":1,"column":864},"end":{"line":1,"column":939}},{"start":{"line":1,"column":864},"end":{"line":1,"column":939}}],"line":1},"11":{"loc":{"start":{"line":1,"column":867},"end":{"line":1,"column":920}},"type":"binary-expr","locations":[{"start":{"line":1,"column":867},"end":{"line":1,"column":875}},{"start":{"line":1,"column":877},"end":{"line":1,"column":898}},{"start":{"line":1,"column":900},"end":{"line":1,"column":920}}],"line":1},"12":{"loc":{"start":{"line":1,"column":972},"end":{"line":1,"column":1003}},"type":"if","locations":[{"start":{"line":1,"column":972},"end":{"line":1,"column":1003}},{"start":{"line":1,"column":972},"end":{"line":1,"column":1003}}],"line":1},"13":{"loc":{"start":{"line":1,"column":975},"end":{"line":1,"column":986}},"type":"binary-expr","locations":[{"start":{"line":1,"column":975},"end":{"line":1,"column":976}},{"start":{"line":1,"column":978},"end":{"line":1,"column":986}}],"line":1},"14":{"loc":{"start":{"line":1,"column":1014},"end":{"line":1,"column":1068}},"type":"binary-expr","locations":[{"start":{"line":1,"column":1014},"end":{"line":1,"column":1035}},{"start":{"line":1,"column":1037},"end":{"line":1,"column":1068}}],"line":1},"15":{"loc":{"start":{"line":1,"column":1084},"end":{"line":1,"column":1237}},"type":"if","locations":[{"start":{"line":1,"column":1084},"end":{"line":1,"column":1237}},{"start":{"line":1,"column":1084},"end":{"line":1,"column":1237}}],"line":1},"16":{"loc":{"start":{"line":1,"column":1136},"end":{"line":1,"column":1179}},"type":"cond-expr","locations":[{"start":{"line":1,"column":1138},"end":{"line":1,"column":1174}},{"start":{"line":1,"column":1175},"end":{"line":1,"column":1179}}],"line":1},"17":{"loc":{"start":{"line":1,"column":1180},"end":{"line":1,"column":1236}},"type":"cond-expr","locations":[{"start":{"line":1,"column":1198},"end":{"line":1,"column":1226}},{"start":{"line":1,"column":1227},"end":{"line":1,"column":1236}}],"line":1},"18":{"loc":{"start":{"line":1,"column":1180},"end":{"line":1,"column":1197}},"type":"binary-expr","locations":[{"start":{"line":1,"column":1180},"end":{"line":1,"column":1181}},{"start":{"line":1,"column":1184},"end":{"line":1,"column":1189}},{"start":{"line":1,"column":1191},"end":{"line":1,"column":1196}}],"line":1},"19":{"loc":{"start":{"line":1,"column":1259},"end":{"line":1,"column":1272}},"type":"binary-expr","locations":[{"start":{"line":1,"column":1259},"end":{"line":1,"column":1260}},{"start":{"line":1,"column":1262},"end":{"line":1,"column":1272}}],"line":1}},"s":{"0":1,"1":1,"2":1,"3":0,"4":0,"5":0,"6":41,"7":0,"8":0,"9":0,"10":0,"11":0,"12":37,"13":37,"14":0,"15":0,"16":0,"17":0,"18":0,"19":0,"20":0,"21":0,"22":0,"23":0,"24":0,"25":0,"26":1,"27":1,"28":1,"29":1,"30":1,"31":1,"32":1,"33":1,"34":1,"35":1,"36":1,"37":1,"38":1,"39":1,"40":1,"41":1,"42":1,"43":1,"44":1,"45":1,"46":1,"47":1,"48":1,"49":1,"50":1,"51":1,"52":1,"53":1,"54":1,"55":1,"56":1,"57":1,"58":1,"59":1,"60":1,"61":1,"62":1,"63":1,"64":1,"65":1,"66":1},"f":{"0":1,"1":0,"2":0,"3":0,"4":41,"5":0,"6":0,"7":37,"8":1,"9":1,"10":1,"11":1,"12":1,"13":1,"14":1,"15":1,"16":1,"17":1,"18":1,"19":1,"20":1,"21":1,"22":1,"23":1,"24":1,"25":1,"26":1,"27":1,"28":1,"29":1,"30":1,"31":1,"32":1,"33":1,"34":1,"35":1,"36":1,"37":1,"38":1,"39":1,"40":1,"41":1,"42":1,"43":1,"44":1},"b":{"0":[1,0],"1":[1,1],"2":[0,0],"3":[0,0],"4":[0,0],"5":[0,0,0,0],"6":[2,39],"7":[0,0],"8":[37,0],"9":[37,37],"10":[0,0],"11":[0,0,0],"12":[0,0],"13":[0,0],"14":[0,0],"15":[0,0],"16":[0,0],"17":[0,0],"18":[0,0,0],"19":[0,0]},"inputSourceMap":{"version":3,"sources":["index.js"],"names":["handlers","ACTIONS","USER","CREATE","file","h","require","genUser","CREATE_SOCIAL","signinSocial","EDIT","edit","DESTROY","destroyUser","GET","getUser","CONFIRM_PHONE","confirmPhone","SET_ROLE","setRole","TOKEN","gen","EXTEND","extend","destroy","get","CONFIRM","REFER","refer","USE","use","REGISTER","register","RESET","SHOP","PRODUCTS_GET","PRODUCT_GET_BYID","CART_ADD","CART_REMOVE","CART_GET","WISHLIST_ADD","WISHLIST_REMOVE","WISHLIST_GET","CHECKOUT","BLOG","ARTICLES_GET","ARTICLE_GET_BYTITLE","ARTICLE_GET_BYCATEGORY","ARTICLE_ADD","ARTICLE_EDIT","ARTICLE_DELETE","CATEGORY_ADD","CATEGORY_EDIT","CATEGORY_DELETE","CATEGORIES_GET","UPLOAD","CONTACT_US","NOT_FOUND","handlerSchema","title","type","required","properties"],"mappings":"2vCAEO,GAAMA,CAAAA,QAAQ,yCAClBC,oBAAQC,IAAR,CAAaC,MADK,CACI,CAAEC,IAAI,CAAE,YAAR,CAAsB,MAAO,YAA7B,CAA2CC,CAAC,CAAEC,OAAO,CAAC,SAAD,CAAP,CAAmBC,OAAjE,CADJ,4BAElBN,oBAAQC,IAAR,CAAaM,aAFK,CAEW,CAAEJ,IAAI,CAAE,kBAAR,CAA4B,MAAO,kBAAnC,CAAuDC,CAAC,CAAE,yEAAO,SAAP,KAAkBI,YAA5E,CAFX,4BAGlBR,oBAAQC,IAAR,CAAaQ,IAHK,CAGE,CAAEN,IAAI,CAAE,UAAR,CAAoB,MAAO,UAA3B,CAAuCC,CAAC,CAAE,yEAAO,SAAP,KAAkBM,IAA5D,CAHF,4BAIlBV,oBAAQC,IAAR,CAAaU,OAJK,CAIK,CAAER,IAAI,CAAE,aAAR,CAAuB,MAAO,aAA9B,CAA6CC,CAAC,CAAE,yEAAO,SAAP,KAAkBQ,WAAlE,CAJL,4BAKlBZ,oBAAQC,IAAR,CAAaY,GALK,CAKC,CAAEV,IAAI,CAAE,SAAR,CAAmB,MAAO,SAA1B,CAAqCC,CAAC,CAAE,yEAAO,SAAP,KAAkBU,OAA1D,CALD,4BAMlBd,oBAAQC,IAAR,CAAac,aANK,CAMW,CAAEZ,IAAI,CAAE,cAAR,CAAwB,MAAO,cAA/B,CAA+CC,CAAC,CAAE,yEAAO,SAAP,KAAkBY,YAApE,CANX,4BAOlBhB,oBAAQC,IAAR,CAAagB,QAPK,CAOM,CAAEd,IAAI,CAAE,aAAR,CAAuB,MAAO,aAA9B,CAA6CC,CAAC,CAAE,yEAAO,SAAP,KAAkBc,OAAlE,CAPN,4BAQlBlB,oBAAQmB,KAAR,CAAcjB,MARI,CAQK,CAAEC,IAAI,CAAE,aAAR,CAAuB,MAAO,aAA9B,CAA6CC,CAAC,CAAE,yEAAO,SAAP,KAAkBgB,GAAlE,CARL,4BASlBpB,oBAAQmB,KAAR,CAAcE,MATI,CASK,CAAElB,IAAI,CAAE,aAAR,CAAuB,MAAO,aAA9B,CAA6CC,CAAC,CAAE,yEAAO,SAAP,KAAkBkB,MAAlE,CATL,4BAUlBtB,oBAAQmB,KAAR,CAAcR,OAVI,CAUM,CAAER,IAAI,CAAE,cAAR,CAAwB,MAAO,cAA/B,CAA+CC,CAAC,CAAE,yEAAO,SAAP,KAAkBmB,OAApE,CAVN,4BAWlBvB,oBAAQmB,KAAR,CAAcN,GAXI,CAWE,CAAEV,IAAI,CAAE,UAAR,CAAoB,MAAO,UAA3B,CAAuCC,CAAC,CAAE,yEAAO,SAAP,KAAkBoB,GAA5D,CAXF,4BAYlBxB,oBAAQyB,OAZU,CAYA,CAAEtB,IAAI,CAAE,SAAR,CAAmB,MAAO,SAA1B,CAAqCC,CAAC,CAAE,yEAAO,WAAP,eAAxC,CAZA,4BAalBJ,oBAAQ0B,KAAR,CAAcA,KAbI,CAaI,CAAEvB,IAAI,CAAE,OAAR,CAAiB,MAAO,OAAxB,CAAiCC,CAAC,CAAE,yEAAO,SAAP,KAAkBuB,KAAtD,CAbJ,4BAclB3B,oBAAQ0B,KAAR,CAAcE,GAdI,CAcE,CAAEzB,IAAI,CAAE,UAAR,CAAoB,MAAO,UAA3B,CAAuCC,CAAC,CAAE,yEAAO,SAAP,KAAkByB,GAA5D,CAdF,4BAelB7B,oBAAQ0B,KAAR,CAAcI,QAfI,CAeO,CAAE3B,IAAI,CAAE,eAAR,CAAyB,MAAO,eAAhC,CAAiDC,CAAC,CAAE,yEAAO,SAAP,KAAkB2B,QAAtE,CAfP,4BAgBlB/B,oBAAQgC,KAAR,CAAc9B,MAhBI,CAgBK,CAAEC,IAAI,CAAE,aAAR,CAAuB,MAAO,aAA9B,CAA6CC,CAAC,CAAE,yEAAO,SAAP,eAAhD,CAhBL,4BAkBlBJ,oBAAQiC,IAAR,CAAaC,YAlBK,CAkBU,CAAE/B,IAAI,CAAE,aAAR,CAAuB,MAAO,aAA9B,CAA6CC,CAAC,CAAE,yEAAO,QAAP,eAAhD,CAlBV,4BAmBlBJ,oBAAQiC,IAAR,CAAaE,gBAnBK,CAmBc,CAAEhC,IAAI,CAAE,aAAR,CAAuB,MAAO,aAA9B,CAA6CC,CAAC,CAAE,yEAAO,QAAP,eAAhD,CAnBd,4BAoBlBJ,oBAAQiC,IAAR,CAAaG,QApBK,CAoBM,CAAEjC,IAAI,CAAE,aAAR,CAAuB,MAAO,aAA9B,CAA6CC,CAAC,CAAE,yEAAO,QAAP,eAAhD,CApBN,4BAqBlBJ,oBAAQiC,IAAR,CAAaI,WArBK,CAqBS,CAAElC,IAAI,CAAE,aAAR,CAAuB,MAAO,aAA9B,CAA6CC,CAAC,CAAE,yEAAO,QAAP,eAAhD,CArBT,4BAsBlBJ,oBAAQiC,IAAR,CAAaK,QAtBK,CAsBM,CAAEnC,IAAI,CAAE,aAAR,CAAuB,MAAO,aAA9B,CAA6CC,CAAC,CAAE,yEAAO,QAAP,eAAhD,CAtBN,4BAuBlBJ,oBAAQiC,IAAR,CAAaM,YAvBK,CAuBU,CAAEpC,IAAI,CAAE,aAAR,CAAuB,MAAO,aAA9B,CAA6CC,CAAC,CAAE,yEAAO,QAAP,eAAhD,CAvBV,4BAwBlBJ,oBAAQiC,IAAR,CAAaO,eAxBK,CAwBa,CAAErC,IAAI,CAAE,aAAR,CAAuB,MAAO,aAA9B,CAA6CC,CAAC,CAAE,yEAAO,QAAP,eAAhD,CAxBb,4BAyBlBJ,oBAAQiC,IAAR,CAAaQ,YAzBK,CAyBU,CAAEtC,IAAI,CAAE,aAAR,CAAuB,MAAO,aAA9B,CAA6CC,CAAC,CAAE,yEAAO,QAAP,eAAhD,CAzBV,4BA0BlBJ,oBAAQiC,IAAR,CAAaS,QA1BK,CA0BM,CAAEvC,IAAI,CAAE,aAAR,CAAuB,MAAO,aAA9B,CAA6CC,CAAC,CAAE,yEAAO,QAAP,eAAhD,CA1BN,4BA4BlBJ,oBAAQ2C,IAAR,CAAaC,YA5BK,CA4BU,CAAEzC,IAAI,CAAE,aAAR,CAAuB,MAAO,aAA9B,CAA6CC,CAAC,CAAE,yEAAO,QAAP,eAAhD,CA5BV,4BA6BlBJ,oBAAQ2C,IAAR,CAAaE,mBA7BK,CA6BiB,CAAE1C,IAAI,CAAE,aAAR,CAAuB,MAAO,aAA9B,CAA6CC,CAAC,CAAE,yEAAO,QAAP,eAAhD,CA7BjB,4BA8BlBJ,oBAAQ2C,IAAR,CAAaG,sBA9BK,CA8BoB,CAAE3C,IAAI,CAAE,aAAR,CAAuB,MAAO,aAA9B,CAA6CC,CAAC,CAAE,yEAAO,QAAP,eAAhD,CA9BpB,4BA+BlBJ,oBAAQ2C,IAAR,CAAaI,WA/BK,CA+BS,CAAE5C,IAAI,CAAE,aAAR,CAAuB,MAAO,aAA9B,CAA6CC,CAAC,CAAE,yEAAO,QAAP,eAAhD,CA/BT,4BAgClBJ,oBAAQ2C,IAAR,CAAaK,YAhCK,CAgCU,CAAE7C,IAAI,CAAE,aAAR,CAAuB,MAAO,aAA9B,CAA6CC,CAAC,CAAE,yEAAO,QAAP,eAAhD,CAhCV,4BAiClBJ,oBAAQ2C,IAAR,CAAaM,cAjCK,CAiCY,CAAE9C,IAAI,CAAE,aAAR,CAAuB,MAAO,aAA9B,CAA6CC,CAAC,CAAE,yEAAO,QAAP,eAAhD,CAjCZ,4BAkClBJ,oBAAQ2C,IAAR,CAAaO,YAlCK,CAkCU,CAAE/C,IAAI,CAAE,aAAR,CAAuB,MAAO,aAA9B,CAA6CC,CAAC,CAAE,yEAAO,QAAP,eAAhD,CAlCV,4BAmClBJ,oBAAQ2C,IAAR,CAAaQ,aAnCK,CAmCW,CAAEhD,IAAI,CAAE,aAAR,CAAuB,MAAO,aAA9B,CAA6CC,CAAC,CAAE,yEAAO,QAAP,eAAhD,CAnCX,4BAoClBJ,oBAAQ2C,IAAR,CAAaS,eApCK,CAoCa,CAAEjD,IAAI,CAAE,aAAR,CAAuB,MAAO,aAA9B,CAA6CC,CAAC,CAAE,yEAAO,QAAP,eAAhD,CApCb,4BAqClBJ,oBAAQ2C,IAAR,CAAaU,cArCK,CAqCY,CAAElD,IAAI,CAAE,aAAR,CAAuB,MAAO,aAA9B,CAA6CC,CAAC,CAAE,yEAAO,QAAP,eAAhD,CArCZ,4BAuClBJ,oBAAQsD,MAvCU,CAuCD,CAAEnD,IAAI,CAAE,QAAR,CAAkB,MAAO,UAAzB,CAAqCC,CAAC,CAAE,yEAAO,UAAP,eAAxC,CAvCC,4BAwClBJ,oBAAQuD,UAxCU,CAwCG,CAAEpD,IAAI,CAAE,WAAR,CAAqB,MAAO,UAA5B,CAAwCC,CAAC,CAAE,yEAAO,cAAP,eAA3C,CAxCH,4BAyClBJ,oBAAQwD,SAzCU,CAyCE,CAAErD,IAAI,CAAE,UAAR,CAAoB,MAAO,UAA3B,CAAuCC,CAAC,CAAE,yEAAO,qBAAP,eAA1C,CAzCF,YAAd,C,0BA4CA,GAAMqD,CAAAA,aAAa,CAAG,CAC3BC,KAAK,CAAE,sBADoB,CAE3BC,IAAI,CAAE,QAFqB,CAG3BC,QAAQ,CAAE,CACR,CAAC5D,oBAAQC,IAAR,CAAaC,MAAd,CADQ,CAER,CAACF,oBAAQC,IAAR,CAAaM,aAAd,CAFQ,CAGR,CAACP,oBAAQC,IAAR,CAAaQ,IAAd,CAHQ,CAIR,CAACT,oBAAQC,IAAR,CAAaU,OAAd,CAJQ,CAKR,CAACX,oBAAQC,IAAR,CAAaY,GAAd,CALQ,CAMR,CAACb,oBAAQC,IAAR,CAAac,aAAd,CANQ,CAOR,CAACf,oBAAQC,IAAR,CAAagB,QAAd,CAPQ,CAQR,CAACjB,oBAAQmB,KAAR,CAAcjB,MAAf,CARQ,CASR,CAACF,oBAAQmB,KAAR,CAAcE,MAAf,CATQ,CAUR,CAACrB,oBAAQmB,KAAR,CAAcR,OAAf,CAVQ,CAWR,CAACX,oBAAQmB,KAAR,CAAcN,GAAf,CAXQ,CAYR,CAACb,oBAAQyB,OAAT,CAZQ,CAaR,CAACzB,oBAAQ0B,KAAR,CAAcA,KAAf,CAbQ,CAcR,CAAC1B,oBAAQ0B,KAAR,CAAcE,GAAf,CAdQ,CAeR,CAAC5B,oBAAQ0B,KAAR,CAAcI,QAAf,CAfQ,CAgBR,CAAC9B,oBAAQgC,KAAR,CAAc9B,MAAf,CAhBQ,CAiBR,CAACF,oBAAQiC,IAAR,CAAaC,YAAd,CAjBQ,CAkBR,CAAClC,oBAAQiC,IAAR,CAAaE,gBAAd,CAlBQ,CAmBR,CAACnC,oBAAQiC,IAAR,CAAaG,QAAd,CAnBQ,CAoBR,CAACpC,oBAAQiC,IAAR,CAAaI,WAAd,CApBQ,CAqBR,CAACrC,oBAAQiC,IAAR,CAAaK,QAAd,CArBQ,CAsBR,CAACtC,oBAAQiC,IAAR,CAAaM,YAAd,CAtBQ,CAuBR,CAACvC,oBAAQiC,IAAR,CAAaO,eAAd,CAvBQ,CAwBR,CAACxC,oBAAQiC,IAAR,CAAaQ,YAAd,CAxBQ,CAyBR,CAACzC,oBAAQiC,IAAR,CAAaS,QAAd,CAzBQ,CA0BR,CAAC1C,oBAAQ2C,IAAR,CAAaC,YAAd,CA1BQ,CA2BR,CAAC5C,oBAAQ2C,IAAR,CAAaE,mBAAd,CA3BQ,CA4BR,CAAC7C,oBAAQ2C,IAAR,CAAaG,sBAAd,CA5BQ,CA6BR,CAAC9C,oBAAQ2C,IAAR,CAAaI,WAAd,CA7BQ,CA8BR,CAAC/C,oBAAQ2C,IAAR,CAAaK,YAAd,CA9BQ,CA+BR,CAAChD,oBAAQ2C,IAAR,CAAaM,cAAd,CA/BQ,CAgCR,CAACjD,oBAAQ2C,IAAR,CAAaO,YAAd,CAhCQ,CAiCR,CAAClD,oBAAQ2C,IAAR,CAAaQ,aAAd,CAjCQ,CAkCR,CAACnD,oBAAQ2C,IAAR,CAAaS,eAAd,CAlCQ,CAmCR,CAACpD,oBAAQ2C,IAAR,CAAaU,cAAd,CAnCQ,CAoCR,CAACrD,oBAAQwD,SAAT,CApCQ,CAHiB,CAyC3BK,UAAU,6CACP7D,oBAAQC,IAAR,CAAaC,MADN,CACe,CACrByD,IAAI,CAAE,QADe,CAErBC,QAAQ,CAAE,CAAC,MAAD,CAAS,OAAT,CAAkB,GAAlB,CAFW,CAGrBC,UAAU,CAAE,CACV1D,IAAI,CAAE,CACJwD,IAAI,CAAE,QADF,CADI,CAIV,MAAO,CACLA,IAAI,CAAE,QADD,CAJG,CAOVvD,CAAC,CAAE,CACDuD,IAAI,CAAE,UADL,CAPO,CAHS,CADf,8BAgBP3D,oBAAQC,IAAR,CAAaM,aAhBN,CAgBsB,CAC5BoD,IAAI,CAAE,QADsB,CAhBtB,8BAmBP3D,oBAAQC,IAAR,CAAaQ,IAnBN,CAmBa,CACnBkD,IAAI,CAAE,QADa,CAnBb,cAzCiB,CAAtB,C","sourceRoot":"C:\\Users\\Dxenu\\Desktop\\users-cubed-api-next\\app\\handlers","sourcesContent":["import ACTIONS from '../actions'\r\n\r\nexport const handlers = {\r\n  [ACTIONS.USER.CREATE]: { file: 'userCreate', class: 'UserCreate', h: require('./users').genUser },\r\n  [ACTIONS.USER.CREATE_SOCIAL]: { file: 'userCreateSocial', class: 'UserCreateSocial', h: import('./users').signinSocial },\r\n  [ACTIONS.USER.EDIT]: { file: 'userEdit', class: 'UserEdit', h: import('./users').edit },\r\n  [ACTIONS.USER.DESTROY]: { file: 'userDestroy', class: 'UserDestroy', h: import('./users').destroyUser },\r\n  [ACTIONS.USER.GET]: { file: 'userGet', class: 'UserGet', h: import('./users').getUser },\r\n  [ACTIONS.USER.CONFIRM_PHONE]: { file: 'confirmPhone', class: 'ConfirmPhone', h: import('./users').confirmPhone },\r\n  [ACTIONS.USER.SET_ROLE]: { file: 'userSetRole', class: 'UserSetRole', h: import('./users').setRole },\r\n  [ACTIONS.TOKEN.CREATE]: { file: 'tokenCreate', class: 'TokenCreate', h: import('./token').gen },\r\n  [ACTIONS.TOKEN.EXTEND]: { file: 'tokenExtend', class: 'TokenExtend', h: import('./token').extend },\r\n  [ACTIONS.TOKEN.DESTROY]: { file: 'tokenDestroy', class: 'TokenDestroy', h: import('./token').destroy },\r\n  [ACTIONS.TOKEN.GET]: { file: 'tokenGet', class: 'TokenGet', h: import('./token').get },\r\n  [ACTIONS.CONFIRM]: { file: 'confirm', class: 'Confirm', h: import('./confirm').default },\r\n  [ACTIONS.REFER.REFER]: { file: 'refer', class: 'Refer', h: import('./refer').refer },\r\n  [ACTIONS.REFER.USE]: { file: 'referUse', class: 'ReferUse', h: import('./refer').use },\r\n  [ACTIONS.REFER.REGISTER]: { file: 'referRegister', class: 'ReferRegister', h: import('./refer').register },\r\n  [ACTIONS.RESET.CREATE]: { file: 'resetCreate', class: 'ResetCreate', h: import('./reset').default },\r\n\r\n  [ACTIONS.SHOP.PRODUCTS_GET]: { file: 'resetCreate', class: 'ResetCreate', h: import('./shop').default },\r\n  [ACTIONS.SHOP.PRODUCT_GET_BYID]: { file: 'resetCreate', class: 'ResetCreate', h: import('./shop').default },\r\n  [ACTIONS.SHOP.CART_ADD]: { file: 'resetCreate', class: 'ResetCreate', h: import('./shop').default },\r\n  [ACTIONS.SHOP.CART_REMOVE]: { file: 'resetCreate', class: 'ResetCreate', h: import('./shop').default },\r\n  [ACTIONS.SHOP.CART_GET]: { file: 'resetCreate', class: 'ResetCreate', h: import('./shop').default },\r\n  [ACTIONS.SHOP.WISHLIST_ADD]: { file: 'resetCreate', class: 'ResetCreate', h: import('./shop').default },\r\n  [ACTIONS.SHOP.WISHLIST_REMOVE]: { file: 'resetCreate', class: 'ResetCreate', h: import('./shop').default },\r\n  [ACTIONS.SHOP.WISHLIST_GET]: { file: 'resetCreate', class: 'ResetCreate', h: import('./shop').default },\r\n  [ACTIONS.SHOP.CHECKOUT]: { file: 'resetCreate', class: 'ResetCreate', h: import('./shop').default },\r\n\r\n  [ACTIONS.BLOG.ARTICLES_GET]: { file: 'resetCreate', class: 'ResetCreate', h: import('./blog').default },\r\n  [ACTIONS.BLOG.ARTICLE_GET_BYTITLE]: { file: 'resetCreate', class: 'ResetCreate', h: import('./blog').default },\r\n  [ACTIONS.BLOG.ARTICLE_GET_BYCATEGORY]: { file: 'resetCreate', class: 'ResetCreate', h: import('./blog').default },\r\n  [ACTIONS.BLOG.ARTICLE_ADD]: { file: 'resetCreate', class: 'ResetCreate', h: import('./blog').default },\r\n  [ACTIONS.BLOG.ARTICLE_EDIT]: { file: 'resetCreate', class: 'ResetCreate', h: import('./blog').default },\r\n  [ACTIONS.BLOG.ARTICLE_DELETE]: { file: 'resetCreate', class: 'ResetCreate', h: import('./blog').default },\r\n  [ACTIONS.BLOG.CATEGORY_ADD]: { file: 'resetCreate', class: 'ResetCreate', h: import('./blog').default },\r\n  [ACTIONS.BLOG.CATEGORY_EDIT]: { file: 'resetCreate', class: 'ResetCreate', h: import('./blog').default },\r\n  [ACTIONS.BLOG.CATEGORY_DELETE]: { file: 'resetCreate', class: 'ResetCreate', h: import('./blog').default },\r\n  [ACTIONS.BLOG.CATEGORIES_GET]: { file: 'resetCreate', class: 'ResetCreate', h: import('./blog').default },\r\n\r\n  [ACTIONS.UPLOAD]: { file: 'upload', class: 'NotFound', h: import('./upload').default },\r\n  [ACTIONS.CONTACT_US]: { file: 'contactUs', class: 'NotFound', h: import('./contact-us').default },\r\n  [ACTIONS.NOT_FOUND]: { file: 'notFound', class: 'NotFound', h: import('./generics/notFound').default }\r\n}\r\n\r\nexport const handlerSchema = {\r\n  title: 'Handler schema v.1.0',\r\n  type: 'object',\r\n  required: [\r\n    [ACTIONS.USER.CREATE],\r\n    [ACTIONS.USER.CREATE_SOCIAL],\r\n    [ACTIONS.USER.EDIT],\r\n    [ACTIONS.USER.DESTROY],\r\n    [ACTIONS.USER.GET],\r\n    [ACTIONS.USER.CONFIRM_PHONE],\r\n    [ACTIONS.USER.SET_ROLE],\r\n    [ACTIONS.TOKEN.CREATE],\r\n    [ACTIONS.TOKEN.EXTEND],\r\n    [ACTIONS.TOKEN.DESTROY],\r\n    [ACTIONS.TOKEN.GET],\r\n    [ACTIONS.CONFIRM],\r\n    [ACTIONS.REFER.REFER],\r\n    [ACTIONS.REFER.USE],\r\n    [ACTIONS.REFER.REGISTER],\r\n    [ACTIONS.RESET.CREATE],\r\n    [ACTIONS.SHOP.PRODUCTS_GET],\r\n    [ACTIONS.SHOP.PRODUCT_GET_BYID],\r\n    [ACTIONS.SHOP.CART_ADD],\r\n    [ACTIONS.SHOP.CART_REMOVE],\r\n    [ACTIONS.SHOP.CART_GET],\r\n    [ACTIONS.SHOP.WISHLIST_ADD],\r\n    [ACTIONS.SHOP.WISHLIST_REMOVE],\r\n    [ACTIONS.SHOP.WISHLIST_GET],\r\n    [ACTIONS.SHOP.CHECKOUT],\r\n    [ACTIONS.BLOG.ARTICLES_GET],\r\n    [ACTIONS.BLOG.ARTICLE_GET_BYTITLE],\r\n    [ACTIONS.BLOG.ARTICLE_GET_BYCATEGORY],\r\n    [ACTIONS.BLOG.ARTICLE_ADD],\r\n    [ACTIONS.BLOG.ARTICLE_EDIT],\r\n    [ACTIONS.BLOG.ARTICLE_DELETE],\r\n    [ACTIONS.BLOG.CATEGORY_ADD],\r\n    [ACTIONS.BLOG.CATEGORY_EDIT],\r\n    [ACTIONS.BLOG.CATEGORY_DELETE],\r\n    [ACTIONS.BLOG.CATEGORIES_GET],\r\n    [ACTIONS.NOT_FOUND]\r\n  ],\r\n  properties: {\r\n    [ACTIONS.USER.CREATE]: {\r\n      type: 'object',\r\n      required: ['file', 'class', 'h'],\r\n      properties: {\r\n        file: {\r\n          type: 'string'\r\n        },\r\n        class: {\r\n          type: 'string'\r\n        },\r\n        h: {\r\n          type: 'function'\r\n        }\r\n      }\r\n    },\r\n    [ACTIONS.USER.CREATE_SOCIAL]: {\r\n      type: 'object'\r\n    },\r\n    [ACTIONS.USER.EDIT]: {\r\n      type: 'object'\r\n    }\r\n  }\r\n}\r\n"]},"_coverageSchema":"1a1c01bbd47fc00a2c39e90264f33305004495a9","hash":"af921525ecdbe33e9e695ca2c6f30cfeed7ca4e3","contentHash":"4bb1e13568097dfa77453ecc0e4acf2df4bc016b1e5f0611c03017d61c4709e2"},"C:\\Users\\Dxenu\\Desktop\\users-cubed-api-next\\app\\actions\\index.js":{"path":"C:\\Users\\Dxenu\\Desktop\\users-cubed-api-next\\app\\actions\\index.js","statementMap":{"0":{"start":{"line":1,"column":13},"end":{"line":1,"column":94}},"1":{"start":{"line":1,"column":107},"end":{"line":1,"column":1507}},"2":{"start":{"line":1,"column":1508},"end":{"line":1,"column":1536}}},"fnMap":{},"branchMap":{},"s":{"0":1,"1":1,"2":1},"f":{},"b":{},"inputSourceMap":{"version":3,"sources":[],"names":[],"mappings":"","sourceRoot":"C:\\Users\\Dxenu\\Desktop\\users-cubed-api-next\\app\\actions","sourcesContent":[]},"_coverageSchema":"1a1c01bbd47fc00a2c39e90264f33305004495a9","hash":"c174aa4451c1b412f00eb4b5b787dcda301a8527","contentHash":"4405026eb499ed37f3e9fe101573acdbe255aee0408d7f30570cfac30e1869bb"},"C:\\Users\\Dxenu\\Desktop\\users-cubed-api-next\\app\\handlers\\users\\index.js":{"path":"C:\\Users\\Dxenu\\Desktop\\users-cubed-api-next\\app\\handlers\\users\\index.js","statementMap":{"0":{"start":{"line":1,"column":13},"end":{"line":1,"column":198}},"1":{"start":{"line":1,"column":208},"end":{"line":1,"column":223}},"2":{"start":{"line":1,"column":235},"end":{"line":1,"column":280}},"3":{"start":{"line":1,"column":285},"end":{"line":1,"column":308}},"4":{"start":{"line":1,"column":318},"end":{"line":1,"column":346}},"5":{"start":{"line":1,"column":355},"end":{"line":1,"column":378}},"6":{"start":{"line":1,"column":389},"end":{"line":1,"column":418}},"7":{"start":{"line":1,"column":426},"end":{"line":1,"column":476}},"8":{"start":{"line":1,"column":484},"end":{"line":1,"column":534}},"9":{"start":{"line":1,"column":549},"end":{"line":1,"column":582}},"10":{"start":{"line":1,"column":591},"end":{"line":1,"column":610}},"11":{"start":{"line":1,"column":618},"end":{"line":1,"column":644}},"12":{"start":{"line":1,"column":680},"end":{"line":1,"column":716}},"13":{"start":{"line":1,"column":737},"end":{"line":1,"column":964}},"14":{"start":{"line":1,"column":824},"end":{"line":1,"column":839}},"15":{"start":{"line":1,"column":853},"end":{"line":1,"column":952}},"16":{"start":{"line":1,"column":1008},"end":{"line":1,"column":1062}},"17":{"start":{"line":1,"column":1018},"end":{"line":1,"column":1025}},"18":{"start":{"line":1,"column":1028},"end":{"line":1,"column":1035}},"19":{"start":{"line":1,"column":1045},"end":{"line":1,"column":1061}},"20":{"start":{"line":1,"column":1062},"end":{"line":1,"column":1102}},"21":{"start":{"line":1,"column":1133},"end":{"line":1,"column":1345}},"22":{"start":{"line":1,"column":1157},"end":{"line":1,"column":1161}},"23":{"start":{"line":1,"column":1164},"end":{"line":1,"column":1173}},"24":{"start":{"line":1,"column":1174},"end":{"line":1,"column":1344}},"25":{"start":{"line":1,"column":1221},"end":{"line":1,"column":1259}},"26":{"start":{"line":1,"column":1274},"end":{"line":1,"column":1313}},"27":{"start":{"line":1,"column":1320},"end":{"line":1,"column":1332}},"28":{"start":{"line":1,"column":1333},"end":{"line":1,"column":1342}},"29":{"start":{"line":1,"column":1386},"end":{"line":1,"column":2296}},"30":{"start":{"line":1,"column":1403},"end":{"line":1,"column":2243}},"31":{"start":{"line":1,"column":1488},"end":{"line":1,"column":2240}},"32":{"start":{"line":1,"column":1531},"end":{"line":1,"column":2236}},"33":{"start":{"line":1,"column":1538},"end":{"line":1,"column":2236}},"34":{"start":{"line":1,"column":1567},"end":{"line":1,"column":1693}},"35":{"start":{"line":1,"column":1630},"end":{"line":1,"column":1690}},"36":{"start":{"line":1,"column":1700},"end":{"line":1,"column":2085}},"37":{"start":{"line":1,"column":2026},"end":{"line":1,"column":2082}},"38":{"start":{"line":1,"column":2092},"end":{"line":1,"column":2173}},"39":{"start":{"line":1,"column":2159},"end":{"line":1,"column":2170}},"40":{"start":{"line":1,"column":2181},"end":{"line":1,"column":2201}},"41":{"start":{"line":1,"column":2219},"end":{"line":1,"column":2235}},"42":{"start":{"line":1,"column":2244},"end":{"line":1,"column":2293}},"43":{"start":{"line":1,"column":2262},"end":{"line":1,"column":2292}},"44":{"start":{"line":1,"column":2319},"end":{"line":1,"column":2362}},"45":{"start":{"line":1,"column":2399},"end":{"line":1,"column":3175}},"46":{"start":{"line":1,"column":2416},"end":{"line":1,"column":3122}},"47":{"start":{"line":1,"column":2501},"end":{"line":1,"column":3119}},"48":{"start":{"line":1,"column":2544},"end":{"line":1,"column":3115}},"49":{"start":{"line":1,"column":2551},"end":{"line":1,"column":3115}},"50":{"start":{"line":1,"column":2580},"end":{"line":1,"column":2705}},"51":{"start":{"line":1,"column":2642},"end":{"line":1,"column":2702}},"52":{"start":{"line":1,"column":2712},"end":{"line":1,"column":2968}},"53":{"start":{"line":1,"column":2909},"end":{"line":1,"column":2965}},"54":{"start":{"line":1,"column":2975},"end":{"line":1,"column":3053}},"55":{"start":{"line":1,"column":3039},"end":{"line":1,"column":3050}},"56":{"start":{"line":1,"column":3060},"end":{"line":1,"column":3080}},"57":{"start":{"line":1,"column":3098},"end":{"line":1,"column":3114}},"58":{"start":{"line":1,"column":3123},"end":{"line":1,"column":3172}},"59":{"start":{"line":1,"column":3141},"end":{"line":1,"column":3171}},"60":{"start":{"line":1,"column":3198},"end":{"line":1,"column":3241}},"61":{"start":{"line":1,"column":3263},"end":{"line":1,"column":4391}},"62":{"start":{"line":1,"column":3280},"end":{"line":1,"column":4338}},"63":{"start":{"line":1,"column":3361},"end":{"line":1,"column":4335}},"64":{"start":{"line":1,"column":3404},"end":{"line":1,"column":4331}},"65":{"start":{"line":1,"column":3411},"end":{"line":1,"column":4331}},"66":{"start":{"line":1,"column":3440},"end":{"line":1,"column":3491}},"67":{"start":{"line":1,"column":3498},"end":{"line":1,"column":3530}},"68":{"start":{"line":1,"column":3514},"end":{"line":1,"column":3524}},"69":{"start":{"line":1,"column":3524},"end":{"line":1,"column":3529}},"70":{"start":{"line":1,"column":3530},"end":{"line":1,"column":3577}},"71":{"start":{"line":1,"column":3584},"end":{"line":1,"column":3959}},"72":{"start":{"line":1,"column":3661},"end":{"line":1,"column":3904}},"73":{"start":{"line":1,"column":3730},"end":{"line":1,"column":3901}},"74":{"start":{"line":1,"column":3773},"end":{"line":1,"column":3897}},"75":{"start":{"line":1,"column":3780},"end":{"line":1,"column":3897}},"76":{"start":{"line":1,"column":3809},"end":{"line":1,"column":3863}},"77":{"start":{"line":1,"column":3880},"end":{"line":1,"column":3896}},"78":{"start":{"line":1,"column":3905},"end":{"line":1,"column":3954}},"79":{"start":{"line":1,"column":3923},"end":{"line":1,"column":3953}},"80":{"start":{"line":1,"column":3966},"end":{"line":1,"column":4112}},"81":{"start":{"line":1,"column":4037},"end":{"line":1,"column":4109}},"82":{"start":{"line":1,"column":4120},"end":{"line":1,"column":4224}},"83":{"start":{"line":1,"column":4232},"end":{"line":1,"column":4296}},"84":{"start":{"line":1,"column":4314},"end":{"line":1,"column":4330}},"85":{"start":{"line":1,"column":4339},"end":{"line":1,"column":4388}},"86":{"start":{"line":1,"column":4357},"end":{"line":1,"column":4387}},"87":{"start":{"line":1,"column":4392},"end":{"line":1,"column":4416}},"88":{"start":{"line":1,"column":4441},"end":{"line":1,"column":7082}},"89":{"start":{"line":1,"column":4458},"end":{"line":1,"column":7029}},"90":{"start":{"line":1,"column":4537},"end":{"line":1,"column":7026}},"91":{"start":{"line":1,"column":4580},"end":{"line":1,"column":7022}},"92":{"start":{"line":1,"column":4587},"end":{"line":1,"column":7022}},"93":{"start":{"line":1,"column":4616},"end":{"line":1,"column":4667}},"94":{"start":{"line":1,"column":4674},"end":{"line":1,"column":4706}},"95":{"start":{"line":1,"column":4690},"end":{"line":1,"column":4700}},"96":{"start":{"line":1,"column":4700},"end":{"line":1,"column":4705}},"97":{"start":{"line":1,"column":4706},"end":{"line":1,"column":4753}},"98":{"start":{"line":1,"column":4760},"end":{"line":1,"column":4889}},"99":{"start":{"line":1,"column":4817},"end":{"line":1,"column":4886}},"100":{"start":{"line":1,"column":4896},"end":{"line":1,"column":4964}},"101":{"start":{"line":1,"column":4948},"end":{"line":1,"column":4958}},"102":{"st
[...]
mn":1624},"end":{"line":1,"column":1741}},"type":"switch","locations":[{"start":{"line":1,"column":1646},"end":{"line":1,"column":1707}},{"start":{"line":1,"column":1707},"end":{"line":1,"column":1714}},{"start":{"line":1,"column":1714},"end":{"line":1,"column":1740}}],"line":1}},"s":{"0":1,"1":1,"2":1,"3":1,"4":1,"5":1,"6":1,"7":0,"8":0,"9":0,"10":0,"11":0,"12":1,"13":0,"14":0,"15":0,"16":0,"17":0,"18":0,"19":0,"20":1,"21":1,"22":1,"23":0,"24":0,"25":0,"26":0,"27":0,"28":0,"29":0,"30":0,"31":0,"32":0,"33":0,"34":0,"35":0,"36":0,"37":0,"38":0,"39":0,"40":0,"41":0,"42":0,"43":0,"44":0,"45":0,"46":0,"47":0,"48":0,"49":0,"50":0,"51":1,"52":0,"53":1},"f":{"0":1,"1":0,"2":1,"3":0,"4":0,"5":0,"6":0,"7":1,"8":0,"9":0,"10":0,"11":0,"12":0,"13":0,"14":0,"15":0},"b":{"0":[1,0],"1":[1,1],"2":[0,0],"3":[0,0,0,0,0,0,0,0,0],"4":[0,0],"5":[0,0],"6":[0,0,0]},"inputSourceMap":{"version":3,"sources":["index.js"],"names":["accceptedTypes","data","final","length","Object","keys","files","file","includes","mimetype","ext","name","split","id","fileName","db","create","UPLOAD_TABLE","e"],"mappings":"wvBAKMA,CAAAA,cAAc,CAAG,CAAC,WAAD,CAAc,YAAd,CAA4B,YAA5B,C,+FAER,WAAOC,CAAP,CAAaC,CAAb,qGACPC,CAAAA,CADO,CACEC,MAAM,CAACC,IAAP,CAAYJ,CAAI,CAACK,KAAjB,EAAwBH,MAD1B,UAEP,4BAAUF,CAAV,CAFO,YAGTE,CAHS,qBAILI,CAJK,CAIEN,CAAI,CAACK,KAAL,CAAWC,IAJb,EAKPP,cAAc,CAACQ,QAAf,CAAwBD,CAAI,CAACE,QAA7B,CALO,wBAMHC,CAAAA,CANG,CAMGH,CAAI,CAACI,IAAL,CAAUC,KAAV,CAAgB,GAAhB,EAAqB,CAArB,CANH,UAOQ,kCAAiB,iBAAM,mBAAQ,GAAR,CAAa,oBAAE,aAAF,CAAb,CAA+BV,CAA/B,CAAN,CAAjB,CAPR,cAOHW,CAAAA,CAPG,QAQHC,CARG,WAQWD,CARX,aAQiBH,CARjB,YASHK,eAAGC,MAAH,CAAUC,oBAAV,CAAwBH,CAAxB,CAAkCP,CAAI,CAACN,IAAvC,gGAAmD,WAAOiB,CAAP,0GAAa,mBAAQ,GAAR,CAAaA,CAAb,CAAgBhB,CAAhB,CAAb,yCAAnD,wDATG,iCAWT,mBAAQ,GAAR,CAAa,oBAAE,gBAAF,CAAb,CAAkCA,CAAlC,CAXS,iCAcX,mBAAQ,GAAR,CAAa,oBAAE,gBAAF,CAAb,CAAkCA,CAAlC,CAdW,yC","sourceRoot":"C:\\Users\\Dxenu\\Desktop\\users-cubed-api-next\\app\\handlers\\upload","sourcesContent":["import db from '../../lib/db'\r\nimport { sendErr } from '../../lib/utils'\r\nimport { randomID } from '../../lib/security'\r\nimport { UPLOAD_TABLE } from '../../config'\r\nimport { t, setLocale } from '../../lib/translations'\r\nconst accceptedTypes = ['image/png', 'image/jpeg', 'image/webp']\r\n\r\nexport default async (data, final) => {\r\n  const length = Object.keys(data.files).length\r\n  await setLocale(data)\r\n  if (length) {\r\n    const file = data.files.file\r\n    if (accceptedTypes.includes(file.mimetype)) {\r\n      const ext = file.name.split('.')[1]\r\n      const id = await randomID().catch(() => return await sendErr(500, t('error.bytes'), final))\r\n      const fileName = `${id}.${ext}`\r\n      await db.create(UPLOAD_TABLE, fileName, file.data).catch(async (e) => return await sendErr(500, e, final))\r\n    } else {\r\n      return await sendErr(400, t('error.fileType'), final)\r\n    }\r\n  } else {\r\n    return await sendErr(400, t('error.required'), final)\r\n  }\r\n}\r\n"]},"_coverageSchema":"1a1c01bbd47fc00a2c39e90264f33305004495a9","hash":"510fca6ecaa8538171c889591552a5768e1cccca","contentHash":"ea1d9b816a8947f693c90dfc118aedaf27d70ed7bbb0d7f7f02e29f14eb55968"},"C:\\Users\\Dxenu\\Desktop\\users-cubed-api-next\\app\\handlers\\contact-us\\index.js":{"path":"C:\\Users\\Dxenu\\Desktop\\users-cubed-api-next\\app\\handlers\\contact-us\\index.js","statementMap":{"0":{"start":{"line":1,"column":13},"end":{"line":1,"column":94}},"1":{"start":{"line":1,"column":105},"end":{"line":1,"column":131}},"2":{"start":{"line":1,"column":146},"end":{"line":1,"column":179}},"3":{"start":{"line":1,"column":187},"end":{"line":1,"column":213}},"4":{"start":{"line":1,"column":257},"end":{"line":1,"column":311}},"5":{"start":{"line":1,"column":267},"end":{"line":1,"column":274}},"6":{"start":{"line":1,"column":277},"end":{"line":1,"column":284}},"7":{"start":{"line":1,"column":294},"end":{"line":1,"column":310}},"8":{"start":{"line":1,"column":311},"end":{"line":1,"column":351}},"9":{"start":{"line":1,"column":382},"end":{"line":1,"column":594}},"10":{"start":{"line":1,"column":406},"end":{"line":1,"column":410}},"11":{"start":{"line":1,"column":413},"end":{"line":1,"column":422}},"12":{"start":{"line":1,"column":423},"end":{"line":1,"column":593}},"13":{"start":{"line":1,"column":470},"end":{"line":1,"column":508}},"14":{"start":{"line":1,"column":523},"end":{"line":1,"column":562}},"15":{"start":{"line":1,"column":569},"end":{"line":1,"column":581}},"16":{"start":{"line":1,"column":582},"end":{"line":1,"column":591}},"17":{"start":{"line":1,"column":621},"end":{"line":1,"column":1681}},"18":{"start":{"line":1,"column":638},"end":{"line":1,"column":1628}},"19":{"start":{"line":1,"column":727},"end":{"line":1,"column":1625}},"20":{"start":{"line":1,"column":770},"end":{"line":1,"column":1621}},"21":{"start":{"line":1,"column":777},"end":{"line":1,"column":1621}},"22":{"start":{"line":1,"column":806},"end":{"line":1,"column":1018}},"23":{"start":{"line":1,"column":1003},"end":{"line":1,"column":1012}},"24":{"start":{"line":1,"column":1012},"end":{"line":1,"column":1017}},"25":{"start":{"line":1,"column":1018},"end":{"line":1,"column":1065}},"26":{"start":{"line":1,"column":1072},"end":{"line":1,"column":1103}},"27":{"start":{"line":1,"column":1087},"end":{"line":1,"column":1097}},"28":{"start":{"line":1,"column":1097},"end":{"line":1,"column":1102}},"29":{"start":{"line":1,"column":1103},"end":{"line":1,"column":1242}},"30":{"start":{"line":1,"column":1165},"end":{"line":1,"column":1239}},"31":{"start":{"line":1,"column":1250},"end":{"line":1,"column":1282}},"32":{"start":{"line":1,"column":1266},"end":{"line":1,"column":1276}},"33":{"start":{"line":1,"column":1276},"end":{"line":1,"column":1281}},"34":{"start":{"line":1,"column":1282},"end":{"line":1,"column":1356}},"35":{"start":{"line":1,"column":1364},"end":{"line":1,"column":1407}},"36":{"start":{"line":1,"column":1407},"end":{"line":1,"column":1413}},"37":{"start":{"line":1,"column":1421},"end":{"line":1,"column":1490}},"38":{"start":{"line":1,"column":1498},"end":{"line":1,"column":1508}},"39":{"start":{"line":1,"column":1508},"end":{"line":1,"column":1514}},"40":{"start":{"line":1,"column":1522},"end":{"line":1,"column":1586}},"41":{"start":{"line":1,"column":1604},"end":{"line":1,"column":1620}},"42":{"start":{"line":1,"column":1629},"end":{"line":1,"column":1678}},"43":{"start":{"line":1,"column":1647},"end":{"line":1,"column":1677}},"44":{"start":{"line":1,"column":1682},"end":{"line":1,"column":1710}}},"fnMap":{"0":{"name":"asyncGeneratorStep","decl":{"start":{"line":1,"column":223},"end":{"line":1,"column":241}},"loc":{"start":{"line":1,"column":256},"end":{"line":1,"column":352}},"line":1},"1":{"name":"_asyncToGenerator","decl":{"start":{"line":1,"column":361},"end":{"line":1,"column":378}},"loc":{"start":{"line":1,"column":381},"end":{"line":1,"column":595}},"line":1},"2":{"name":"(anonymous_2)","decl":{"start":{"line":1,"column":389},"end":{"line":1,"column":390}},"loc":{"start":{"line":1,"column":399},"end":{"line":1,"column":594}},"line":1},"3":{"name":"(anonymous_3)","decl":{"start":{"line":1,"column":442},"end":{"line":1,"column":443}},"loc":{"start":{"line":1,"column":455},"end":{"line":1,"column":592}},"line":1},"4":{"name":"f","decl":{"start":{"line":1,"column":465},"end":{"line":1,"column":466}},"loc":{"start":{"line":1,"column":469},"end":{"line":1,"column":509}},"line":1},"5":{"name":"g","decl":{"start":{"line":1,"column":518},"end":{"line":1,"column":519}},"loc":{"start":{"line":1,"column":522},"end":{"line":1,"column":563}},"line":1},"6":{"name":"(anonymous_6)","decl":{"start":{"line":1,"column":621},"end":{"line":1,"column":622}},"loc":{"start":{"line":1,"column":631},"end":{"line":1,"column":1679}},"line":1},"7":{"name":"a","decl":{"start":{"line":1,"column":702},"end":{"line":1,"column":703}},"loc":{"start":{"line":1,"column":708},"end":{"line":1,"column":1626}},"line":1},"8":{"name":"(anonymous_8)","decl":{"start":{"line":1,"column":758},"end":{"line":1,"column":759}},"loc":{"start":{"line":1,"column":769},"end":{"line":1,"column":1622}},"line":1},"9":{"name":"(anonymous_9)","decl":{"start":{"line":1,"column":1154},"end":{"line":1,"column":1155}},"loc":{"start":{"line":1,"column":1164},"end":{"line":1,"column":1240}},"line":1},"10":{"name":"(anonymous_10)","decl":{"start":{"line":1,"column":1636},"end":{"line":1,"column":1637}},"loc":{"start":{"line":1,"column":1646},"end":{"line":1,"column":1678}},"line":1}},"branchMap":{"0":{"loc":{"start":{"line":1,"column":311},"end":{"line":1,"column":351}},"type":"cond-expr","locations":[{"start":{"line":1,"column":318},"end":{"line":1,"column":322}},{"start":{"line":1,"column":323},"end":{"line":1,"column":351}}],"line":1},"1":{"loc":{"start":{"line":1,"column":777},"end":{"line":1,"column":1621}},"type":"switch","locations":[{"start":{"line":1,"column":799},"end":{"line":1,"column":1065}},{"start":{"line":1,"column":1065},"end":{"line":1,"column":1242}},{"start":{"line":1,"column":1242},"end":{"line":1,"column":1356}},{"start":{"line":1,"column":1356},"end":{"line":1,"column":1413}},{"start":{"line":1,"column":1413},"end":{"line":1,"column":1490}},{"start":{"line":1,"column":1490},"end":{"line":1,"column":1514}},{"start":{"line":1,"column":1514},"end":{"line":1,"column":1586}},{"start":{"line":1,"column":1586},"end":{"line":1,"column":1594}},{"start":{"line":1,"column":1594},"end":{"line":1,"column":1620}}],"line":1},"2":{"loc":{"start":{"line":1,"column":806},"end":{"line":1,"column":1018}},"type":"if","locations":[{"start":{"line":1,"column":806},"end":{"line":1,"column":1018}},{"start":{"line":1,"column":806},"end":{"line":1,"column":1018}}],"line":1},"3":{"loc":{"start":{"line":1,"column":811},"end":{"line":1,"column":854}},"type":"binary-expr","locations":[{"start":{"line":1,"column":811},"end":{"line":1,"column":840}},{"start":{"line":1,"column":842},"end":{"line":1,"column":854}}],"line":1},"4":{"loc":{"start":{"line":1,"column":857},"end":{"line":1,"column":896}},"type":"binary-expr","locations":[{"start":{"line":1,"column":857},"end":{"line":1,"column":884}},{"start":{"line":1,"column":886},"end":{"line":1,"column":896}}],"line":1},"5":{"loc":{"start":{"line":1,"column":899},"end":{"line":1,"column":940}},"type":"binary-expr","locations":[{"start":{"line":1,"column":899},"end":{"line":1,"column":927}},{"start":{"line":1,"column":929},"end":{"line":1,"column":940}}],"line":1},"6":{"loc":{"start":{"line":1,"column":943},"end":{"line":1,"column":992}},"type":"cond-expr","locations":[{"start":{"line":1,"column":974},"end":{"line":1,"column":987}},{"start":{"line":1,"column":988},"end":{"line":1,"column":992}}],"line":1},"7":{"loc":{"start":{"line":1,"column":1072},"end":{"line":1,"column":1103}},"type":"if","locations":[{"start":{"line":1,"column":1072},"end":{"line":1,"column":1103}},{"start":{"line":1,"column":1072},"end":{"line":1,"column":1103}}],"line":1},"8":{"loc":{"start":{"line":1,"column":1077},"end":{"line":1,"column":1084}},"type":"binary-expr","locations":[{"start":{"line":1,"column":1077},"end":{"line":1,"column":1078}},{"start":{"line":1,"column":1080},"end":{"line":1,"column":1081}},{"start":{"line":1,"column":1083},"end":{"line":1,"column":1084}}],"line":1},"9":{"loc":{"start":{"line":1,"column":1250},"end":{"line":1,"column":1282}},"type":"if","locations":[{"start":{"line":1,"column":1250},"end":{"line":1,"column":1282}},{"start":{"line":1,"column":1250},"end":{"line":1,"column":1282}}],"line":1},"10":{"loc":{"start":{"line":1,"column":1373},"end":{"line":1,"column":1396}},"type":"binary-expr","locations":[{"start":{"line":1,"column":1373},"end":{"line":1,"column":1374}},{"start":{"line":1,"column":1376},"end":{"line":1,"column":1396}}],"line":1}},"s":{"0":1,"1":1,"2":1,"3":1,"4":0,"5":0,"6":0,"7":0,"8":0,"9":1,"10":0,"11":0,"12":0,"13":0,"14":0,"15":0,"16":0,"17":1,"18":1,"19":0,"20":0,"21":0,"22":0,"23":0,"24":0,"25":0,"26":0,"27":0,"28":0,"29":0,"30":0,"31":0,"32":0,"33":0,"34":0,"35":0,"36":0,"37":0,"38":0,"39":0,"40":0,"41":0,"42":1,"43":0,"44":1},"f":{"0":0,"1":1,"2":0,"3":0,"4":0,"5":0,"6":1,"7":0,"8":0,"9":0,"10":0},"b":{"0":[0,0],"1":[0,0,0,0,0,0,0,0,0],"2":[0,0],"3":[0,0],"4":[0,0],"5":[0,0],"6":[0,0],"7":[0,0],"8":[0,0,0],"9":[0,0],"10":[0,0]},"inputSourceMap":{"version":3,"sources":["index.js"],"names":["data","final","email","body","msg","name","locale","valid","subject","e"],"mappings":"qrBAIe,WAAOA,CAAP,CAAaC,CAAb,sGACPC,CADO,CAC4B,QAA3B,QAAOF,CAAAA,CAAI,CAACG,IAAL,CAAUD,KADlB,EACuCF,CAAI,CAACG,IAAL,CAAUD,KADjD,CAEPE,CAFO,CAEwB,QAAzB,QAAOJ,CAAAA,CAAI,CAACG,IAAL,CAAUC,GAFhB,EAEmCJ,CAAI,CAACG,IAAL,CAAUC,GAF7C,CAGPC,CAHO,CAG0B,QAA1B,QAAOL,CAAAA,CAAI,CAACG,IAAL,CAAUE,IAHjB,EAGqCL,CAAI,CAACG,IAAL,CAAUE,IAH/C,CAIPC,CAJO,CAI8B,QAA5B,QAAON,CAAAA,CAAI,CAACG,IAAL,CAAUG,MAAjB,CAAuCN,CAAI,CAACG,IAAL,CAAUG,MAAjD,CAA0D,IAJ5D,CAME,IAAX,GAAAA,CANS,iCAOL,4BAAUA,CAAV,CAPK,aAUTJ,CAAK,EAAIE,CAAT,EAAgBC,CAVP,oCAWS,sBAAWH,CAAX,WAAwB,iBAAM,mBAAQ,GAAR,CAAa,oBAAE,qBAAF,CAAb,CAAuCD,CAAvC,CAAN,CAAxB,CAXT,YAWLM,CAXK,SAYPA,CAZO,wBAaHC,CAAAA,CAbG,yBAawBH,CAbxB,YAcO,qBAAUH,CAAV,CAAiBM,CAAjB,CAA0BJ,CAA1B,CAdP,SAcHK,CAdG,QAeJA,CAfI,EAgBP,kBAAOR,CAAP,CAhBO,yBAmBT,mBAAQ,GAAR,CAAa,oBAAE,qBAAF,CAAb,CAAuCA,CAAvC,CAnBS,iCAsBX,mBAAQ,GAAR,CAAa,oBAAE,gBAAF,CAAb,CAAkCA,CAAlC,CAtBW,yC","sourceRoot":"C:\\Users\\Dxenu\\Desktop\\users-cubed-api-next\\app\\handlers\\contact-us","sourcesContent":["import { sendEmail } from '../../lib/email'\r\nimport { t, setLocale } from '../../lib/translations'\r\nimport { sendErr, validEmail, sendOk } from '../../lib/utils'\r\n\r\nexport default async (data, final) => {\r\n  const email = typeof data.body.email === 'string' ? data.body.email : false\r\n  const msg = typeof data.body.msg === 'string' ? data.body.msg : false\r\n  const name = typeof data.body.name === 'string' ? data.body.name : false\r\n  const locale = typeof data.body.locale === 'string' ? data.body.locale : 'en'\r\n\r\n  if (locale !== 'en') {\r\n    await setLocale(locale)\r\n  }\r\n\r\n  if (email && msg && name) {\r\n    const valid = await validEmail(email).catch(() => return await sendErr(400, t('error.invalid_email'), final))\r\n    if (valid) {\r\n      const subject = `Message from: ${name}`\r\n      const e = await sendEmail(email, subject, msg)\r\n      if (!e) {\r\n        return await sendOk()\r\n      }\r\n    } else {\r\n      return await sendErr(400, t('error.invalid_email'), final)\r\n    }\r\n  } else {\r\n    return await sendErr(400, t('error.required'), final)\r\n  }\r\n}\r\n"]},"_coverageSchema":"1a1c01bbd47fc00a2c39e90264f33305004495a9","hash":"71f00274c5e76c75c0326f4adcafba79983bd866","contentHash":"a29b17fad37d6a44ad8aa74c213f4320c170c8f1de766ef892cdff3e5b5263a5"},"C:\\Users\\Dxenu\\Desktop\\users-cubed-api-next\\app\\handlers\\generics\\notFound.js":{"path":"C:\\Users\\Dxenu\\Desktop\\users-cubed-api-next\\app\\handlers\\generics\\notFound.js","statementMap":{"0":{"start":{"line":1,"column":13},"end":{"line":1,"column":94}},"1":{"start":{"line":1,"column":105},"end":{"line":1,"column":131}},"2":{"start":{"line":1,"column":146},"end":{"line":1,"column":179}},"3":{"start":{"line":1,"column":223},"end":{"line":1,"column":277}},"4":{"start":{"line":1,"column":233},"end":{"line":1,"column":240}},"5":{"start":{"line":1,"column":243},"end":{"line":1,"column":250}},"6":{"start":{"line":1,"column":260},"end":{"line":1,"column":276}},"7":{"start":{"line":1,"column":277},"end":{"line":1,"column":317}},"8":{"start":{"line":1,"column":348},"end":{"line":1,"column":560}},"9":{"start":{"line":1,"column":372},"end":{"line":1,"column":376}},"10":{"start":{"line":1,"column":379},"end":{"line":1,"column":388}},"11":{"start":{"line":1,"column":389},"end":{"line":1,"column":559}},"12":{"start":{"line":1,"column":436},"end":{"line":1,"column":474}},"13":{"start":{"line":1,"column":489},"end":{"line":1,"column":528}},"14":{"start":{"line":1,"column":535},"end":{"line":1,"column":547}},"15":{"start":{"line":1,"column":548},"end":{"line":1,"column":557}},"16":{"start":{"line":1,"column":587},"end":{"line":1,"column":913}},"17":{"start":{"line":1,"column":604},"end":{"line":1,"column":860}},"18":{"start":{"line":1,"column":675},"end":{"line":1,"column":857}},"19":{"start":{"line":1,"column":718},"end":{"line":1,"column":853}},"20":{"start":{"line":1,"column":725},"end":{"line":1,"column":853}},"21":{"start":{"line":1,"column":754},"end":{"line":1,"column":819}},"22":{"start":{"line":1,"column":836},"end":{"line":1,"column":852}},"23":{"start":{"line":1,"column":861},"end":{"line":1,"column":910}},"24":{"start":{"line":1,"column":879},"end":{"line":1,"column":909}},"25":{"start":{"line":1,"column":914},"end":{"line":1,"column":942}}},"fnMap":{"0":{"name":"asyncGeneratorStep","decl":{"start":{"line":1,"column":189},"end":{"line":1,"column":207}},"loc":{"start":{"line":1,"column":222},"end":{"line":1,"column":318}},"line":1},"1":{"name":"_asyncToGenerator","decl":{"start":{"line":1,"column":327},"end":{"line":1,"column":344}},"loc":{"start":{"line":1,"column":347},"end":{"line":1,"column":561}},"line":1},"2":{"name":"(anonymous_2)","decl":{"start":{"line":1,"column":355},"end":{"line":1,"column":356}},"loc":{"start":{"line":1,"column":365},"end":{"line":1,"column":560}},"line":1},"3":{"name":"(anonymous_3)","decl":{"start":{"line":1,"column":408},"end":{"line":1,"column":409}},"loc":{"start":{"line":1,"column":421},"end":{"line":1,"column":558}},"line":1},"4":{"name":"f","decl":{"start":{"line":1,"column":431},"end":{"line":1,"column":432}},"loc":{"start":{"line":1,"column":435},"end":{"line":1,"column":475}},"line":1},"5":{"name":"g","decl":{"start":{"line":1,"column":484},"end":{"line":1,"column":485}},"loc":{"start":{"line":1,"column":488},"end":{"line":1,"column":529}},"line":1},"6":{"name":"(anonymous_6)","decl":{"start":{"line":1,"column":587},"end":{"line":1,"column":588}},"loc":{"start":{"line":1,"column":597},"end":{"line":1,"column":911}},"line":1},"7":{"name":"a","decl":{"start":{"line":1,"column":668},"end":{"line":1,"column":669}},"loc":{"start":{"line":1,"column":674},"end":{"line":1,"column":858}},"line":1},"8":{"name":"(anonymous_8)","decl":{"start":{"line":1,"column":706},"end":{"line":1,"column":707}},"loc":{"start":{"line":1,"column":717},"end":{"line":1,"column":854}},"line":1},"9":{"name":"(anonymous_9)","decl":{"start":{"line":1,"column":868},"end":{"line":1,"column":869}},"loc":{"start":{"line":1,"column":878},"end":{"line":1,"column":910}},"line":1}},"branchMap":{"0":{"loc":{"start":{"line":1,"column":277},"end":{"line":1,"column":317}},"type":"cond-expr","locations":[{"start":{"line":1,"column":284},"end":{"line":1,"column":288}},{"start":{"line":1,"column":289},"end":{"line":1,"column":317}}],"line":1},"1":{"loc":{"start":{"line":1,"column":725},"end":{"line":1,"column":853}},"type":"switch","locations":[{"start":{"line":1,"column":747},"end":{"line":1,"column":819}},{"start":{"line":1,"column":819},"end":{"line":1,"column":826}},{"start":{"line":1,"column":826},"end":{"line":1,"column":852}}],"line":1}},"s":{"0":1,"1":1,"2":1,"3":0,"4":0,"5":0,"6":0,"7":0,"8":1,"9":0,"10":0,"11":0,"12":0,"13":0,"14":0,"15":0,"16":1,"17":1,"18":0,"19":0,"20":0,"21":0,"22":0,"23":1,"24":0,"25":1},"f":{"0":0,"1":1,"2":0,"3":0,"4":0,"5":0,"6":1,"7":0,"8":0,"9":0},"b":{"0":[0,0],"1":[0,0,0]},"inputSourceMap":{"version":3,"sources":["notFound.js"],"names":["data","final"],"mappings":"mpBAGe,WAAOA,CAAP,CAAaC,CAAb,iFACb,mBAAQ,GAAR,CAAa,oBAAE,iBAAF,CAAb,CAAmCA,CAAnC,CADa,wC","sourceRoot":"C:\\Users\\Dxenu\\Desktop\\users-cubed-api-next\\app\\handlers\\generics","sourcesContent":["import { sendErr } from '../../lib/utils'\r\nimport { t } from '../../lib/translations'\r\n\r\nexport default async (data, final) => {\r\n  return await sendErr(400, t('error.not_found'), final)\r\n}\r\n"]},"_coverageSchema":"1a1c01bbd47fc00a2c39e90264f33305004495a9","hash":"e9b5b65a81d59905aa06cb587deeecc3c7b11016","contentHash":"94f117e8449efb71c3a50e5ad1cebc087a457f5eec269297745b7b2a6fee4286"}}