{"C:\\Users\\Dxenu\\Desktop\\users-cubed-api-next\\app\\config.js":{"path":"C:\\Users\\Dxenu\\Desktop\\users-cubed-api-next\\app\\config.js","statementMap":{"0":{"start":{"line":1,"column":13},"end":{"line":1,"column":869}},"1":{"start":{"line":1,"column":889},"end":{"line":1,"column":1116}},"2":{"start":{"line":1,"column":976},"end":{"line":1,"column":991}},"3":{"start":{"line":1,"column":1005},"end":{"line":1,"column":1104}},"4":{"start":{"line":1,"column":1130},"end":{"line":1,"column":1147}},"5":{"start":{"line":1,"column":1160},"end":{"line":1,"column":1180}},"6":{"start":{"line":1,"column":1181},"end":{"line":1,"column":2514}},"7":{"start":{"line":1,"column":2534},"end":{"line":1,"column":2542}},"8":{"start":{"line":1,"column":2543},"end":{"line":1,"column":2576}},"9":{"start":{"line":1,"column":2595},"end":{"line":1,"column":2604}},"10":{"start":{"line":1,"column":2605},"end":{"line":1,"column":2638}},"11":{"start":{"line":1,"column":2659},"end":{"line":1,"column":2667}},"12":{"start":{"line":1,"column":2668},"end":{"line":1,"column":2702}},"13":{"start":{"line":1,"column":2714},"end":{"line":1,"column":2718}},"14":{"start":{"line":1,"column":2719},"end":{"line":1,"column":2740}},"15":{"start":{"line":1,"column":2750},"end":{"line":1,"column":2775}},"16":{"start":{"line":2,"column":0},"end":{"line":2,"column":20}},"17":{"start":{"line":2,"column":40},"end":{"line":2,"column":48}},"18":{"start":{"line":2,"column":49},"end":{"line":2,"column":89}},"19":{"start":{"line":2,"column":110},"end":{"line":2,"column":160}},"20":{"start":{"line":2,"column":161},"end":{"line":2,"column":203}},"21":{"start":{"line":2,"column":220},"end":{"line":2,"column":244}},"22":{"start":{"line":2,"column":245},"end":{"line":2,"column":279}},"23":{"start":{"line":2,"column":297},"end":{"line":2,"column":322}},"24":{"start":{"line":2,"column":323},"end":{"line":2,"column":359}},"25":{"start":{"line":2,"column":375},"end":{"line":2,"column":377}},"26":{"start":{"line":2,"column":378},"end":{"line":2,"column":401}},"27":{"start":{"line":2,"column":413},"end":{"line":2,"column":517}},"28":{"start":{"line":2,"column":518},"end":{"line":2,"column":542}},"29":{"start":{"line":2,"column":553},"end":{"line":2,"column":650}},"30":{"start":{"line":2,"column":651},"end":{"line":2,"column":673}},"31":{"start":{"line":2,"column":689},"end":{"line":2,"column":712}},"32":{"start":{"line":2,"column":713},"end":{"line":2,"column":745}},"33":{"start":{"line":2,"column":757},"end":{"line":2,"column":772}},"34":{"start":{"line":2,"column":773},"end":{"line":2,"column":805}},"35":{"start":{"line":2,"column":818},"end":{"line":2,"column":828}},"36":{"start":{"line":2,"column":829},"end":{"line":2,"column":857}},"37":{"start":{"line":2,"column":875},"end":{"line":2,"column":882}},"38":{"start":{"line":2,"column":883},"end":{"line":2,"column":913}},"39":{"start":{"line":2,"column":935},"end":{"line":2,"column":940}},"40":{"start":{"line":2,"column":941},"end":{"line":2,"column":973}},"41":{"start":{"line":2,"column":990},"end":{"line":2,"column":1019}},"42":{"start":{"line":2,"column":1020},"end":{"line":2,"column":1071}},"43":{"start":{"line":2,"column":1091},"end":{"line":2,"column":1118}},"44":{"start":{"line":2,"column":1119},"end":{"line":2,"column":1159}},"45":{"start":{"line":2,"column":1183},"end":{"line":2,"column":1214}},"46":{"start":{"line":2,"column":1215},"end":{"line":2,"column":1263}},"47":{"start":{"line":2,"column":1285},"end":{"line":2,"column":1314}},"48":{"start":{"line":2,"column":1315},"end":{"line":2,"column":1359}},"49":{"start":{"line":2,"column":1371},"end":{"line":2,"column":1427}},"50":{"start":{"line":2,"column":1428},"end":{"line":2,"column":1452}},"51":{"start":{"line":2,"column":1472},"end":{"line":2,"column":1499}},"52":{"start":{"line":2,"column":1500},"end":{"line":2,"column":1540}},"53":{"start":{"line":2,"column":1557},"end":{"line":2,"column":1581}},"54":{"start":{"line":2,"column":1582},"end":{"line":2,"column":1616}},"55":{"start":{"line":2,"column":1633},"end":{"line":2,"column":1686}},"56":{"start":{"line":2,"column":1687},"end":{"line":2,"column":1748}},"57":{"start":{"line":2,"column":1762},"end":{"line":2,"column":1773}},"58":{"start":{"line":2,"column":1774},"end":{"line":2,"column":1802}},"59":{"start":{"line":2,"column":1820},"end":{"line":2,"column":1849}},"60":{"start":{"line":2,"column":1850},"end":{"line":2,"column":1886}},"61":{"start":{"line":2,"column":1907},"end":{"line":2,"column":1940}},"62":{"start":{"line":2,"column":1941},"end":{"line":2,"column":1983}},"63":{"start":{"line":2,"column":1997},"end":{"line":2,"column":2018}},"64":{"start":{"line":2,"column":2019},"end":{"line":2,"column":2047}},"65":{"start":{"line":2,"column":2064},"end":{"line":2,"column":2073}},"66":{"start":{"line":2,"column":2074},"end":{"line":2,"column":2105}},"67":{"start":{"line":2,"column":2117},"end":{"line":2,"column":2136}},"68":{"start":{"line":2,"column":2137},"end":{"line":2,"column":2161}},"69":{"start":{"line":2,"column":2178},"end":{"line":2,"column":2181}},"70":{"start":{"line":2,"column":2182},"end":{"line":2,"column":2207}},"71":{"start":{"line":2,"column":2230},"end":{"line":2,"column":2260}},"72":{"start":{"line":2,"column":2261},"end":{"line":2,"column":2307}},"73":{"start":{"line":2,"column":2330},"end":{"line":2,"column":2360}},"74":{"start":{"line":2,"column":2361},"end":{"line":2,"column":2407}},"75":{"start":{"line":2,"column":2426},"end":{"line":2,"column":2428}},"76":{"start":{"line":2,"column":2429},"end":{"line":2,"column":2455}},"77":{"start":{"line":2,"column":2481},"end":{"line":2,"column":2483}},"78":{"start":{"line":2,"column":2484},"end":{"line":2,"column":2517}},"79":{"start":{"line":2,"column":2532},"end":{"line":2,"column":2534}},"80":{"start":{"line":2,"column":2535},"end":{"line":2,"column":2557}}},"fnMap":{"0":{"name":"_typeof","decl":{"start":{"line":1,"column":878},"end":{"line":1,"column":885}},"loc":{"start":{"line":1,"column":888},"end":{"line":1,"column":1117}},"line":1},"1":{"name":"(anonymous_1)","decl":{"start":{"line":1,"column":964},"end":{"line":1,"column":965}},"loc":{"start":{"line":1,"column":975},"end":{"line":1,"column":992}},"line":1},"2":{"name":"(anonymous_2)","decl":{"start":{"line":1,"column":993},"end":{"line":1,"column":994}},"loc":{"start":{"line":1,"column":1004},"end":{"line":1,"column":1105}},"line":1}},"branchMap":{"0":{"loc":{"start":{"line":1,"column":904},"end":{"line":1,"column":1105}},"type":"cond-expr","locations":[{"start":{"line":1,"column":964},"end":{"line":1,"column":992}},{"start":{"line":1,"column":993},"end":{"line":1,"column":1105}}],"line":1},"1":{"loc":{"start":{"line":1,"column":904},"end":{"line":1,"column":963}},"type":"binary-expr","locations":[{"start":{"line":1,"column":904},"end":{"line":1,"column":929}},{"start":{"line":1,"column":931},"end":{"line":1,"column":963}}],"line":1},"2":{"loc":{"start":{"line":1,"column":1012},"end":{"line":1,"column":1104}},"type":"cond-expr","locations":[{"start":{"line":1,"column":1087},"end":{"line":1,"column":1095}},{"start":{"line":1,"column":1096},"end":{"line":1,"column":1104}}],"line":1},"3":{"loc":{"start":{"line":1,"column":1012},"end":{"line":1,"column":1086}},"type":"binary-expr","locations":[{"start":{"line":1,"column":1012},"end":{"line":1,"column":1013}},{"start":{"line":1,"column":1015},"end":{"line":1,"column":1040}},{"start":{"line":1,"column":1042},"end":{"line":1,"column":1064}},{"start":{"line":1,"column":1066},"end":{"line":1,"column":1086}}],"line":1}},"s":{"0":1,"1":1,"2":16,"3":0,"4":1,"5":1,"6":1,"7":1,"8":1,"9":1,"10":1,"11":1,"12":1,"13":1,"14":1,"15":1,"16":1,"17":1,"18":1,"19":1,"20":1,"21":1,"22":1,"23":1,"24":1,"25":1,"26":1,"27":1,"28":1,"29":1,"30":1,"31":1,"32":1,"33":1,"34":1,"35":1,"36":1,"37":1,"38":1,"39":1,"40":1,"41":1,"42":1,"43":1,"44":1,"45":1,"46":1,"47":1,"48":1,"49":1,"50":1,"51":1,"52":1,"53":1,"54":1,"55":1,"56":1,"57":1,"58":1,"59":1,"60":1,"61":1,"62":1,"63":1,"64":1,"65":1,"66":1,"67":1,"68":1,"69":1,"70":1,"71":1,"72":1,"73":1,"74":1,"75":1,"76":1,"77":1,"78":1,"79":1,"80":1},"f":{"0":1,"1":16,"2":0},"b":{"0":[1,0],"1":[1,1],"2":[0,0],"3":[0,0,0,0]},"inputSourceMap":{"version":3,"sources":["config.js"],"names":["require","strictEqual","process","env","HASH_SECRET","TWILIO_FROM","TWILIO_SID","TWILIO_AUTH_TOKEN","MAILGUN_FROM","MAILGUN_DOMAIN","MAILGUN_KEY","ENCRYPTION_SALT","ENCRYPTION_PASSWORD","USERS_BUCKET_NAME","AUTH0_CLIENT_ID","AUTH0_DOMAIN","S3_ACCESS_KEY","S3_ACCESS_SECRET","S3_REGION","API_KEY","MOBILE_PROVIDER","EMAIL_PROVIDER","PAYMENT_PROVIDER","DB_TYPE","ROLES","FIRST_USER_ROLE","SOCIAL_PROVIDERS","WAPID_PUBLIC","WAPID_PRIVATE","WAPID_EMAIL","MAILGUN","nameFrom","domainName","apiKey","TWILIO","from","sid","authToken","COMPANY","BASE_URL","FIRST_CONFIRM","USER_TOKEN_EXPIRY","FRONTEND_URL","WORKERS","tokenClean","logRotate","unconfirmedClean","REDIRECT_URL","LANGUAGES","AWS_ACCESS_KEY_ID","AWS_SECRET_ACCESS_KEY","UPLOAD_TABLE","ALLOW_ORIGIN","STRIPE_TEST_SECRET","STRIPE_LIVE_SECRET","STRIPE_ACCOUNT","STRIPE_WEBHOOK_SECRET","STRIPE_ENV"],"mappings":"0mCAAwBA,OAAO,CAAC,QAAD,C,CAAvBC,W,UAAAA,W,CACRA,WAAW,SAAQC,OAAO,CAACC,GAAR,CAAYC,WAApB,EAAiC,QAAjC,CAA2C,uBAA3C,C,CACXH,WAAW,SAAQC,OAAO,CAACC,GAAR,CAAYE,WAApB,EAAiC,QAAjC,CAA2C,uBAA3C,C,CACXJ,WAAW,SAAQC,OAAO,CAACC,GAAR,CAAYG,UAApB,EAAgC,QAAhC,CAA0C,sBAA1C,C,CACXL,WAAW,SAAQC,OAAO,CAACC,GAAR,CAAYI,iBAApB,EAAuC,QAAvC,CAAiD,6BAAjD,C,CACXN,WAAW,SAAQC,OAAO,CAACC,GAAR,CAAYK,YAApB,EAAkC,QAAlC,CAA4C,wBAA5C,C,CACXP,WAAW,SAAQC,OAAO,CAACC,GAAR,CAAYM,cAApB,EAAoC,QAApC,CAA8C,0BAA9C,C,CACXR,WAAW,SAAQC,OAAO,CAACC,GAAR,CAAYO,WAApB,EAAiC,QAAjC,CAA2C,uBAA3C,C,CACXT,WAAW,SAAQC,OAAO,CAACC,GAAR,CAAYQ,eAApB,EAAqC,QAArC,CAA+C,2BAA/C,C,CACXV,WAAW,SAAQC,OAAO,CAACC,GAAR,CAAYS,mBAApB,EAAyC,QAAzC,CAAmD,+BAAnD,C,CACXX,WAAW,SAAQC,OAAO,CAACC,GAAR,CAAYU,iBAApB,EAAuC,QAAvC,CAAiD,6BAAjD,C,CACXZ,WAAW,SAAQC,OAAO,CAACC,GAAR,CAAYW,eAApB,EAAqC,QAArC,CAA+C,2BAA/C,C,CACXb,WAAW,SAAQC,OAAO,CAACC,GAAR,CAAYY,YAApB,EAAkC,QAAlC,CAA4C,2BAA5C,C,CACXd,WAAW,SAAQC,OAAO,CAACC,GAAR,CAAYa,aAApB,EAAmC,QAAnC,CAA6C,yBAA7C,C,CACXf,WAAW,SAAQC,OAAO,CAACC,GAAR,CAAYc,gBAApB,EAAsC,QAAtC,CAAgD,4BAAhD,C,CACXhB,WAAW,SAAQC,OAAO,CAACC,GAAR,CAAYe,SAApB,EAA+B,QAA/B,CAAyC,qBAAzC,C,CACXjB,WAAW,SAAQC,OAAO,CAACC,GAAR,CAAYgB,OAApB,EAA6B,QAA7B,CAAuC,mBAAvC,C,CAEJ,GAAMC,CAAAA,eAAe,CAAG,QAAxB,C,iCACA,GAAMC,CAAAA,cAAc,CAAG,SAAvB,C,iCACA,GAAMC,CAAAA,gBAAgB,CAAG,QAAzB,C,kCACA,GAAMC,CAAAA,OAAO,CAAG,IAAhB,C,qBACA,GAAMC,CAAAA,KAAK,CAAG,CAAC,MAAD,CAAS,OAAT,CAAkB,QAAlB,CAAd,CAA0C;oBAC1C,GAAMC,CAAAA,eAAe,CAAGD,KAAK,CAAC,CAAD,CAA7B,C,wCACA,GAAME,CAAAA,gBAAgB,CAAG,CAAC,OAAD,CAAU,QAAV,CAAoB,UAApB,CAAgC,SAAhC,CAA2C,UAA3C,CAAzB,C,0CAEA,GAAMC,CAAAA,YAAY,CAAGzB,OAAO,CAACC,GAAR,CAAYwB,YAAjC,C,kCACA,GAAMC,CAAAA,aAAa,CAAG1B,OAAO,CAACC,GAAR,CAAYyB,aAAlC,C,oCACA,GAAMC,CAAAA,WAAW,CAAG,EAApB,C,uBAEA,GAAMC,CAAAA,OAAO,CAAG,CACrBC,QAAQ,CAAE7B,OAAO,CAACC,GAAR,CAAYK,YADD,CAErBwB,UAAU,CAAE9B,OAAO,CAACC,GAAR,CAAYM,cAFH,CAGrBwB,MAAM,CAAE/B,OAAO,CAACC,GAAR,CAAYO,WAHC,CAAhB,C,wBAMA,GAAMwB,CAAAA,MAAM,CAAG,CACpBC,IAAI,CAAEjC,OAAO,CAACC,GAAR,CAAYE,WADE,CAEpB+B,GAAG,CAAElC,OAAO,CAACC,GAAR,CAAYG,UAFG,CAGpB+B,SAAS,CAAEnC,OAAO,CAACC,GAAR,CAAYI,iBAHH,CAAf,C,sBAMA,GAAMH,CAAAA,WAAW,CAAGF,OAAO,CAACC,GAAR,CAAYC,WAAhC,C,gCAEA,GAAMkC,CAAAA,OAAO,CAAG,eAAhB,C,gCAEA,GAAMC,CAAAA,QAAQ,CAAG,UAAjB,C,4BAEA,GAAMC,CAAAA,aAAa,CAAG,OAAtB,C,8BAEA,GAAMC,CAAAA,iBAAiB,MAAvB,C,gCAEA,GAAMC,CAAAA,YAAY,CAAG,6BAArB,C,mDAEA,GAAM/B,CAAAA,eAAe,CAAGT,OAAO,CAACC,GAAR,CAAYQ,eAApC,C,wCAEA,GAAMC,CAAAA,mBAAmB,CAAGV,OAAO,CAACC,GAAR,CAAYS,mBAAxC,C,gDAEA,GAAMC,CAAAA,iBAAiB,CAAGX,OAAO,CAACC,GAAR,CAAYU,iBAAtC,C,4CAEA,GAAM8B,CAAAA,OAAO,CAAG,CACrBC,UAAU,KADW,CAErBC,SAAS,MAFY,CAGrBC,gBAAgB,MAHK,CAAhB,C,wBAMA,GAAMhC,CAAAA,eAAe,CAAGZ,OAAO,CAACC,GAAR,CAAYW,eAApC,C,wCACA,GAAMC,CAAAA,YAAY,CAAGb,OAAO,CAACC,GAAR,CAAYY,YAAjC,C,kCACA,GAAMgC,CAAAA,YAAY,sDAAlB,C,6DAEA,GAAMC,CAAAA,SAAS,CAAG,CAAC,IAAD,CAAO,IAAP,CAAlB,C,4BAEA,GAAMhC,CAAAA,aAAa,CAAGd,OAAO,CAACC,GAAR,CAAY8C,iBAAlC,C,oCACA,GAAMhC,CAAAA,gBAAgB,CAAGf,OAAO,CAACC,GAAR,CAAY+C,qBAArC,C,0CACA,GAAMhC,CAAAA,SAAS,CAAGhB,OAAO,CAACC,GAAR,CAAYe,SAA9B,C,4BACA,GAAMiC,CAAAA,YAAY,CAAG,SAArB,C,+BAEA,GAAMhC,CAAAA,OAAO,CAAGjB,OAAO,CAACC,GAAR,CAAYgB,OAA5B,C,wBACA,GAAMiC,CAAAA,YAAY,CAAG,GAArB,C,yBAEA,GAAMC,CAAAA,kBAAkB,CAAGnD,OAAO,CAACC,GAAR,CAAYkD,kBAAvC,C,8CACA,GAAMC,CAAAA,kBAAkB,CAAGpD,OAAO,CAACC,GAAR,CAAYmD,kBAAvC,C,8CACA,GAAMC,CAAAA,cAAc,CAAG,EAAvB,C,0BACA,GAAMC,CAAAA,qBAAqB,CAAG,EAA9B,C,iCACA,GAAMC,CAAAA,UAAU,CAAG,EAAnB,C","sourceRoot":"C:\\Users\\Dxenu\\Desktop\\users-cubed-api-next\\app","sourcesContent":["const { strictEqual } = require('assert')\r\nstrictEqual(typeof process.env.HASH_SECRET, 'string', 'You need hash secret!')\r\nstrictEqual(typeof process.env.TWILIO_FROM, 'string', 'You need Twilio from!')\r\nstrictEqual(typeof process.env.TWILIO_SID, 'string', 'You need TWILIO_SID!')\r\nstrictEqual(typeof process.env.TWILIO_AUTH_TOKEN, 'string', 'You need TWILIO_AUTH_TOKEN!')\r\nstrictEqual(typeof process.env.MAILGUN_FROM, 'string', 'You need MAILGUN_FROM!')\r\nstrictEqual(typeof process.env.MAILGUN_DOMAIN, 'string', 'You need MAILGUN_DOMAIN!')\r\nstrictEqual(typeof process.env.MAILGUN_KEY, 'string', 'You need MAILGUN_KEY!')\r\nstrictEqual(typeof process.env.ENCRYPTION_SALT, 'string', 'You need ENCRYPTION_SALT!')\r\nstrictEqual(typeof process.env.ENCRYPTION_PASSWORD, 'string', 'You need ENCRYPTION_PASSWORD!')\r\nstrictEqual(typeof process.env.USERS_BUCKET_NAME, 'string', 'You need USERS_BUCKET_NAME!')\r\nstrictEqual(typeof process.env.AUTH0_CLIENT_ID, 'string', 'You need AUTH0_CLIENT_ID!')\r\nstrictEqual(typeof process.env.AUTH0_DOMAIN, 'string', 'You need AUTH0_CLIENT_ID!')\r\nstrictEqual(typeof process.env.S3_ACCESS_KEY, 'string', 'You need S3_ACCESS_KEY!')\r\nstrictEqual(typeof process.env.S3_ACCESS_SECRET, 'string', 'You need S3_ACCESS_SECRET!')\r\nstrictEqual(typeof process.env.S3_REGION, 'string', 'You need S3_REGION!')\r\nstrictEqual(typeof process.env.API_KEY, 'string', 'You need API_KEY!')\r\n\r\nexport const MOBILE_PROVIDER = 'twilio'\r\nexport const EMAIL_PROVIDER = 'mailgun'\r\nexport const PAYMENT_PROVIDER = 'stripe'\r\nexport const DB_TYPE = 's3'\r\nexport const ROLES = ['user', 'admin', 'editor'] // 1st should be always default, 2nd - admin\r\nexport const FIRST_USER_ROLE = ROLES[1]\r\nexport const SOCIAL_PROVIDERS = ['auth0', 'google', 'facebook', 'twitter', 'linkedin']\r\n\r\nexport const WAPID_PUBLIC = process.env.WAPID_PUBLIC\r\nexport const WAPID_PRIVATE = process.env.WAPID_PRIVATE\r\nexport const WAPID_EMAIL = ''\r\n\r\nexport const MAILGUN = {\r\n  nameFrom: process.env.MAILGUN_FROM,\r\n  domainName: process.env.MAILGUN_DOMAIN,\r\n  apiKey: process.env.MAILGUN_KEY\r\n}\r\n\r\nexport const TWILIO = {\r\n  from: process.env.TWILIO_FROM,\r\n  sid: process.env.TWILIO_SID,\r\n  authToken: process.env.TWILIO_AUTH_TOKEN\r\n}\r\n\r\nexport const HASH_SECRET = process.env.HASH_SECRET\r\n\r\nexport const COMPANY = 'Talaikis Ltd.'\r\n\r\nexport const BASE_URL = 'https://'\r\n\r\nexport const FIRST_CONFIRM = 'email'\r\n\r\nexport const USER_TOKEN_EXPIRY = 60 * 60 * 15\r\n\r\nexport const FRONTEND_URL = 'https://cubed.talaikis.com/'\r\n\r\nexport const ENCRYPTION_SALT = process.env.ENCRYPTION_SALT\r\n\r\nexport const ENCRYPTION_PASSWORD = process.env.ENCRYPTION_PASSWORD\r\n\r\nexport const USERS_BUCKET_NAME = process.env.USERS_BUCKET_NAME\r\n\r\nexport const WORKERS = {\r\n  tokenClean: 60 * 60,\r\n  logRotate: 60 * 60 * 24,\r\n  unconfirmedClean: 60 * 60 * 3\r\n}\r\n\r\nexport const AUTH0_CLIENT_ID = process.env.AUTH0_CLIENT_ID\r\nexport const AUTH0_DOMAIN = process.env.AUTH0_DOMAIN\r\nexport const REDIRECT_URL = `${FRONTEND_URL}/dashboard`\r\n\r\nexport const LANGUAGES = ['en', 'fr']\r\n\r\nexport const S3_ACCESS_KEY = process.env.AWS_ACCESS_KEY_ID\r\nexport const S3_ACCESS_SECRET = process.env.AWS_SECRET_ACCESS_KEY\r\nexport const S3_REGION = process.env.S3_REGION\r\nexport const UPLOAD_TABLE = 'avatars'\r\n\r\nexport const API_KEY = process.env.API_KEY\r\nexport const ALLOW_ORIGIN = '*'\r\n\r\nexport const STRIPE_TEST_SECRET = process.env.STRIPE_TEST_SECRET\r\nexport const STRIPE_LIVE_SECRET = process.env.STRIPE_LIVE_SECRET\r\nexport const STRIPE_ACCOUNT = ''\r\nexport const STRIPE_WEBHOOK_SECRET = ''\r\nexport const STRIPE_ENV = ''\r\n"]},"_coverageSchema":"1a1c01bbd47fc00a2c39e90264f33305004495a9","hash":"2833d2327b11fb010889924c36da9479452affbe","contentHash":"823a7c7a3271fbbb28a632962d081ecaec7c111805521ab7aafeedf5ef3a7941"},"C:\\Users\\Dxenu\\Desktop\\users-cubed-api-next\\app\\lib\\proto\\index.js":{"path":"C:\\Users\\Dxenu\\Desktop\\users-cubed-api-next\\app\\lib\\proto\\index.js","statementMap":{"0":{"start":{"line":1,"column":13},"end":{"line":1,"column":172}},"1":{"start":{"line":1,"column":182},"end":{"line":1,"column":197}},"2":{"start":{"line":1,"column":210},"end":{"line":1,"column":255}},"3":{"start":{"line":1,"column":262},"end":{"line":1,"column":277}},"4":{"start":{"line":1,"column":286},"end":{"line":1,"column":309}},"5":{"start":{"line":1,"column":317},"end":{"line":1,"column":336}},"6":{"start":{"line":1,"column":372},"end":{"line":1,"column":408}},"7":{"start":{"line":1,"column":452},"end":{"line":1,"column":506}},"8":{"start":{"line":1,"column":462},"end":{"line":1,"column":469}},"9":{"start":{"line":1,"column":472},"end":{"line":1,"column":479}},"10":{"start":{"line":1,"column":489},"end":{"line":1,"column":505}},"11":{"start":{"line":1,"column":506},"end":{"line":1,"column":546}},"12":{"start":{"line":1,"column":577},"end":{"line":1,"column":789}},"13":{"start":{"line":1,"column":601},"end":{"line":1,"column":605}},"14":{"start":{"line":1,"column":608},"end":{"line":1,"column":617}},"15":{"start":{"line":1,"column":618},"end":{"line":1,"column":788}},"16":{"start":{"line":1,"column":665},"end":{"line":1,"column":703}},"17":{"start":{"line":1,"column":718},"end":{"line":1,"column":757}},"18":{"start":{"line":1,"column":764},"end":{"line":1,"column":776}},"19":{"start":{"line":1,"column":777},"end":{"line":1,"column":786}},"20":{"start":{"line":1,"column":815},"end":{"line":1,"column":856}},"21":{"start":{"line":1,"column":865},"end":{"line":1,"column":1069}},"22":{"start":{"line":1,"column":883},"end":{"line":1,"column":1068}},"23":{"start":{"line":1,"column":927},"end":{"line":1,"column":1066}},"24":{"start":{"line":1,"column":936},"end":{"line":1,"column":1046}},"25":{"start":{"line":1,"column":946},"end":{"line":1,"column":961}},"26":{"start":{"line":1,"column":964},"end":{"line":1,"column":997}},"27":{"start":{"line":1,"column":1000},"end":{"line":1,"column":1013}},"28":{"start":{"line":1,"column":1014},"end":{"line":1,"column":1023}},"29":{"start":{"line":1,"column":1033},"end":{"line":1,"column":1045}},"30":{"start":{"line":1,"column":1051},"end":{"line":1,"column":1066}},"31":{"start":{"line":1,"column":1091},"end":{"line":1,"column":1436}},"32":{"start":{"line":1,"column":1108},"end":{"line":1,"column":1383}},"33":{"start":{"line":1,"column":1187},"end":{"line":1,"column":1380}},"34":{"start":{"line":1,"column":1230},"end":{"line":1,"column":1376}},"35":{"start":{"line":1,"column":1237},"end":{"line":1,"column":1376}},"36":{"start":{"line":1,"column":1266},"end":{"line":1,"column":1342}},"37":{"start":{"line":1,"column":1359},"end":{"line":1,"column":1375}},"38":{"start":{"line":1,"column":1384},"end":{"line":1,"column":1433}},"39":{"start":{"line":1,"column":1402},"end":{"line":1,"column":1432}},"40":{"start":{"line":1,"column":1444},"end":{"line":1,"column":1472}},"41":{"start":{"line":1,"column":1473},"end":{"line":1,"column":1495}},"42":{"start":{"line":1,"column":1507},"end":{"line":1,"column":1693}},"43":{"start":{"line":1,"column":1525},"end":{"line":1,"column":1692}},"44":{"start":{"line":1,"column":1569},"end":{"line":1,"column":1690}},"45":{"start":{"line":1,"column":1578},"end":{"line":1,"column":1673}},"46":{"start":{"line":1,"column":1588},"end":{"line":1,"column":1603}},"47":{"start":{"line":1,"column":1606},"end":{"line":1,"column":1617}},"48":{"start":{"line":1,"column":1620},"end":{"line":1,"column":1640}},"49":{"start":{"line":1,"column":1641},"end":{"line":1,"column":1650}},"50":{"start":{"line":1,"column":1660},"end":{"line":1,"column":1672}},"51":{"start":{"line":1,"column":1678},"end":{"line":1,"column":1690}},"52":{"start":{"line":1,"column":1702},"end":{"line":1,"column":1798}},"53":{"start":{"line":1,"column":1724},"end":{"line":1,"column":1780}},"54":{"start":{"line":1,"column":1781},"end":{"line":1,"column":1797}},"55":{"start":{"line":1,"column":1806},"end":{"line":1,"column":1834}},"56":{"start":{"line":1,"column":1835},"end":{"line":1,"column":1857}},"57":{"start":{"line":1,"column":1876},"end":{"line":1,"column":1972}},"58":{"start":{"line":1,"column":1898},"end":{"line":1,"column":1954}},"59":{"start":{"line":1,"column":1955},"end":{"line":1,"column":1971}},"60":{"start":{"line":1,"column":1987},"end":{"line":1,"column":2022}},"61":{"start":{"line":1,"column":2023},"end":{"line":1,"column":2059}},"62":{"start":{"line":1,"column":2079},"end":{"line":1,"column":2175}},"63":{"start":{"line":1,"column":2101},"end":{"line":1,"column":2157}},"64":{"start":{"line":1,"column":2158},"end":{"line":1,"column":2174}},"65":{"start":{"line":1,"column":2191},"end":{"line":1,"column":2227}},"66":{"start":{"line":1,"column":2228},"end":{"line":1,"column":2266}},"67":{"start":{"line":1,"column":2298},"end":{"line":1,"column":3183}},"68":{"start":{"line":1,"column":2315},"end":{"line":1,"column":3130}},"69":{"start":{"line":1,"column":2396},"end":{"line":1,"column":3127}},"70":{"start":{"line":1,"column":2439},"end":{"line":1,"column":3123}},"71":{"start":{"line":1,"column":2446},"end":{"line":1,"column":3123}},"72":{"start":{"line":1,"column":2475},"end":{"line":1,"column":2895}},"73":{"start":{"line":1,"column":2542},"end":{"line":1,"column":2840}},"74":{"start":{"line":1,"column":2611},"end":{"line":1,"column":2837}},"75":{"start":{"line":1,"column":2654},"end":{"line":1,"column":2833}},"76":{"start":{"line":1,"column":2661},"end":{"line":1,"column":2833}},"77":{"start":{"line":1,"column":2690},"end":{"line":1,"column":2739}},"78":{"start":{"line":1,"column":2746},"end":{"line":1,"column":2799}},"79":{"start":{"line":1,"column":2816},"end":{"line":1,"column":2832}},"80":{"start":{"line":1,"column":2841},"end":{"line":1,"column":2890}},"81":{"start":{"line":1,"column":2859},"end":{"line":1,"column":2889}},"82":{"start":{"line":1,"column":2902},"end":{"line":1,"column":3089}},"83":{"start":{"line":1,"column":3106},"end":{"line":1,"column":3122}},"84":{"start":{"line":1,"column":3131},"end":{"line":1,"column":3180}},"85":{"start":{"line":1,"column":3149},"end":{"line":1,"column":3179}},"86":{"start":{"line":1,"column":3198},"end":{"line":1,"column":3233}},"87":{"start":{"line":1,"column":3234},"end":{"line":1,"column":3270}}},"fnMap":{"0":{"name":"_interopRequireDefault","decl":{"start":{"line":1,"column":346},"end":{"line":1,"column":368}},"loc":{"start":{"line":1,"column":371},"end":{"line":1,"column":409}},"line":1},"1":{"name":"asyncGeneratorStep","decl":{"start":{"line":1,"column":418},"end":{"line":1,"column":436}},"loc":{"start":{"line":1,"column":451},"end":{"line":1,"column":547}},"line":1},"2":{"name":"_asyncToGenerator","decl":{"start":{"line":1,"column":556},"end":{"line":1,"column":573}},"loc":{"start":{"line":1,"column":576},"end":{"line":1,"column":790}},"line":1},"3":{"name":"(anonymous_3)","decl":{"start":{"line":1,"column":584},"end":{"line":1,"column":585}},"loc":{"start":{"line":1,"column":594},"end":{"line":1,"column":789}},"line":1},"4":{"name":"(anonymous_4)","decl":{"start":{"line":1,"column":637},"end":{"line":1,"column":638}},"loc":{"start":{"line":1,"column":650},"end":{"line":1,"column":787}},"line":1},"5":{"name":"f","decl":{"start":{"line":1,"column":660},"end":{"line":1,"column":661}},"loc":{"start":{"line":1,"column":664},"end":{"line":1,"column":704}},"line":1},"6":{"name":"g","decl":{"start":{"line":1,"column":713},"end":{"line":1,"column":714}},"loc":{"start":{"line":1,"column":717},"end":{"line":1,"column":758}},"line":1},"7":{"name":"(anonymous_7)","decl":{"start":{"line":1,"column":865},"end":{"line":1,"column":866}},"loc":{"start":{"line":1,"column":882},"end":{"line":1,"column":1069}},"line":1},"8":{"name":"(anonymous_8)","decl":{"start":{"line":1,"column":913},"end":{"line":1,"column":914}},"loc":{"start":{"line":1,"column":926},"end":{"line":1,"column":1067}},"line":1},"9":{"name":"(anonymous_9)","decl":{"start":{"line":1,"column":1091},"end":{"line":1,"column":1092}},"loc":{"start":{"line":1,"column":1101},"end":{"line":1,"column":1434}},"line":1},"10":{"name":"a","decl":{"start":{"line":1,"column":1172},"end":{"line":1,"column":1173}},"loc":{"start":{"line":1,"column":1180},"end":{"line":1,"column":1381}},"line":1},"11":{"name":"(anonymous_11)","decl":{"start":{"line":1,"column":1218},"end":{"line":1,"column":1219}},"loc":{"start":{"line":1,"column":1229},"end":{"line":1,"column":1377}},"line":1},"12":{"name":"(anonymous_12)","decl":{"start":{"line":1,"column":1391},"end":{"line":1,"column":1392}},"loc":{"start":{"line":1,"column":1401},"end":{"line":1,"column":1433}},"line":1},"13":{"name":"(anonymous_13)","decl":{"start":{"line":1,"column":1507},"end":{"line":1,"column":1508}},"loc":{"start":{"line":1,"column":1524},"end":{"line":1,"column":1693}},"line":1},"14":{"name":"(anonymous_14)","decl":{"start":{"line":1,"column":1555},"end":{"line":1,"column":1556}},"loc":{"start":{"line":1,"column":1568},"end":{"line":1,"column":1691}},"line":1},"15":{"name":"(anonymous_15)","decl":{"start":{"line":1,"column":1702},"end":{"line":1,"column":1703}},"loc":{"start":{"line":1,"column":1717},"end":{"line":1,"column":1798}},"line":1},"16":{"name":"(anonymous_16)","decl":{"start":{"line":1,"column":1876},"end":{"line":1,"column":1877}},"loc":{"start":{"line":1,"column":1891},"end":{"line":1,"column":1972}},"line":1},"17":{"name":"(anonymous_17)","decl":{"start":{"line":1,"column":2079},"end":{"line":1,"column":2080}},"loc":{"start":{"line":1,"column":2094},"end":{"line":1,"column":2175}},"line":1},"18":{"name":"(anonymous_18)","decl":{"start":{"line":1,"column":2298},"end":{"line":1,"column":2299}},"loc":{"start":{"line":1,"column":2308},"end":{"line":1,"column":3181}},"line":1},"19":{"name":"a","decl":{"start":{"line":1,"column":2379},"end":{"line":1,"column":2380}},"loc":{"start":{"line":1,"column":2389},"end":{"line":1,"column":3128}},"line":1},"20":{"name":"(anonymous_20)","decl":{"start":{"line":1,"column":2427},"end":{"line":1,"column":2428}},"loc":{"start":{"line":1,"column":2438},"end":{"line":1,"column":3124}},"line":1},"21":{"name":"(anonymous_21)","decl":{"start":{"line":1,"column":2525},"end":{"line":1,"column":2526}},"loc":{"start":{"line":1,"column":2535},"end":{"line":1,"column":2891}},"line":1},"22":{"name":"a","decl":{"start":{"line":1,"column":2606},"end":{"line":1,"column":2607}},"loc":{"start":{"line":1,"column":2610},"end":{"line":1,"column":2838}},"line":1},"23":{"name":"(anonymous_23)","decl":{"start":{"line":1,"column":2642},"end":{"line":1,"column":2643}},"loc":{"start":{"line":1,"column":2653},"end":{"line":1,"column":2834}},"line":1},"24":{"name":"(anonymous_24)","decl":{"start":{"line":1,"column":2848},"end":{"line":1,"column":2849}},"loc":{"start":{"line":1,"column":2858},"end":{"line":1,"column":2890}},"line":1},"25":{"name":"(anonymous_25)","decl":{"start":{"line":1,"column":3138},"end":{"line":1,"column":3139}},"loc":{"start":{"line":1,"column":3148},"end":{"line":1,"column":3180}},"line":1}},"branchMap":{"0":{"loc":{"start":{"line":1,"column":379},"end":{"line":1,"column":408}},"type":"cond-expr","locations":[{"start":{"line":1,"column":395},"end":{"line":1,"column":396}},{"start":{"line":1,"column":397},"end":{"line":1,"column":408}}],"line":1},"1":{"loc":{"start":{"line":1,"column":379},"end":{"line":1,"column":394}},"type":"binary-expr","locations":[{"start":{"line":1,"column":379},"end":{"line":1,"column":380}},{"start":{"line":1,"column":382},"end":{"line":1,"column":394}}],"line":1},"2":{"loc":{"start":{"line":1,"column":506},"end":{"line":1,"column":546}},"type":"cond-expr","locations":[{"start":{"line":1,"column":513},"end":{"line":1,"column":517}},{"start":{"line":1,"column":518},"end":{"line":1,"column":546}}],"line":1},"3":{"loc":{"start":{"line":1,"column":927},"end":{"line":1,"column":1066}},"type":"if","locations":[{"start":{"line":1,"column":927},"end":{"line":1,"column":1066}},{"start":{"line":1,"column":927},"end":{"line":1,"column":1066}}],"line":1},"4":{"loc":{"start":{"line":1,"column":930},"end":{"line":1,"column":935}},"type":"binary-expr","locations":[{"start":{"line":1,"column":930},"end":{"line":1,"column":932}},{"start":{"line":1,"column":934},"end":{"line":1,"column":935}}],"line":1},"5":{"loc":{"start":{"line":1,"column":1051},"end":{"line":1,"column":1066}},"type":"binary-expr","locations":[{"start":{"line":1,"column":1051},"end":{"line":1,"column":1052}},{"start":{"line":1,"column":1054},"end":{"line":1,"column":1066}}],"line":1},"6":{"loc":{"start":{"line":1,"column":1237},"end":{"line":1,"column":1376}},"type":"switch","locations":[{"start":{"line":1,"column":1259},"end":{"line":1,"column":1342}},{"start":{"line":1,"column":1342},"end":{"line":1,"column":1349}},{"start":{"line":1,"column":1349},"end":{"line":1,"column":1375}}],"line":1},"7":{"loc":{"start":{"line":1,"column":1569},"end":{"line":1,"column":1690}},"type":"if","locations":[{"start":{"line":1,"column":1569},"end":{"line":1,"column":1690}},{"start":{"line":1,"column":1569},"end":{"line":1,"column":1690}}],"line":1},"8":{"loc":{"start":{"line":1,"column":1572},"end":{"line":1,"column":1577}},"type":"binary-expr","locations":[{"start":{"line":1,"column":1572},"end":{"line":1,"column":1574}},{"start":{"line":1,"column":1576},"end":{"line":1,"column":1577}}],"line":1},"9":{"loc":{"start":{"line":1,"column":2446},"end":{"line":1,"column":3123}},"type":"switch","locations":[{"start":{"line":1,"column":2468},"end":{"line":1,"column":2895}},{"start":{"line":1,"column":2895},"end":{"line":1,"column":3089}},{"start":{"line":1,"column":3089},"end":{"line":1,"column":3096}},{"start":{"line":1,"column":3096},"end":{"line":1,"column":3122}}],"line":1},"10":{"loc":{"start":{"line":1,"column":2661},"end":{"line":1,"column":2833}},"type":"switch","locations":[{"start":{"line":1,"column":2683},"end":{"line":1,"column":2739}},{"start":{"line":1,"column":2739},"end":{"line":1,"column":2799}},{"start":{"line":1,"column":2799},"end":{"line":1,"column":2806}},{"start":{"line":1,"column":2806},"end":{"line":1,"column":2832}}],"line":1}},"s":{"0":1,"1":1,"2":1,"3":1,"4":1,"5":1,"6":1,"7":51,"8":51,"9":51,"10":0,"11":51,"12":20,"13":33,"14":33,"15":33,"16":51,"17":0,"18":33,"19":33,"20":1,"21":1,"22":17,"23":17,"24":17,"25":17,"26":17,"27":17,"28":17,"29":0,"30":0,"31":1,"32":1,"33":15,"34":15,"35":15,"36":15,"37":15,"38":1,"39":15,"40":1,"41":1,"42":1,"43":36,"44":36,"45":36,"46":36,"47":36,"48":36,"49":34,"50":2,"51":0,"52":1,"53":21,"54":21,"55":1,"56":1,"57":1,"58":15,"59":15,"60":1,"61":1,"62":1,"63":2,"64":2,"65":1,"66":1,"67":1,"68":1,"69":18,"70":36,"71":36,"72":18,"73":18,"74":0,"75":0,"76":0,"77":0,"78":0,"79":0,"80":18,"81":0,"82":18,"83":18,"84":1,"85":18,"86":1,"87":1},"f":{"0":1,"1":51,"2":20,"3":33,"4":33,"5":51,"6":0,"7":17,"8":17,"9":1,"10":15,"11":15,"12":15,"13":36,"14":36,"15":21,"16":15,"17":2,"18":1,"19":18,"20":36,"21":18,"22":0,"23":0,"24":0,"25":18},"b":{"0":[0,1],"1":[1,1],"2":[33,18],"3":[17,0],"4":[17,17],"5":[0,0],"6":[15,15,15],"7":[36,0],"8":[36,36],"9":[18,18,18,18],"10":[0,0,0,0]},"inputSourceMap":{"version":3,"sources":["index.js"],"names":["definitionsDirectory","__dirname","decoder","p","base64Buffer","messageType","done","protobuf","load","err","root","MsgType","lookupType","message","decode","Buffer","from","obj","toObject","e","_decode","encoder","output","create","enc","encode","finish","_encode","_encodeRequest","encodeRequest","_decodeResponse","decodeResponse","_protoResponse","statusCode","buffer","headers","ALLOW_ORIGIN","Action","body","toString","isBase64Encoded","protoResponse"],"mappings":"yxBAMMA,CAAAA,oBAAoB,CAAG,kBAAQC,SAAR,CAAmB,YAAnB,C,CAEvBC,OAAO,CAAG,SAACC,CAAD,CAAIC,CAAJ,CAAkBC,CAAlB,CAA+BC,CAA/B,CAAwC,CACtDC,uBAASC,IAAT,CAAcL,CAAd,CAAiB,SAACM,CAAD,CAAMC,CAAN,CAAe,CAC9B,GAAI,CAACD,CAAD,EAAQC,CAAZ,CACE,GAAI,IACIC,CAAAA,CAAO,CAAGD,CAAI,CAACE,UAAL,CAAgBP,CAAhB,CADd,CAEIQ,CAAO,CAAGF,CAAO,CAACG,MAAR,CAAeC,MAAM,CAACC,IAAP,CAAYZ,CAAZ,CAA0B,QAA1B,CAAf,CAFd,CAGIa,CAAG,CAAGN,CAAO,CAACO,QAAR,CAAiBL,CAAjB,CAHV,CAIFP,CAAI,CAAC,IAAD,CAAOW,CAAP,CACL,CAAC,MAAOE,CAAP,CAAU,CACVb,CAAI,CAACa,CAAC,CAACN,OAAH,CACL,CARH,IASWJ,CAAAA,CATX,EAUEH,CAAI,CAACG,CAAG,CAACI,OAAL,CAEP,CAbD,CAcD,C,CAEKO,OAAO,sFAAG,WAAOhB,CAAP,CAAqBC,CAArB,CAAkCC,CAAlC,uFACRH,CADQ,CACJ,kBAAQH,oBAAR,CAA8B,gBAA9B,CADI,CAEdE,OAAO,CAACC,CAAD,CAAIC,CAAJ,CAAkBC,CAAlB,CAA+BC,CAA/B,CAFO,wCAAH,uD,CAKAQ,MAAM,CAAG,oBAAUM,OAAV,C,0BAEhBC,CAAAA,OAAO,CAAG,SAAClB,CAAD,CAAImB,CAAJ,CAAYjB,CAAZ,CAAyBC,CAAzB,CAAkC,CAChDC,uBAASC,IAAT,CAAcL,CAAd,CAAiB,SAACM,CAAD,CAAMC,CAAN,CAAe,CAC9B,GAAI,CAACD,CAAD,EAAQC,CAAZ,CACE,GAAI,IACIC,CAAAA,CAAO,CAAGD,CAAI,CAACE,UAAL,CAAgBP,CAAhB,CADd,CAEIQ,CAAO,CAAGF,CAAO,CAACY,MAAR,CAAeD,CAAf,CAFd,CAGIE,CAAG,CAAGb,CAAO,CAACc,MAAR,CAAeZ,CAAf,EAAwBa,MAAxB,EAHV,CAIFpB,CAAI,CAAC,IAAD,CAAOkB,CAAP,CACL,CAAC,MAAOL,CAAP,CAAU,CACVb,CAAI,CAACa,CAAC,CAACN,OAAH,CACL,CARH,IAUEP,CAAAA,CAAI,CAACG,CAAG,CAACI,OAAL,CAEP,CAbD,CAcD,C,CAEKc,OAAO,CAAG,SAACL,CAAD,CAASjB,CAAT,CAAsBC,CAAtB,CAA+B,CAC7C,GAAMH,CAAAA,CAAC,CAAG,kBAAQH,oBAAR,CAA8B,gBAA9B,CAAV,CACAqB,OAAO,CAAClB,CAAD,CAAImB,CAAJ,CAAYjB,CAAZ,CAAyBC,CAAzB,CACR,C,CAEYmB,MAAM,CAAG,oBAAUE,OAAV,C,0BAEhBC,CAAAA,cAAc,CAAG,SAACN,CAAD,CAASjB,CAAT,CAAsBC,CAAtB,CAA+B,CACpD,GAAMH,CAAAA,CAAC,CAAG,kBAAQH,oBAAR,CAA8B,gBAA9B,CAAV,CACAqB,OAAO,CAAClB,CAAD,CAAImB,CAAJ,CAAYjB,CAAZ,CAAyBC,CAAzB,CACR,C,CAEYuB,aAAa,CAAG,oBAAUD,cAAV,C,wCAEvBE,CAAAA,eAAe,CAAG,SAAC1B,CAAD,CAAeC,CAAf,CAA4BC,CAA5B,CAAqC,CAC3D,GAAMH,CAAAA,CAAC,CAAG,kBAAQH,oBAAR,CAA8B,gBAA9B,CAAV,CACAE,OAAO,CAACC,CAAD,CAAIC,CAAJ,CAAkBC,CAAlB,CAA+BC,CAA/B,CACR,C,CAEYyB,cAAc,CAAG,oBAAUD,eAAV,C,0CAExBE,CAAAA,cAAc,sFAAG,WAAOC,CAAP,CAAmBX,CAAnB,CAA2BjB,CAA3B,CAAwCC,CAAxC,uGACAmB,MAAM,CAACH,CAAD,CAASjB,CAAT,CAAN,+FAAkC,WAAOc,CAAP,6FAAab,CAAb,UAAwB,mBAAQ,GAAR,CAAaa,CAAb,CAAxB,oGAAlC,wDADA,QACfe,CADe,QAErB5B,CAAI,CAAC,IAAD,CAAO,CACT2B,UAAU,CAAVA,CADS,CAETE,OAAO,CAAE,CACP,eAAgB,wBADT,CAEP,8BAA+BC,oBAFxB,CAGPC,MAAM,CAAEhC,CAHD,CAFA,CAOTiC,IAAI,CAAEJ,CAAM,CAACK,QAAP,CAAgB,QAAhB,CAPG,CAQTC,eAAe,GARN,CAAP,CAFiB,wCAAH,uD,CAcPC,aAAa,CAAG,oBAAUT,cAAV,C","sourceRoot":"C:\\Users\\Dxenu\\Desktop\\users-cubed-api-next\\app\\lib\\proto","sourcesContent":["import { resolve } from 'path'\r\nimport protobuf from 'protobufjs'\r\nimport { promisify } from 'util'\r\n\r\nimport { ALLOW_ORIGIN } from '../../config'\r\nimport { sendErr } from '../utils'\r\nconst definitionsDirectory = resolve(__dirname, '../schemas')\r\n\r\nconst decoder = (p, base64Buffer, messageType, done) => {\r\n  protobuf.load(p, (err, root) => {\r\n    if (!err && root) {\r\n      try {\r\n        const MsgType = root.lookupType(messageType)\r\n        const message = MsgType.decode(Buffer.from(base64Buffer, 'base64'))\r\n        const obj = MsgType.toObject(message)\r\n        done(null, obj)\r\n      } catch (e) {\r\n        done(e.message)\r\n      }\r\n    } else if (err) {\r\n      done(err.message)\r\n    }\r\n  })\r\n}\r\n\r\nconst _decode = async (base64Buffer, messageType, done) => {\r\n  const p = resolve(definitionsDirectory, 'reqBundle.json')\r\n  decoder(p, base64Buffer, messageType, done)\r\n}\r\n\r\nexport const decode = promisify(_decode)\r\n\r\nconst encoder = (p, output, messageType, done) => {\r\n  protobuf.load(p, (err, root) => {\r\n    if (!err && root) {\r\n      try {\r\n        const MsgType = root.lookupType(messageType)\r\n        const message = MsgType.create(output)\r\n        const enc = MsgType.encode(message).finish()\r\n        done(null, enc)\r\n      } catch (e) {\r\n        done(e.message)\r\n      }\r\n    } else {\r\n      done(err.message)\r\n    }\r\n  })\r\n}\r\n\r\nconst _encode = (output, messageType, done) => {\r\n  const p = resolve(definitionsDirectory, 'resBundle.json')\r\n  encoder(p, output, messageType, done)\r\n}\r\n\r\nexport const encode = promisify(_encode)\r\n\r\nconst _encodeRequest = (output, messageType, done) => {\r\n  const p = resolve(definitionsDirectory, 'reqBundle.json')\r\n  encoder(p, output, messageType, done)\r\n}\r\n\r\nexport const encodeRequest = promisify(_encodeRequest)\r\n\r\nconst _decodeResponse = (base64Buffer, messageType, done) => {\r\n  const p = resolve(definitionsDirectory, 'resBundle.json')\r\n  decoder(p, base64Buffer, messageType, done)\r\n}\r\n\r\nexport const decodeResponse = promisify(_decodeResponse)\r\n\r\nconst _protoResponse = async (statusCode, output, messageType, done) => {\r\n  const buffer = await encode(output, messageType).catch(async (e) => done(await sendErr(500, e)))\r\n  done(null, {\r\n    statusCode,\r\n    headers: {\r\n      'Content-Type': 'application/x-protobuf',\r\n      'Access-Control-Allow-Origin': ALLOW_ORIGIN,\r\n      Action: messageType\r\n    },\r\n    body: buffer.toString('base64'),\r\n    isBase64Encoded: true\r\n  })\r\n}\r\n\r\nexport const protoResponse = promisify(_protoResponse)\r\n"]},"_coverageSchema":"1a1c01bbd47fc00a2c39e90264f33305004495a9","hash":"df322d7ed22da4811143e9e80e99959978d1432a","contentHash":"34ea72990fe9f3599fa798ab0871058fba2b549ba617666a5ed9c9d940c154f6"},"C:\\Users\\Dxenu\\Desktop\\users-cubed-api-next\\app\\lib\\utils\\index.js":{"path":"C:\\Users\\Dxenu\\Desktop\\users-cubed-api-next\\app\\lib\\utils\\index.js","statementMap":{"0":{"start":{"line":1,"column":13},"end":{"line":1,"column":221}},"1":{"start":{"line":1,"column":231},"end":{"line":1,"column":270}},"2":{"start":{"line":1,"column":278},"end":{"line":1,"column":318}},"3":{"start":{"line":1,"column":332},"end":{"line":1,"column":354}},"4":{"start":{"line":1,"column":362},"end":{"line":1,"column":402}},"5":{"start":{"line":1,"column":409},"end":{"line":1,"column":424}},"6":{"start":{"line":1,"column":434},"end":{"line":1,"column":452}},"7":{"start":{"line":1,"column":460},"end":{"line":1,"column":479}},"8":{"start":{"line":1,"column":484},"end":{"line":1,"column":524}},"9":{"start":{"line":1,"column":539},"end":{"line":1,"column":565}},"10":{"start":{"line":1,"column":572},"end":{"line":1,"column":590}},"11":{"start":{"line":1,"column":601},"end":{"line":1,"column":626}},"12":{"start":{"line":1,"column":662},"end":{"line":1,"column":698}},"13":{"start":{"line":1,"column":719},"end":{"line":1,"column":946}},"14":{"start":{"line":1,"column":806},"end":{"line":1,"column":821}},"15":{"start":{"line":1,"column":835},"end":{"line":1,"column":934}},"16":{"start":{"line":1,"column":990},"end":{"line":1,"column":1044}},"17":{"start":{"line":1,"column":1000},"end":{"line":1,"column":1007}},"18":{"start":{"line":1,"column":1010},"end":{"line":1,"column":1017}},"19":{"start":{"line":1,"column":1027},"end":{"line":1,"column":1043}},"20":{"start":{"line":1,"column":1044},"end":{"line":1,"column":1084}},"21":{"start":{"line":1,"column":1115},"end":{"line":1,"column":1327}},"22":{"start":{"line":1,"column":1139},"end":{"line":1,"column":1143}},"23":{"start":{"line":1,"column":1146},"end":{"line":1,"column":1155}},"24":{"start":{"line":1,"column":1156},"end":{"line":1,"column":1326}},"25":{"start":{"line":1,"column":1203},"end":{"line":1,"column":1241}},"26":{"start":{"line":1,"column":1256},"end":{"line":1,"column":1295}},"27":{"start":{"line":1,"column":1302},"end":{"line":1,"column":1314}},"28":{"start":{"line":1,"column":1315},"end":{"line":1,"column":1324}},"29":{"start":{"line":1,"column":1353},"end":{"line":1,"column":1716}},"30":{"start":{"line":1,"column":1370},"end":{"line":1,"column":1663}},"31":{"start":{"line":1,"column":1441},"end":{"line":1,"column":1660}},"32":{"start":{"line":1,"column":1484},"end":{"line":1,"column":1656}},"33":{"start":{"line":1,"column":1491},"end":{"line":1,"column":1656}},"34":{"start":{"line":1,"column":1520},"end":{"line":1,"column":1582}},"35":{"start":{"line":1,"column":1589},"end":{"line":1,"column":1622}},"36":{"start":{"line":1,"column":1639},"end":{"line":1,"column":1655}},"37":{"start":{"line":1,"column":1664},"end":{"line":1,"column":1713}},"38":{"start":{"line":1,"column":1682},"end":{"line":1,"column":1712}},"39":{"start":{"line":1,"column":1717},"end":{"line":1,"column":1741}},"40":{"start":{"line":1,"column":1765},"end":{"line":1,"column":2128}},"41":{"start":{"line":1,"column":1782},"end":{"line":1,"column":2075}},"42":{"start":{"line":1,"column":1850},"end":{"line":1,"column":2072}},"43":{"start":{"line":1,"column":1893},"end":{"line":1,"column":2068}},"44":{"start":{"line":1,"column":1900},"end":{"line":1,"column":2068}},"45":{"start":{"line":1,"column":1929},"end":{"line":1,"column":1994}},"46":{"start":{"line":1,"column":2001},"end":{"line":1,"column":2034}},"47":{"start":{"line":1,"column":2051},"end":{"line":1,"column":2067}},"48":{"start":{"line":1,"column":2076},"end":{"line":1,"column":2125}},"49":{"start":{"line":1,"column":2094},"end":{"line":1,"column":2124}},"50":{"start":{"line":1,"column":2129},"end":{"line":1,"column":2151}},"51":{"start":{"line":1,"column":2164},"end":{"line":1,"column":2684}},"52":{"start":{"line":1,"column":2186},"end":{"line":1,"column":2251}},"53":{"start":{"line":1,"column":2254},"end":{"line":1,"column":2319}},"54":{"start":{"line":1,"column":2320},"end":{"line":1,"column":2683}},"55":{"start":{"line":1,"column":2357},"end":{"line":1,"column":2406}},"56":{"start":{"line":1,"column":2412},"end":{"line":1,"column":2510}},"57":{"start":{"line":1,"column":2442},"end":{"line":1,"column":2454}},"58":{"start":{"line":1,"column":2455},"end":{"line":1,"column":2508}},"59":{"start":{"line":1,"column":2511},"end":{"line":1,"column":2637}},"60":{"start":{"line":1,"column":2536},"end":{"line":1,"column":2548}},"61":{"start":{"line":1,"column":2577},"end":{"line":1,"column":2616}},"62":{"start":{"line":1,"column":2643},"end":{"line":1,"column":2683}},"63":{"start":{"line":1,"column":2685},"end":{"line":1,"column":2711}},"64":{"start":{"line":1,"column":2723},"end":{"line":1,"column":2752}},"65":{"start":{"line":1,"column":2753},"end":{"line":1,"column":2777}},"66":{"start":{"line":1,"column":2797},"end":{"line":1,"column":3603}},"67":{"start":{"line":1,"column":2817},"end":{"line":1,"column":3602}},"68":{"start":{"line":1,"column":2893},"end":{"line":1,"column":3167}},"69":{"start":{"line":1,"column":2962},"end":{"line":1,"column":3164}},"70":{"start":{"line":1,"column":3005},"end":{"line":1,"column":3160}},"71":{"start":{"line":1,"column":3012},"end":{"line":1,"column":3160}},"72":{"start":{"line":1,"column":3041},"end":{"line":1,"column":3126}},"73":{"start":{"line":1,"column":3143},"end":{"line":1,"column":3159}},"74":{"start":{"line":1,"column":3168},"end":{"line":1,"column":3217}},"75":{"start":{"line":1,"column":3186},"end":{"line":1,"column":3216}},"76":{"start":{"line":1,"column":3274},"end":{"line":1,"column":3548}},"77":{"start":{"line":1,"column":3343},"end":{"line":1,"column":3545}},"78":{"start":{"line":1,"column":3386},"end":{"line":1,"column":3541}},"79":{"start":{"line":1,"column":3393},"end":{"line":1,"column":3541}},"80":{"start":{"line":1,"column":3422},"end":{"line":1,"column":3507}},"81":{"start":{"line":1,"column":3524},"end":{"line":1,"column":3540}},"82":{"start":{"line":1,"column":3549},"end":{"line":1,"column":3598}},"83":{"start":{"line":1,"column":3567},"end":{"line":1,"column":3597}},"84":{"start":{"line":1,"column":3604},"end":{"line":1,"column":3644}},"85":{"start":{"line":1,"column":3673},"end":{"line":1,"column":4149}},"86":{"start":{"line":1,"column":3690},"end":{"line":1,"column":4096}},"87":{"start":{"line":1,"column":3767},"end":{"line":1,"column":4093}},"88":{"start":{"line":1,"column":3810},"end":{"line":1,"column":4089}},"89":{"start":{"line":1,"column":3817},"end":{"line":1,"column":4089}},"90":{"start":{"line":1,"column":3846},"end":{"line":1,"column":3891}},"91":{"start":{"line":1,"column":3876},"end":{"line":1,"column":3885}},"92":{"start":{"line":1,"column":3885},"end":{"line":1,"column":3890}},"93":{"start":{"line":1,"column":3891},"end":{"line":1,"column":3972}},"94":{"start":{"line":1,"column":3952},"end":{"line":1,"column":3969}},"95":{"start":{"line":1,"column":3979},"end":{"line":1,"column":4031}},"96":{"start":{"line":1,"column":4031},"end":{"line":1,"column":4037}},"97":{"start":{"line":1,"column":4044},"end":{"line":1,"column":4055}},"98":{"start":{"line":1,"column":4072},"end":{"line":1,"column":4088}},"99":{"start":{"line":1,"column":4097},"end":{"line":1,"column":4146}},"100":{"start":{"line":1,"column":4115},"end":{"line":1,"column":4145}},"101":{"start":{"line":1,"column":4161},"end":{"line":1,"column":4193}},"102":{"start":{"line":1,"column":4194},"end":{"line":1,"column":4224}},"103":{"start":{"line":1,"column":4256},"end":{"line":1,"column":4969}},"104":{"start":{"line":1,"column":4273},"end":{"line":1,"column":4916}},"105":{"start":{"line":1,"column":4358},"end":{"line":1,"column":4913}},"106":{"start":{"line":1,"column":4401},"end":{"line":1,"column":4909}},"107":{"start":{"line":1,"column":4408},"end":{"line":1,"column":4909}},"108":{"start":{"line":1,"column":4437},"end":{"line":1,"column":4509}},"109":{"start":{"line":1,"column":4495},"end":{"line":1,"column":4506}},"110":{"start":{"line":1,"column":4516},"end":{"line":1,"column":4548}},"111":{"start":{"line":1,"column":4532},"end":{"line":1,"column":4542}},"112":{"start":{"line":1,"column":4542},"end":{"line":1,"column":4547}},"113":{"start":{"line":1,"column":4548},"end":{"line":1,"column":4750}},"114":{"start":{"line":1,"column":4736},"end":{"line":1,"column":4747}},"115":{"start":{"line":1,"column":4757},"end":{"line":1,"column":4815}},"116":{"start":{"line":1,"column":4815},"end":{"line":1,"column":4821}},"117":{"start":{"line":1,"column":4829},"end":{"line":1,"column":4874}},"118":{"start":{"line":1,"column":4892},"end":{"line":1,"column":4908}},"119":{"start":{"line":1,"column":4917},"end":{"line":1,"column":4966}},"120":{"start":{"line":1,"column":4935},"end":{"line":1,"column":4965}},"121":{"start":{"line":1,"column":4984},"end":{"line":1,"column":5019}},"122":{"start":{"line":1,"column":5020},"end":{"line":1,"column":5056}},"123":{"start":{"line":1,"column":5083},"end":{"line":1,"column":6660}},"124":{"start":{"line":1,"column":5100},"end":{"line":1,"column":6607}},"125":{"start":{"line":1,"column":5181},"end":{"line":1,"column":6604}},"126":{"start":{"line":1,"column":5224},"end":{"line":1,"column":6600}},"127":{"start":{"line":1,"column":5231},"end":{"line":1,"column":6600}},"128":{"start":{"line":1,"column":5260},"end":{"line":1,"column":5679}},"129":{"start":{"line":1,"column":5332},"end":{"line":1,"column":5624}},"130":{"start":{"line":1,"column":5401},"end":{"line":1,"column":5621}},"131":{"start":{"line":1,"column":5444},"end":{"line":1,"column":5617}},"132":{"start":{"line":1,"column":5451},"end":{"line":1,"column":5617}},"133":{"start":{"line":1,"column":5480},"end":{"line":1,"column":5518}},"134":{"start":{"line":1,"column":5525},"end":{"line":1,"column":5583}},"135":{"start":{"line":1,"column":5600},"end":{"line":1,"column":5616}},"136":{"start":{"line":1,"column":5625},"end":{"line":1,"column":5674}},"137":{"start":{"line":1,"column":5643},"end":{"line":1,"column":5673}},"138":{"start":{"line":1,"column":5686},"end":{"line":1,"column":5718}},"139":{"start":{"line":1,"column":5702},"end":{"line":1,"column":5712}},"140":{"start":{"line":1,"column":5712},"end":{"line":1,"column":5717}},"141":{"start":{"line":1,"column":5718},"end":{"line":1,"column":6415}},"142":{"start":{"line":1,"column":5884},"end":{"line":1,"column":6360}},"143":{"start":{"line":1,"column":5955},"end":{"line":1,"column":6357}},"144":{"start":{"line":1,"column":5998},"end":{"line":1,"column":6353}},"145":{"start":{"line":1,"column":6005},"end":{"line":1,"column":6353}},"146":{"start":{"line":1,"column":6034},"end":{"line":1,"column":6072}},"147":{"start":{"line":1,"column":6057},"end":{"line":1,"column":6066}},"148":{"start":{"line":1,"column":6066},"end":{"line":1,"column":6071}},"149":{"start":{"line":1,"column":6072},"end":{"line":1,"column":6140}},"150":{"start":{"line":1,"column":6147},"end":{"line":1,"column":6189}},"151":{"start":{"line":1,"column":6189},"end":{"line":1,"column":6195}},"152":{"start":{"line":1,"column":6202},"end":{"line":1,"column":6237}},"153":{"start":{"line":1,"column":6221},"end":{"line":1,"column":6231}},"154":{"start":{"line":1,"column":6231},"end":{"line":1,"column":6236}},"155":{"start":{"line":1,"column":6237},"end":{"line":1,"column":6278}},"156":{"start":{"line":1,"column":6286},"end":{"line":1,"column":6318}},"157":{"start":{"line":1,"column":6336},"end":{"line":1,"column":6352}},"158":{"start":{"line":1,"column":6361},"end":{"line":1,"column":6410}},"159":{"start":{"line":1,"column":6379},"end":{"line":1,"column":6409}},"160":{"start":{"line":1,"column":6422},"end":{"line":1,"column":6432}},"161":{"start":{"line":1,"column":6432},"end":{"line":1,"column":6438}},"162":{"start":{"line":1,"column":6446},"end":{"line":1,"column":6525}},"163":{"start":{"line":1,"column":6533},"end":{"line":1,"column":6565}},"164":{"start":{"line":1,"column":6583},"end":{"line":1,"column":6599}},"165":{"start":{"line":1,"column":6608},"end":{"line":1,"column":6657}},"166":{"start":{"line":1,"column":6626},"end":{"line":1,"column":6656}},"167":{"start":{"line":1,"column":6670},"end":{"line":1,"column":6700}},"168":{"start":{"line":1,"column":6701},"end":{"line":1,"column":6727}}},"fnMap":{"0":{"name":"_interopRequireDefault","decl":{"start":{"line":1,"column":636},"end":{"line":1,"column":658}},"loc":{"start":{"line":1,"column":661},"end":{"line":1,"column":699}},"line":1},"1":{"name":"_typeof","decl":{"start":{"line":1,"column":708},"end":{"line":1,"column":715}},"loc":{"start":{"line":1,"column":718},"end":{"line":1,"column":947}},"line":1},"2":{"name":"(anonymous_2)","decl":{"start":{"line":1,"column":794},"end":{"line":1,"column":795}},"loc":{"start":{"line":1,"column":805},"end":{"line":1,"column":822}},"line":1},"3":{"name":"(anonymous_3)","decl":{"start":{"line":1,"column":823},"end":{"line":1,"column":824}},"loc":{"start":{"line":1,"column":834},"end":{"line":1,"column":935}},"line":1},"4":{"name":"asyncGeneratorStep","decl":{"start":{"line":1,"column":956},"end":{"line":1,"column":974}},"loc":{"start":{"line":1,"column":989},"end":{"line":1,"column":1085}},"line":1},"5":{"name":"_asyncToGenerator","decl":{"start":{"line":1,"column":1094},"end":{"line":1,"column":1111}},"loc":{"start":{"line":1,"column":1114},"end":{"line":1,"column":1328}},"line":1},"6":{"name":"(anonymous_6)","decl":{"start":{"line":1,"column":1122},"end":{"line":1,"column":1123}},"loc":{"start":{"line":1,"column":1132},"end":{"line":1,"column":1327}},"line":1},"7":{"name":"(anonymous_7)","decl":{"start":{"line":1,"column":1175},"end":{"line":1,"column":1176}},"loc":{"start":{"line":1,"column":1188},"end":{"line":1,"column":1325}},"line":1},"8":{"name":"f","decl":{"start":{"line":1,"column":1198},"end":{"line":1,"column":1199}},"loc":{"start":{"line":1,"column":1202},"end":{"line":1,"column":1242}},"line":1},"9":{"name":"g","decl":{"start":{"line":1,"column":1251},"end":{"line":1,"column":1252}},"loc":{"start":{"line":1,"column":1255},"end":{"line":1,"column":1296}},"line":1},"10":{"name":"(anonymous_10)","decl":{"start":{"line":1,"column":1353},"end":{"line":1,"column":1354}},"loc":{"start":{"line":1,"column":1363},"end":{"line":1,"column":1714}},"line":1},"11":{"name":"a","decl":{"start":{"line":1,"column":1434},"end":{"line":1,"column":1435}},"loc":{"start":{"line":1,"column":1440},"end":{"line":1,"column":1661}},"line":1},"12":{"name":"(anonymous_12)","decl":{"start":{"line":1,"column":1472},"end":{"line":1,"column":1473}},"loc":{"start":{"line":1,"column":1483},"end":{"line":1,"column":1657}},"line":1},"13":{"name":"(anonymous_13)","decl":{"start":{"line":1,"column":1671},"end":{"line":1,"column":1672}},"loc":{"start":{"line":1,"column":1681},"end":{"line":1,"column":1713}},"line":1},"14":{"name":"(anonymous_14)","decl":{"start":{"line":1,"column":1765},"end":{"line":1,"column":1766}},"loc":{"start":{"line":1,"column":1775},"end":{"line":1,"column":2126}},"line":1},"15":{"name":"a","decl":{"start":{"line":1,"column":1846},"end":{"line":1,"column":1847}},"loc":{"start":{"line":1,"column":1849},"end":{"line":1,"column":2073}},"line":1},"16":{"name":"(anonymous_16)","decl":{"start":{"line":1,"column":1881},"end":{"line":1,"column":1882}},"loc":{"start":{"line":1,"column":1892},"end":{"line":1,"column":2069}},"line":1},"17":{"name":"(anonymous_17)","decl":{"start":{"line":1,"column":2083},"end":{"line":1,"column":2084}},"loc":{"start":{"line":1,"column":2093},"end":{"line":1,"column":2125}},"line":1},"18":{"name":"(anonymous_18)","decl":{"start":{"line":1,"column":2164},"end":{"line":1,"column":2165}},"loc":{"start":{"line":1,"column":2179},"end":{"line":1,"column":2684}},"line":1},"19":{"name":"(anonymous_19)","decl":{"start":{"line":1,"column":2424},"end":{"line":1,"column":2425}},"loc":{"start":{"line":1,"column":2435},"end":{"line":1,"column":2509}},"line":1},"20":{"name":"(anonymous_20)","decl":{"start":{"line":1,"column":2524},"end":{"line":1,"column":2525}},"loc":{"start":{"line":1,"column":2535},"end":{"line":1,"column":2549}},"line":1},"21":{"name":"(anonymous_21)","decl":{"start":{"line":1,"column":2566},"end":{"line":1,"column":2567}},"loc":{"start":{"line":1,"column":2576},"end":{"line":1,"column":2617}},"line":1},"22":{"name":"(anonymous_22)","decl":{"start":{"line":1,"column":2797},"end":{"line":1,"column":2798}},"loc":{"start":{"line":1,"column":2816},"end":{"line":1,"column":3603}},"line":1},"23":{"name":"(anonymous_23)","decl":{"start":{"line":1,"column":2876},"end":{"line":1,"column":2877}},"loc":{"start":{"line":1,"column":2886},"end":{"line":1,"column":3218}},"line":1},"24":{"name":"a","decl":{"start":{"line":1,"column":2957},"end":{"line":1,"column":2958}},"loc":{"start":{"line":1,"column":2961},"end":{"line":1,"column":3165}},"line":1},"25":{"name":"(anonymous_25)","decl":{"start":{"line":1,"column":2993},"end":{"line":1,"column":2994}},"loc":{"start":{"line":1,"column":3004},"end":{"line":1,"column":3161}},"line":1},"26":{"name":"(anonymous_26)","decl":{"start":{"line":1,"column":3175},"end":{"line":1,"column":3176}},"loc":{"start":{"line":1,"column":3185},"end":{"line":1,"column":3217}},"line":1},"27":{"name":"(anonymous_27)","decl":{"start":{"line":1,"column":3257},"end":{"line":1,"column":3258}},"loc":{"start":{"line":1,"column":3267},"end":{"line":1,"column":3599}},"line":1},"28":{"name":"a","decl":{"start":{"line":1,"column":3338},"end":{"line":1,"column":3339}},"loc":{"start":{"line":1,"column":3342},"end":{"line":1,"column":3546}},"line":1},"29":{"name":"(anonymous_29)","decl":{"start":{"line":1,"column":3374},"end":{"line":1,"column":3375}},"loc":{"start":{"line":1,"column":3385},"end":{"line":1,"column":3542}},"line":1},"30":{"name":"(anonymous_30)","decl":{"start":{"line":1,"column":3556},"end":{"line":1,"column":3557}},"loc":{"start":{"line":1,"column":3566},"end":{"line":1,"column":3598}},"line":1},"31":{"name":"(anonymous_31)","decl":{"start":{"line":1,"column":3673},"end":{"line":1,"column":3674}},"loc":{"start":{"line":1,"column":3683},"end":{"line":1,"column":4147}},"line":1},"32":{"name":"a","decl":{"start":{"line":1,"column":3754},"end":{"line":1,"column":3755}},"loc":{"start":{"line":1,"column":3760},"end":{"line":1,"column":4094}},"line":1},"33":{"name":"(anonymous_33)","decl":{"start":{"line":1,"column":3798},"end":{"line":1,"column":3799}},"loc":{"start":{"line":1,"column":3809},"end":{"line":1,"column":4090}},"line":1},"34":{"name":"(anonymous_34)","decl":{"start":{"line":1,"column":3941},"end":{"line":1,"column":3942}},"loc":{"start":{"line":1,"column":3951},"end":{"line":1,"column":3970}},"line":1},"35":{"name":"(anonymous_35)","decl":{"start":{"line":1,"column":4104},"end":{"line":1,"column":4105}},"loc":{"start":{"line":1,"column":4114},"end":{"line":1,"column":4146}},"line":1},"36":{"name":"(anonymous_36)","decl":{"start":{"line":1,"column":4256},"end":{"line":1,"column":4257}},"loc":{"start":{"line":1,"column":4266},"end":{"line":1,"column":4967}},"line":1},"37":{"name":"a","decl":{"start":{"line":1,"column":4337},"end":{"line":1,"column":4338}},"loc":{"start":{"line":1,"column":4343},"end":{"line":1,"column":4914}},"line":1},"38":{"name":"(anonymous_38)","decl":{"start":{"line":1,"column":4389},"end":{"line":1,"column":4390}},"loc":{"start":{"line":1,"column":4400},"end":{"line":1,"column":4910}},"line":1},"39":{"name":"(anonymous_39)","decl":{"start":{"line":1,"column":4483},"end":{"line":1,"column":4484}},"loc":{"start":{"line":1,"column":4494},"end":{"line":1,"column":4507}},"line":1},"40":{"name":"(anonymous_40)","decl":{"start":{"line":1,"column":4724},"end":{"line":1,"column":4725}},"loc":{"start":{"line":1,"column":4735},"end":{"line":1,"column":4748}},"line":1},"41":{"name":"(anonymous_41)","decl":{"start":{"line":1,"column":4924},"end":{"line":1,"column":4925}},"loc":{"start":{"line":1,"column":4934},"end":{"line":1,"column":4966}},"line":1},"42":{"name":"(anonymous_42)","decl":{"start":{"line":1,"column":5083},"end":{"line":1,"column":5084}},"loc":{"start":{"line":1,"column":5093},"end":{"line":1,"column":6658}},"line":1},"43":{"name":"a","decl":{"start":{"line":1,"column":5164},"end":{"line":1,"column":5165}},"loc":{"start":{"line":1,"column":5170},"end":{"line":1,"column":6605}},"line":1},"44":{"name":"(anonymous_44)","decl":{"start":{"line":1,"column":5212},"end":{"line":1,"column":5213}},"loc":{"start":{"line":1,"column":5223},"end":{"line":1,"column":6601}},"line":1},"45":{"name":"(anonymous_45)","decl":{"start":{"line":1,"column":5315},"end":{"line":1,"column":5316}},"loc":{"start":{"line":1,"column":5325},"end":{"line":1,"column":5675}},"line":1},"46":{"name":"a","decl":{"start":{"line":1,"column":5396},"end":{"line":1,"column":5397}},"loc":{"start":{"line":1,"column":5400},"end":{"line":1,"column":5622}},"line":1},"47":{"name":"(anonymous_47)","decl":{"start":{"line":1,"column":5432},"end":{"line":1,"column":5433}},"loc":{"start":{"line":1,"column":5443},"end":{"line":1,"column":5618}},"line":1},"48":{"name":"(anonymous_48)","decl":{"start":{"line":1,"column":5632},"end":{"line":1,"column":5633}},"loc":{"start":{"line":1,"column":5642},"end":{"line":1,"column":5674}},"line":1},"49":{"name":"(anonymous_49)","decl":{"start":{"line":1,"column":5867},"end":{"line":1,"column":5868}},"loc":{"start":{"line":1,"column":5877},"end":{"line":1,"column":6411}},"line":1},"50":{"name":"a","decl":{"start":{"line":1,"column":5948},"end":{"line":1,"column":5949}},"loc":{"start":{"line":1,"column":5954},"end":{"line":1,"column":6358}},"line":1},"51":{"name":"(anonymous_51)","decl":{"start":{"line":1,"column":5986},"end":{"line":1,"column":5987}},"loc":{"start":{"line":1,"column":5997},"end":{"line":1,"column":6354}},"line":1},"52":{"name":"(anonymous_52)","decl":{"start":{"line":1,"column":6368},"end":{"line":1,"column":6369}},"loc":{"start":{"line":1,"column":6378},"end":{"line":1,"column":6410}},"line":1},"53":{"name":"(anonymous_53)","decl":{"start":{"line":1,"column":6615},"end":{"line":1,"column":6616}},"loc":{"start":{"line":1,"column":6625},"end":{"line":1,"column":6657}},"line":1}},"branchMap":{"0":{"loc":{"start":{"line":1,"column":669},"end":{"line":1,"column":698}},"type":"cond-expr","locations":[{"start":{"line":1,"column":685},"end":{"line":1,"column":686}},{"start":{"line":1,"column":687},"end":{"line":1,"column":698}}],"line":1},"1":{"loc":{"start":{"line":1,"column":669},"end":{"line":1,"column":684}},"type":"binary-expr","locations":[{"start":{"line":1,"column":669},"end":{"line":1,"column":670}},{"start":{"line":1,"column":672},"end":{"line":1,"column":684}}],"line":1},"2":{"loc":{"start":{"line":1,"column":734},"end":{"line":1,"column":935}},"type":"cond-expr","locations":[{"start":{"line":1,"column":794},"end":{"line":1,"column":822}},{"start":{"line":1,"column":823},"end":{"line":1,"column":935}}],"line":1},"3":{"loc":{"start":{"line":1,"column":734},"end":{"line":1,"column":793}},"type":"binary-expr","locations":[{"start":{"line":1,"column":734},"end":{"line":1,"column":759}},{"start":{"line":1,"column":761},"end":{"line":1,"column":793}}],"line":1},"4":{"loc":{"start":{"line":1,"column":842},"end":{"line":1,"column":934}},"type":"cond-expr","locations":[{"start":{"line":1,"column":917},"end":{"line":1,"column":925}},{"start":{"line":1,"column":926},"end":{"line":1,"column":934}}],"line":1},"5":{"loc":{"start":{"line":1,"column":842},"end":{"line":1,"column":916}},"type":"binary-expr","locations":[{"start":{"line":1,"column":842},"end":{"line":1,"column":843}},{"start":{"line":1,"column":845},"end":{"line":1,"column":870}},{"start":{"line":1,"column":872},"end":{"line":1,"column":894}},{"start":{"line":1,"column":896},"end":{"line":1,"column":916}}],"line":1},"6":{"loc":{"start":{"line":1,"column":1044},"end":{"line":1,"column":1084}},"type":"cond-expr","locations":[{"start":{"line":1,"column":1051},"end":{"line":1,"column":1055}},{"start":{"line":1,"column":1056},"end":{"line":1,"column":1084}}],"line":1},"7":{"loc":{"start":{"line":1,"column":1491},"end":{"line":1,"column":1656}},"type":"switch","locations":[{"start":{"line":1,"column":1513},"end":{"line":1,"column":1582}},{"start":{"line":1,"column":1582},"end":{"line":1,"column":1622}},{"start":{"line":1,"column":1622},"end":{"line":1,"column":1629}},{"start":{"line":1,"column":1629},"end":{"line":1,"column":1655}}],"line":1},"8":{"loc":{"start":{"line":1,"column":1900},"end":{"line":1,"column":2068}},"type":"switch","locations":[{"start":{"line":1,"column":1922},"end":{"line":1,"column":1994}},{"start":{"line":1,"column":1994},"end":{"line":1,"column":2034}},{"start":{"line":1,"column":2034},"end":{"line":1,"column":2041}},{"start":{"line":1,"column":2041},"end":{"line":1,"column":2067}}],"line":1},"9":{"loc":{"start":{"line":1,"column":2186},"end":{"line":1,"column":2251}},"type":"cond-expr","locations":[{"start":{"line":1,"column":2217},"end":{"line":1,"column":2233}},{"start":{"line":1,"column":2234},"end":{"line":1,"column":2251}}],"line":1},"10":{"loc":{"start":{"line":1,"column":2186},"end":{"line":1,"column":2216}},"type":"binary-expr","locations":[{"start":{"line":1,"column":2186},"end":{"line":1,"column":2204}},{"start":{"line":1,"column":2206},"end":{"line":1,"column":2216}}],"line":1},"11":{"loc":{"start":{"line":1,"column":2254},"end":{"line":1,"column":2319}},"type":"binary-expr","locations":[{"start":{"line":1,"column":2254},"end":{"line":1,"column":2283}},{"start":{"line":1,"column":2285},"end":{"line":1,"column":2319}}],"line":1},"12":{"loc":{"start":{"line":1,"column":2320},"end":{"line":1,"column":2683}},"type":"if","locations":[{"start":{"line":1,"column":2320},"end":{"line":1,"column":2683}},{"start":{"line":1,"column":2320},"end":{"line":1,"column":2683}}],"line":1},"13":{"loc":{"start":{"line":1,"column":2323},"end":{"line":1,"column":2355}},"type":"binary-expr","locations":[{"start":{"line":1,"column":2323},"end":{"line":1,"column":2324}},{"start":{"line":1,"column":2326},"end":{"line":1,"column":2355}}],"line":1},"14":{"loc":{"start":{"line":1,"column":2455},"end":{"line":1,"column":2508}},"type":"cond-expr","locations":[{"start":{"line":1,"column":2472},"end":{"line":1,"column":2475}},{"start":{"line":1,"column":2476},"end":{"line":1,"column":2508}}],"line":1},"15":{"loc":{"start":{"line":1,"column":2455},"end":{"line":1,"column":2471}},"type":"binary-expr","locations":[{"start":{"line":1,"column":2455},"end":{"line":1,"column":2462}},{"start":{"line":1,"column":2464},"end":{"line":1,"column":2471}}],"line":1},"16":{"loc":{"start":{"line":1,"column":2817},"end":{"line":1,"column":3602}},"type":"cond-expr","locations":[{"start":{"line":1,"column":2839},"end":{"line":1,"column":3221}},{"start":{"line":1,"column":3222},"end":{"line":1,"column":3602}}],"line":1},"17":{"loc":{"start":{"line":1,"column":3012},"end":{"line":1,"column":3160}},"type":"switch","locations":[{"start":{"line":1,"column":3034},"end":{"line":1,"column":3126}},{"start":{"line":1,"column":3126},"end":{"line":1,"column":3133}},{"start":{"line":1,"column":3133},"end":{"line":1,"column":3159}}],"line":1},"18":{"loc":{"start":{"line":1,"column":3041},"end":{"line":1,"column":3125}},"type":"cond-expr","locations":[{"start":{"line":1,"column":3043},"end":{"line":1,"column":3093}},{"start":{"line":1,"column":3094},"end":{"line":1,"column":3125}}],"line":1},"19":{"loc":{"start":{"line":1,"column":3393},"end":{"line":1,"column":3541}},"type":"switch","locations":[{"start":{"line":1,"column":3415},"end":{"line":1,"column":3507}},{"start":{"line":1,"column":3507},"end":{"line":1,"column":3514}},{"start":{"line":1,"column":3514},"end":{"line":1,"column":3540}}],"line":1},"20":{"loc":{"start":{"line":1,"column":3422},"end":{"line":1,"column":3506}},"type":"cond-expr","locations":[{"start":{"line":1,"column":3424},"end":{"line":1,"column":3474}},{"start":{"line":1,"column":3475},"end":{"line":1,"column":3506}}],"line":1},"21":{"loc":{"start":{"line":1,"column":3817},"end":{"line":1,"column":4089}},"type":"switch","locations":[{"start":{"line":1,"column":3839},"end":{"line":1,"column":3972}},{"start":{"line":1,"column":3972},"end":{"line":1,"column":4037}},{"start":{"line":1,"column":4037},"end":{"line":1,"column":4055}},{"start":{"line":1,"column":4055},"end":{"line":1,"column":4062}},{"start":{"line":1,"column":4062},"end":{"line":1,"column":4088}}],"line":1},"22":{"loc":{"start":{"line":1,"column":3846},"end":{"line":1,"column":3891}},"type":"if","locations":[{"start":{"line":1,"column":3846},"end":{"line":1,"column":3891}},{"start":{"line":1,"column":3846},"end":{"line":1,"column":3891}}],"line":1},"23":{"loc":{"start":{"line":1,"column":3988},"end":{"line":1,"column":4021}},"type":"cond-expr","locations":[{"start":{"line":1,"column":4001},"end":{"line":1,"column":4010}},{"start":{"line":1,"column":4011},"end":{"line":1,"column":4021}}],"line":1},"24":{"loc":{"start":{"line":1,"column":3988},"end":{"line":1,"column":4000}},"type":"binary-expr","locations":[{"start":{"line":1,"column":3988},"end":{"line":1,"column":3989}},{"start":{"line":1,"column":3991},"end":{"line":1,"column":4000}}],"line":1},"25":{"loc":{"start":{"line":1,"column":4408},"end":{"line":1,"column":4909}},"type":"switch","locations":[{"start":{"line":1,"column":4430},"end":{"line":1,"column":4509}},{"start":{"line":1,"column":4509},"end":{"line":1,"column":4750}},{"start":{"line":1,"column":4750},"end":{"line":1,"column":4821}},{"start":{"line":1,"column":4821},"end":{"line":1,"column":4874}},{"start":{"line":1,"column":4874},"end":{"line":1,"column":4882}},{"start":{"line":1,"column":4882},"end":{"line":1,"column":4908}}],"line":1},"26":{"loc":{"start":{"line":1,"column":4516},"end":{"line":1,"column":4548}},"type":"if","locations":[{"start":{"line":1,"column":4516},"end":{"line":1,"column":4548}},{"start":{"line":1,"column":4516},"end":{"line":1,"column":4548}}],"line":1},"27":{"loc":{"start":{"line":1,"column":4576},"end":{"line":1,"column":4668}},"type":"cond-expr","locations":[{"start":{"line":1,"column":4618},"end":{"line":1,"column":4646}},{"start":{"line":1,"column":4647},"end":{"line":1,"column":4668}}],"line":1},"28":{"loc":{"start":{"line":1,"column":5231},"end":{"line":1,"column":6600}},"type":"switch","locations":[{"start":{"line":1,"column":5253},"end":{"line":1,"column":5679}},{"start":{"line":1,"column":5679},"end":{"line":1,"column":6415}},{"start":{"line":1,"column":6415},"end":{"line":1,"column":6438}},{"start":{"line":1,"column":6438},"end":{"line":1,"column":6525}},{"start":{"line":1,"column":6525},"end":{"line":1,"column":6565}},{"start":{"line":1,"column":6565},"end":{"line":1,"column":6573}},{"start":{"line":1,"column":6573},"end":{"line":1,"column":6599}}],"line":1},"29":{"loc":{"start":{"line":1,"column":5451},"end":{"line":1,"column":5617}},"type":"switch","locations":[{"start":{"line":1,"column":5473},"end":{"line":1,"column":5518}},{"start":{"line":1,"column":5518},"end":{"line":1,"column":5583}},{"start":{"line":1,"column":5583},"end":{"line":1,"column":5590}},{"start":{"line":1,"column":5590},"end":{"line":1,"column":5616}}],"line":1},"30":{"loc":{"start":{"line":1,"column":5686},"end":{"line":1,"column":5718}},"type":"if","locations":[{"start":{"line":1,"column":5686},"end":{"line":1,"column":5718}},{"start":{"line":1,"column":5686},"end":{"line":1,"column":5718}}],"line":1},"31":{"loc":{"start":{"line":1,"column":5746},"end":{"line":1,"column":5838}},"type":"cond-expr","locations":[{"start":{"line":1,"column":5788},"end":{"line":1,"column":5816}},{"start":{"line":1,"column":5817},"end":{"line":1,"column":5838}}],"line":1},"32":{"loc":{"start":{"line":1,"column":6005},"end":{"line":1,"column":6353}},"type":"switch","locations":[{"start":{"line":1,"column":6027},"end":{"line":1,"column":6140}},{"start":{"line":1,"column":6140},"end":{"line":1,"column":6195}},{"start":{"line":1,"column":6195},"end":{"line":1,"column":6278}},{"start":{"line":1,"column":6278},"end":{"line":1,"column":6318}},{"start":{"line":1,"column":6318},"end":{"line":1,"column":6326}},{"start":{"line":1,"column":6326},"end":{"line":1,"column":6352}}],"line":1},"33":{"loc":{"start":{"line":1,"column":6034},"end":{"line":1,"column":6072}},"type":"if","locations":[{"start":{"line":1,"column":6034},"end":{"line":1,"column":6072}},{"start":{"line":1,"column":6034},"end":{"line":1,"column":6072}}],"line":1},"34":{"loc":{"start":{"line":1,"column":6039},"end":{"line":1,"column":6054}},"type":"binary-expr","locations":[{"start":{"line":1,"column":6039},"end":{"line":1,"column":6041}},{"start":{"line":1,"column":6043},"end":{"line":1,"column":6044}},{"start":{"line":1,"column":6046},"end":{"line":1,"column":6049}},{"start":{"line":1,"column":6051},"end":{"line":1,"column":6054}}],"line":1},"35":{"loc":{"start":{"line":1,"column":6202},"end":{"line":1,"column":6237}},"type":"if","locations":[{"start":{"line":1,"column":6202},"end":{"line":1,"column":6237}},{"start":{"line":1,"column":6202},"end":{"line":1,"column":6237}}],"line":1},"36":{"loc":{"start":{"line":1,"column":6207},"end":{"line":1,"column":6218}},"type":"binary-expr","locations":[{"start":{"line":1,"column":6207},"end":{"line":1,"column":6208}},{"start":{"line":1,"column":6210},"end":{"line":1,"column":6213}},{"start":{"line":1,"column":6215},"end":{"line":1,"column":6218}}],"line":1}},"s":{"0":1,"1":1,"2":1,"3":1,"4":1,"5":1,"6":1,"7":1,"8":1,"9":1,"10":1,"11":1,"12":4,"13":1,"14":7,"15":0,"16":147,"17":147,"18":147,"19":0,"20":147,"21":39,"22":62,"23":62,"24":62,"25":147,"26":0,"27":62,"28":62,"29":1,"30":1,"31":4,"32":12,"33":12,"34":4,"35":4,"36":4,"37":1,"38":4,"39":1,"40":1,"41":1,"42":1,"43":3,"44":3,"45":1,"46":1,"47":1,"48":1,"49":1,"50":1,"51":1,"52":1,"53":1,"54":1,"55":0,"56":0,"57":0,"58":0,"59":0,"60":0,"61":0,"62":1,"63":1,"64":1,"65":1,"66":1,"67":5,"68":4,"69":4,"70":4,"71":4,"72":4,"73":4,"74":4,"75":4,"76":1,"77":1,"78":1,"79":1,"80":1,"81":1,"82":1,"83":1,"84":1,"85":1,"86":1,"87":7,"88":13,"89":20,"90":7,"91":1,"92":1,"93":6,"94":1,"95":6,"96":6,"97":1,"98":7,"99":1,"100":7,"101":1,"102":1,"103":1,"104":1,"105":15,"106":44,"107":59,"108":15,"109":0,"110":15,"111":1,"112":1,"113":14,"114":0,"115":14,"116":14,"117":1,"118":15,"119":1,"120":15,"121":1,"122":1,"123":1,"124":1,"125":15,"126":45,"127":60,"128":15,"129":15,"130":1,"131":3,"132":3,"133":1,"134":1,"135":1,"136":15,"137":1,"138":15,"139":1,"140":1,"141":14,"142":14,"143":14,"144":28,"145":42,"146":14,"147":1,"148":1,"149":13,"150":13,"151":13,"152":1,"153":0,"154":0,"155":1,"156":1,"157":14,"158":14,"159":14,"160":14,"161":14,"162":1,"163":1,"164":15,"165":1,"166":15,"167":1,"168":1},"f":{"0":4,"1":1,"2":7,"3":0,"4":147,"5":39,"6":62,"7":62,"8":147,"9":0,"10":1,"11":4,"12":12,"13":4,"14":1,"15":1,"16":3,"17":1,"18":1,"19":0,"20":0,"21":0,"22":5,"23":4,"24":4,"25":4,"26":4,"27":1,"28":1,"29":1,"30":1,"31":1,"32":7,"33":13,"34":1,"35":7,"36":1,"37":15,"38":44,"39":0,"40":0,"41":15,"42":1,"43":15,"44":45,"45":15,"46":1,"47":3,"48":1,"49":14,"50":14,"51":28,"52":14,"53":15},"b":{"0":[1,3],"1":[4,4],"2":[1,0],"3":[1,1],"4":[0,0],"5":[0,0,0,0],"6":[62,85],"7":[4,4,0,4],"8":[1,1,0,1],"9":[0,1],"10":[1,1],"11":[1,1],"12":[0,1],"13":[1,1],"14":[0,0],"15":[0,0],"16":[4,1],"17":[4,4,4],"18":[0,4],"19":[1,1,1],"20":[0,1],"21":[7,6,1,7,7],"22":[1,6],"23":[5,1],"24":[6,5],"25":[15,15,14,1,15,15],"26":[1,14],"27":[0,14],"28":[15,15,14,1,1,15,15],"29":[1,1,0,1],"30":[1,14],"31":[0,14],"32":[14,13,1,1,14,14],"33":[1,13],"34":[14,13,13,13],"35":[0,1],"36":[1,1,1]},"inputSourceMap":{"version":3,"sources":["index.js"],"names":["sendErr","status","msg","error","sendOk","_request","schema","obj","done","schemaLib","http","https","payloadString","data","headers","Buffer","byteLength","req","request","res","statusCode","on","err","message","write","end","finalizeRequest","collection","id","action","final","db","s","e","o","_validEmail","email","r","isValid","validEmail","_decodeRequest","event","authorized","Action","handler","handlers","NOT_FOUND","body","decodeRequest","_response","payload","h","response"],"mappings":"gzCAaO,GAAMA,CAAAA,OAAO,sFAAG,WAAOC,CAAP,CAAeC,CAAf,iGACR,yBAAcD,CAAd,CAAsB,CAAEE,KAAK,CAAED,CAAT,CAAtB,CAAsC,OAAtC,CADQ,gFAAH,uDAAb,C,wBAIA,GAAME,CAAAA,MAAM,sFAAG,4GACP,yBAAc,GAAd,CAAmB,CAAEH,MAAM,CAAE,IAAV,CAAnB,CAAqC,IAArC,CADO,gFAAH,uDAAZ,C,sBAIA,GAAMI,CAAAA,QAAQ,CAAG,SAACC,CAAD,CAASC,CAAT,CAAcC,CAAd,CAAuB,IACvCC,CAAAA,CAAS,CAAqB,QAAlB,QAAOH,CAAAA,CAAP,EAAyC,MAAX,GAAAA,CAA9B,CAAkDI,gBAAlD,CAAyDC,iBAD9B,CAEvCC,CAAa,GAAuB,QAApB,WAAOL,CAAG,CAACM,IAAX,CAAH,GAAkC,2BAAUN,CAAG,CAACM,IAAd,CAFR,CAG7C,GAAID,CAAa,EAA2B,QAAvB,WAAOL,CAAG,CAACO,OAAX,CAArB,CAAsD,CACpDP,CAAG,CAACO,OAAJ,CAAY,gBAAZ,EAAgCC,MAAM,CAACC,UAAP,CAAkBJ,CAAlB,CADoB,CAEpD,GAAMK,CAAAA,CAAG,CAAGR,CAAS,CAACS,OAAV,CAAkBX,CAAlB,CAAuB,SAACY,CAAD,CAAS,CAC1C,GAAMlB,CAAAA,CAAM,CAAGkB,CAAG,CAACC,UAAnB,CACe,GAAX,GAAAnB,CAAM,EAAuB,GAAX,GAAAA,CAFoB,CAGxCO,CAAI,EAHoC,CAKxCA,CAAI,4BAAqBP,CAArB,EAEP,CAPW,CAAZ,CASAgB,CAAG,CAACI,EAAJ,CAAO,OAAP,CAAgB,SAACC,CAAD,CAAS,CACvBd,CAAI,CAACc,CAAG,CAACC,OAAL,CACL,CAFD,CAXoD,CAepDN,CAAG,CAACI,EAAJ,CAAO,SAAP,CAAkB,UAAM,CACtBb,CAAI,CAAC,oBAAE,eAAF,CAAD,CACL,CAFD,CAfoD,CAmBpDS,CAAG,CAACO,KAAJ,CAAUZ,CAAV,CAnBoD,CAoBpDK,CAAG,CAACQ,GAAJ,EACD,CArBD,IAsBEjB,CAAAA,CAAI,CAAC,oBAAE,gBAAF,CAAD,CAEP,CA3BM,C,0BA6BA,GAAMU,CAAAA,OAAO,CAAG,oBAAUb,QAAV,CAAhB,C,wBAEA,GAAMqB,CAAAA,eAAe,CAAG,SAACC,CAAD,CAAaC,CAAb,CAAiBC,CAAjB,CAAyBtB,CAAzB,CAA8BuB,CAA9B,CAAwC,CAClD,QAAf,WAAOvB,CAAP,CADiE,CAEnEwB,eAAGF,CAAH,EAAWF,CAAX,CAAuBC,CAAvB,CAA2BrB,CAA3B,sFAAgC,WAAOe,CAAP,iFACzBA,CADyB,CAI5BQ,CAAK,CAAC,CAAEE,CAAC,CAAE,GAAL,CAAUC,CAAC,CAAE,oBAAE,gBAAF,CAAb,CAAD,CAJuB,CAE5BH,CAAK,CAAC,IAAD,CAAO,CAAEE,CAAC,CAAE,GAAL,CAAUE,CAAC,CAAE,CAAEjC,MAAM,CAAE,IAAV,CAAb,CAAP,CAFuB,wCAAhC,wDAFmE,CAUnE8B,eAAGF,CAAH,EAAWF,CAAX,CAAuBC,CAAvB,sFAA2B,WAAON,CAAP,iFACpBA,CADoB,CAIvBQ,CAAK,CAAC,CAAEE,CAAC,CAAE,GAAL,CAAUC,CAAC,CAAE,oBAAE,gBAAF,CAAb,CAAD,CAJkB,CAEvBH,CAAK,CAAC,IAAD,CAAO,CAAEE,CAAC,CAAE,GAAL,CAAUE,CAAC,CAAE,CAAEjC,MAAM,CAAE,IAAV,CAAb,CAAP,CAFkB,wCAA3B,wDAQH,CAlBM,C,2CAoBDkC,CAAAA,WAAW,sFAAG,WAAOC,CAAP,CAAc5B,CAAd,2FACd,sBAAS4B,CAAT,CADc,iCAEA,sBAAMA,CAAN,WAAmB,iBAAM5B,CAAAA,CAAI,CAAC,IAAD,IAAV,CAAnB,CAFA,QAEV6B,CAFU,QAGZA,CAAC,EAAIA,CAAC,CAACC,OAHK,CAId9B,CAAI,CAAC,IAAD,CAAO4B,CAAP,CAJU,CAMd5B,CAAI,CAAC,IAAD,IANU,uBAShBA,CAAI,CAAC,IAAD,IATY,wCAAH,uD,CAaJ+B,UAAU,CAAG,oBAAUJ,WAAV,C,kCAEpBK,CAAAA,cAAc,sFAAG,WAAOC,CAAP,CAAcjC,CAAd,+GACI,kBAAQiC,CAAR,WAAqB,SAACR,CAAD,QAAOzB,CAAAA,CAAI,CAACyB,CAAD,CAAX,CAArB,CADJ,WACfS,CADe,SAEjBA,CAFiB,wBAGbb,CAAAA,CAHa,CAGJY,CAAK,CAAC3B,OAAN,CAAc6B,MAHV,CAIbC,CAJa,CAIyB,WAA5B,QAAOC,oBAAShB,CAAT,CAAP,CAA6DgB,mBAASC,SAAtE,CAA0CD,mBAAShB,CAAT,CAJvC,UAKA,kBAAOY,CAAK,CAACM,IAAb,CAAmBH,CAAO,SAA1B,WAAwC,SAACX,CAAD,QAAOzB,CAAAA,CAAI,CAACyB,CAAD,CAAX,CAAxC,CALA,QAKbc,CALa,QAMbxC,CANa,CAMP,CACVwC,IAAI,CAAJA,CADU,CAEVjC,OAAO,CAAE2B,CAAK,CAAC3B,OAFL,CANO,CAUnBN,CAAI,CAAC,IAAD,CAAOD,CAAP,CAVe,yBAYnBC,CAAI,CAAC,oBAAE,oBAAF,CAAD,CAZe,yCAAH,uD,CAgBPwC,aAAa,CAAG,oBAAUR,cAAV,C,wCAEvBS,CAAAA,SAAS,sFAAG,WAAOR,CAAP,CAAcjC,CAAd,2GACMwC,aAAa,CAACP,CAAD,CAAb,+FAA2B,WAAOR,CAAP,6FAAazB,CAAb,UAA8BR,OAAO,CAAC,GAAD,CAAMiC,CAAN,CAArC,sDAAkB,IAAlB,+CAA3B,wDADN,WACViB,CADU,SAEZA,CAFY,wBAGRrB,CAAAA,CAHQ,CAGCY,CAAK,CAAC3B,OAAN,CAAc6B,MAHf,CAIRC,CAJQ,CAI8B,WAA5B,QAAOC,oBAAShB,CAAT,CAAP,CAA6DgB,mBAASC,SAAtE,CAA0CD,mBAAShB,CAAT,CAJ5C,UAKRe,CAAO,CAACO,CAAR,CAAUD,CAAV,sFAAmB,WAAOjB,CAAP,CAAUI,CAAV,sFACnB,CAACJ,CAAD,EAAMI,CAAN,EAAWA,CAAC,CAACL,CAAb,EAAkBK,CAAC,CAACH,CADD,8BAErB1B,CAFqB,UAEJ,yBAAc6B,CAAC,CAACL,CAAhB,CAAmBK,CAAC,CAACH,CAArB,CAAwBU,CAAO,SAA/B,CAFI,6BAEhB,IAFgB,mCAGZX,CAAC,EAAIA,CAAC,CAACD,CAAP,EAAYC,CAAC,CAACA,CAHF,+BAIrBzB,CAJqB,WAIJR,OAAO,CAACiC,CAAC,CAACD,CAAH,CAAMC,CAAC,CAACA,CAAR,CAJH,8BAIhB,IAJgB,+CAAnB,wDALQ,4CAadzB,CAbc,WAaGR,OAAO,CAAC,GAAD,CAAM,oBAAE,oBAAF,CAAN,CAbV,8BAaT,IAbS,+CAAH,uD,CAiBFoD,QAAQ,CAAG,oBAAUH,SAAV,C","sourceRoot":"C:\\Users\\Dxenu\\Desktop\\users-cubed-api-next\\app\\lib\\utils","sourcesContent":["import http from 'http'\r\nimport https from 'https'\r\nimport { stringify } from 'querystring'\r\nimport legit from 'legit'\r\nimport { promisify } from 'util'\r\nimport { validate } from 'isemail'\r\n\r\nimport { protoResponse, decode } from '../proto'\r\nimport db from '../db'\r\nimport { t } from '../translations'\r\nimport { apiAuth } from '../auth'\r\nimport { handlers } from '../../handlers'\r\n\r\nexport const sendErr = async (status, msg) => {\r\n  return await protoResponse(status, { error: msg }, 'Error')\r\n}\r\n\r\nexport const sendOk = async () => {\r\n  return await protoResponse(200, { status: 'Ok' }, 'Ok')\r\n}\r\n\r\nexport const _request = (schema, obj, done) => {\r\n  const schemaLib = typeof schema === 'string' && schema === 'http' ? http : https\r\n  const payloadString = typeof obj.data === 'object' ? stringify(obj.data) : false\r\n  if (payloadString && typeof obj.headers === 'object') {\r\n    obj.headers['Content-Length'] = Buffer.byteLength(payloadString)\r\n    const req = schemaLib.request(obj, (res) => {\r\n      const status = res.statusCode\r\n      if (status === 200 || status === 201) {\r\n        done()\r\n      } else {\r\n        done(`Response status: ${status}`)\r\n      }\r\n    })\r\n\r\n    req.on('error', (err) => {\r\n      done(err.message)\r\n    })\r\n\r\n    req.on('timeout', () => {\r\n      done(t('error.timeout'))\r\n    })\r\n\r\n    req.write(payloadString)\r\n    req.end()\r\n  } else {\r\n    done(t('error.required'))\r\n  }\r\n}\r\n\r\nexport const request = promisify(_request)\r\n\r\nexport const finalizeRequest = (collection, id, action, obj, final) => {\r\n  if (typeof obj === 'object') {\r\n    db[action](collection, id, obj, async (err, data) => {\r\n      if (!err) {\r\n        final(null, { s: 200, o: { status: 'ok' } })\r\n      } else {\r\n        final(null, { s: 500, e: t('error.internal') })\r\n      }\r\n    })\r\n  } else {\r\n    db[action](collection, id, async (err, data) => {\r\n      if (!err) {\r\n        final(null, { s: 200, o: { status: 'ok' } })\r\n      } else {\r\n        final(null, { s: 500, e: t('error.internal') })\r\n      }\r\n    })\r\n  }\r\n}\r\n\r\nconst _validEmail = async (email, done) => {\r\n  if (validate(email)) {\r\n    const r = await legit(email).catch(() => done(null, false))\r\n    if (r && r.isValid) {\r\n      done(null, email)\r\n    } else {\r\n      done(null, false)\r\n    }\r\n  } else {\r\n    done(null, false)\r\n  }\r\n}\r\n\r\nexport const validEmail = promisify(_validEmail)\r\n\r\nconst _decodeRequest = async (event, done) => {\r\n  const authorized = await apiAuth(event).catch((e) => done(e))\r\n 
[...]
art":{"line":1,"column":818},"end":{"line":1,"column":871}},"23":{"start":{"line":1,"column":878},"end":{"line":1,"column":910}},"24":{"start":{"line":1,"column":894},"end":{"line":1,"column":904}},"25":{"start":{"line":1,"column":904},"end":{"line":1,"column":909}},"26":{"start":{"line":1,"column":910},"end":{"line":1,"column":1018}},"27":{"start":{"line":1,"column":954},"end":{"line":1,"column":1015}},"28":{"start":{"line":1,"column":1025},"end":{"line":1,"column":1081}},"29":{"start":{"line":1,"column":1088},"end":{"line":1,"column":1215}},"30":{"start":{"line":1,"column":1157},"end":{"line":1,"column":1212}},"31":{"start":{"line":1,"column":1223},"end":{"line":1,"column":1233}},"32":{"start":{"line":1,"column":1233},"end":{"line":1,"column":1239}},"33":{"start":{"line":1,"column":1247},"end":{"line":1,"column":1298}},"34":{"start":{"line":1,"column":1316},"end":{"line":1,"column":1332}},"35":{"start":{"line":1,"column":1341},"end":{"line":1,"column":1390}},"36":{"start":{"line":1,"column":1359},"end":{"line":1,"column":1389}},"37":{"start":{"line":1,"column":1394},"end":{"line":1,"column":1412}},"38":{"start":{"line":1,"column":1443},"end":{"line":1,"column":2058}},"39":{"start":{"line":1,"column":1460},"end":{"line":1,"column":2005}},"40":{"start":{"line":1,"column":1539},"end":{"line":1,"column":2002}},"41":{"start":{"line":1,"column":1582},"end":{"line":1,"column":1998}},"42":{"start":{"line":1,"column":1589},"end":{"line":1,"column":1998}},"43":{"start":{"line":1,"column":1618},"end":{"line":1,"column":1671}},"44":{"start":{"line":1,"column":1678},"end":{"line":1,"column":1710}},"45":{"start":{"line":1,"column":1694},"end":{"line":1,"column":1704}},"46":{"start":{"line":1,"column":1704},"end":{"line":1,"column":1709}},"47":{"start":{"line":1,"column":1710},"end":{"line":1,"column":1818}},"48":{"start":{"line":1,"column":1754},"end":{"line":1,"column":1815}},"49":{"start":{"line":1,"column":1825},"end":{"line":1,"column":1881}},"50":{"start":{"line":1,"column":1888},"end":{"line":1,"column":1898}},"51":{"start":{"line":1,"column":1898},"end":{"line":1,"column":1904}},"52":{"start":{"line":1,"column":1912},"end":{"line":1,"column":1963}},"53":{"start":{"line":1,"column":1981},"end":{"line":1,"column":1997}},"54":{"start":{"line":1,"column":2006},"end":{"line":1,"column":2055}},"55":{"start":{"line":1,"column":2024},"end":{"line":1,"column":2054}},"56":{"start":{"line":1,"column":2059},"end":{"line":1,"column":2095}}},"fnMap":{"0":{"name":"asyncGeneratorStep","decl":{"start":{"line":1,"column":249},"end":{"line":1,"column":267}},"loc":{"start":{"line":1,"column":282},"end":{"line":1,"column":378}},"line":1},"1":{"name":"_asyncToGenerator","decl":{"start":{"line":1,"column":387},"end":{"line":1,"column":404}},"loc":{"start":{"line":1,"column":407},"end":{"line":1,"column":621}},"line":1},"2":{"name":"(anonymous_2)","decl":{"start":{"line":1,"column":415},"end":{"line":1,"column":416}},"loc":{"start":{"line":1,"column":425},"end":{"line":1,"column":620}},"line":1},"3":{"name":"(anonymous_3)","decl":{"start":{"line":1,"column":468},"end":{"line":1,"column":469}},"loc":{"start":{"line":1,"column":481},"end":{"line":1,"column":618}},"line":1},"4":{"name":"f","decl":{"start":{"line":1,"column":491},"end":{"line":1,"column":492}},"loc":{"start":{"line":1,"column":495},"end":{"line":1,"column":535}},"line":1},"5":{"name":"g","decl":{"start":{"line":1,"column":544},"end":{"line":1,"column":545}},"loc":{"start":{"line":1,"column":548},"end":{"line":1,"column":589}},"line":1},"6":{"name":"(anonymous_6)","decl":{"start":{"line":1,"column":643},"end":{"line":1,"column":644}},"loc":{"start":{"line":1,"column":653},"end":{"line":1,"column":1391}},"line":1},"7":{"name":"a","decl":{"start":{"line":1,"column":724},"end":{"line":1,"column":725}},"loc":{"start":{"line":1,"column":730},"end":{"line":1,"column":1338}},"line":1},"8":{"name":"(anonymous_8)","decl":{"start":{"line":1,"column":770},"end":{"line":1,"column":771}},"loc":{"start":{"line":1,"column":781},"end":{"line":1,"column":1334}},"line":1},"9":{"name":"(anonymous_9)","decl":{"start":{"line":1,"column":943},"end":{"line":1,"column":944}},"loc":{"start":{"line":1,"column":953},"end":{"line":1,"column":1016}},"line":1},"10":{"name":"(anonymous_10)","decl":{"start":{"line":1,"column":1146},"end":{"line":1,"column":1147}},"loc":{"start":{"line":1,"column":1156},"end":{"line":1,"column":1213}},"line":1},"11":{"name":"(anonymous_11)","decl":{"start":{"line":1,"column":1348},"end":{"line":1,"column":1349}},"loc":{"start":{"line":1,"column":1358},"end":{"line":1,"column":1390}},"line":1},"12":{"name":"(anonymous_12)","decl":{"start":{"line":1,"column":1443},"end":{"line":1,"column":1444}},"loc":{"start":{"line":1,"column":1453},"end":{"line":1,"column":2056}},"line":1},"13":{"name":"a","decl":{"start":{"line":1,"column":1524},"end":{"line":1,"column":1525}},"loc":{"start":{"line":1,"column":1530},"end":{"line":1,"column":2003}},"line":1},"14":{"name":"(anonymous_14)","decl":{"start":{"line":1,"column":1570},"end":{"line":1,"column":1571}},"loc":{"start":{"line":1,"column":1581},"end":{"line":1,"column":1999}},"line":1},"15":{"name":"(anonymous_15)","decl":{"start":{"line":1,"column":1743},"end":{"line":1,"column":1744}},"loc":{"start":{"line":1,"column":1753},"end":{"line":1,"column":1816}},"line":1},"16":{"name":"(anonymous_16)","decl":{"start":{"line":1,"column":2013},"end":{"line":1,"column":2014}},"loc":{"start":{"line":1,"column":2023},"end":{"line":1,"column":2055}},"line":1}},"branchMap":{"0":{"loc":{"start":{"line":1,"column":337},"end":{"line":1,"column":377}},"type":"cond-expr","locations":[{"start":{"line":1,"column":344},"end":{"line":1,"column":348}},{"start":{"line":1,"column":349},"end":{"line":1,"column":377}}],"line":1},"1":{"loc":{"start":{"line":1,"column":789},"end":{"line":1,"column":1333}},"type":"switch","locations":[{"start":{"line":1,"column":811},"end":{"line":1,"column":871}},{"start":{"line":1,"column":871},"end":{"line":1,"column":1018}},{"start":{"line":1,"column":1018},"end":{"line":1,"column":1081}},{"start":{"line":1,"column":1081},"end":{"line":1,"column":1215}},{"start":{"line":1,"column":1215},"end":{"line":1,"column":1239}},{"start":{"line":1,"column":1239},"end":{"line":1,"column":1298}},{"start":{"line":1,"column":1298},"end":{"line":1,"column":1306}},{"start":{"line":1,"column":1306},"end":{"line":1,"column":1332}}],"line":1},"2":{"loc":{"start":{"line":1,"column":878},"end":{"line":1,"column":910}},"type":"if","locations":[{"start":{"line":1,"column":878},"end":{"line":1,"column":910}},{"start":{"line":1,"column":878},"end":{"line":1,"column":910}}],"line":1},"3":{"loc":{"start":{"line":1,"column":1589},"end":{"line":1,"column":1998}},"type":"switch","locations":[{"start":{"line":1,"column":1611},"end":{"line":1,"column":1671}},{"start":{"line":1,"column":1671},"end":{"line":1,"column":1818}},{"start":{"line":1,"column":1818},"end":{"line":1,"column":1881}},{"start":{"line":1,"column":1881},"end":{"line":1,"column":1904}},{"start":{"line":1,"column":1904},"end":{"line":1,"column":1963}},{"start":{"line":1,"column":1963},"end":{"line":1,"column":1971}},{"start":{"line":1,"column":1971},"end":{"line":1,"column":1997}}],"line":1},"4":{"loc":{"start":{"line":1,"column":1678},"end":{"line":1,"column":1710}},"type":"if","locations":[{"start":{"line":1,"column":1678},"end":{"line":1,"column":1710}},{"start":{"line":1,"column":1678},"end":{"line":1,"column":1710}}],"line":1}},"s":{"0":1,"1":1,"2":1,"3":1,"4":0,"5":0,"6":0,"7":0,"8":0,"9":2,"10":0,"11":0,"12":0,"13":0,"14":0,"15":0,"16":0,"17":1,"18":1,"19":0,"20":0,"21":0,"22":0,"23":0,"24":0,"25":0,"26":0,"27":0,"28":0,"29":0,"30":0,"31":0,"32":0,"33":0,"34":0,"35":1,"36":0,"37":1,"38":1,"39":1,"40":0,"41":0,"42":0,"43":0,"44":0,"45":0,"46":0,"47":0,"48":0,"49":0,"50":0,"51":0,"52":0,"53":0,"54":1,"55":0,"56":1},"f":{"0":0,"1":2,"2":0,"3":0,"4":0,"5":0,"6":1,"7":0,"8":0,"9":0,"10":0,"11":0,"12":1,"13":0,"14":0,"15":0,"16":0},"b":{"0":[0,0],"1":[0,0,0,0,0,0,0,0],"2":[0,0],"3":[0,0,0,0,0,0,0],"4":[0,0]},"inputSourceMap":{"version":3,"sources":["index.js"],"names":["push","data","final","notifySchema","isValid","body","valid","auth","s","e","tokenData","pushSubscribe"],"mappings":"6mBAKO,GAAMA,CAAAA,IAAI,sFAAG,WAAOC,CAAP,CAAaC,CAAb,yGAEEC,qBAAaC,OAAb,CAAqBH,CAAI,CAACI,IAA1B,CAFF,WAEZC,CAFY,SAGdA,CAHc,kCAIQC,IAAI,CAACN,CAAD,CAAJ,UAAiB,iBAAMC,CAAAA,CAAK,CAAC,CAAEM,CAAC,CAAE,GAAL,CAAUC,CAAC,CAAE,oBAAE,oBAAF,CAAb,CAAD,CAAX,CAAjB,CAJR,cAIVC,CAAAA,CAJU,iBAKV,4BAAUT,CAAV,CALU,yBAMV,6BAAUA,CAAV,WAAsB,iBAAMC,CAAAA,CAAK,CAAC,CAAEM,CAAC,CAAE,GAAL,CAAUC,CAAC,CAAE,oBAAE,cAAF,CAAb,CAAD,CAAX,CAAtB,CANU,iCAQhBP,CAAK,CAAC,CAAEM,CAAC,CAAE,GAAL,CAAUC,CAAC,CAAE,oBAAE,gBAAF,CAAb,CAAD,CARW,yCAAH,uDAAV,C,kBAYA,GAAME,CAAAA,aAAa,sFAAG,WAAOV,CAAP,CAAaC,CAAb,yGACPC,qBAAaC,OAAb,CAAqBH,CAAI,CAACI,IAA1B,CADO,WACrBC,CADqB,SAEvBA,CAFuB,kCAIDC,IAAI,CAACN,CAAD,CAAJ,UAAiB,iBAAMC,CAAAA,CAAK,CAAC,CAAEM,CAAC,CAAE,GAAL,CAAUC,CAAC,CAAE,oBAAE,oBAAF,CAAb,CAAD,CAAX,CAAjB,CAJC,cAInBC,CAAAA,CAJmB,iBAKnB,4BAAUT,CAAV,CALmB,gCAQzBC,CAAK,CAAC,CAAEM,CAAC,CAAE,GAAL,CAAUC,CAAC,CAAE,oBAAE,gBAAF,CAAb,CAAD,CARoB,yCAAH,uDAAnB,C","sourceRoot":"C:\\Users\\Dxenu\\Desktop\\users-cubed-api-next\\app\\handlers\\notifications","sourcesContent":["import { subscribe } from '../../lib/notifications'\r\nimport { notifySchema } from './schema'\r\nimport { t, setLocale } from '../../lib/translations'\r\n\r\n// @TODO!!!\r\nexport const push = async (data, final) => {\r\n  // for admins\r\n  const valid = await notifySchema.isValid(data.body)\r\n  if (valid) {\r\n    const tokenData = await auth(data).catch(() => final(null, { s: 403, e: t('error.unauthorized') }))\r\n    await setLocale(data)\r\n    await subscribe(data).catch(() => final(null, { s: 400, e: t('error.notify') }))\r\n  } else {\r\n    final(null, { s: 400, e: t('error.required') })\r\n  }\r\n}\r\n\r\nexport const pushSubscribe = async (data, final) => {\r\n  const valid = await notifySchema.isValid(data.body)\r\n  if (valid) {\r\n    // if no user exists - create only notif id user\r\n    const tokenData = await auth(data).catch(() => final(null, { s: 403, e: t('error.unauthorized') }))\r\n    await setLocale(data)\r\n    // update user with subsription id\r\n  } else {\r\n    final(null, { s: 400, e: t('error.required') })\r\n  }\r\n}\r\n"]},"_coverageSchema":"1a1c01bbd47fc00a2c39e90264f33305004495a9","hash":"cb37a5672f6b12d4759f1b5ca989b99557ec712e","contentHash":"673703a06cbacb0d3ae966f1ed280ee3260496772dc3432fee214e5bc00ecb28"},"C:\\Users\\Dxenu\\Desktop\\users-cubed-api-next\\app\\lib\\notifications\\index.js":{"path":"C:\\Users\\Dxenu\\Desktop\\users-cubed-api-next\\app\\lib\\notifications\\index.js","statementMap":{"0":{"start":{"line":1,"column":13},"end":{"line":1,"column":111}},"1":{"start":{"line":1,"column":138},"end":{"line":1,"column":195}},"2":{"start":{"line":1,"column":202},"end":{"line":1,"column":217}},"3":{"start":{"line":1,"column":227},"end":{"line":1,"column":270}},"4":{"start":{"line":1,"column":279},"end":{"line":1,"column":302}},"5":{"start":{"line":1,"column":338},"end":{"line":1,"column":374}},"6":{"start":{"line":1,"column":390},"end":{"line":1,"column":1158}},"7":{"start":{"line":1,"column":412},"end":{"line":1,"column":926}},"8":{"start":{"line":1,"column":929},"end":{"line":1,"column":1074}},"9":{"start":{"line":1,"column":1075},"end":{"line":1,"column":1157}},"10":{"start":{"line":1,"column":1104},"end":{"line":1,"column":1120}},"11":{"start":{"line":1,"column":1144},"end":{"line":1,"column":1155}},"12":{"start":{"line":1,"column":1169},"end":{"line":1,"column":1200}},"13":{"start":{"line":1,"column":1201},"end":{"line":1,"column":1229}},"14":{"start":{"line":1,"column":1244},"end":{"line":1,"column":1509}},"15":{"start":{"line":1,"column":1258},"end":{"line":1,"column":1376}},"16":{"start":{"line":1,"column":1382},"end":{"line":1,"column":1388}},"17":{"start":{"line":1,"column":1391},"end":{"line":1,"column":1411}},"18":{"start":{"line":1,"column":1412},"end":{"line":1,"column":1508}},"19":{"start":{"line":1,"column":1491},"end":{"line":1,"column":1502}},"20":{"start":{"line":1,"column":1520},"end":{"line":1,"column":1551}},"21":{"start":{"line":1,"column":1552},"end":{"line":1,"column":1580}}},"fnMap":{"0":{"name":"_interopRequireDefault","decl":{"start":{"line":1,"column":312},"end":{"line":1,"column":334}},"loc":{"start":{"line":1,"column":337},"end":{"line":1,"column":375}},"line":1},"1":{"name":"(anonymous_1)","decl":{"start":{"line":1,"column":390},"end":{"line":1,"column":391}},"loc":{"start":{"line":1,"column":405},"end":{"line":1,"column":1158}},"line":1},"2":{"name":"(anonymous_2)","decl":{"start":{"line":1,"column":1092},"end":{"line":1,"column":1093}},"loc":{"start":{"line":1,"column":1103},"end":{"line":1,"column":1121}},"line":1},"3":{"name":"(anonymous_3)","decl":{"start":{"line":1,"column":1132},"end":{"line":1,"column":1133}},"loc":{"start":{"line":1,"column":1143},"end":{"line":1,"column":1156}},"line":1},"4":{"name":"(anonymous_4)","decl":{"start":{"line":1,"column":1244},"end":{"line":1,"column":1245}},"loc":{"start":{"line":1,"column":1257},"end":{"line":1,"column":1509}},"line":1},"5":{"name":"(anonymous_5)","decl":{"start":{"line":1,"column":1479},"end":{"line":1,"column":1480}},"loc":{"start":{"line":1,"column":1490},"end":{"line":1,"column":1503}},"line":1}},"branchMap":{"0":{"loc":{"start":{"line":1,"column":345},"end":{"line":1,"column":374}},"type":"cond-expr","locations":[{"start":{"line":1,"column":361},"end":{"line":1,"column":362}},{"start":{"line":1,"column":363},"end":{"line":1,"column":374}}],"line":1},"1":{"loc":{"start":{"line":1,"column":345},"end":{"line":1,"column":360}},"type":"binary-expr","locations":[{"start":{"line":1,"column":345},"end":{"line":1,"column":346}},{"start":{"line":1,"column":348},"end":{"line":1,"column":360}}],"line":1}},"s":{"0":1,"1":1,"2":1,"3":1,"4":1,"5":2,"6":1,"7":0,"8":0,"9":0,"10":0,"11":0,"12":1,"13":1,"14":1,"15":0,"16":0,"17":0,"18":0,"19":0,"20":1,"21":1},"f":{"0":2,"1":0,"2":0,"3":0,"4":0,"5":0},"b":{"0":[0,2],"1":[2,2]},"inputSourceMap":{"version":3,"sources":["index.js"],"names":["_multiPush","title","registrationIds","done","push","PushNotifications","gcm","id","phonegap","apn","token","key","keyId","teamId","production","adm","client_id","client_secret","wns","notificationMethod","web","vapidDetails","subject","publicKey","privateKey","gcmAPIKey","TTL","contentEncoding","headers","isAlwaysUseFCM","data","body","COMPANY","custom","sender","expiry","Math","floor","Date","now","timeToLive","send","then","results","err","multiPush","_subscribe","event","webPush","setVapidDetails","WAPID_EMAIL","WAPID_PUBLIC","WAPID_PRIVATE","subscription","o","sendNotification","JSON","stringify","e","subscribe"],"mappings":"0XAMMA,CAAAA,UAAU,CAAG,SAACC,CAAD,CAAQC,CAAR,CAAyBC,CAAzB,CAAkC,IAqC7CC,CAAAA,CAAI,CAAG,GAAIC,kCAAJ,CApCI,CACfC,GAAG,CAAE,CACHC,EAAE,CAAE,IADD,CAEHC,QAAQ,GAFL,CADU,CAKfC,GAAG,CAAE,CACHC,KAAK,CAAE,CACLC,GAAG,CAAE,gBADA,CAELC,KAAK,CAAE,MAFF,CAGLC,MAAM,CAAE,MAHH,CADJ,CAMHC,UAAU,GANP,CALU,CAafC,GAAG,CAAE,CACHC,SAAS,CAAE,IADR,CAEHC,aAAa,CAAE,IAFZ,CAbU,CAiBfC,GAAG,CAAE,CACHF,SAAS,CAAE,IADR,CAEHC,aAAa,CAAE,IAFZ,CAGHE,kBAAkB,CAAE,qBAHjB,CAjBU,CAsBfC,GAAG,CAAE,CACHC,YAAY,CAAE,CACZC,OAAO,CAAE,6BADG,CAEZC,SAAS,CAAE,wCAFC,CAGZC,UAAU,CAAE,yCAHA,CADX,CAMHC,SAAS,CAAE,QANR,CAOHC,GAAG,CAAE,OAPF,CAQHC,eAAe,CAAE,WARd,CASHC,OAAO,CAAE,EATN,CAtBU,CAiCfC,cAAc,GAjCC,CAoCJ,CArCsC,CAuC7CC,CAAI,CAAG,CACX7B,KAAK,CAALA,CADW,CAEX8B,IAAI,sBAAgBC,eAAhB,CAFO,CAGXC,MAAM,CAAE,CACNC,MAAM,CAAEF,eADF,CAHG,CAMXG,MAAM,CAAEC,IAAI,CAACC,KAAL,CAAWC,IAAI,CAACC,GAAL,GAAa,GAAxB,SANG,CAOXC,UAAU,QAPC,CAvCsC,CAiDnDpC,CAAI,CAACqC,IAAL,CAAUvC,CAAV,CAA2B4B,CAA3B,EACGY,IADH,CACQ,SAACC,CAAD,QAAaxC,CAAAA,CAAI,CAAC,IAAD,CAAOwC,CAAP,CAAjB,CADR,WAES,SAACC,CAAD,QAASzC,CAAAA,CAAI,CAACyC,CAAD,CAAb,CAFT,CAGD,C,CAEYC,SAAS,CAAG,oBAAU7C,UAAV,C,gCAEnB8C,CAAAA,UAAU,CAAG,SAACC,CAAD,CAAQ5C,CAAR,CAAiB,CAClC6C,oBAAQC,eAAR,kBAAkCC,mBAAlC,EAAiDC,oBAAjD,CAA+DC,qBAA/D,CADkC,IAE5BC,CAAAA,CAAY,CAAGN,CAAK,CAAChB,IAFO,CAG5BuB,CAAC,CAAG,CACRrD,KAAK,CAAE8C,CAAK,CAAChB,IAAN,CAAW9B,KADV,CAHwB,CAOlC+C,oBAAQO,gBAAR,CAAyBF,CAAzB,CAAuCG,IAAI,CAACC,SAAL,CAAeH,CAAf,CAAvC,WAAgE,SAACI,CAAD,QAAOvD,CAAAA,CAAI,CAACuD,CAAD,CAAX,CAAhE,CAPkC,CAQlCvD,CAAI,EACL,C,CAEYwD,SAAS,CAAG,oBAAUb,UAAV,C","sourceRoot":"C:\\Users\\Dxenu\\Desktop\\users-cubed-api-next\\app\\lib\\notifications","sourcesContent":["import PushNotifications from 'node-pushnotifications';\r\nimport { promisify } from 'util'\r\nimport webPush from 'web-push'\r\n\r\nimport { COMPANY, WAPID_PUBLIC, WAPID_PRIVATE, WAPID_EMAIL } from '../../config'\r\n\r\nconst _multiPush = (title, registrationIds, done) => {\r\n  const settings = {\r\n    gcm: {\r\n      id: null,\r\n      phonegap: false\r\n    },\r\n    apn: { \r\n      token: {\r\n        key: './certs/key.p8',\r\n        keyId: 'ABCD',\r\n        teamId: 'EFGH'\r\n      },\r\n      production: false\r\n    },\r\n    adm: {\r\n      client_id: null,\r\n      client_secret: null\r\n    },\r\n    wns: {\r\n      client_id: null,\r\n      client_secret: null,\r\n      notificationMethod: 'sendTileSquareBlock'\r\n    },\r\n    web: {\r\n      vapidDetails: {\r\n        subject: '< \\'mailto\\' Address or URL >',\r\n        publicKey: '< URL Safe Base64 Encoded Public Key >',\r\n        privateKey: '< URL Safe Base64 Encoded Private Key >',\r\n      },\r\n      gcmAPIKey: 'gcmkey',\r\n      TTL: 2419200,\r\n      contentEncoding: 'aes128gcm',\r\n      headers: {}\r\n    },\r\n    isAlwaysUseFCM: false\r\n  }\r\n\r\n  const push = new PushNotifications(settings)\r\n\r\n  const data = {\r\n    title,\r\n    body: `Powered by ${COMPANY}`,\r\n    custom: {\r\n      sender: COMPANY\r\n    },\r\n    expiry: Math.floor(Date.now() / 1000) + 28 * 86400,\r\n    timeToLive: 28 * 86400,\r\n  }\r\n\r\n  push.send(registrationIds, data)\r\n    .then((results) => done(null, results))\r\n    .catch((err) => done(err))\r\n}\r\n\r\nexport const multiPush = promisify(_multiPush)\r\n\r\nconst _subscribe = (event, done) => {\r\n  webPush.setVapidDetails(`mailto:${WAPID_EMAIL}`, WAPID_PUBLIC, WAPID_PRIVATE)\r\n  const subscription = event.body\r\n  const o = {\r\n    title: event.body.title\r\n  }\r\n\r\n  webPush.sendNotification(subscription, JSON.stringify(o)).catch((e) => done(e))\r\n  done()\r\n}\r\n\r\nexport const subscribe = promisify(_subscribe)\r\n"]},"_coverageSchema":"1a1c01bbd47fc00a2c39e90264f33305004495a9","hash":"d5e1ce0ea1cd8f094a53008825f4e184d078a9f3","contentHash":"359a993dca8f10abb3b51acf293e282f709962a0508c1334586719a9fc0dd120"},"C:\\Users\\Dxenu\\Desktop\\users-cubed-api-next\\app\\handlers\\notifications\\schema.js":{"path":"C:\\Users\\Dxenu\\Desktop\\users-cubed-api-next\\app\\handlers\\notifications\\schema.js","statementMap":{"0":{"start":{"line":1,"column":13},"end":{"line":1,"column":97}},"1":{"start":{"line":1,"column":106},"end":{"line":1,"column":120}},"2":{"start":{"line":1,"column":129},"end":{"line":1,"column":152}},"3":{"start":{"line":1,"column":167},"end":{"line":1,"column":254}},"4":{"start":{"line":1,"column":255},"end":{"line":1,"column":291}}},"fnMap":{},"branchMap":{},"s":{"0":1,"1":1,"2":1,"3":1,"4":1},"f":{},"b":{},"inputSourceMap":{"version":3,"sources":["schema.js"],"names":["setRoleSchema","shape","locale","required","oneOf","LANGUAGES"],"mappings":"yJAIaA,aAAa,CAAG,kBAASC,KAAT,CAAe,CAC1CC,MAAM,CAAE,kBAASC,QAAT,GAAoBC,KAApB,CAA0BC,iBAA1B,CADkC,CAAf,C","sourceRoot":"C:\\Users\\Dxenu\\Desktop\\users-cubed-api-next\\app\\handlers\\notifications","sourcesContent":["import { object, string } from 'yup'\r\n\r\nimport { LANGUAGES } from '../../config'\r\n\r\nexport const setRoleSchema = object().shape({\r\n  locale: string().required().oneOf(LANGUAGES)\r\n})\r\n"]},"_coverageSchema":"1a1c01bbd47fc00a2c39e90264f33305004495a9","hash":"dadae66cae4ca749512748a1282bb35502ff1b77","contentHash":"31401775c8e3e656c32ee7d3075597dfbd580b0a2f2cb0f0829fde769f4c54b6"}}