{"C:\\Users\\Dxenu\\Desktop\\users-cubed-api-next\\app\\config.js":{"path":"C:\\Users\\Dxenu\\Desktop\\users-cubed-api-next\\app\\config.js","statementMap":{"0":{"start":{"line":3,"column":0},"end":{"line":5,"column":3}},"1":{"start":{"line":6,"column":0},"end":{"line":6,"column":804}},"2":{"start":{"line":8,"column":24},"end":{"line":8,"column":328}},"3":{"start":{"line":8,"column":99},"end":{"line":8,"column":154}},"4":{"start":{"line":8,"column":133},"end":{"line":8,"column":151}},"5":{"start":{"line":8,"column":164},"end":{"line":8,"column":326}},"6":{"start":{"line":8,"column":198},"end":{"line":8,"column":323}},"7":{"start":{"line":8,"column":329},"end":{"line":8,"column":349}},"8":{"start":{"line":10,"column":15},"end":{"line":10,"column":32}},"9":{"start":{"line":11,"column":18},"end":{"line":11,"column":38}},"10":{"start":{"line":13,"column":0},"end":{"line":13,"column":81}},"11":{"start":{"line":14,"column":0},"end":{"line":14,"column":81}},"12":{"start":{"line":15,"column":0},"end":{"line":15,"column":79}},"13":{"start":{"line":16,"column":0},"end":{"line":16,"column":93}},"14":{"start":{"line":17,"column":0},"end":{"line":17,"column":83}},"15":{"start":{"line":18,"column":0},"end":{"line":18,"column":87}},"16":{"start":{"line":19,"column":0},"end":{"line":19,"column":81}},"17":{"start":{"line":20,"column":0},"end":{"line":20,"column":89}},"18":{"start":{"line":21,"column":0},"end":{"line":21,"column":97}},"19":{"start":{"line":22,"column":0},"end":{"line":22,"column":82}},"20":{"start":{"line":23,"column":0},"end":{"line":23,"column":89}},"21":{"start":{"line":24,"column":0},"end":{"line":24,"column":86}},"22":{"start":{"line":25,"column":0},"end":{"line":25,"column":85}},"23":{"start":{"line":26,"column":0},"end":{"line":26,"column":91}},"24":{"start":{"line":27,"column":0},"end":{"line":27,"column":73}},"25":{"start":{"line":28,"column":22},"end":{"line":28,"column":30}},"26":{"start":{"line":29,"column":0},"end":{"line":29,"column":42}},"27":{"start":{"line":30,"column":21},"end":{"line":30,"column":30}},"28":{"start":{"line":31,"column":0},"end":{"line":31,"column":40}},"29":{"start":{"line":32,"column":23},"end":{"line":32,"column":31}},"30":{"start":{"line":33,"column":0},"end":{"line":33,"column":44}},"31":{"start":{"line":34,"column":14},"end":{"line":34,"column":18}},"32":{"start":{"line":35,"column":0},"end":{"line":35,"column":26}},"33":{"start":{"line":36,"column":12},"end":{"line":36,"column":39}},"34":{"start":{"line":38,"column":0},"end":{"line":38,"column":22}},"35":{"start":{"line":39,"column":22},"end":{"line":39,"column":30}},"36":{"start":{"line":40,"column":0},"end":{"line":40,"column":42}},"37":{"start":{"line":41,"column":23},"end":{"line":41,"column":77}},"38":{"start":{"line":42,"column":0},"end":{"line":42,"column":44}},"39":{"start":{"line":43,"column":19},"end":{"line":43,"column":43}},"40":{"start":{"line":44,"column":0},"end":{"line":44,"column":36}},"41":{"start":{"line":45,"column":20},"end":{"line":45,"column":45}},"42":{"start":{"line":46,"column":0},"end":{"line":46,"column":38}},"43":{"start":{"line":47,"column":18},"end":{"line":47,"column":20}},"44":{"start":{"line":48,"column":0},"end":{"line":48,"column":34}},"45":{"start":{"line":49,"column":14},"end":{"line":53,"column":1}},"46":{"start":{"line":54,"column":0},"end":{"line":54,"column":26}},"47":{"start":{"line":55,"column":13},"end":{"line":59,"column":1}},"48":{"start":{"line":60,"column":0},"end":{"line":60,"column":24}},"49":{"start":{"line":61,"column":18},"end":{"line":61,"column":41}},"50":{"start":{"line":62,"column":0},"end":{"line":62,"column":34}},"51":{"start":{"line":63,"column":14},"end":{"line":63,"column":29}},"52":{"start":{"line":64,"column":0},"end":{"line":64,"column":26}},"53":{"start":{"line":65,"column":15},"end":{"line":65,"column":25}},"54":{"start":{"line":66,"column":0},"end":{"line":66,"column":28}},"55":{"start":{"line":67,"column":20},"end":{"line":67,"column":27}},"56":{"start":{"line":68,"column":0},"end":{"line":68,"column":38}},"57":{"start":{"line":69,"column":24},"end":{"line":69,"column":36}},"58":{"start":{"line":70,"column":0},"end":{"line":70,"column":46}},"59":{"start":{"line":71,"column":19},"end":{"line":71,"column":48}},"60":{"start":{"line":72,"column":0},"end":{"line":72,"column":36}},"61":{"start":{"line":73,"column":22},"end":{"line":73,"column":49}},"62":{"start":{"line":74,"column":0},"end":{"line":74,"column":42}},"63":{"start":{"line":75,"column":26},"end":{"line":75,"column":57}},"64":{"start":{"line":76,"column":0},"end":{"line":76,"column":50}},"65":{"start":{"line":77,"column":24},"end":{"line":77,"column":42}},"66":{"start":{"line":78,"column":0},"end":{"line":78,"column":46}},"67":{"start":{"line":79,"column":14},"end":{"line":83,"column":1}},"68":{"start":{"line":84,"column":0},"end":{"line":84,"column":26}},"69":{"start":{"line":85,"column":22},"end":{"line":85,"column":49}},"70":{"start":{"line":86,"column":0},"end":{"line":86,"column":42}},"71":{"start":{"line":87,"column":19},"end":{"line":87,"column":43}},"72":{"start":{"line":88,"column":0},"end":{"line":88,"column":36}},"73":{"start":{"line":89,"column":19},"end":{"line":89,"column":56}},"74":{"start":{"line":90,"column":0},"end":{"line":90,"column":36}},"75":{"start":{"line":91,"column":16},"end":{"line":91,"column":28}},"76":{"start":{"line":92,"column":0},"end":{"line":92,"column":30}},"77":{"start":{"line":93,"column":19},"end":{"line":93,"column":28}},"78":{"start":{"line":94,"column":0},"end":{"line":94,"column":36}},"79":{"start":{"line":95,"column":14},"end":{"line":95,"column":33}},"80":{"start":{"line":96,"column":0},"end":{"line":96,"column":26}},"81":{"start":{"line":97,"column":19},"end":{"line":97,"column":22}},"82":{"start":{"line":98,"column":0},"end":{"line":98,"column":36}},"83":{"start":{"line":99,"column":25},"end":{"line":99,"column":55}},"84":{"start":{"line":100,"column":0},"end":{"line":100,"column":48}},"85":{"start":{"line":101,"column":25},"end":{"line":101,"column":55}},"86":{"start":{"line":102,"column":0},"end":{"line":102,"column":48}},"87":{"start":{"line":103,"column":21},"end":{"line":103,"column":23}},"88":{"start":{"line":104,"column":0},"end":{"line":104,"column":40}},"89":{"start":{"line":105,"column":28},"end":{"line":105,"column":30}},"90":{"start":{"line":106,"column":0},"end":{"line":106,"column":54}},"91":{"start":{"line":107,"column":17},"end":{"line":107,"column":19}},"92":{"start":{"line":108,"column":0},"end":{"line":108,"column":32}}},"fnMap":{"0":{"name":"_typeof","decl":{"start":{"line":8,"column":9},"end":{"line":8,"column":16}},"loc":{"start":{"line":8,"column":22},"end":{"line":8,"column":351}},"line":8},"1":{"name":"_typeof","decl":{"start":{"line":8,"column":118},"end":{"line":8,"column":125}},"loc":{"start":{"line":8,"column":131},"end":{"line":8,"column":153}},"line":8},"2":{"name":"_typeof","decl":{"start":{"line":8,"column":183},"end":{"line":8,"column":190}},"loc":{"start":{"line":8,"column":196},"end":{"line":8,"column":325}},"line":8}},"branchMap":{"0":{"loc":{"start":{"line":8,"column":24},"end":{"line":8,"column":328}},"type":"if","locations":[{"start":{"line":8,"column":24},"end":{"line":8,"column":328}},{"start":{"line":8,"column":24},"end":{"line":8,"column":328}}],"line":8},"1":{"loc":{"start":{"line":8,"column":28},"end":{"line":8,"column":95}},"type":"binary-expr","locations":[{"start":{"line":8,"column":28},"end":{"line":8,"column":56}},{"start":{"line":8,"column":60},"end":{"line":8,"column":95}}],"line":8},"2":{"loc":{"start":{"line":8,"column":205},"end":{"line":8,"column":322}},"type":"cond-expr","locations":[{"start":{"line":8,"column":301},"end":{"line":8,"column":309}},{"start":{"line":8,"column":312},"end":{"line":8,"column":322}}],"line":8},"3":{"loc":{"start":{"line":8,"column":205},"end":{"line":8,"column":298}},"type":"binary-expr","locations":[{"start":{"line":8,"column":205},"end":{"line":8,"column":208}},{"start":{"line":8,"column":212},"end":{"line":8,"column":240}},{"start":{"line":8,"column":244},"end":{"line":8,"column":270}},{"start":{"line":8,"column":274},"end":{"line":8,"column":298}}],"line":8}},"s":{"0":1,"1":1,"2":1,"3":1,"4":15,"5":0,"6":0,"7":1,"8":1,"9":1,"10":1,"11":1,"12":1,"13":1,"14":1,"15":1,"16":1,"17":1,"18":1,"19":1,"20":1,"21":1,"22":1,"23":1,"24":1,"25":1,"26":1,"27":1,"28":1,"29":1,"30":1,"31":1,"32":1,"33":1,"34":1,"35":1,"36":1,"37":1,"38":1,"39":1,"40":1,"41":1,"42":1,"43":1,"44":1,"45":1,"46":1,"47":1,"48":1,"49":1,"50":1,"51":1,"52":1,"53":1,"54":1,"55":1,"56":1,"57":1,"58":1,"59":1,"60":1,"61":1,"62":1,"63":1,"64":1,"65":1,"66":1,"67":1,"68":1,"69":1,"70":1,"71":1,"72":1,"73":1,"74":1,"75":1,"76":1,"77":1,"78":1,"79":1,"80":1,"81":1,"82":1,"83":1,"84":1,"85":1,"86":1,"87":1,"88":1,"89":1,"90":1,"91":1,"92":1},"f":{"0":1,"1":15,"2":0},"b":{"0":[1,0],"1":[1,1],"2":[0,0],"3":[0,0,0,0]},"inputSourceMap":{"version":3,"sources":["config.js"],"names":["require","strictEqual","process","env","HASH_SECRET","TWILIO_FROM","TWILIO_SID","TWILIO_AUTH_TOKEN","MAILGUN_FROM","MAILGUN_DOMAIN","MAILGUN_KEY","ENCRYPTION_SALT","ENCRYPTION_PASSWORD","BUCKET","AUTH0_CLIENT_ID","AUTH0_DOMAIN","S3_ACCESS_KEY","S3_ACCESS_SECRET","API_KEY","MOBILE_PROVIDER","EMAIL_PROVIDER","PAYMENT_PROVIDER","DB_TYPE","ROLES","FIRST_USER_ROLE","SOCIAL_PROVIDERS","WAPID_PUBLIC","WAPID_PRIVATE","WAPID_EMAIL","MAILGUN","nameFrom","domainName","apiKey","TWILIO","from","sid","authToken","COMPANY","BASE_URL","FIRST_CONFIRM","USER_TOKEN_EXPIRY","FRONTEND_URL","USERS_BUCKET_NAME","WORKERS","tokenClean","logRotate","unconfirmedClean","REDIRECT_URL","LANGUAGES","UPLOAD_TABLE","ALLOW_ORIGIN","STRIPE_TEST_SECRET","STRIPE_LIVE_SECRET","STRIPE_ACCOUNT","STRIPE_WEBHOOK_SECRET","STRIPE_ENV"],"mappings":";;;;;;;;;eAAwBA,OAAO,CAAC,QAAD,C;IAAvBC,W,YAAAA,W;;AACRA,WAAW,SAAQC,OAAO,CAACC,GAAR,CAAYC,WAApB,GAAiC,QAAjC,EAA2C,uBAA3C,CAAX;AACAH,WAAW,SAAQC,OAAO,CAACC,GAAR,CAAYE,WAApB,GAAiC,QAAjC,EAA2C,uBAA3C,CAAX;AACAJ,WAAW,SAAQC,OAAO,CAACC,GAAR,CAAYG,UAApB,GAAgC,QAAhC,EAA0C,sBAA1C,CAAX;AACAL,WAAW,SAAQC,OAAO,CAACC,GAAR,CAAYI,iBAApB,GAAuC,QAAvC,EAAiD,6BAAjD,CAAX;AACAN,WAAW,SAAQC,OAAO,CAACC,GAAR,CAAYK,YAApB,GAAkC,QAAlC,EAA4C,wBAA5C,CAAX;AACAP,WAAW,SAAQC,OAAO,CAACC,GAAR,CAAYM,cAApB,GAAoC,QAApC,EAA8C,0BAA9C,CAAX;AACAR,WAAW,SAAQC,OAAO,CAACC,GAAR,CAAYO,WAApB,GAAiC,QAAjC,EAA2C,uBAA3C,CAAX;AACAT,WAAW,SAAQC,OAAO,CAACC,GAAR,CAAYQ,eAApB,GAAqC,QAArC,EAA+C,2BAA/C,CAAX;AACAV,WAAW,SAAQC,OAAO,CAACC,GAAR,CAAYS,mBAApB,GAAyC,QAAzC,EAAmD,+BAAnD,CAAX;AACAX,WAAW,SAAQC,OAAO,CAACC,GAAR,CAAYU,MAApB,GAA4B,QAA5B,EAAsC,6BAAtC,CAAX;AACAZ,WAAW,SAAQC,OAAO,CAACC,GAAR,CAAYW,eAApB,GAAqC,QAArC,EAA+C,2BAA/C,CAAX;AACAb,WAAW,SAAQC,OAAO,CAACC,GAAR,CAAYY,YAApB,GAAkC,QAAlC,EAA4C,2BAA5C,CAAX;AACAd,WAAW,SAAQC,OAAO,CAACC,GAAR,CAAYa,aAApB,GAAmC,QAAnC,EAA6C,yBAA7C,CAAX;AACAf,WAAW,SAAQC,OAAO,CAACC,GAAR,CAAYc,gBAApB,GAAsC,QAAtC,EAAgD,4BAAhD,CAAX;AACAhB,WAAW,SAAQC,OAAO,CAACC,GAAR,CAAYe,OAApB,GAA6B,QAA7B,EAAuC,mBAAvC,CAAX;AAEO,IAAMC,eAAe,GAAG,QAAxB;;AACA,IAAMC,cAAc,GAAG,SAAvB;;AACA,IAAMC,gBAAgB,GAAG,QAAzB;;AACA,IAAMC,OAAO,GAAG,IAAhB;;AACA,IAAMC,KAAK,GAAG,CAAC,MAAD,EAAS,OAAT,EAAkB,QAAlB,CAAd,C,CAA0C;;;AAC1C,IAAMC,eAAe,GAAGD,KAAK,CAAC,CAAD,CAA7B;;AACA,IAAME,gBAAgB,GAAG,CAAC,OAAD,EAAU,QAAV,EAAoB,UAApB,EAAgC,SAAhC,EAA2C,UAA3C,CAAzB;;AAEA,IAAMC,YAAY,GAAGxB,OAAO,CAACC,GAAR,CAAYuB,YAAjC;;AACA,IAAMC,aAAa,GAAGzB,OAAO,CAACC,GAAR,CAAYwB,aAAlC;;AACA,IAAMC,WAAW,GAAG,EAApB;;AAEA,IAAMC,OAAO,GAAG;AACrBC,EAAAA,QAAQ,EAAE5B,OAAO,CAACC,GAAR,CAAYK,YADD;AAErBuB,EAAAA,UAAU,EAAE7B,OAAO,CAACC,GAAR,CAAYM,cAFH;AAGrBuB,EAAAA,MAAM,EAAE9B,OAAO,CAACC,GAAR,CAAYO;AAHC,CAAhB;;AAMA,IAAMuB,MAAM,GAAG;AACpBC,EAAAA,IAAI,EAAEhC,OAAO,CAACC,GAAR,CAAYE,WADE;AAEpB8B,EAAAA,GAAG,EAAEjC,OAAO,CAACC,GAAR,CAAYG,UAFG;AAGpB8B,EAAAA,SAAS,EAAElC,OAAO,CAACC,GAAR,CAAYI;AAHH,CAAf;;AAMA,IAAMH,WAAW,GAAGF,OAAO,CAACC,GAAR,CAAYC,WAAhC;;AAEA,IAAMiC,OAAO,GAAG,eAAhB;;AAEA,IAAMC,QAAQ,GAAG,UAAjB;;AAEA,IAAMC,aAAa,GAAG,OAAtB;;AAEA,IAAMC,iBAAiB,GAAG,KAAK,EAAL,GAAU,EAApC;;AAEA,IAAMC,YAAY,GAAG,6BAArB;;AAEA,IAAM9B,eAAe,GAAGT,OAAO,CAACC,GAAR,CAAYQ,eAApC;;AAEA,IAAMC,mBAAmB,GAAGV,OAAO,CAACC,GAAR,CAAYS,mBAAxC;;AAEA,IAAM8B,iBAAiB,GAAGxC,OAAO,CAACC,GAAR,CAAYU,MAAtC;;AAEA,IAAM8B,OAAO,GAAG;AACrBC,EAAAA,UAAU,EAAE,KAAK,EADI;AAErBC,EAAAA,SAAS,EAAE,KAAK,EAAL,GAAU,EAFA;AAGrBC,EAAAA,gBAAgB,EAAE,KAAK,EAAL,GAAU;AAHP,CAAhB;;AAMA,IAAMhC,eAAe,GAAGZ,OAAO,CAACC,GAAR,CAAYW,eAApC;;AACA,IAAMC,YAAY,GAAGb,OAAO,CAACC,GAAR,CAAYY,YAAjC;;AACA,IAAMgC,YAAY,aAAMN,YAAN,eAAlB;;AAEA,IAAMO,SAAS,GAAG,CAAC,IAAD,EAAO,IAAP,CAAlB;;AACA,IAAMC,YAAY,GAAG,SAArB;;AAEA,IAAM/B,OAAO,GAAGhB,OAAO,CAACC,GAAR,CAAYe,OAA5B;;AACA,IAAMgC,YAAY,GAAG,GAArB;;AAEA,IAAMC,kBAAkB,GAAGjD,OAAO,CAACC,GAAR,CAAYgD,kBAAvC;;AACA,IAAMC,kBAAkB,GAAGlD,OAAO,CAACC,GAAR,CAAYiD,kBAAvC;;AACA,IAAMC,cAAc,GAAG,EAAvB;;AACA,IAAMC,qBAAqB,GAAG,EAA9B;;AACA,IAAMC,UAAU,GAAG,EAAnB","sourceRoot":"C:\\Users\\Dxenu\\Desktop\\users-cubed-api-next\\app","sourcesContent":["const { strictEqual } = require('assert')\r\nstrictEqual(typeof process.env.HASH_SECRET, 'string', 'You need hash secret!')\r\nstrictEqual(typeof process.env.TWILIO_FROM, 'string', 'You need Twilio from!')\r\nstrictEqual(typeof process.env.TWILIO_SID, 'string', 'You need TWILIO_SID!')\r\nstrictEqual(typeof process.env.TWILIO_AUTH_TOKEN, 'string', 'You need TWILIO_AUTH_TOKEN!')\r\nstrictEqual(typeof process.env.MAILGUN_FROM, 'string', 'You need MAILGUN_FROM!')\r\nstrictEqual(typeof process.env.MAILGUN_DOMAIN, 'string', 'You need MAILGUN_DOMAIN!')\r\nstrictEqual(typeof process.env.MAILGUN_KEY, 'string', 'You need MAILGUN_KEY!')\r\nstrictEqual(typeof process.env.ENCRYPTION_SALT, 'string', 'You need ENCRYPTION_SALT!')\r\nstrictEqual(typeof process.env.ENCRYPTION_PASSWORD, 'string', 'You need ENCRYPTION_PASSWORD!')\r\nstrictEqual(typeof process.env.BUCKET, 'string', 'You need USERS_BUCKET_NAME!')\r\nstrictEqual(typeof process.env.AUTH0_CLIENT_ID, 'string', 'You need AUTH0_CLIENT_ID!')\r\nstrictEqual(typeof process.env.AUTH0_DOMAIN, 'string', 'You need AUTH0_CLIENT_ID!')\r\nstrictEqual(typeof process.env.S3_ACCESS_KEY, 'string', 'You need S3_ACCESS_KEY!')\r\nstrictEqual(typeof process.env.S3_ACCESS_SECRET, 'string', 'You need S3_ACCESS_SECRET!')\r\nstrictEqual(typeof process.env.API_KEY, 'string', 'You need API_KEY!')\r\n\r\nexport const MOBILE_PROVIDER = 'twilio'\r\nexport const EMAIL_PROVIDER = 'mailgun'\r\nexport const PAYMENT_PROVIDER = 'stripe'\r\nexport const DB_TYPE = 's3'\r\nexport const ROLES = ['user', 'admin', 'editor'] // 1st should be always default, 2nd - admin\r\nexport const FIRST_USER_ROLE = ROLES[1]\r\nexport const SOCIAL_PROVIDERS = ['auth0', 'google', 'facebook', 'twitter', 'linkedin']\r\n\r\nexport const WAPID_PUBLIC = process.env.WAPID_PUBLIC\r\nexport const WAPID_PRIVATE = process.env.WAPID_PRIVATE\r\nexport const WAPID_EMAIL = ''\r\n\r\nexport const MAILGUN = {\r\n  nameFrom: process.env.MAILGUN_FROM,\r\n  domainName: process.env.MAILGUN_DOMAIN,\r\n  apiKey: process.env.MAILGUN_KEY\r\n}\r\n\r\nexport const TWILIO = {\r\n  from: process.env.TWILIO_FROM,\r\n  sid: process.env.TWILIO_SID,\r\n  authToken: process.env.TWILIO_AUTH_TOKEN\r\n}\r\n\r\nexport const HASH_SECRET = process.env.HASH_SECRET\r\n\r\nexport const COMPANY = 'Talaikis Ltd.'\r\n\r\nexport const BASE_URL = 'https://'\r\n\r\nexport const FIRST_CONFIRM = 'email'\r\n\r\nexport const USER_TOKEN_EXPIRY = 60 * 60 * 15\r\n\r\nexport const FRONTEND_URL = 'https://cubed.talaikis.com/'\r\n\r\nexport const ENCRYPTION_SALT = process.env.ENCRYPTION_SALT\r\n\r\nexport const ENCRYPTION_PASSWORD = process.env.ENCRYPTION_PASSWORD\r\n\r\nexport const USERS_BUCKET_NAME = process.env.BUCKET\r\n\r\nexport const WORKERS = {\r\n  tokenClean: 60 * 60,\r\n  logRotate: 60 * 60 * 24,\r\n  unconfirmedClean: 60 * 60 * 3\r\n}\r\n\r\nexport const AUTH0_CLIENT_ID = process.env.AUTH0_CLIENT_ID\r\nexport const AUTH0_DOMAIN = process.env.AUTH0_DOMAIN\r\nexport const REDIRECT_URL = `${FRONTEND_URL}/dashboard`\r\n\r\nexport const LANGUAGES = ['en', 'fr']\r\nexport const UPLOAD_TABLE = 'avatars'\r\n\r\nexport const API_KEY = process.env.API_KEY\r\nexport const ALLOW_ORIGIN = '*'\r\n\r\nexport const STRIPE_TEST_SECRET = process.env.STRIPE_TEST_SECRET\r\nexport const STRIPE_LIVE_SECRET = process.env.STRIPE_LIVE_SECRET\r\nexport const STRIPE_ACCOUNT = ''\r\nexport const STRIPE_WEBHOOK_SECRET = ''\r\nexport const STRIPE_ENV = ''\r\n"]},"_coverageSchema":"1a1c01bbd47fc00a2c39e90264f33305004495a9","hash":"cf4c4a5b88a55ddc5991a60bbbadabb0d1dbae73","contentHash":"f8858567bc0a0596d5e82b2f2ebdf0f797f985c3d564fad35c498c9124875401"},"C:\\Users\\Dxenu\\Desktop\\users-cubed-api-next\\app\\lib\\proto\\index.js":{"path":"C:\\Users\\Dxenu\\Desktop\\users-cubed-api-next\\app\\lib\\proto\\index.js","statementMap":{"0":{"start":{"line":3,"column":0},"end":{"line":5,"column":3}},"1":{"start":{"line":6,"column":0},"end":{"line":6,"column":156}},"2":{"start":{"line":8,"column":12},"end":{"line":8,"column":27}},"3":{"start":{"line":10,"column":18},"end":{"line":10,"column":63}},"4":{"start":{"line":12,"column":12},"end":{"line":12,"column":27}},"5":{"start":{"line":14,"column":14},"end":{"line":14,"column":37}},"6":{"start":{"line":16,"column":13},"end":{"line":16,"column":32}},"7":{"start":{"line":18,"column":20},"end":{"line":18,"column":46}},"8":{"start":{"line":20,"column":39},"end":{"line":20,"column":95}},"9":{"start":{"line":22,"column":77},"end":{"line":22,"column":175}},"10":{"start":{"line":22,"column":94},"end":{"line":22,"column":107}},"11":{"start":{"line":22,"column":121},"end":{"line":22,"column":131}},"12":{"start":{"line":22,"column":151},"end":{"line":22,"column":165}},"13":{"start":{"line":22,"column":166},"end":{"line":22,"column":173}},"14":{"start":{"line":22,"column":176},"end":{"line":22,"column":263}},"15":{"start":{"line":22,"column":193},"end":{"line":22,"column":208}},"16":{"start":{"line":22,"column":218},"end":{"line":22,"column":261}},"17":{"start":{"line":24,"column":33},"end":{"line":24,"column":387}},"18":{"start":{"line":24,"column":65},"end":{"line":24,"column":69}},"19":{"start":{"line":24,"column":78},"end":{"line":24,"column":87}},"20":{"start":{"line":24,"column":89},"end":{"line":24,"column":384}},"21":{"start":{"line":24,"column":147},"end":{"line":24,"column":167}},"22":{"start":{"line":24,"column":193},"end":{"line":24,"column":264}},"23":{"start":{"line":24,"column":290},"end":{"line":24,"column":360}},"24":{"start":{"line":24,"column":363},"end":{"line":24,"column":380}},"25":{"start":{"line":26,"column":27},"end":{"line":26,"column":70}},"26":{"start":{"line":27,"column":16},"end":{"line":27,"column":74}},"27":{"start":{"line":28,"column":16},"end":{"line":28,"column":74}},"28":{"start":{"line":30,"column":14},"end":{"line":45,"column":1}},"29":{"start":{"line":31,"column":2},"end":{"line":44,"column":5}},"30":{"start":{"line":32,"column":4},"end":{"line":43,"column":5}},"31":{"start":{"line":33,"column":6},"end":{"line":40,"column":7}},"32":{"start":{"line":34,"column":22},"end":{"line":34,"column":50}},"33":{"start":{"line":35,"column":22},"end":{"line":35,"column":73}},"34":{"start":{"line":36,"column":18},"end":{"line":36,"column":43}},"35":{"start":{"line":37,"column":8},"end":{"line":37,"column":24}},"36":{"start":{"line":39,"column":8},"end":{"line":39,"column":24}},"37":{"start":{"line":41,"column":11},"end":{"line":43,"column":5}},"38":{"start":{"line":42,"column":6},"end":{"line":42,"column":24}},"39":{"start":{"line":49,"column":0},"end":{"line":70,"column":3}},"40":{"start":{"line":50,"column":13},"end":{"line":65,"column":5}},"41":{"start":{"line":53,"column":4},"end":{"line":64,"column":16}},"42":{"start":{"line":54,"column":6},"end":{"line":63,"column":7}},"43":{"start":{"line":55,"column":8},"end":{"line":62,"column":9}},"44":{"start":{"line":57,"column":12},"end":{"line":57,"column":64}},"45":{"start":{"line":61,"column":12},"end":{"line":61,"column":35}},"46":{"start":{"line":67,"column":2},"end":{"line":69,"column":4}},"47":{"start":{"line":68,"column":4},"end":{"line":68,"column":39}},"48":{"start":{"line":72,"column":13},"end":{"line":72,"column":42}},"49":{"start":{"line":73,"column":0},"end":{"line":73,"column":24}},"50":{"start":{"line":75,"column":14},"end":{"line":90,"column":1}},"51":{"start":{"line":76,"column":2},"end":{"line":89,"column":5}},"52":{"start":{"line":77,"column":4},"end":{"line":88,"column":5}},"53":{"start":{"line":78,"column":6},"end":{"line":85,"column":7}},"54":{"start":{"line":79,"column":22},"end":{"line":79,"column":50}},"55":{"start":{"line":80,"column":22},"end":{"line":80,"column":44}},"56":{"start":{"line":81,"column":18},"end":{"line":81,"column":50}},"57":{"start":{"line":82,"column":8},"end":{"line":82,"column":24}},"58":{"start":{"line":84,"column":8},"end":{"line":84,"column":24}},"59":{"start":{"line":87,"column":6},"end":{"line":87,"column":24}},"60":{"start":{"line":92,"column":14},"end":{"line":94,"column":1}},"61":{"start":{"line":93,"column":2},"end":{"line":93,"column":48}},"62":{"start":{"line":96,"column":13},"end":{"line":96,"column":42}},"63":{"start":{"line":98,"column":0},"end":{"line":98,"column":24}},"64":{"start":{"line":102,"column":0},"end":{"line":123,"column":3}},"65":{"start":{"line":103,"column":14},"end":{"line":118,"column":5}},"66":{"start":{"line":106,"column":4},"end":{"line":117,"column":17}},"67":{"start":{"line":107,"column":6},"end":{"line":116,"column":7}},"68":{"start":{"line":108,"column":8},"end":{"line":115,"column":9}},"69":{"start":{"line":110,"column":12},"end":{"line":110,"column":38}},"70":{"start":{"line":114,"column":12},"end":{"line":114,"column":36}},"71":{"start":{"line":120,"column":2},"end":{"line":122,"column":4}},"72":{"start":{"line":121,"column":4},"end":{"line":121,"column":40}},"73":{"start":{"line":125,"column":20},"end":{"line":125,"column":56}},"74":{"start":{"line":126,"column":0},"end":{"line":126,"column":38}},"75":{"start":{"line":128,"column":22},"end":{"line":130,"column":1}},"76":{"start":{"line":129,"column":2},"end":{"line":129,"column":54}},"77":{"start":{"line":132,"column":21},"end":{"line":132,"column":58}},"78":{"start":{"line":133,"column":0},"end":{"line":133,"column":40}},"79":{"start":{"line":135,"column":18},"end":{"line":137,"column":1}},"80":{"start":{"line":136,"column":2},"end":{"line":136,"column":49}},"81":{"start":{"line":139,"column":17},"end":{"line":139,"column":50}},"82":{"start":{"line":140,"column":0},"end":{"line":140,"column":32}},"83":{"start":{"line":142,"column":18},"end":{"line":144,"column":1}},"84":{"start":{"line":143,"column":2},"end":{"line":143,"column":49}},"85":{"start":{"line":146,"column":17},"end":{"line":146,"column":50}},"86":{"start":{"line":147,"column":0},"end":{"line":147,"column":32}},"87":{"start":{"line":151,"column":0},"end":{"line":235,"column":3}},"88":{"start":{"line":152,"column":14},"end":{"line":230,"column":5}},"89":{"start":{"line":156,"column":4},"end":{"line":229,"column":17}},"90":{"start":{"line":157,"column":6},"end":{"line":228,"column":7}},"91":{"start":{"line":158,"column":8},"end":{"line":227,"column":9}},"92":{"start":{"line":160,"column":12},"end":{"line":160,"column":31}},"93":{"start":{"line":161,"column":12},"end":{"line":190,"column":17}},"94":{"start":{"line":164,"column":26},"end":{"line":185,"column":17}},"95":{"start":{"line":167,"column":16},"end":{"line":184,"column":29}},"96":{"start":{"line":168,"column":18},"end":{"line":183,"column":19}},"97":{"start":{"line":169,"column":20},"end":{"line":182,"column":21}},"98":{"start":{"line":171,"column":24},"end":{"line":171,"column":44}},"99":{"start":{"line":172,"column":24},"end":{"line":172,"column":43}},"100":{"start":{"line":173,"column":24},"end":{"line":173,"column":59}},"101":{"start":{"line":176,"column":24},"end":{"line":176,"column":54}},"102":{"start":{"line":177,"column":24},"end":{"line":177,"column":97}},"103":{"start":{"line":181,"column":24},"end":{"line":181,"column":48}},"104":{"start":{"line":187,"column":14},"end":{"line":189,"column":16}},"105":{"start":{"line":188,"column":16},"end":{"line":188,"column":52}},"106":{"start":{"line":193,"column":12},"end":{"line":193,"column":36}},"107":{"start":{"line":195,"column":12},"end":{"line":198,"column":13}},"108":{"start":{"line":196,"column":14},"end":{"line":196,"column":33}},"109":{"start":{"line":197,"column":14},"end":{"line":197,"column":20}},"110":{"start":{"line":200,"column":12},"end":{"line":200,"column":45}},"111":{"start":{"line":201,"column":12},"end":{"line":211,"column":15}},"112":{"start":{"line":212,"column":12},"end":{"line":212,"column":32}},"113":{"start":{"line":213,"column":12},"end":{"line":213,"column":18}},"114":{"start":{"line":216,"column":12},"end":{"line":216,"column":32}},"115":{"start":{"line":217,"column":12},"end":{"line":217,"column":32}},"116":{"start":{"line":218,"column":12},"end":{"line":218,"column":83}},"117":{"start":{"line":221,"column":12},"end":{"line":221,"column":42}},"118":{"start":{"line":222,"column":12},"end":{"line":222,"column":50}},"119":{"start":{"line":226,"column":12},"end":{"line":226,"column":36}},"120":{"start":{"line":232,"column":2},"end":{"line":234,"column":4}},"121":{"start":{"line":233,"column":4},"end":{"line":233,"column":40}},"122":{"start":{"line":237,"column":20},"end":{"line":237,"column":56}},"123":{"start":{"line":238,"column":0},"end":{"line":238,"column":38}}},"fnMap":{"0":{"name":"_interopRequireDefault","decl":{"start":{"line":20,"column":9},"end":{"line":20,"column":31}},"loc":{"start":{"line":20,"column":37},"end":{"line":20,"column":97}},"line":20},"1":{"name":"asyncGeneratorStep","decl":{"start":{"line":22,"column":9},"end":{"line":22,"column":27}},"loc":{"start":{"line":22,"column":75},"end":{"line":22,"column":265}},"line":22},"2":{"name":"_asyncToGenerator","decl":{"start":{"line":24,"column":9},"end":{"line":24,"column":26}},"loc":{"start":{"line":24,"column":31},"end":{"line":24,"column":389}},"line":24},"3":{"name":"(anonymous_3)","decl":{"start":{"line":24,"column":40},"end":{"line":24,"column":41}},"loc":{"start":{"line":24,"column":52},"end":{"line":24,"column":386}},"line":24},"4":{"name":"(anonymous_4)","decl":{"start":{"line":24,"column":108},"end":{"line":24,"column":109}},"loc":{"start":{"line":24,"column":135},"end":{"line":24,"column":382}},"line":24},"5":{"name":"_next","decl":{"start":{"line":24,"column":178},"end":{"line":24,"column":183}},"loc":{"start":{"line":24,"column":191},"end":{"line":24,"column":266}},"line":24},"6":{"name":"_throw","decl":{"start":{"line":24,"column":276},"end":{"line":24,"column":282}},"loc":{"start":{"line":24,"column":288},"end":{"line":24,"column":362}},"line":24},"7":{"name":"decoder","decl":{"start":{"line":30,"column":23},"end":{"line":30,"column":30}},"loc":{"start":{"line":30,"column":67},"end":{"line":45,"column":1}},"line":30},"8":{"name":"(anonymous_8)","decl":{"start":{"line":31,"column":33},"end":{"line":31,"column":34}},"loc":{"start":{"line":31,"column":54},"end":{"line":44,"column":3}},"line":31},"9":{"name":"(anonymous_9)","decl":{"start":{"line":49,"column":0},"end":{"line":49,"column":1}},"loc":{"start":{"line":49,"column":12},"end":{"line":70,"column":1}},"line":49},"10":{"name":"_callee","decl":{"start":{"line":52,"column":35},"end":{"line":52,"column":42}},"loc":{"start":{"line":52,"column":76},"end":{"line":65,"column":3}},"line":52},"11":{"name":"_callee$","decl":{"start":{"line":53,"column":44},"end":{"line":53,"column":52}},"loc":{"start":{"line":53,"column":63},"end":{"line":64,"column":5}},"line":53},"12":{"name":"_decode","decl":{"start":{"line":67,"column":18},"end":{"line":67,"column":25}},"loc":{"start":{"line":67,"column":40},"end":{"line":69,"column":3}},"line":67},"13":{"name":"encoder","decl":{"start":{"line":75,"column":23},"end":{"line":75,"column":30}},"loc":{"start":{"line":75,"column":61},"end":{"line":90,"column":1}},"line":75},"14":{"name":"(anonymous_14)","decl":{"start":{"line":76,"column":33},"end":{"line":76,"column":34}},"loc":{"start":{"line":76,"column":54},"end":{"line":89,"column":3}},"line":76},"15":{"name":"_encode","decl":{"start":{"line":92,"column":23},"end":{"line":92,"column":30}},"loc":{"start":{"line":92,"column":58},"end":{"line":94,"column":1}},"line":92},"16":{"name":"(anonymous_16)","decl":{"start":{"line":102,"column":0},"end":{"line":102,"column":1}},"loc":{"start":{"line":102,"column":12},"end":{"line":123,"column":1}},"line":102},"17":{"name":"_callee2","decl":{"start":{"line":105,"column":35},"end":{"line":105,"column":43}},"loc":{"start":{"line":105,"column":71},"end":{"line":118,"column":3}},"line":105},"18":{"name":"_callee2$","decl":{"start":{"line":106,"column":44},"end":{"line":106,"column":53}},"loc":{"start":{"line":106,"column":65},"end":{"line":117,"column":5}},"line":106},"19":{"name":"_encodeRequest","decl":{"start":{"line":120,"column":18},"end":{"line":120,"column":32}},"loc":{"start":{"line":120,"column":48},"end":{"line":122,"column":3}},"line":120},"20":{"name":"_decodeResponse","decl":{"start":{"line":128,"column":31},"end":{"line":128,"column":46}},"loc":{"start":{"line":128,"column":80},"end":{"line":130,"column":1}},"line":128},"21":{"name":"_encodeBody","decl":{"start":{"line":135,"column":27},"end":{"line":135,"column":38}},"loc":{"start":{"line":135,"column":59},"end":{"line":137,"column":1}},"line":135},"22":{"name":"_decodeBody","decl":{"start":{"line":142,"column":27},"end":{"line":142,"column":38}},"loc":{"start":{"line":142,"column":59},"end":{"line":144,"column":1}},"line":142},"23":{"name":"(anonymous_23)","decl":{"start":{"line":151,"column":0},"end":{"line":151,"column":1}},"loc":{"start":{"line":151,"column":12},"end":{"line":235,"column":1}},"line":151},"24":{"name":"_callee4","decl":{"start":{"line":154,"column":35},"end":{"line":154,"column":43}},"loc":{"start":{"line":154,"column":83},"end":{"line":230,"column":3}},"line":154},"25":{"name":"_callee4$","decl":{"start":{"line":156,"column":44},"end":{"line":156,"column":53}},"loc":{"start":{"line":156,"column":65},"end":{"line":229,"column":5}},"line":156},"26":{"name":"(anonymous_26)","decl":{"start":{"line":163,"column":12},"end":{"line":163,"column":13}},"loc":{"start":{"line":163,"column":24},"end":{"line":190,"column":13}},"line":163},"27":{"name":"_callee3","decl":{"start":{"line":166,"column":47},"end":{"line":166,"column":55}},"loc":{"start":{"line":166,"column":59},"end":{"line":185,"column":15}},"line":166},"28":{"name":"_callee3$","decl":{"start":{"line":167,"column":56},"end":{"line":167,"column":65}},"loc":{"start":{"line":167,"column":77},"end":{"line":184,"column":17}},"line":167},"29":{"name":"(anonymous_29)","decl":{"start":{"line":187,"column":21},"end":{"line":187,"column":22}},"loc":{"start":{"line":187,"column":37},"end":{"line":189,"column":15}},"line":187},"30":{"name":"_protoResponse","decl":{"start":{"line":232,"column":18},"end":{"line":232,"column":32}},"loc":{"start":{"line":232,"column":54},"end":{"line":234,"column":3}},"line":232}},"branchMap":{"0":{"loc":{"start":{"line":20,"column":46},"end":{"line":20,"column":94}},"type":"cond-expr","locations":[{"start":{"line":20,"column":70},"end":{"line":20,"column":73}},{"start":{"line":20,"column":76},"end":{"line":20,"column":94}}],"line":20},"1":{"loc":{"start":{"line":20,"column":46},"end":{"line":20,"column":67}},"type":"binary-expr","locations":[{"start":{"line":20,"column":46},"end":{"line":20,"column":49}},{"start":{"line":20,"column":53},"end":{"line":20,"column":67}}],"line":20},"2":{"loc":{"start":{"line":22,"column":176},"end":{"line":22,"column":263}},"type":"if","locations":[{"start":{"line":22,"column":176},"end":{"line":22,"column":263}},{"start":{"line":22,"column":176},"end":{"line":22,"column":263}}],"line":22},"3":{"loc":{"start":{"line":32,"column":4},"end":{"line":43,"column":5}},"type":"if","locations":[{"start":{"line":32,"column":4},"end":{"line":43,"column":5}},{"start":{"line":32,"column":4},"end":{"line":43,"column":5}}],"line":32},"4":{"loc":{"start":{"line":32,"column":8},"end":{"line":32,"column":20}},"type":"binary-expr","locations":[{"start":{"line":32,"column":8},"end":{"line":32,"column":12}},{"start":{"line":32,"column":16},"end":{"line":32,"column":20}}],"line":32},"5":{"loc":{"start":{"line":41,"column":11},"end":{"line":43,"column":5}},"type":"if","locations":[{"start":{"line":41,"column":11},"end":{"line":43,"column":5}},{"start":{"line":41,"column":11},"end":{"line":43,"column":5}}],"line":41},"6":{"loc":{"start":{"line":55,"column":8},"end":{"line":62,"column":9}},"type":"switch","locations":[{"start":{"line":56,"column":10},"end":{"line":57,"column":64}},{"start":{"line":59,"column":10},"end":{"line":59,"column":17}},{"start":{"line":60,"column":10},"end":{"line":61,"column":35}}],"line":55},"7":{"loc":{"start":{"line":77,"column":4},"end":{"line":88,"column":5}},"type":"if","locations":[{"start":{"line":77,"column":4},"end":{"line":88,"column":5}},{"start":{"line":77,"column":4},"end":{"line":88,"column":5}}],"line":77},"8":{"loc":{"start":{"line":77,"column":8},"end":{"line":77,"column":20}},"type":"binary-expr","locations":[{"start":{"line":77,"column":8},"end":{"line":77,"column":12}},{"start":{"line":77,"column":16},"end":{"line":77,"column":20}}],"line":77},"9":{"loc":{"start":{"line":108,"column":8},"end":{"line":115,"column":9}},"type":"switch","locations":[{"start":{"line":109,"column":10},"end":{"line":110,"column":38}},{"start":{"line":112,"column":10},"end":{"line":112,"column":17}},{"start":{"line":113,"column":10},"end":{"line":114,"column":36}}],"line":108},"10":{"loc":{"start":{"line":158,"column":8},"end":{"line":227,"column":9}},"type":"switch","locations":[{"start":{"line":159,"column":10},"end":{"line":190,"column":17}},{"start":{"line":192,"column":10},"end":{"line":213,"column":18}},{"start":{"line":215,"column":10},"end":{"line":218,"column":83}},{"start":{"line":220,"column":10},"end":{"line":222,"column":50}},{"start":{"line":224,"column":10},"end":{"line":224,"column":18}},{"start":{"line":225,"column":10},"end":{"line":226,"column":36}}],"line":158},"11":{"loc":{"start":{"line":169,"column":20},"end":{"line":182,"column":21}},"type":"switch","locations":[{"start":{"line":170,"column":22},"end":{"line":173,"column":59}},{"start":{"line":175,"column":22},"end":{"line":177,"column":97}},{"start":{"line":179,"column":22},"end":{"line":179,"column":29}},{"start":{"line":180,"column":22},"end":{"line":181,"column":48}}],"line":169},"12":{"loc":{"start":{"line":195,"column":12},"end":{"line":198,"column":13}},"type":"if","locations":[{"start":{"line":195,"column":12},"end":{"line":198,"column":13}},{"start":{"line":195,"column":12},"end":{"line":198,"column":13}}],"line":195}},"s":{"0":1,"1":1,"2":1,"3":1,"4":1,"5":1,"6":1,"7":1,"8":1,"9":47,"10":47,"11":47,"12":0,"13":0,"14":47,"15":31,"16":16,"17":19,"18":31,"19":31,"20":31,"21":31,"22":47,"23":0,"24":31,"25":1,"26":1,"27":1,"28":1,"29":17,"30":17,"31":17,"32":17,"33":17,"34":17,"35":17,"36":0,"37":0,"38":0,"39":1,"40":1,"41":1,"42":1,"43":1,"44":1,"45":1,"46":1,"47":1,"48":1,"49":1,"50":1,"51":33,"52":33,"53":33,"54":33,"55":33,"56":33,"57":31,"58":2,"59":0,"60":1,"61":19,"62":1,"63":1,"64":1,"65":1,"66":14,"67":14,"68":14,"69":14,"70":14,"71":1,"72":14,"73":1,"74":1,"75":1,"76":2,"77":1,"78":1,"79":1,"80":14,"81":1,"82":1,"83":1,"84":14,"85":1,"86":1,"87":1,"88":1,"89":16,"90":32,"91":48,"92":16,"93":16,"94":16,"95":0,"96":0,"97":0,"98":0,"99":0,"100":0,"101":0,"102":0,"103":0,"104":16,"105":0,"106":16,"107":16,"108":0,"109":0,"110":16,"111":16,"112":16,"113":16,"114":0,"115":0,"116":0,"117":0,"118":0,"119":16,"120":1,"121":16,"122":1,"123":1},"f":{"0":1,"1":47,"2":19,"3":31,"4":31,"5":47,"6":0,"7":17,"8":17,"9":1,"10":1,"11":1,"12":1,"13":33,"14":33,"15":19,"16":1,"17":14,"18":14,"19":14,"20":2,"21":14,"22":14,"23":1,"24":16,"25":32,"26":16,"27":0,"28":0,"29":0,"30":16},"b":{"0":[0,1],"1":[1,1],"2":[31,16],"3":[17,0],"4":[17,17],"5":[0,0],"6":[1,1,1],"7":[33,0],"8":[33,33],"9":[14,14,14],"10":[16,16,0,0,16,16],"11":[0,0,0,0],"12":[0,16]},"inputSourceMap":{"version":3,"sources":["index.js"],"names":["definitionsDirectory","__dirname","resBundle","reqBundle","decoder","p","base64Buffer","messageType","done","protobuf","load","err","root","MsgType","lookupType","message","decode","Buffer","from","obj","toObject","e","_decode","encoder","output","create","enc","encode","finish","_encode","_encodeRequest","_encodeBody","encodeRequest","_decodeResponse","decodeResponse","encodeBody","_decodeBody","decodeBody","_protoResponse","statusCode","buffer","body","toString","headers","Accept","ALLOW_ORIGIN","Action","isBase64Encoded","protoResponse"],"mappings":";;;;;;;AAAA;;AACA;;AACA;;AAEA;;AACA;;AACA;;;;;;;;AACA,IAAMA,oBAAoB,GAAG,mBAAQC,SAAR,EAAmB,YAAnB,CAA7B;AACA,IAAMC,SAAS,GAAG,mBAAQF,oBAAR,EAA8B,gBAA9B,CAAlB;AACA,IAAMG,SAAS,GAAG,mBAAQH,oBAAR,EAA8B,gBAA9B,CAAlB;;AAEA,IAAMI,OAAO,GAAG,SAAVA,OAAU,CAACC,CAAD,EAAIC,YAAJ,EAAkBC,WAAlB,EAA+BC,IAA/B,EAAwC;AACtDC,yBAASC,IAAT,CAAcL,CAAd,EAAiB,UAACM,GAAD,EAAMC,IAAN,EAAe;AAC9B,QAAI,CAACD,GAAD,IAAQC,IAAZ,EAAkB;AAChB,UAAI;AACF,YAAMC,OAAO,GAAGD,IAAI,CAACE,UAAL,CAAgBP,WAAhB,CAAhB;AACA,YAAMQ,OAAO,GAAGF,OAAO,CAACG,MAAR,CAAeC,MAAM,CAACC,IAAP,CAAYZ,YAAZ,EAA0B,QAA1B,CAAf,CAAhB;AACA,YAAMa,GAAG,GAAGN,OAAO,CAACO,QAAR,CAAiBL,OAAjB,CAAZ;AACAP,QAAAA,IAAI,CAAC,IAAD,EAAOW,GAAP,CAAJ;AACD,OALD,CAKE,OAAOE,CAAP,EAAU;AACVb,QAAAA,IAAI,CAACa,CAAC,CAACN,OAAH,CAAJ;AACD;AACF,KATD,MASO,IAAIJ,GAAJ,EAAS;AACdH,MAAAA,IAAI,CAACG,GAAG,CAACI,OAAL,CAAJ;AACD;AACF,GAbD;AAcD,CAfD;;AAiBA,IAAMO,OAAO;AAAA;AAAA;AAAA;AAAA;AAAA,0BAAG,iBAAOhB,YAAP,EAAqBC,WAArB,EAAkCC,IAAlC;AAAA;AAAA;AAAA;AAAA;AACdJ,YAAAA,OAAO,CAACD,SAAD,EAAYG,YAAZ,EAA0BC,WAA1B,EAAuCC,IAAvC,CAAP;;AADc;AAAA;AAAA;AAAA;AAAA;AAAA;AAAA,GAAH;;AAAA,kBAAPc,OAAO;AAAA;AAAA;AAAA,GAAb;;AAIO,IAAMN,MAAM,GAAG,qBAAUM,OAAV,CAAf;;;AAEP,IAAMC,OAAO,GAAG,SAAVA,OAAU,CAAClB,CAAD,EAAImB,MAAJ,EAAYjB,WAAZ,EAAyBC,IAAzB,EAAkC;AAChDC,yBAASC,IAAT,CAAcL,CAAd,EAAiB,UAACM,GAAD,EAAMC,IAAN,EAAe;AAC9B,QAAI,CAACD,GAAD,IAAQC,IAAZ,EAAkB;AAChB,UAAI;AACF,YAAMC,OAAO,GAAGD,IAAI,CAACE,UAAL,CAAgBP,WAAhB,CAAhB;AACA,YAAMQ,OAAO,GAAGF,OAAO,CAACY,MAAR,CAAeD,MAAf,CAAhB;AACA,YAAME,GAAG,GAAGb,OAAO,CAACc,MAAR,CAAeZ,OAAf,EAAwBa,MAAxB,EAAZ;AACApB,QAAAA,IAAI,CAAC,IAAD,EAAOkB,GAAP,CAAJ;AACD,OALD,CAKE,OAAOL,CAAP,EAAU;AACVb,QAAAA,IAAI,CAACa,CAAC,CAACN,OAAH,CAAJ;AACD;AACF,KATD,MASO;AACLP,MAAAA,IAAI,CAACG,GAAG,CAACI,OAAL,CAAJ;AACD;AACF,GAbD;AAcD,CAfD;;AAiBA,IAAMc,OAAO,GAAG,SAAVA,OAAU,CAACL,MAAD,EAASjB,WAAT,EAAsBC,IAAtB,EAA+B;AAC7Ce,EAAAA,OAAO,CAACrB,SAAD,EAAYsB,MAAZ,EAAoBjB,WAApB,EAAiCC,IAAjC,CAAP;AACD,CAFD;;AAIO,IAAMmB,MAAM,GAAG,qBAAUE,OAAV,CAAf,C,CAEP;;;;AACA,IAAMC,cAAc;AAAA;AAAA;AAAA;AAAA;AAAA,0BAAG,kBAAON,MAAP,EAAejB,WAAf,EAA4BC,IAA5B;AAAA;AAAA;AAAA;AAAA;AACrBuB,YAAAA,WAAW,CAACP,MAAD,EAAShB,IAAT,CAAX;;AADqB;AAAA;AAAA;AAAA;AAAA;AAAA;AAAA,GAAH;;AAAA,kBAAdsB,cAAc;AAAA;AAAA;AAAA,GAApB;;AAIO,IAAME,aAAa,GAAG,qBAAUF,cAAV,CAAtB;;;AAEP,IAAMG,eAAe,GAAG,SAAlBA,eAAkB,CAAC3B,YAAD,EAAeC,WAAf,EAA4BC,IAA5B,EAAqC;AAC3DJ,EAAAA,OAAO,CAACF,SAAD,EAAYI,YAAZ,EAA0BC,WAA1B,EAAuCC,IAAvC,CAAP;AACD,CAFD;;AAIO,IAAM0B,cAAc,GAAG,qBAAUD,eAAV,CAAvB;;;AAEP,IAAMF,WAAW,GAAG,SAAdA,WAAc,CAACzB,YAAD,EAAeE,IAAf,EAAwB;AAC1Ce,EAAAA,OAAO,CAACrB,SAAD,EAAYI,YAAZ,EAA0B,MAA1B,EAAkCE,IAAlC,CAAP;AACD,CAFD;;AAIO,IAAM2B,UAAU,GAAG,qBAAUJ,WAAV,CAAnB;;;AAEP,IAAMK,WAAW,GAAG,SAAdA,WAAc,CAAC9B,YAAD,EAAeE,IAAf,EAAwB;AAC1CJ,EAAAA,OAAO,CAACD,SAAD,EAAYG,YAAZ,EAA0B,MAA1B,EAAkCE,IAAlC,CAAP;AACD,CAFD;;AAIO,IAAM6B,UAAU,GAAG,qBAAUD,WAAV,CAAnB;;;AAEP,IAAME,cAAc;AAAA;AAAA;AAAA;AAAA;AAAA,0BAAG,kBAAOC,UAAP,EAAmBf,MAAnB,EAA2BjB,WAA3B,EAAwCC,IAAxC;AAAA;AAAA;AAAA;AAAA;AAAA;AAAA;AAAA,mBACAmB,MAAM,CAACH,MAAD,EAASjB,WAAT,CAAN;AAAA;AAAA;AAAA;AAAA;AAAA,sCAAkC,kBAAOc,CAAP;AAAA;AAAA;AAAA;AAAA;AAAA,uCAAab,IAAb;AAAA;AAAA,+BAA8B,oBAAQ,GAAR,EAAaa,CAAb,CAA9B;;AAAA;AAAA;AAAA,4EAAkB,IAAlB;;AAAA;AAAA;AAAA;AAAA;AAAA;AAAA;AAAA,eAAlC;;AAAA;AAAA;AAAA;AAAA,gBADA;;AAAA;AACfmB,YAAAA,MADe;;AAAA,iBAEjBA,MAFiB;AAAA;AAAA;AAAA;;AAGbC,YAAAA,IAHa,GAGND,MAAM,CAACE,QAAP,CAAgB,QAAhB,CAHM;AAInBlC,YAAAA,IAAI,CAAC,IAAD,EAAO;AACT+B,cAAAA,UAAU,EAAVA,UADS;AAETI,cAAAA,OAAO,EAAE;AACP,gCAAgB,wBADT;AAEPC,gBAAAA,MAAM,EAAE,wBAFD;AAGP,+CAA+BC,oBAHxB;AAIPC,gBAAAA,MAAM,EAAEvC;AAJD,eAFA;AAQTkC,cAAAA,IAAI,EAAJA,IARS;AASTM,cAAAA,eAAe,EAAE;AATR,aAAP,CAAJ;AAJmB;AAAA;;AAAA;AAAA,2BAgBnBvC,IAhBmB;AAAA;AAAA,mBAgBF,oBAAQ,GAAR,EAAa,qBAAE,eAAF,CAAb,CAhBE;;AAAA;AAAA;AAAA,8BAgBd,IAhBc;;AAAA;AAAA;AAAA;AAAA;AAAA;AAAA;AAAA,GAAH;;AAAA,kBAAd8B,cAAc;AAAA;AAAA;AAAA,GAApB;;AAoBO,IAAMU,aAAa,GAAG,qBAAUV,cAAV,CAAtB","sourceRoot":"C:\\Users\\Dxenu\\Desktop\\users-cubed-api-next\\app\\lib\\proto","sourcesContent":["import { resolve } from 'path'\r\nimport protobuf from 'protobufjs'\r\nimport { promisify } from 'util'\r\n\r\nimport { ALLOW_ORIGIN } from '../../config'\r\nimport { sendErr } from '../utils'\r\nimport { t } from '../translations'\r\nconst definitionsDirectory = resolve(__dirname, '../schemas')\r\nconst resBundle = resolve(definitionsDirectory, 'resBundle.json')\r\nconst reqBundle = resolve(definitionsDirectory, 'reqBundle.json')\r\n\r\nconst decoder = (p, base64Buffer, messageType, done) => {\r\n  protobuf.load(p, (err, root) => {\r\n    if (!err && root) {\r\n      try {\r\n        const MsgType = root.lookupType(messageType)\r\n        const message = MsgType.decode(Buffer.from(base64Buffer, 'base64'))\r\n        const obj = MsgType.toObject(message)\r\n        done(null, obj)\r\n      } catch (e) {\r\n        done(e.message)\r\n      }\r\n    } else if (err) {\r\n      done(err.message)\r\n    }\r\n  })\r\n}\r\n\r\nconst _decode = async (base64Buffer, messageType, done) => {\r\n  decoder(reqBundle, base64Buffer, messageType, done)\r\n}\r\n\r\nexport const decode = promisify(_decode)\r\n\r\nconst encoder = (p, output, messageType, done) => {\r\n  protobuf.load(p, (err, root) => {\r\n    if (!err && root) {\r\n      try {\r\n        const MsgType = root.lookupType(messageType)\r\n        const message = MsgType.create(output)\r\n        const enc = MsgType.encode(message).finish()\r\n        done(null, enc)\r\n      } catch (e) {\r\n        done(e.message)\r\n      }\r\n    } else {\r\n      done(err.message)\r\n    }\r\n  })\r\n}\r\n\r\nconst _encode = (output, messageType, done) => {\r\n  encoder(resBundle, output, messageType, done)\r\n}\r\n\r\nexport const encode = promisify(_encode)\r\n\r\n// @TODO remove messageType\r\nconst _encodeRequest = async (output, messageType, done) => {\r\n  _encodeBody(output, done)\r\n}\r\n\r\nexport const encodeRequest = promisify(_encodeRequest)\r\n\r\nconst _decodeResponse = (base64Buffer, messageType, done) => {\r\n  decoder(resBundle, base64Buffer, messageType, done)\r\n}\r\n\r\nexport const decodeResponse = promisify(_decodeResponse)\r\n\r\nconst _encodeBody = (base64Buffer, done) => {\r\n  encoder(resBundle, base64Buffer, 'Body', done)\r\n}\r\n\r\nexport const encodeBody = promisify(_encodeBody)\r\n\r\nconst _decodeBody = (base64Buffer, done) => {\r\n  decoder(reqBundle, base64Buffer, 'Body', done)\r\n}\r\n\r\nexport const decodeBody = promisify(_decodeBody)\r\n\r\nconst _protoResponse = async (statusCode, output, messageType, done) => {\r\n  const buffer = await encode(output, messageType).catch(async (e) => done(null, await sendErr(500, e)))\r\n  if (buffer) {\r\n    const body = buffer.toString('base64')\r\n    done(null, {\r\n      statusCode,\r\n      headers: {\r\n        'Content-Type': 'application/x-protobuf',\r\n        Accept: 'application/x-protobuf',\r\n        'Access-Control-Allow-Origin': ALLOW_ORIGIN,\r\n        Action: messageType\r\n      },\r\n      body,\r\n      isBase64Encoded: true\r\n    })\r\n  } else {\r\n    done(null, await sendErr(500, t('error.unknown')))\r\n  }\r\n}\r\n\r\nexport const protoResponse = promisify(_protoResponse)\r\n"]},"_coverageSchema":"1a1c01bbd47fc00a2c39e90264f33305004495a9","hash":"377f22f56207c10600230bf8baf63054439c10cb","contentHash":"0d8b02abfe9b0872cf557312156d2cbc969cdaa7e7fcff13c7067c1b6fd223d3"},"C:\\Users\\Dxenu\\Desktop\\users-cubed-api-next\\app\\lib\\utils\\index.js":{"path":"C:\\Users\\Dxenu\\Desktop\\users-cubed-api-next\\app\\lib\\utils\\index.js","statementMap":{"0":{"start":{"line":3,"column":0},"end":{"line":5,"column":3}},"1":{"start":{"line":6,"column":0},"end":{"line":6,"column":169}},"2":{"start":{"line":8,"column":12},"end":{"line":8,"column":51}},"3":{"start":{"line":10,"column":13},"end":{"line":10,"column":53}},"4":{"start":{"line":12,"column":19},"end":{"line":12,"column":41}},"5":{"start":{"line":14,"column":13},"end":{"line":14,"column":53}},"6":{"start":{"line":16,"column":12},"end":{"line":16,"column":27}},"7":{"start":{"line":18,"column":15},"end":{"line":18,"column":33}},"8":{"start":{"line":20,"column":13},"end":{"line":20,"column":32}},"9":{"start":{"line":22,"column":10},"end":{"line":22,"column":50}},"10":{"start":{"line":24,"column":20},"end":{"line":24,"column":46}},"11":{"start":{"line":26,"column":12},"end":{"line":26,"column":30}},"12":{"start":{"line":28,"column":16},"end":{"line":28,"column":41}},"13":{"start":{"line":30,"column":39},"end":{"line":30,"column":95}},"14":{"start":{"line":32,"column":24},"end":{"line":32,"column":328}},"15":{"start":{"line":32,"column":99},"end":{"line":32,"column":154}},"16":{"start":{"line":32,"column":133},"end":{"line":32,"column":151}},"17":{"start":{"line":32,"column":164},"end":{"line":32,"column":326}},"18":{"start":{"line":32,"column":198},"end":{"line":32,"column":323}},"19":{"start":{"line":32,"column":329},"end":{"line":32,"column":349}},"20":{"start":{"line":34,"column":77},"end":{"line":34,"column":175}},"21":{"start":{"line":34,"column":94},"end":{"line":34,"column":107}},"22":{"start":{"line":34,"column":121},"end":{"line":34,"column":131}},"23":{"start":{"line":34,"column":151},"end":{"line":34,"column":165}},"24":{"start":{"line":34,"column":166},"end":{"line":34,"column":173}},"25":{"start":{"line":34,"column":176},"end":{"line":34,"column":263}},"26":{"start":{"line":34,"column":193},"end":{"line":34,"column":208}},"27":{"start":{"line":34,"column":218},"end":{"line":34,"column":261}},"28":{"start":{"line":36,"column":33},"end":{"line":36,"column":387}},"29":{"start":{"line":36,"column":65},"end":{"line":36,"column":69}},"30":{"start":{"line":36,"column":78},"end":{"line":36,"column":87}},"31":{"start":{"line":36,"column":89},"end":{"line":36,"column":384}},"32":{"start":{"line":36,"column":147},"end":{"line":36,"column":167}},"33":{"start":{"line":36,"column":193},"end":{"line":36,"column":264}},"34":{"start":{"line":36,"column":290},"end":{"line":36,"column":360}},"35":{"start":{"line":36,"column":363},"end":{"line":36,"column":380}},"36":{"start":{"line":40,"column":0},"end":{"line":67,"column":3}},"37":{"start":{"line":41,"column":13},"end":{"line":62,"column":5}},"38":{"start":{"line":44,"column":4},"end":{"line":61,"column":16}},"39":{"start":{"line":45,"column":6},"end":{"line":60,"column":7}},"40":{"start":{"line":46,"column":8},"end":{"line":59,"column":9}},"41":{"start":{"line":48,"column":12},"end":{"line":48,"column":30}},"42":{"start":{"line":49,"column":12},"end":{"line":51,"column":24}},"43":{"start":{"line":54,"column":12},"end":{"line":54,"column":60}},"44":{"start":{"line":58,"column":12},"end":{"line":58,"column":35}},"45":{"start":{"line":64,"column":2},"end":{"line":66,"column":4}},"46":{"start":{"line":65,"column":4},"end":{"line":65,"column":39}},"47":{"start":{"line":69,"column":0},"end":{"line":69,"column":26}},"48":{"start":{"line":73,"column":0},"end":{"line":100,"column":3}},"49":{"start":{"line":74,"column":14},"end":{"line":95,"column":5}},"50":{"start":{"line":77,"column":4},"end":{"line":94,"column":17}},"51":{"start":{"line":78,"column":6},"end":{"line":93,"column":7}},"52":{"start":{"line":79,"column":8},"end":{"line":92,"column":9}},"53":{"start":{"line":81,"column":12},"end":{"line":81,"column":31}},"54":{"start":{"line":82,"column":12},"end":{"line":84,"column":21}},"55":{"start":{"line":87,"column":12},"end":{"line":87,"column":62}},"56":{"start":{"line":91,"column":12},"end":{"line":91,"column":36}},"57":{"start":{"line":97,"column":2},"end":{"line":99,"column":4}},"58":{"start":{"line":98,"column":4},"end":{"line":98,"column":40}},"59":{"start":{"line":102,"column":0},"end":{"line":102,"column":24}},"60":{"start":{"line":104,"column":15},"end":{"line":130,"column":1}},"61":{"start":{"line":105,"column":18},"end":{"line":105,"column":104}},"62":{"start":{"line":106,"column":22},"end":{"line":106,"column":100}},"63":{"start":{"line":108,"column":2},"end":{"line":129,"column":3}},"64":{"start":{"line":109,"column":4},"end":{"line":109,"column":69}},"65":{"start":{"line":110,"column":14},"end":{"line":118,"column":6}},"66":{"start":{"line":111,"column":19},"end":{"line":111,"column":33}},"67":{"start":{"line":113,"column":6},"end":{"line":117,"column":7}},"68":{"start":{"line":114,"column":8},"end":{"line":114,"column":15}},"69":{"start":{"line":116,"column":8},"end":{"line":116,"column":49}},"70":{"start":{"line":119,"column":4},"end":{"line":121,"column":7}},"71":{"start":{"line":120,"column":6},"end":{"line":120,"column":24}},"72":{"start":{"line":122,"column":4},"end":{"line":124,"column":7}},"73":{"start":{"line":123,"column":6},"end":{"line":123,"column":50}},"74":{"start":{"line":125,"column":4},"end":{"line":125,"column":29}},"75":{"start":{"line":126,"column":4},"end":{"line":126,"column":14}},"76":{"start":{"line":128,"column":4},"end":{"line":128,"column":49}},"77":{"start":{"line":132,"column":0},"end":{"line":132,"column":28}},"78":{"start":{"line":133,"column":14},"end":{"line":133,"column":44}},"79":{"start":{"line":134,"column":0},"end":{"line":134,"column":26}},"80":{"start":{"line":136,"column":22},"end":{"line":212,"column":1}},"81":{"start":{"line":137,"column":2},"end":{"line":211,"column":3}},"82":{"start":{"line":138,"column":4},"end":{"line":173,"column":9}},"83":{"start":{"line":141,"column":18},"end":{"line":168,"column":9}},"84":{"start":{"line":144,"column":8},"end":{"line":167,"column":21}},"85":{"start":{"line":145,"column":10},"end":{"line":166,"column":11}},"86":{"start":{"line":146,"column":12},"end":{"line":165,"column":13}},"87":{"start":{"line":148,"column":16},"end":{"line":160,"column":17}},"88":{"start":{"line":149,"column":18},"end":{"line":154,"column":21}},"89":{"start":{"line":156,"column":18},"end":{"line":159,"column":21}},"90":{"start":{"line":164,"column":16},"end":{"line":164,"column":40}},"91":{"start":{"line":170,"column":6},"end":{"line":172,"column":8}},"92":{"start":{"line":171,"column":8},"end":{"line":171,"column":44}},"93":{"start":{"line":175,"column":4},"end":{"line":210,"column":9}},"94":{"start":{"line":178,"column":18},"end":{"line":205,"column":9}},"95":{"start":{"line":181,"column":8},"end":{"line":204,"column":21}},"96":{"start":{"line":182,"column":10},"end":{"line":203,"column":11}},"97":{"start":{"line":183,"column":12},"end":{"line":202,"column":13}},"98":{"start":{"line":185,"column":16},"end":{"line":197,"column":17}},"99":{"start":{"line":186,"column":18},"end":{"line":191,"column":21}},"100":{"start":{"line":193,"column":18},"end":{"line":196,"column":21}},"101":{"start":{"line":201,"column":16},"end":{"line":201,"column":40}},"102":{"start":{"line":207,"column":6},"end":{"line":209,"column":8}},"103":{"start":{"line":208,"column":8},"end":{"line":208,"column":44}},"104":{"start":{"line":214,"column":0},"end":{"line":214,"column":42}},"105":{"start":{"line":218,"column":0},"end":{"line":263,"column":3}},"106":{"start":{"line":219,"column":14},"end":{"line":258,"column":5}},"107":{"start":{"line":223,"column":4},"end":{"line":257,"column":17}},"108":{"start":{"line":224,"column":6},"end":{"line":256,"column":7}},"109":{"start":{"line":225,"column":8},"end":{"line":255,"column":9}},"110":{"start":{"line":227,"column":12},"end":{"line":230,"column":13}},"111":{"start":{"line":228,"column":14},"end":{"line":228,"column":33}},"112":{"start":{"line":229,"column":14},"end":{"line":229,"column":20}},"113":{"start":{"line":232,"column":12},"end":{"line":232,"column":31}},"114":{"start":{"line":233,"column":12},"end":{"line":235,"column":15}},"115":{"start":{"line":234,"column":14},"end":{"line":234,"column":39}},"116":{"start":{"line":238,"column":12},"end":{"line":238,"column":31}},"117":{"start":{"line":240,"column":12},"end":{"line":244,"column":13}},"118":{"start":{"line":241,"column":14},"end":{"line":241,"column":32}},"119":{"start":{"line":243,"column":14},"end":{"line":243,"column":32}},"120":{"start":{"line":246,"column":12},"end":{"line":246,"column":31}},"121":{"start":{"line":247,"column":12},"end":{"line":247,"column":18}},"122":{"start":{"line":250,"column":12},"end":{"line":250,"column":30}},"123":{"start":{"line":254,"column":12},"end":{"line":254,"column":36}},"124":{"start":{"line":260,"column":2},"end":{"line":262,"column":4}},"125":{"start":{"line":261,"column":4},"end":{"line":261,"column":40}},"126":{"start":{"line":265,"column":17},"end":{"line":265,"column":50}},"127":{"start":{"line":266,"column":0},"end":{"line":266,"column":32}},"128":{"start":{"line":270,"column":0},"end":{"line":315,"column":3}},"129":{"start":{"line":271,"column":14},"end":{"line":310,"column":5}},"130":{"start":{"line":275,"column":4},"end":{"line":309,"column":17}},"131":{"start":{"line":276,"column":6},"end":{"line":308,"column":7}},"132":{"start":{"line":277,"column":8},"end":{"line":307,"column":9}},"133":{"start":{"line":279,"column":12},"end":{"line":279,"column":31}},"134":{"start":{"line":280,"column":12},"end":{"line":282,"column":15}},"135":{"start":{"line":281,"column":14},"end":{"line":281,"column":29}},"136":{"start":{"line":285,"column":12},"end":{"line":285,"column":42}},"137":{"start":{"line":286,"column":12},"end":{"line":286,"column":31}},"138":{"start":{"line":287,"column":12},"end":{"line":289,"column":15}},"139":{"start":{"line":288,"column":14},"end":{"line":288,"column":29}},"140":{"start":{"line":292,"column":12},"end":{"line":292,"column":40}},"141":{"start":{"line":294,"column":12},"end":{"line":302,"column":13}},"142":{"start":{"line":295,"column":14},"end":{"line":298,"column":16}},"143":{"start":{"line":299,"column":14},"end":{"line":299,"column":30}},"144":{"start":{"line":301,"column":14},"end":{"line":301,"column":63}},"145":{"start":{"line":306,"column":12},"end":{"line":306,"column":36}},"146":{"start":{"line":312,"column":2},"end":{"line":314,"column":4}},"147":{"start":{"line":313,"column":4},"end":{"line":313,"column":40}},"148":{"start":{"line":317,"column":20},"end":{"line":317,"column":56}},"149":{"start":{"line":318,"column":0},"end":{"line":318,"column":38}},"150":{"start":{"line":322,"column":0},"end":{"line":450,"column":3}},"151":{"start":{"line":323,"column":14},"end":{"line":445,"column":5}},"152":{"start":{"line":327,"column":4},"end":{"line":444,"column":17}},"153":{"start":{"line":328,"column":6},"end":{"line":443,"column":7}},"154":{"start":{"line":329,"column":8},"end":{"line":442,"column":9}},"155":{"start":{"line":331,"column":12},"end":{"line":331,"column":31}},"156":{"start":{"line":332,"column":12},"end":{"line":361,"column":17}},"157":{"start":{"line":335,"column":26},"end":{"line":356,"column":17}},"158":{"start":{"line":338,"column":16},"end":{"line":355,"column":29}},"159":{"start":{"line":339,"column":18},"end":{"line":354,"column":19}},"160":{"start":{"line":340,"column":20},"end":{"line":353,"column":21}},"161":{"start":{"line":342,"column":24},"end":{"line":342,"column":44}},"162":{"start":{"line":343,"column":24},"end":{"line":343,"column":43}},"163":{"start":{"line":344,"column":24},"end":{"line":344,"column":47}},"164":{"start":{"line":347,"column":24},"end":{"line":347,"column":54}},"165":{"start":{"line":348,"column":24},"end":{"line":348,"column":97}},"166":{"start":{"line":352,"column":24},"end":{"line":352,"column":48}},"167":{"start":{"line":358,"column":14},"end":{"line":360,"column":16}},"168":{"start":{"line":359,"column":16},"end":{"line":359,"column":52}},"169":{"start":{"line":364,"column":12},"end":{"line":364,"column":37}},"170":{"start":{"line":366,"column":12},"end":{"line":369,"column":13}},"171":{"start":{"line":367,"column":14},"end":{"line":367,"column":34}},"172":{"start":{"line":368,"column":14},"end":{"line":368,"column":20}},"173":{"start":{"line":371,"column":12},"end":{"line":371,"column":44}},"174":{"start":{"line":372,"column":12},"end":{"line":372,"column":132}},"175":{"start":{"line":373,"column":12},"end":{"line":373,"column":31}},"176":{"start":{"line":374,"column":12},"end":{"line":424,"column":17}},"177":{"start":{"line":377,"column":26},"end":{"line":419,"column":17}},"178":{"start":{"line":380,"column":16},"end":{"line":418,"column":29}},"179":{"start":{"line":381,"column":18},"end":{"line":417,"column":19}},"180":{"start":{"line":382,"column":20},"end":{"line":416,"column":21}},"181":{"start":{"line":384,"column":24},"end":{"line":387,"column":25}},"182":{"start":{"line":385,"column":26},"end":{"line":385,"column":45}},"183":{"start":{"line":386,"column":26},"end":{"line":386,"column":32}},"184":{"start":{"line":389,"column":24},"end":{"line":389,"column":44}},"185":{"start":{"line":390,"column":24},"end":{"line":390,"column":43}},"186":{"start":{"line":391,"column":24},"end":{"line":391,"column":89}},"187":{"start":{"line":394,"column":24},"end":{"line":394,"column":54}},"188":{"start":{"line":395,"column":24},"end":{"line":395,"column":62}},"189":{"start":{"line":396,"column":24},"end":{"line":396,"column":44}},"190":{"start":{"line":397,"column":24},"end":{"line":397,"column":30}},"191":{"start":{"line":400,"column":24},"end":{"line":403,"column":25}},"192":{"start":{"line":401,"column":26},"end":{"line":401,"column":46}},"193":{"start":{"line":402,"column":26},"end":{"line":402,"column":32}},"194":{"start":{"line":405,"column":24},"end":{"line":405,"column":44}},"195":{"start":{"line":406,"column":24},"end":{"line":406,"column":44}},"196":{"start":{"line":407,"column":24},"end":{"line":407,"column":53}},"197":{"start":{"line":410,"column":24},"end":{"line":410,"column":54}},"198":{"start":{"line":411,"column":24},"end":{"line":411,"column":62}},"199":{"start":{"line":415,"column":24},"end":{"line":415,"column":48}},"200":{"start":{"line":421,"column":14},"end":{"line":423,"column":16}},"201":{"start":{"line":422,"column":16},"end":{"line":422,"column":52}},"202":{"start":{"line":427,"column":12},"end":{"line":427,"column":32}},"203":{"start":{"line":428,"column":12},"end":{"line":428,"column":18}},"204":{"start":{"line":431,"column":12},"end":{"line":431,"column":32}},"205":{"start":{"line":432,"column":12},"end":{"line":432,"column":32}},"206":{"start":{"line":433,"column":12},"end":{"line":433,"column":76}},"207":{"start":{"line":436,"column":12},"end":{"line":436,"column":42}},"208":{"start":{"line":437,"column":12},"end":{"line":437,"column":50}},"209":{"start":{"line":441,"column":12},"end":{"line":441,"column":36}},"210":{"start":{"line":447,"column":2},"end":{"line":449,"column":4}},"211":{"start":{"line":448,"column":4},"end":{"line":448,"column":40}},"212":{"start":{"line":452,"column":15},"end":{"line":452,"column":46}},"213":{"start":{"line":453,"column":0},"end":{"line":453,"column":28}}},"fnMap":{"0":{"name":"_interopRequireDefault","decl":{"start":{"line":30,"column":9},"end":{"line":30,"column":31}},"loc":{"start":{"line":30,"column":37},"end":{"line":30,"column":97}},"line":30},"1":{"name":"_typeof","decl":{"start":{"line":32,"column":9},"end":{"line":32,"column":16}},"loc":{"start":{"line":32,"column":22},"end":{"line":32,"column":351}},"line":32},"2":{"name":"_typeof","decl":{"start":{"line":32,"column":118},"end":{"line":32,"column":125}},"loc":{"start":{"line":32,"column":131},"end":{"line":32,"column":153}},"line":32},"3":{"name":"_typeof","decl":{"start":{"line":32,"column":183},"end":{"line":32,"column":190}},"loc":{"start":{"line":32,"column":196},"end":{"line":32,"column":325}},"line":32},"4":{"name":"asyncGeneratorStep","decl":{"start":{"line":34,"column":9},"end":{"line":34,"column":27}},"loc":{"start":{"line":34,"column":75},"end":{"line":34,"column":265}},"line":34},"5":{"name":"_asyncToGenerator","decl":{"start":{"line":36,"column":9},"end":{"line":36,"column":26}},"loc":{"start":{"line":36,"column":31},"end":{"line":36,"column":389}},"line":36},"6":{"name":"(anonymous_6)","decl":{"start":{"line":36,"column":40},"end":{"line":36,"column":41}},"loc":{"start":{"line":36,"column":52},"end":{"line":36,"column":386}},"line":36},"7":{"name":"(anonymous_7)","decl":{"start":{"line":36,"column":108},"end":{"line":36,"column":109}},"loc":{"start":{"line":36,"column":135},"end":{"line":36,"column":382}},"line":36},"8":{"name":"_next","decl":{"start":{"line":36,"column":178},"end":{"line":36,"column":183}},"loc":{"start":{"line":36,"column":191},"end":{"line":36,"column":266}},"line":36},"9":{"name":"_throw","decl":{"start":{"line":36,"column":276},"end":{"line":36,"column":282}},"loc":{"start":{"line":36,"column":288},"end":{"line":36,"column":362}},"line":36},"10":{"name":"(anonymous_10)","decl":{"start":{"line":40,"column":0},"end":{"line":40,"column":1}},"loc":{"start":{"line":40,"column":12},"end":{"line":67,"column":1}},"line":40},"11":{"name":"_callee","decl":{"start":{"line":43,"column":35},"end":{"line":43,"column":42}},"loc":{"start":{"line":43,"column":56},"end":{"line":62,"column":3}},"line":43},"12":{"name":"_callee$","decl":{"start":{"line":44,"column":44},"end":{"line":44,"column":52}},"loc":{"start":{"line":44,"column":63},"end":{"line":61,"column":5}},"line":44},"13":{"name":"sendErr","decl":{"start":{"line":64,"column":18},"end":{"line":64,"column":25}},"loc":{"start":{"line":64,"column":35},"end":{"line":66,"column":3}},"line":64},"14":{"name":"(anonymous_14)","decl":{"start":{"line":73,"column":0},"end":{"line":73,"column":1}},"loc":{"start":{"line":73,"column":12},"end":{"line":100,"column":1}},"line":73},"15":{"name":"_callee2","decl":{"start":{"line":76,"column":35},"end":{"line":76,"column":43}},"loc":{"start":{"line":76,"column":46},"end":{"line":95,"column":3}},"line":76},"16":{"name":"_callee2$","decl":{"start":{"line":77,"column":44},"end":{"line":77,"column":53}},"loc":{"start":{"line":77,"column":65},"end":{"line":94,"column":5}},"line":77},"17":{"name":"sendOk","decl":{"start":{"line":97,"column":18},"end":{"line":97,"column":24}},"loc":{"start":{"line":97,"column":27},"end":{"line":99,"column":3}},"line":97},"18":{"name":"_request","decl":{"start":{"line":104,"column":24},"end":{"line":104,"column":32}},"loc":{"start":{"line":104,"column":52},"end":{"line":130,"column":1}},"line":104},"19":{"name":"(anonymous_19)","decl":{"start":{"line":110,"column":37},"end":{"line":110,"column":38}},"loc":{"start":{"line":110,"column":52},"end":{"line":118,"column":5}},"line":110},"20":{"name":"(anonymous_20)","decl":{"start":{"line":119,"column":20},"end":{"line":119,"column":21}},"loc":{"start":{"line":119,"column":35},"end":{"line":121,"column":5}},"line":119},"21":{"name":"(anonymous_21)","decl":{"start":{"line":122,"column":22},"end":{"line":122,"column":23}},"loc":{"start":{"line":122,"column":34},"end":{"line":124,"column":5}},"line":122},"22":{"name":"finalizeRequest","decl":{"start":{"line":136,"column":31},"end":{"line":136,"column":46}},"loc":{"start":{"line":136,"column":84},"end":{"line":212,"column":1}},"line":136},"23":{"name":"(anonymous_23)","decl":{"start":{"line":140,"column":4},"end":{"line":140,"column":5}},"loc":{"start":{"line":140,"column":16},"end":{"line":173,"column":5}},"line":140},"24":{"name":"_callee3","decl":{"start":{"line":143,"column":39},"end":{"line":143,"column":47}},"loc":{"start":{"line":143,"column":59},"end":{"line":168,"column":7}},"line":143},"25":{"name":"_callee3$","decl":{"start":{"line":144,"column":48},"end":{"line":144,"column":57}},"loc":{"start":{"line":144,"column":69},"end":{"line":167,"column":9}},"line":144},"26":{"name":"(anonymous_26)","decl":{"start":{"line":170,"column":13},"end":{"line":170,"column":14}},"loc":{"start":{"line":170,"column":33},"end":{"line":172,"column":7}},"line":170},"27":{"name":"(anonymous_27)","decl":{"start":{"line":177,"column":4},"end":{"line":177,"column":5}},"loc":{"start":{"line":177,"column":16},"end":{"line":210,"column":5}},"line":177},"28":{"name":"_callee4","decl":{"start":{"line":180,"column":39},"end":{"line":180,"column":47}},"loc":{"start":{"line":180,"column":59},"end":{"line":205,"column":7}},"line":180},"29":{"name":"_callee4$","decl":{"start":{"line":181,"column":48},"end":{"line":181,"column":57}},"loc":{"start":{"line":181,"column":69},"end":{"line":204,"column":9}},"line":181},"30":{"name":"(anonymous_30)","decl":{"start":{"line":207,"column":13},"end":{"line":207,"column":14}},"loc":{"start":{"line":207,"column":33},"end":{"line":209,"column":7}},"line":207},"31":{"name":"(anonymous_31)","decl":{"start":{"line":218,"column":0},"end":{"line":218,"column":1}},"loc":{"start":{"line":218,"column":12},"end":{"line":263,"column":1}},"line":218},"32":{"name":"_callee5","decl":{"start":{"line":221,"column":35},"end":{"line":221,"column":43}},"loc":{"start":{"line":221,"column":57},"end":{"line":258,"column":3}},"line":221},"33":{"name":"_callee5$","decl":{"start":{"line":223,"column":44},"end":{"line":223,"column":53}},"loc":{"start":{"line":223,"column":65},"end":{"line":257,"column":5}},"line":223},"34":{"name":"(anonymous_34)","decl":{"start":{"line":233,"column":58},"end":{"line":233,"column":59}},"loc":{"start":{"line":233,"column":70},"end":{"line":235,"column":13}},"line":233},"35":{"name":"_validEmail","decl":{"start":{"line":260,"column":18},"end":{"line":260,"column":29}},"loc":{"start":{"line":260,"column":40},"end":{"line":262,"column":3}},"line":260},"36":{"name":"(anonymous_36)","decl":{"start":{"line":270,"column":0},"end":{"line":270,"column":1}},"loc":{"start":{"line":270,"column":12},"end":{"line":315,"column":1}},"line":270},"37":{"name":"_callee6","decl":{"start":{"line":273,"column":35},"end":{"line":273,"column":43}},"loc":{"start":{"line":273,"column":57},"end":{"line":310,"column":3}},"line":273},"38":{"name":"_callee6$","decl":{"start":{"line":275,"column":44},"end":{"line":275,"column":53}},"loc":{"start":{"line":275,"column":65},"end":{"line":309,"column":5}},"line":275},"39":{"name":"(anonymous_39)","decl":{"start":{"line":280,"column":58},"end":{"line":280,"column":59}},"loc":{"start":{"line":280,"column":71},"end":{"line":282,"column":13}},"line":280},"40":{"name":"(anonymous_40)","decl":{"start":{"line":287,"column":61},"end":{"line":287,"column":62}},"loc":{"start":{"line":287,"column":74},"end":{"line":289,"column":13}},"line":287},"41":{"name":"_decodeRequest","decl":{"start":{"line":312,"column":18},"end":{"line":312,"column":32}},"loc":{"start":{"line":312,"column":44},"end":{"line":314,"column":3}},"line":312},"42":{"name":"(anonymous_42)","decl":{"start":{"line":322,"column":0},"end":{"line":322,"column":1}},"loc":{"start":{"line":322,"column":12},"end":{"line":450,"column":1}},"line":322},"43":{"name":"_callee9","decl":{"start":{"line":325,"column":35},"end":{"line":325,"column":43}},"loc":{"start":{"line":325,"column":57},"end":{"line":445,"column":3}},"line":325},"44":{"name":"_callee9$","decl":{"start":{"line":327,"column":44},"end":{"line":327,"column":53}},"loc":{"start":{"line":327,"column":65},"end":{"line":444,"column":5}},"line":327},"45":{"name":"(anonymous_45)","decl":{"start":{"line":334,"column":12},"end":{"line":334,"column":13}},"loc":{"start":{"line":334,"column":24},"end":{"line":361,"column":13}},"line":334},"46":{"name":"_callee7","decl":{"start":{"line":337,"column":47},"end":{"line":337,"column":55}},"loc":{"start":{"line":337,"column":59},"end":{"line":356,"column":15}},"line":337},"47":{"name":"_callee7$","decl":{"start":{"line":338,"column":56},"end":{"line":338,"column":65}},"loc":{"start":{"line":338,"column":77},"end":{"line":355,"column":17}},"line":338},"48":{"name":"(anonymous_48)","decl":{"start":{"line":358,"column":21},"end":{"line":358,"column":22}},"loc":{"start":{"line":358,"column":37},"end":{"line":360,"column":15}},"line":358},"49":{"name":"(anonymous_49)","decl":{"start":{"line":376,"column":12},"end":{"line":376,"column":13}},"loc":{"start":{"line":376,"column":24},"end":{"line":424,"column":13}},"line":376},"50":{"name":"_callee8","decl":{"start":{"line":379,"column":47},"end":{"line":379,"column":55}},"loc":{"start":{"line":379,"column":64},"end":{"line":419,"column":15}},"line":379},"51":{"name":"_callee8$","decl":{"start":{"line":380,"column":56},"end":{"line":380,"column":65}},"loc":{"start":{"line":380,"column":77},"end":{"line":418,"column":17}},"line":380},"52":{"name":"(anonymous_52)","decl":{"start":{"line":421,"column":21},"end":{"line":421,"column":22}},"loc":{"start":{"line":421,"column":43},"end":{"line":423,"column":15}},"line":421},"53":{"name":"_response","decl":{"start":{"line":447,"column":18},"end":{"line":447,"column":27}},"loc":{"start":{"line":447,"column":40},"end":{"line":449,"column":3}},"line":447}},"branchMap":{"0":{"loc":{"start":{"line":30,"column":46},"end":{"line":30,"column":94}},"type":"cond-expr","locations":[{"start":{"line":30,"column":70},"end":{"line":30,"column":73}},{"start":{"line":30,"column":76},"end":{"line":30,"column":94}}],"line":30},"1":{"loc":{"start":{"line":30,"column":46},"end":{"line":30,"column":67}},"type":"binary-expr","locations":[{"start":{"line":30,"column":46},"end":{"line":30,"column":49}},{"start":{"line":30,"column":53},"end":{"line":30,"column":67}}],"line":30},"2":{"loc":{"start":{"line":32,"column":24},"end":{"line":32,"column":328}},"type":"if","locations":[{"start":{"line":32,"column":24},"end":{"line":32,"column":328}},{"start":{"line":32,"column":24},"end":{"line":32,"column":328}}],"line":32},"3":{"loc":{"start":{"line":32,"column":28},"end":{"line":32,"column":95}},"type":"binary-expr","locations":[{"start":{"line":32,"column":28},"end":{"line":32,"column":56}},{"start":{"line":32,"column":60},"end":{"line":32,"column":95}}],"line":32},"4":{"loc":{"start":{"line":32,"column":205},"end":{"line":32,"column":322}},"type":"cond-expr","locations":[{"start":{"line":32,"column":301},"end":{"line":32,"column":309}},{"start":{"line":32,"column":312},"end":{"line":32,"column":322}}],"line":32},"5":{"loc":{"start":{"line":32,"column":205},"end":{"line":32,"column":298}},"type":"binary-expr","locations":[{"start":{"line":32,"column":205},"end":{"line":32,"column":208}},{"start":{"line":32,"column":212},"end":{"line":32,"column":240}},{"start":{"line":32,"column":244},"end":{"line":32,"column":270}},{"start":{"line":32,"column":274},"end":{"line":32,"column":298}}],"line":32},"6":{"loc":{"start":{"line":34,"column":176},"end":{"line":34,"column":263}},"type":"if","locations":[{"start":{"line":34,"column":176},"end":{"line":34,"column":263}},{"start":{"line":34,"column":176},"end":{"line":34,"column":263}}],"line":34},"7":{"loc":{"start":{"line":46,"column":8},"end":{"line":59,"column":9}},"type":"switch","locations":[{"start":{"line":47,"column":10},"end":{"line":51,"column":24}},{"start":{"line":53,"column":10},"end":{"line":54,"column":60}},{"start":{"line":56,"column":10},"end":{"line":56,"column":17}},{"start":{"line":57,"column":10},"end":{"line":58,"column":35}}],"line":46},"8":{"loc":{"start":{"line":79,"column":8},"end":{"line":92,"column":9}},"type":"switch","locations":[{"start":{"line":80,"column":10},"end":{"line":84,"column":21}},{"start":{"line":86,"column":10},"end":{"line":87,"column":62}},{"start":{"line":89,"column":10},"end":{"line":89,"column":17}},{"start":{"line":90,"column":10},"end":{"line":91,"column":36}}],"line":79},"9":{"loc":{"start":{"line":105,"column":18},"end":{"line":105,"column":104}},"type":"cond-expr","locations":[{"start":{"line":105,"column":68},"end":{"line":105,"column":84}},{"start":{"line":105,"column":87},"end":{"line":105,"column":104}}],"line":105},"10":{"loc":{"start":{"line":105,"column":18},"end":{"line":105,"column":65}},"type":"binary-expr","locations":[{"start":{"line":105,"column":18},"end":{"line":105,"column":44}},{"start":{"line":105,"column":48},"end":{"line":105,"column":65}}],"line":105},"11":{"loc":{"start":{"line":106,"column":22},"end":{"line":106,"column":100}},"type":"cond-expr","locations":[{"start":{"line":106,"column":55},"end":{"line":106,"column":92}},{"start":{"line":106,"column":95},"end":{"line":106,"column":100}}],"line":106},"12":{"loc":{"start":{"line":108,"column":2},"end":{"line":129,"column":3}},"type":"if","locations":[{"start":{"line":108,"column":2},"end":{"line":129,"column":3}},{"start":{"line":108,"column":2},"end":{"line":129,"column":3}}],"line":108},"13":{"loc":{"start":{"line":108,"column":6},"end":{"line":108,"column":56}},"type":"binary-expr","locations":[{"start":{"line":108,"column":6},"end":{"line":108,"column":19}},{"start":{"line":108,"column":23},"end":{"line":108,"column":56}}],"line":108},"14":{"loc":{"start":{"line":113,"column":6},"end":{"line":117,"column":7}},"type":"if","locations":[{"start":{"line":113,"column":6},"end":{"line":117,"column":7}},{"start":{"line":113,"column":6},"end":{"line":117,"column":7}}],"line":113},"15":{"loc":{"start":{"line":113,"column":10},"end":{"line":113,"column":42}},"type":"binary-expr","locations":[{"start":{"line":113,"column":10},"end":{"line":113,"column":24}},{"start":{"line":113,"column":28},"end":{"line":113,"column":42}}],"line":113},"16":{"loc":{"start":{"line":137,"column":2},"end":{"line":211,"column":3}},"type":"if","locations":[{"start":{"line":137,"column":2},"end":{"line":211,"column":3}},{"start":{"line":137,"column":2},"end":{"line":211,"column":3}}],"line":137},"17":{"loc":{"start":{"line":146,"column":12},"end":{"line":165,"column":13}},"type":"switch","locations":[{"start":{"line":147,"column":14},"end":{"line":160,"column":17}},{"start":{"line":162,"column":14},"end":{"line":162,"column":21}},{"start":{"line":163,"column":14},"end":{"line":164,"column":40}}],"line":146},"18":{"loc":{"start":{"line":148,"column":16},"end":{"line":160,"column":17}},"type":"if","locations":[{"start":{"line":148,"column":16},"end":{"line":160,"column":17}},{"start":{"line":148,"column":16},"end":{"line":160,"column":17}}],"line":148},"19":{"loc":{"start":{"line":183,"column":12},"end":{"line":202,"column":13}},"type":"switch","locations":[{"start":{"line":184,"column":14},"end":{"line":197,"column":17}},{"start":{"line":199,"column":14},"end":{"line":199,"column":21}},{"start":{"line":200,"column":14},"end":{"line":201,"column":40}}],"line":183},"20":{"loc":{"start":{"line":185,"column":16},"end":{"line":197,"column":17}},"type":"if","locations":[{"start":{"line":185,"column":16},"end":{"line":197,"column":17}},{"start":{"line":185,"column":16},"end":{"line":197,"column":17}}],"line":185},"21":{"loc":{"start":{"line":225,"column":8},"end":{"line":255,"column":9}},"type":"switch","locations":[{"start":{"line":226,"column":10},"end":{"line":235,"column":15}},{"start":{"line":237,"column":10},"end":{"line":247,"column":18}},{"start":{"line":249,"column":10},"end":{"line":250,"column":30}},{"start":{"line":252,"column":10},"end":{"line":252,"column":17}},{"start":{"line":253,"column":10},"end":{"line":254,"column":36}}],"line":225},"22":{"loc":{"start":{"line":227,"column":12},"end":{"line":230,"column":13}},"type":"if","locations":[{"start":{"line":227,"column":12},"end":{"line":230,"column":13}},{"start":{"line":227,"column":12},"end":{"line":230,"column":13}}],"line":227},"23":{"loc":{"start":{"line":240,"column":12},"end":{"line":244,"column":13}},"type":"if","locations":[{"start":{"line":240,"column":12},"end":{"line":244,"column":13}},{"start":{"line":240,"column":12},"end":{"line":244,"column":13}}],"line":240},"24":{"loc":{"start":{"line":240,"column":16},"end":{"line":240,"column":30}},"type":"binary-expr","locations":[{"start":{"line":240,"column":16},"end":{"line":240,"column":17}},{"start":{"line":240,"column":21},"end":{"line":240,"column":30}}],"line":240},"25":{"loc":{"start":{"line":277,"column":8},"end":{"line":307,"column":9}},"type":"switch","locations":[{"start":{"line":278,"column":10},"end":{"line":282,"column":15}},{"start":{"line":284,"column":10},"end":{"line":289,"column":15}},{"start":{"line":291,"column":10},"end":{"line":302,"column":13}},{"start":{"line":304,"column":10},"end":{"line":304,"column":17}},{"start":{"line":305,"column":10},"end":{"line":306,"column":36}}],"line":277},"26":{"loc":{"start":{"line":294,"column":12},"end":{"line":302,"column":13}},"type":"if","locations":[{"start":{"line":294,"column":12},"end":{"line":302,"column":13}},{"start":{"line":294,"column":12},"end":{"line":302,"column":13}}],"line":294},"27":{"loc":{"start":{"line":329,"column":8},"end":{"line":442,"column":9}},"type":"switch","locations":[{"start":{"line":330,"column":10},"end":{"line":361,"column":17}},{"start":{"line":363,"column":10},"end":{"line":424,"column":17}},{"start":{"line":426,"column":10},"end":{"line":428,"column":18}},{"start":{"line":430,"column":10},"end":{"line":433,"column":76}},{"start":{"line":435,"column":10},"end":{"line":437,"column":50}},{"start":{"line":439,"column":10},"end":{"line":439,"column":18}},{"start":{"line":440,"column":10},"end":{"line":441,"column":36}}],"line":329},"28":{"loc":{"start":{"line":340,"column":20},"end":{"line":353,"column":21}},"type":"switch","locations":[{"start":{"line":341,"column":22},"end":{"line":344,"column":47}},{"start":{"line":346,"column":22},"end":{"line":348,"column":97}},{"start":{"line":350,"column":22},"end":{"line":350,"column":29}},{"start":{"line":351,"column":22},"end":{"line":352,"column":48}}],"line":340},"29":{"loc":{"start":{"line":366,"column":12},"end":{"line":369,"column":13}},"type":"if","locations":[{"start":{"line":366,"column":12},"end":{"line":369,"column":13}},{"start":{"line":366,"column":12},"end":{"line":369,"column":13}}],"line":366},"30":{"loc":{"start":{"line":372,"column":22},"end":{"line":372,"column":131}},"type":"cond-expr","locations":[{"start":{"line":372,"column":74},"end":{"line":372,"column":100}},{"start":{"line":372,"column":103},"end":{"line":372,"column":131}}],"line":372},"31":{"loc":{"start":{"line":382,"column":20},"end":{"line":416,"column":21}},"type":"switch","locations":[{"start":{"line":383,"column":22},"end":{"line":391,"column":89}},{"start":{"line":393,"column":22},"end":{"line":397,"column":30}},{"start":{"line":399,"column":22},"end":{"line":407,"column":53}},{"start":{"line":409,"column":22},"end":{"line":411,"column":62}},{"start":{"line":413,"column":22},"end":{"line":413,"column":30}},{"start":{"line":414,"column":22},"end":{"line":415,"column":48}}],"line":382},"32":{"loc":{"start":{"line":384,"column":24},"end":{"line":387,"column":25}},"type":"if","locations":[{"start":{"line":384,"column":24},"end":{"line":387,"column":25}},{"start":{"line":384,"column":24},"end":{"line":387,"column":25}}],"line":384},"33":{"loc":{"start":{"line":384,"column":30},"end":{"line":384,"column":51}},"type":"binary-expr","locations":[{"start":{"line":384,"column":30},"end":{"line":384,"column":33}},{"start":{"line":384,"column":37},"end":{"line":384,"column":42}},{"start":{"line":384,"column":46},"end":{"line":384,"column":51}}],"line":384},"34":{"loc":{"start":{"line":400,"column":24},"end":{"line":403,"column":25}},"type":"if","locations":[{"start":{"line":400,"column":24},"end":{"line":403,"column":25}},{"start":{"line":400,"column":24},"end":{"line":403,"column":25}}],"line":400},"35":{"loc":{"start":{"line":400,"column":30},"end":{"line":400,"column":51}},"type":"binary-expr","locations":[{"start":{"line":400,"column":30},"end":{"line":400,"column":33}},{"start":{"line":400,"column":37},"end":{"line":400,"column":42}},{"start":{"line":400,"column":46},"end":{"line":400,"column":51}}],"line":400}},"s":{"0":1,"1":1,"2":1,"3":1,"4":1,"5":1,"6":1,"7":1,"8":1,"9":1,"10":1,"11":1,"12":1,"13":4,"14":1,"15":1,"16":7,"17":0,"18":0,"19":1,"20":136,"21":136,"22":136,"23":0,"24":0,"25":136,"26":57,"27":79,"28":38,"29":57,"30
[...]
{"line":107,"column":31}},"57":{"start":{"line":108,"column":12},"end":{"line":112,"column":15}},"58":{"start":{"line":115,"column":12},"end":{"line":115,"column":62}},"59":{"start":{"line":119,"column":12},"end":{"line":119,"column":36}},"60":{"start":{"line":125,"column":2},"end":{"line":127,"column":4}},"61":{"start":{"line":126,"column":4},"end":{"line":126,"column":40}},"62":{"start":{"line":130,"column":0},"end":{"line":130,"column":36}},"63":{"start":{"line":134,"column":0},"end":{"line":161,"column":3}},"64":{"start":{"line":135,"column":14},"end":{"line":156,"column":5}},"65":{"start":{"line":138,"column":4},"end":{"line":155,"column":17}},"66":{"start":{"line":139,"column":6},"end":{"line":154,"column":7}},"67":{"start":{"line":140,"column":8},"end":{"line":153,"column":9}},"68":{"start":{"line":142,"column":12},"end":{"line":142,"column":31}},"69":{"start":{"line":143,"column":12},"end":{"line":145,"column":15}},"70":{"start":{"line":148,"column":12},"end":{"line":148,"column":62}},"71":{"start":{"line":152,"column":12},"end":{"line":152,"column":36}},"72":{"start":{"line":158,"column":2},"end":{"line":160,"column":4}},"73":{"start":{"line":159,"column":4},"end":{"line":159,"column":40}},"74":{"start":{"line":163,"column":0},"end":{"line":163,"column":32}},"75":{"start":{"line":167,"column":0},"end":{"line":192,"column":3}},"76":{"start":{"line":168,"column":14},"end":{"line":187,"column":5}},"77":{"start":{"line":171,"column":4},"end":{"line":186,"column":17}},"78":{"start":{"line":172,"column":6},"end":{"line":185,"column":7}},"79":{"start":{"line":173,"column":8},"end":{"line":184,"column":9}},"80":{"start":{"line":175,"column":12},"end":{"line":175,"column":31}},"81":{"start":{"line":176,"column":12},"end":{"line":176,"column":43}},"82":{"start":{"line":179,"column":12},"end":{"line":179,"column":62}},"83":{"start":{"line":183,"column":12},"end":{"line":183,"column":36}},"84":{"start":{"line":189,"column":2},"end":{"line":191,"column":4}},"85":{"start":{"line":190,"column":4},"end":{"line":190,"column":40}},"86":{"start":{"line":194,"column":0},"end":{"line":194,"column":36}},"87":{"start":{"line":198,"column":0},"end":{"line":234,"column":3}},"88":{"start":{"line":199,"column":14},"end":{"line":229,"column":5}},"89":{"start":{"line":203,"column":4},"end":{"line":228,"column":33}},"90":{"start":{"line":204,"column":6},"end":{"line":227,"column":7}},"91":{"start":{"line":205,"column":8},"end":{"line":226,"column":9}},"92":{"start":{"line":207,"column":12},"end":{"line":207,"column":50}},"93":{"start":{"line":208,"column":12},"end":{"line":208,"column":31}},"94":{"start":{"line":209,"column":12},"end":{"line":209,"column":31}},"95":{"start":{"line":210,"column":12},"end":{"line":210,"column":96}},"96":{"start":{"line":213,"column":12},"end":{"line":213,"column":35}},"97":{"start":{"line":214,"column":12},"end":{"line":214,"column":24}},"98":{"start":{"line":215,"column":12},"end":{"line":215,"column":32}},"99":{"start":{"line":216,"column":12},"end":{"line":216,"column":18}},"100":{"start":{"line":219,"column":12},"end":{"line":219,"column":31}},"101":{"start":{"line":220,"column":12},"end":{"line":220,"column":49}},"102":{"start":{"line":221,"column":12},"end":{"line":221,"column":31}},"103":{"start":{"line":225,"column":12},"end":{"line":225,"column":36}},"104":{"start":{"line":231,"column":2},"end":{"line":233,"column":4}},"105":{"start":{"line":232,"column":4},"end":{"line":232,"column":40}},"106":{"start":{"line":236,"column":0},"end":{"line":236,"column":26}},"107":{"start":{"line":238,"column":15},"end":{"line":250,"column":1}},"108":{"start":{"line":239,"column":2},"end":{"line":249,"column":3}},"109":{"start":{"line":240,"column":4},"end":{"line":246,"column":7}},"110":{"start":{"line":241,"column":6},"end":{"line":245,"column":7}},"111":{"start":{"line":242,"column":8},"end":{"line":242,"column":49}},"112":{"start":{"line":244,"column":8},"end":{"line":244,"column":26}},"113":{"start":{"line":248,"column":4},"end":{"line":248,"column":22}},"114":{"start":{"line":252,"column":0},"end":{"line":252,"column":28}}},"fnMap":{"0":{"name":"asyncGeneratorStep","decl":{"start":{"line":10,"column":9},"end":{"line":10,"column":27}},"loc":{"start":{"line":10,"column":75},"end":{"line":10,"column":265}},"line":10},"1":{"name":"_asyncToGenerator","decl":{"start":{"line":12,"column":9},"end":{"line":12,"column":26}},"loc":{"start":{"line":12,"column":31},"end":{"line":12,"column":389}},"line":12},"2":{"name":"(anonymous_2)","decl":{"start":{"line":12,"column":40},"end":{"line":12,"column":41}},"loc":{"start":{"line":12,"column":52},"end":{"line":12,"column":386}},"line":12},"3":{"name":"(anonymous_3)","decl":{"start":{"line":12,"column":108},"end":{"line":12,"column":109}},"loc":{"start":{"line":12,"column":135},"end":{"line":12,"column":382}},"line":12},"4":{"name":"_next","decl":{"start":{"line":12,"column":178},"end":{"line":12,"column":183}},"loc":{"start":{"line":12,"column":191},"end":{"line":12,"column":266}},"line":12},"5":{"name":"_throw","decl":{"start":{"line":12,"column":276},"end":{"line":12,"column":282}},"loc":{"start":{"line":12,"column":288},"end":{"line":12,"column":362}},"line":12},"6":{"name":"(anonymous_6)","decl":{"start":{"line":22,"column":0},"end":{"line":22,"column":1}},"loc":{"start":{"line":22,"column":12},"end":{"line":49,"column":1}},"line":22},"7":{"name":"_callee","decl":{"start":{"line":25,"column":35},"end":{"line":25,"column":42}},"loc":{"start":{"line":25,"column":50},"end":{"line":44,"column":3}},"line":25},"8":{"name":"_callee$","decl":{"start":{"line":26,"column":44},"end":{"line":26,"column":52}},"loc":{"start":{"line":26,"column":63},"end":{"line":43,"column":5}},"line":26},"9":{"name":"createCustomer","decl":{"start":{"line":46,"column":18},"end":{"line":46,"column":32}},"loc":{"start":{"line":46,"column":37},"end":{"line":48,"column":3}},"line":46},"10":{"name":"(anonymous_10)","decl":{"start":{"line":55,"column":0},"end":{"line":55,"column":1}},"loc":{"start":{"line":55,"column":12},"end":{"line":82,"column":1}},"line":55},"11":{"name":"_callee2","decl":{"start":{"line":58,"column":35},"end":{"line":58,"column":43}},"loc":{"start":{"line":58,"column":54},"end":{"line":77,"column":3}},"line":58},"12":{"name":"_callee2$","decl":{"start":{"line":59,"column":44},"end":{"line":59,"column":53}},"loc":{"start":{"line":59,"column":65},"end":{"line":76,"column":5}},"line":59},"13":{"name":"createSource","decl":{"start":{"line":79,"column":18},"end":{"line":79,"column":30}},"loc":{"start":{"line":79,"column":36},"end":{"line":81,"column":3}},"line":79},"14":{"name":"(anonymous_14)","decl":{"start":{"line":88,"column":0},"end":{"line":88,"column":1}},"loc":{"start":{"line":88,"column":12},"end":{"line":128,"column":1}},"line":88},"15":{"name":"_callee3","decl":{"start":{"line":91,"column":35},"end":{"line":91,"column":43}},"loc":{"start":{"line":91,"column":69},"end":{"line":123,"column":3}},"line":91},"16":{"name":"_callee3$","decl":{"start":{"line":93,"column":44},"end":{"line":93,"column":53}},"loc":{"start":{"line":93,"column":65},"end":{"line":122,"column":5}},"line":93},"17":{"name":"createCharge","decl":{"start":{"line":125,"column":18},"end":{"line":125,"column":30}},"loc":{"start":{"line":125,"column":46},"end":{"line":127,"column":3}},"line":125},"18":{"name":"(anonymous_18)","decl":{"start":{"line":134,"column":0},"end":{"line":134,"column":1}},"loc":{"start":{"line":134,"column":12},"end":{"line":161,"column":1}},"line":134},"19":{"name":"_callee4","decl":{"start":{"line":137,"column":35},"end":{"line":137,"column":43}},"loc":{"start":{"line":137,"column":46},"end":{"line":156,"column":3}},"line":137},"20":{"name":"_callee4$","decl":{"start":{"line":138,"column":44},"end":{"line":138,"column":53}},"loc":{"start":{"line":138,"column":65},"end":{"line":155,"column":5}},"line":138},"21":{"name":"getBalance","decl":{"start":{"line":158,"column":18},"end":{"line":158,"column":28}},"loc":{"start":{"line":158,"column":31},"end":{"line":160,"column":3}},"line":158},"22":{"name":"(anonymous_22)","decl":{"start":{"line":167,"column":0},"end":{"line":167,"column":1}},"loc":{"start":{"line":167,"column":12},"end":{"line":192,"column":1}},"line":167},"23":{"name":"_callee5","decl":{"start":{"line":170,"column":35},"end":{"line":170,"column":43}},"loc":{"start":{"line":170,"column":46},"end":{"line":187,"column":3}},"line":170},"24":{"name":"_callee5$","decl":{"start":{"line":171,"column":44},"end":{"line":171,"column":53}},"loc":{"start":{"line":171,"column":65},"end":{"line":186,"column":5}},"line":171},"25":{"name":"getCustomers","decl":{"start":{"line":189,"column":18},"end":{"line":189,"column":30}},"loc":{"start":{"line":189,"column":33},"end":{"line":191,"column":3}},"line":189},"26":{"name":"(anonymous_26)","decl":{"start":{"line":198,"column":0},"end":{"line":198,"column":1}},"loc":{"start":{"line":198,"column":12},"end":{"line":234,"column":1}},"line":198},"27":{"name":"_callee6","decl":{"start":{"line":201,"column":35},"end":{"line":201,"column":43}},"loc":{"start":{"line":201,"column":55},"end":{"line":229,"column":3}},"line":201},"28":{"name":"_callee6$","decl":{"start":{"line":203,"column":44},"end":{"line":203,"column":53}},"loc":{"start":{"line":203,"column":65},"end":{"line":228,"column":5}},"line":203},"29":{"name":"webhook","decl":{"start":{"line":231,"column":18},"end":{"line":231,"column":25}},"loc":{"start":{"line":231,"column":36},"end":{"line":233,"column":3}},"line":231},"30":{"name":"getEvent","decl":{"start":{"line":238,"column":24},"end":{"line":238,"column":32}},"loc":{"start":{"line":238,"column":45},"end":{"line":250,"column":1}},"line":238},"31":{"name":"(anonymous_31)","decl":{"start":{"line":240,"column":36},"end":{"line":240,"column":37}},"loc":{"start":{"line":240,"column":58},"end":{"line":246,"column":5}},"line":240}},"branchMap":{"0":{"loc":{"start":{"line":10,"column":176},"end":{"line":10,"column":263}},"type":"if","locations":[{"start":{"line":10,"column":176},"end":{"line":10,"column":263}},{"start":{"line":10,"column":176},"end":{"line":10,"column":263}}],"line":10},"1":{"loc":{"start":{"line":14,"column":13},"end":{"line":14,"column":110}},"type":"cond-expr","locations":[{"start":{"line":14,"column":55},"end":{"line":14,"column":81}},{"start":{"line":14,"column":84},"end":{"line":14,"column":110}}],"line":14},"2":{"loc":{"start":{"line":28,"column":8},"end":{"line":41,"column":9}},"type":"switch","locations":[{"start":{"line":29,"column":10},"end":{"line":33,"column":15}},{"start":{"line":35,"column":10},"end":{"line":36,"column":60}},{"start":{"line":38,"column":10},"end":{"line":38,"column":17}},{"start":{"line":39,"column":10},"end":{"line":40,"column":35}}],"line":28},"3":{"loc":{"start":{"line":61,"column":8},"end":{"line":74,"column":9}},"type":"switch","locations":[{"start":{"line":62,"column":10},"end":{"line":66,"column":15}},{"start":{"line":68,"column":10},"end":{"line":69,"column":62}},{"start":{"line":71,"column":10},"end":{"line":71,"column":17}},{"start":{"line":72,"column":10},"end":{"line":73,"column":36}}],"line":61},"4":{"loc":{"start":{"line":95,"column":8},"end":{"line":120,"column":9}},"type":"switch","locations":[{"start":{"line":96,"column":10},"end":{"line":98,"column":41}},{"start":{"line":100,"column":10},"end":{"line":103,"column":42}},{"start":{"line":105,"column":10},"end":{"line":112,"column":15}},{"start":{"line":114,"column":10},"end":{"line":115,"column":62}},{"start":{"line":117,"column":10},"end":{"line":117,"column":17}},{"start":{"line":118,"column":10},"end":{"line":119,"column":36}}],"line":95},"5":{"loc":{"start":{"line":140,"column":8},"end":{"line":153,"column":9}},"type":"switch","locations":[{"start":{"line":141,"column":10},"end":{"line":145,"column":15}},{"start":{"line":147,"column":10},"end":{"line":148,"column":62}},{"start":{"line":150,"column":10},"end":{"line":150,"column":17}},{"start":{"line":151,"column":10},"end":{"line":152,"column":36}}],"line":140},"6":{"loc":{"start":{"line":173,"column":8},"end":{"line":184,"column":9}},"type":"switch","locations":[{"start":{"line":174,"column":10},"end":{"line":176,"column":43}},{"start":{"line":178,"column":10},"end":{"line":179,"column":62}},{"start":{"line":181,"column":10},"end":{"line":181,"column":17}},{"start":{"line":182,"column":10},"end":{"line":183,"column":36}}],"line":173},"7":{"loc":{"start":{"line":205,"column":8},"end":{"line":226,"column":9}},"type":"switch","locations":[{"start":{"line":206,"column":10},"end":{"line":210,"column":96}},{"start":{"line":212,"column":10},"end":{"line":216,"column":18}},{"start":{"line":218,"column":10},"end":{"line":221,"column":31}},{"start":{"line":223,"column":10},"end":{"line":223,"column":18}},{"start":{"line":224,"column":10},"end":{"line":225,"column":36}}],"line":205},"8":{"loc":{"start":{"line":241,"column":6},"end":{"line":245,"column":7}},"type":"if","locations":[{"start":{"line":241,"column":6},"end":{"line":245,"column":7}},{"start":{"line":241,"column":6},"end":{"line":245,"column":7}}],"line":241},"9":{"loc":{"start":{"line":241,"column":10},"end":{"line":241,"column":23}},"type":"binary-expr","locations":[{"start":{"line":241,"column":10},"end":{"line":241,"column":14}},{"start":{"line":241,"column":18},"end":{"line":241,"column":23}}],"line":241},"10":{"loc":{"start":{"line":242,"column":19},"end":{"line":242,"column":47}},"type":"cond-expr","locations":[{"start":{"line":242,"column":32},"end":{"line":242,"column":42}},{"start":{"line":242,"column":45},"end":{"line":242,"column":47}}],"line":242}},"s":{"0":1,"1":1,"2":1,"3":0,"4":0,"5":0,"6":0,"7":0,"8":0,"9":0,"10":0,"11":6,"12":0,"13":0,"14":0,"15":0,"16":0,"17":0,"18":0,"19":1,"20":1,"21":1,"22":1,"23":0,"24":0,"25":0,"26":0,"27":0,"28":0,"29":0,"30":1,"31":0,"32":1,"33":1,"34":1,"35":0,"36":0,"37":0,"38":0,"39":0,"40":0,"41":0,"42":1,"43":0,"44":1,"45":1,"46":1,"47":0,"48":0,"49":0,"50":0,"51":0,"52":0,"53":0,"54":0,"55":0,"56":0,"57":0,"58":0,"59":0,"60":1,"61":0,"62":1,"63":1,"64":1,"65":0,"66":0,"67":0,"68":0,"69":0,"70":0,"71":0,"72":1,"73":0,"74":1,"75":1,"76":1,"77":0,"78":0,"79":0,"80":0,"81":0,"82":0,"83":0,"84":1,"85":0,"86":1,"87":1,"88":1,"89":0,"90":0,"91":0,"92":0,"93":0,"94":0,"95":0,"96":0,"97":0,"98":0,"99":0,"100":0,"101":0,"102":0,"103":0,"104":1,"105":0,"106":1,"107":1,"108":0,"109":0,"110":0,"111":0,"112":0,"113":0,"114":1},"f":{"0":0,"1":6,"2":0,"3":0,"4":0,"5":0,"6":1,"7":0,"8":0,"9":0,"10":1,"11":0,"12":0,"13":0,"14":1,"15":0,"16":0,"17":0,"18":1,"19":0,"20":0,"21":0,"22":1,"23":0,"24":0,"25":0,"26":1,"27":0,"28":0,"29":0,"30":0,"31":0},"b":{"0":[0,0],"1":[0,1],"2":[0,0,0,0],"3":[0,0,0,0],"4":[0,0,0,0,0,0],"5":[0,0,0,0],"6":[0,0,0,0],"7":[0,0,0,0,0],"8":[0,0],"9":[0,0],"10":[0,0]},"inputSourceMap":{"version":3,"sources":["stripe.js"],"names":["SECRET","process","env","STRIPE_ENV","STRIPE_LIVE_SECRET","STRIPE_TEST_SECRET","stripe","require","maxNetworkRetries","createCustomer","email","customers","create","createSource","customer","id","source","createCharge","amount","currency","charges","getBalance","balance","retrieve","stripeAccount","STRIPE_ACCOUNT","getCustomers","list","webhook","req","done","sig","headers","webhooks","constructEvent","body","STRIPE_WEBHOOK_SECRET","event","getEvent","events","err","type","message"],"mappings":";;;;;;;AAAA;;;;;;AACA,IAAMA,MAAM,GAAGC,OAAO,CAACC,GAAR,CAAYC,UAAZ,KAA2B,YAA3B,GAA0CC,0BAA1C,GAA+DC,0BAA9E;;AACA,IAAMC,MAAM,GAAGC,OAAO,CAAC,QAAD,CAAP,CAAkBP,MAAlB,EAA0B;AACvCQ,EAAAA,iBAAiB,EAAE;AADoB,CAA1B,CAAf;;AAIO,IAAMC,cAAc;AAAA;AAAA;AAAA;AAAA;AAAA,0BAAG,iBAAOC,KAAP;AAAA;AAAA;AAAA;AAAA;AAAA;AAAA,mBACfJ,MAAM,CAACK,SAAP,CAAiBC,MAAjB,CAAwB;AACnCF,cAAAA,KAAK,EAALA;AADmC,aAAxB,CADe;;AAAA;AAAA;;AAAA;AAAA;AAAA;AAAA;AAAA;AAAA;AAAA,GAAH;;AAAA,kBAAdD,cAAc;AAAA;AAAA;AAAA,GAApB;;;;AAMA,IAAMI,YAAY;AAAA;AAAA;AAAA;AAAA;AAAA,0BAAG,kBAAOC,QAAP;AAAA;AAAA;AAAA;AAAA;AAAA;AAAA,mBACbR,MAAM,CAACK,SAAP,CAAiBE,YAAjB,CAA8BC,QAAQ,CAACC,EAAvC,EAA2C;AACtDC,cAAAA,MAAM,EAAE;AAD8C,aAA3C,CADa;;AAAA;AAAA;;AAAA;AAAA;AAAA;AAAA;AAAA;AAAA;AAAA,GAAH;;AAAA,kBAAZH,YAAY;AAAA;AAAA;AAAA,GAAlB;;;;AAMA,IAAMI,YAAY;AAAA;AAAA;AAAA;AAAA;AAAA,0BAAG,kBAAOP,KAAP,EAAcQ,MAAd,EAAsBC,QAAtB;AAAA;AAAA;AAAA;AAAA;AAAA;AAAA;AAAA,mBACHV,cAAc,CAACC,KAAD,CADX;;AAAA;AACpBI,YAAAA,QADoB;AAAA;AAAA,mBAELD,YAAY,CAACC,QAAD,CAFP;;AAAA;AAEpBE,YAAAA,MAFoB;AAAA;AAAA,mBAGbV,MAAM,CAACc,OAAP,CAAeR,MAAf,CAAsB;AACjCM,cAAAA,MAAM,EAANA,MADiC;AAEjCC,cAAAA,QAAQ,EAARA,QAFiC;AAGjCL,cAAAA,QAAQ,EAAEE,MAAM,CAACF;AAHgB,aAAtB,CAHa;;AAAA;AAAA;;AAAA;AAAA;AAAA;AAAA;AAAA;AAAA;AAAA,GAAH;;AAAA,kBAAZG,YAAY;AAAA;AAAA;AAAA,GAAlB;;;;AAUA,IAAMI,UAAU;AAAA;AAAA;AAAA;AAAA;AAAA,0BAAG;AAAA;AAAA;AAAA;AAAA;AAAA;AAAA,mBACXf,MAAM,CAACgB,OAAP,CACVC,QADU,CACD;AACRC,cAAAA,aAAa,EAAEC;AADP,aADC,CADW;;AAAA;AAAA;;AAAA;AAAA;AAAA;AAAA;AAAA;AAAA;AAAA,GAAH;;AAAA,kBAAVJ,UAAU;AAAA;AAAA;AAAA,GAAhB;;;;AAOA,IAAMK,YAAY;AAAA;AAAA;AAAA;AAAA;AAAA,0BAAG;AAAA;AAAA;AAAA;AAAA;AAAA;AAAA,mBACbpB,MAAM,CAACK,SAAP,CAAiBgB,IAAjB,EADa;;AAAA;AAAA;;AAAA;AAAA;AAAA;AAAA;AAAA;AAAA;AAAA,GAAH;;AAAA,kBAAZD,YAAY;AAAA;AAAA;AAAA,GAAlB;;;;AAIA,IAAME,OAAO;AAAA;AAAA;AAAA;AAAA;AAAA,0BAAG,kBAAOC,GAAP,EAAYC,IAAZ;AAAA;AAAA;AAAA;AAAA;AAAA;AACfC,YAAAA,GADe,GACTF,GAAG,CAACG,OAAJ,CAAY,kBAAZ,CADS;AAAA;AAAA;AAAA,mBAGC1B,MAAM,CAAC2B,QAAP,CAAgBC,cAAhB,CAA+BL,GAAG,CAACM,IAAnC,EAAyCJ,GAAzC,EAA8CK,6BAA9C,CAHD;;AAAA;AAGbC,YAAAA,KAHa;AAInBP,YAAAA,IAAI,CAACO,KAAD,CAAJ;AAJmB;AAAA;;AAAA;AAAA;AAAA;AAMnBP,YAAAA,IAAI,cAAJ;;AANmB;AAAA;AAAA;AAAA;AAAA;AAAA;AAAA,GAAH;;AAAA,kBAAPF,OAAO;AAAA;AAAA;AAAA,GAAb;;;;AAUA,IAAMU,QAAQ,GAAG,SAAXA,QAAW,CAACH,IAAD,EAAOL,IAAP,EAAgB;AACtC,MAAI;AACFxB,IAAAA,MAAM,CAACiC,MAAP,CAAchB,QAAd,CAAuBY,IAAI,CAACpB,EAA5B,EAAgC,UAACyB,GAAD,EAAMH,KAAN,EAAgB;AAC9C,UAAI,CAACG,GAAD,IAAQH,KAAZ,EAAmB;AACjBP,QAAAA,IAAI,CAAC,IAAD,EAAOO,KAAK,CAACI,IAAN,GAAaJ,KAAK,CAACI,IAAnB,GAA0B,EAAjC,CAAJ;AACD,OAFD,MAEO;AACLX,QAAAA,IAAI,CAACU,GAAG,CAACE,OAAL,CAAJ;AACD;AACF,KAND;AAOD,GARD,CAQE,OAAOF,GAAP,EAAY;AACZV,IAAAA,IAAI,CAACU,GAAG,CAACE,OAAL,CAAJ;AACD;AACF,CAZM","sourceRoot":"C:\\Users\\Dxenu\\Desktop\\users-cubed-api-next\\app\\lib\\payments","sourcesContent":["import { STRIPE_TEST_SECRET, STRIPE_LIVE_SECRET, STRIPE_ACCOUNT, STRIPE_WEBHOOK_SECRET } from '../../config'\r\nconst SECRET = process.env.STRIPE_ENV === 'production' ? STRIPE_LIVE_SECRET : STRIPE_TEST_SECRET\r\nconst stripe = require('stripe')(SECRET, {\r\n  maxNetworkRetries: 2\r\n})\r\n\r\nexport const createCustomer = async (email) => {\r\n  return await stripe.customers.create({\r\n    email\r\n  })\r\n}\r\n\r\nexport const createSource = async (customer) => {\r\n  return await stripe.customers.createSource(customer.id, {\r\n    source: 'tok_visa'\r\n  })\r\n}\r\n\r\nexport const createCharge = async (email, amount, currency) => {\r\n  const customer = await createCustomer(email)\r\n  const source = await createSource(customer)\r\n  return await stripe.charges.create({\r\n    amount,\r\n    currency,\r\n    customer: source.customer\r\n  })\r\n}\r\n\r\nexport const getBalance = async () => {\r\n  return await stripe.balance\r\n    .retrieve({\r\n      stripeAccount: STRIPE_ACCOUNT\r\n    })\r\n}\r\n\r\nexport const getCustomers = async () => {\r\n  return await stripe.customers.list()\r\n}\r\n\r\nexport const webhook = async (req, done) => {\r\n  const sig = req.headers['stripe-signature']\r\n  try {\r\n    const event = await stripe.webhooks.constructEvent(req.body, sig, STRIPE_WEBHOOK_SECRET)\r\n    done(event)\r\n  } catch (err) {\r\n    done(err)\r\n  }\r\n}\r\n\r\nexport const getEvent = (body, done) => {\r\n  try {\r\n    stripe.events.retrieve(body.id, (err, event) => {\r\n      if (!err && event) {\r\n        done(null, event.type ? event.type : '')\r\n      } else {\r\n        done(err.message)\r\n      }\r\n    })\r\n  } catch (err) {\r\n    done(err.message)\r\n  }\r\n}\r\n"]},"_coverageSchema":"1a1c01bbd47fc00a2c39e90264f33305004495a9","hash":"88a385f2296ea4202e7ab43b4a0be73d34e80822","contentHash":"49757d3cf2ea77f0e26b898e687a9505a9ee945d6f0f4a1d31a257bf88e44bb5"}}